
; File generated by darts version U-2022.12#33f3808fcb#221128, Fri Mar  8 12:20:27 2024
; Copyright 2014-2022 Synopsys, Inc. All rights reserved.
; darts -I.. -d -h -ISoftFloat-3e/source/include -ISoftFloat-3e/source/riscv -ISoftFloat-3e/build/chess -I../runtime/include -DCHESS_CXX_ATTRIBUTES -DSOFTFLOAT_NO_EXCEPTIONS -DINLINE_LEVEL=5 -DSOFTFLOAT_FAST_DIV32TO16 -D__tct_patch__=0 -L +Ihex Debug/f32_div.o trv32p3_cnn

; Release: ipd U-2022.12
.undef global data softfloat_countLeadingZeros8

.text_segment_name
.text global 0 f32_div
	     0    0xfa 0x41 0x01 0x13  addi    x2,  x2,  -92
	     4    0x00 0x00 0x00 0x33  nop
	     8    0x00 0xc1 0x24 0x23  sw      x12, 8(x2)
	    12    0x00 0xb1 0x26 0x23  sw      x11, 12(x2)
	    16    0x00 0xc1 0x25 0x83  lw      x11, 12(x2)
	    20    0x00 0xb1 0x28 0x23  sw      x11, 16(x2)
	    24    0x01 0x01 0x25 0x83  lw      x11, 16(x2)
	    28    0x00 0xb1 0x2a 0x23  sw      x11, 20(x2)
	    32    0x01 0x41 0x25 0x83  lw      x11, 20(x2)
	    36    0x01 0xf5 0xd5 0x93  srli    x11, x11, 31
	    40    0x00 0xb0 0x35 0xb3  snez    x11, x11
	    44    0x00 0xb1 0x2c 0x23  sw      x11, 24(x2)
	    48    0x01 0x41 0x25 0x83  lw      x11, 20(x2)
	    52    0x01 0x75 0xd5 0x93  srli    x11, x11, 23
	    56    0x0f 0xf5 0xf5 0x93  zext.b  x11, x11
	    60    0x00 0xb1 0x2e 0x23  sw      x11, 28(x2)
	    64    0x00 0x80 0x05 0x37  lui     x10, 2048
	    68    0x01 0x41 0x25 0x83  lw      x11, 20(x2)
	    72    0xff 0xf5 0x05 0x13  addi    x10, x10, -1
	    76    0x00 0xb5 0x75 0xb3  and     x11, x10, x11
	    80    0x02 0xb1 0x20 0x23  sw      x11, 32(x2)
	    84    0x00 0x81 0x25 0x83  lw      x11, 8(x2)
	    88    0x02 0xb1 0x22 0x23  sw      x11, 36(x2)
	    92    0x02 0x41 0x25 0x83  lw      x11, 36(x2)
	    96    0x02 0xb1 0x24 0x23  sw      x11, 40(x2)
	   100    0x02 0x81 0x25 0x83  lw      x11, 40(x2)
	   104    0x01 0xf5 0xd5 0x93  srli    x11, x11, 31
	   108    0x00 0xb0 0x35 0xb3  snez    x11, x11
	   112    0x02 0xb1 0x26 0x23  sw      x11, 44(x2)
	   116    0x02 0x81 0x25 0x83  lw      x11, 40(x2)
	   120    0x01 0x75 0xd5 0x93  srli    x11, x11, 23
	   124    0x0f 0xf5 0xf5 0x93  zext.b  x11, x11
	   128    0x02 0xb1 0x28 0x23  sw      x11, 48(x2)
	   132    0x02 0x81 0x25 0x83  lw      x11, 40(x2)
	   136    0x00 0xb5 0x75 0xb3  and     x11, x10, x11
	   140    0x02 0xb1 0x2a 0x23  sw      x11, 52(x2)
	   144    0x01 0x81 0x25 0x83  lw      x11, 24(x2)
	   148    0x02 0xc1 0x25 0x03  lw      x10, 44(x2)
	   152    0x00 0xb5 0x45 0xb3  xor     x11, x10, x11
	   156    0x00 0xb0 0x35 0xb3  snez    x11, x11
	   160    0x02 0xb1 0x2c 0x23  sw      x11, 56(x2)
	   164    0x01 0xc1 0x25 0x03  lw      x10, 28(x2)
	   168    0x0f 0xf0 0x05 0x93  li      x11, 255
	   172    0x1c 0xa5 0x84 0x63  beq     x11, x10, 456
	   176    0x03 0x01 0x25 0x03  lw      x10, 48(x2)
	   180    0x20 0xa5 0x88 0x63  beq     x11, x10, 528
	   184    0x00 0x11 0x20 0x23  sw      x1,  0(x2)
	   188    0x03 0x01 0x20 0x83  lw      x1,  48(x2)
	   192    0x02 0x10 0x14 0x63  bnez    x1,  40
	   196    0x03 0x41 0x20 0x83  lw      x1,  52(x2)
	   200    0x20 0x10 0x08 0x63  beqz    x1,  528
	   204    0x03 0x41 0x25 0x83  lw      x11, 52(x2)
	   208    0x03 0xc1 0x05 0x13  addi    x10, x2,  60
.call
	   212    0x00 0x00 0x00 0xef  call    softfloat_normSubnormalF32Sig
	   216    0x03 0xc1 0x20 0x83  lw      x1,  60(x2)
	   220    0x02 0x11 0x28 0x23  sw      x1,  48(x2)
	   224    0x04 0x01 0x20 0x83  lw      x1,  64(x2)
	   228    0x02 0x11 0x2a 0x23  sw      x1,  52(x2)
	   232    0x01 0xc1 0x20 0x83  lw      x1,  28(x2)
	   236    0x02 0x10 0x14 0x63  bnez    x1,  40
	   240    0x02 0x01 0x20 0x83  lw      x1,  32(x2)
	   244    0x1a 0x10 0x06 0x63  beqz    x1,  428
	   248    0x02 0x01 0x25 0x83  lw      x11, 32(x2)
	   252    0x03 0xc1 0x05 0x13  addi    x10, x2,  60
.call
	   256    0x00 0x00 0x00 0xef  call    softfloat_normSubnormalF32Sig
	   260    0x03 0xc1 0x20 0x83  lw      x1,  60(x2)
	   264    0x00 0x11 0x2e 0x23  sw      x1,  28(x2)
	   268    0x04 0x01 0x20 0x83  lw      x1,  64(x2)
	   272    0x02 0x11 0x20 0x23  sw      x1,  32(x2)
	   276    0x01 0xc1 0x20 0x83  lw      x1,  28(x2)
	   280    0x03 0x01 0x25 0x83  lw      x11, 48(x2)
	   284    0x40 0xb0 0x80 0xb3  sub     x1,  x1,  x11
	   288    0x07 0xe0 0x80 0x93  addi    x1,  x1,  126
	   292    0x04 0x11 0x22 0x23  sw      x1,  68(x2)
	   296    0x02 0x01 0x25 0x83  lw      x11, 32(x2)
	   300    0x00 0x80 0x00 0xb7  lui     x1,  2048
	   304    0x00 0xb0 0xe5 0xb3  or      x11, x1,  x11
	   308    0x02 0xb1 0x20 0x23  sw      x11, 32(x2)
	   312    0x03 0x41 0x25 0x83  lw      x11, 52(x2)
	   316    0x00 0xb0 0xe0 0xb3  or      x1,  x1,  x11
	   320    0x02 0x11 0x2a 0x23  sw      x1,  52(x2)
	   324    0x02 0x01 0x20 0x83  lw      x1,  32(x2)
	   328    0x03 0x41 0x25 0x83  lw      x11, 52(x2)
	   332    0x00 0xb0 0xea 0x63  bltu    x1,  x11, 20
	   336    0x02 0x01 0x20 0x83  lw      x1,  32(x2)
	   340    0x00 0x70 0x90 0x93  slli    x1,  x1,  7
	   344    0x02 0x11 0x20 0x23  sw      x1,  32(x2)
	   348    0x01 0xc0 0x00 0x6f  j       28
	   352    0x04 0x41 0x20 0x83  lw      x1,  68(x2)
	   356    0xff 0xf0 0x80 0x93  addi    x1,  x1,  -1
	   360    0x04 0x11 0x22 0x23  sw      x1,  68(x2)
	   364    0x02 0x01 0x20 0x83  lw      x1,  32(x2)
	   368    0x00 0x80 0x90 0x93  slli    x1,  x1,  8
	   372    0x02 0x11 0x20 0x23  sw      x1,  32(x2)
	   376    0x03 0x41 0x20 0x83  lw      x1,  52(x2)
	   380    0x00 0x80 0x90 0x93  slli    x1,  x1,  8
	   384    0x02 0x11 0x2a 0x23  sw      x1,  52(x2)
	   388    0x02 0x01 0x20 0x83  lw      x1,  32(x2)
	   392    0x03 0x41 0x25 0x83  lw      x11, 52(x2)
	   396    0x00 0x11 0x22 0x23  sw      x1,  4(x2)
.call
	   400    0x00 0x00 0x00 0xef  call    softfloat_approxRecip32_1
	   404    0x00 0x41 0x20 0x83  lw      x1,  4(x2)
	   408    0x02 0x15 0x30 0xb3  mulhu   x1,  x10, x1
	   412    0x04 0x11 0x24 0x23  sw      x1,  72(x2)
	   416    0x04 0x81 0x20 0x83  lw      x1,  72(x2)
	   420    0x00 0x20 0x80 0x93  addi    x1,  x1,  2
	   424    0x04 0x11 0x24 0x23  sw      x1,  72(x2)
	   428    0x04 0x81 0x20 0x83  lw      x1,  72(x2)
	   432    0x03 0xf0 0xf0 0x93  andi    x1,  x1,  63
	   436    0x00 0x20 0x05 0x93  li      x11, 2
	   440    0x06 0xb0 0xfe 0x63  bgeu    x1,  x11, 124
	   444    0x04 0x81 0x20 0x83  lw      x1,  72(x2)
	   448    0xff 0xc0 0xf0 0x93  andi    x1,  x1,  -4
	   452    0x04 0x11 0x24 0x23  sw      x1,  72(x2)
	   456    0x04 0x81 0x20 0x83  lw      x1,  72(x2)
	   460    0x03 0x41 0x25 0x03  lw      x10, 52(x2)
	   464    0x00 0x10 0x96 0x13  slli    x12, x1,  1
	   468    0x02 0xa6 0x00 0xb3  mul     x1,  x12, x10
	   472    0x02 0xa6 0x36 0x33  mulhu   x12, x12, x10
	   476    0x02 0x01 0x25 0x83  lw      x11, 32(x2)
	   480    0x00 0x10 0x35 0x33  snez    x10, x1
	   484    0x40 0xc5 0x85 0xb3  sub     x11, x11, x12
	   488    0x40 0x10 0x00 0xb3  neg     x1,  x1
	   492    0x40 0xa5 0x85 0xb3  sub     x11, x11, x10
	   496    0x04 0x11 0x26 0x23  sw      x1,  76(x2)
	   500    0x04 0xb1 0x28 0x23  sw      x11, 80(x2)
	   504    0x05 0x01 0x20 0x83  lw      x1,  80(x2)
	   508    0x80 0x00 0x05 0xb7  lui     x11, -524288
	   512    0x00 0xb0 0xf0 0xb3  and     x1,  x1,  x11
	   516    0x02 0x10 0x12 0x63  bnez    x1,  36
	   520    0x04 0xc1 0x20 0x83  lw      x1,  76(x2)
	   524    0x05 0x01 0x25 0x83  lw      x11, 80(x2)
	   528    0x00 0xb0 0xe0 0xb3  or      x1,  x1,  x11
	   532    0x02 0x10 0x00 0x63  beqz    x1,  32
	   536    0x04 0x81 0x20 0x83  lw      x1,  72(x2)
	   540    0x00 0x10 0xe0 0x93  ori     x1,  x1,  1
	   544    0x04 0x11 0x24 0x23  sw      x1,  72(x2)
	   548    0x01 0x00 0x00 0x6f  j       16
	   552    0x04 0x81 0x20 0x83  lw      x1,  72(x2)
	   556    0xff 0xc0 0x80 0x93  addi    x1,  x1,  -4
	   560    0x04 0x11 0x24 0x23  sw      x1,  72(x2)
	   564    0x03 0x81 0x25 0x83  lw      x11, 56(x2)
	   568    0x04 0x41 0x26 0x03  lw      x12, 68(x2)
	   572    0x04 0x81 0x26 0x83  lw      x13, 72(x2)
.call
	   576    0x00 0x00 0x00 0xef  call    softfloat_roundPackToF32
	   580    0x00 0x01 0x20 0x83  lw      x1,  0(x2)
	   584    0x05 0xc1 0x01 0x13  addi    x2,  x2,  92
.rts
	   588    0x00 0x00 0x80 0x67  ret
.label __ll3_f32_div
	   592    0x01 0x41 0x25 0x83  lw      x11, 20(x2)
	   596    0x02 0x81 0x26 0x03  lw      x12, 40(x2)
	   600    0x00 0x11 0x20 0x23  sw      x1,  0(x2)
.call
	   604    0x00 0x00 0x00 0xef  call    softfloat_propagateNaNF32UI
	   608    0x04 0xa1 0x2a 0x23  sw      x10, 84(x2)
	   612    0x04 0x80 0x00 0x6f  j       72
.label __ll4_f32_div
	   616    0x7f 0xc0 0x00 0xb7  lui     x1,  523264
	   620    0x04 0x11 0x2a 0x23  sw      x1,  84(x2)
	   624    0x03 0xc0 0x00 0x6f  j       60
	   628    0x02 0x01 0x25 0x03  lw      x10, 32(x2)
	   632    0xfc 0xa0 0x1c 0xe3  bnez    x10, -40
	   636    0x03 0x01 0x25 0x03  lw      x10, 48(x2)
	   640    0x06 0xa5 0x86 0x63  beq     x11, x10, 108
	   644    0x00 0x11 0x20 0x23  sw      x1,  0(x2)
.label __ll1_f32_div
	   648    0x03 0x81 0x20 0x83  lw      x1,  56(x2)
	   652    0x01 0xf0 0x90 0x93  slli    x1,  x1,  31
	   656    0x7f 0x80 0x05 0xb7  lui     x11, 522240
	   660    0x00 0xb0 0x80 0xb3  add     x1,  x1,  x11
	   664    0x04 0x11 0x2a 0x23  sw      x1,  84(x2)
	   668    0x01 0x00 0x00 0x6f  j       16
.label __ll2_f32_div
	   672    0x03 0x81 0x20 0x83  lw      x1,  56(x2)
	   676    0x01 0xf0 0x90 0x93  slli    x1,  x1,  31
	   680    0x04 0x11 0x2a 0x23  sw      x1,  84(x2)
.label __ll5_f32_div
	   684    0x05 0x41 0x20 0x83  lw      x1,  84(x2)
	   688    0x04 0x11 0x2c 0x23  sw      x1,  88(x2)
	   692    0x00 0x01 0x20 0x83  lw      x1,  0(x2)
	   696    0x05 0x81 0x25 0x03  lw      x10, 88(x2)
	   700    0x05 0xc1 0x01 0x13  addi    x2,  x2,  92
.rts
	   704    0x00 0x00 0x80 0x67  ret
	   708    0x03 0x41 0x25 0x83  lw      x11, 52(x2)
	   712    0x00 0xb0 0x04 0x63  beqz    x11, 8
	   716    0xf8 0x5f 0xf0 0x6f  j       -124
	   720    0x00 0x11 0x20 0x23  sw      x1,  0(x2)
	   724    0xfc 0xdf 0xf0 0x6f  j       -52
	   728    0x01 0xc1 0x20 0x83  lw      x1,  28(x2)
	   732    0x02 0x01 0x25 0x83  lw      x11, 32(x2)
	   736    0x00 0xb0 0xe0 0xb3  or      x1,  x1,  x11
	   740    0xfa 0x10 0x12 0xe3  bnez    x1,  -92
	   744    0xf8 0x1f 0xf0 0x6f  j       -128
	   748    0x03 0x41 0x25 0x83  lw      x11, 52(x2)
	   752    0x00 0xb0 0x04 0x63  beqz    x11, 8
	   756    0xf5 0xdf 0xf0 0x6f  j       -164
	   760    0x00 0x11 0x20 0x23  sw      x1,  0(x2)
.label f32_div__end last
	   764    0xf6 0xdf 0xf0 0x6f  j       -148

.undef global text softfloat_normSubnormalF32Sig

.undef global text softfloat_approxRecip32_1

.undef global text softfloat_roundPackToF32

.undef global text softfloat_propagateNaNF32UI

