
; File generated by darts version U-2022.12#33f3808fcb#221128, Fri Mar 22 18:34:00 2024
; Copyright 2014-2022 Synopsys, Inc. All rights reserved.
; darts -I.. -d -h -ISoftFloat-3e/source/include -ISoftFloat-3e/source/riscv -ISoftFloat-3e/build/chess -I../runtime/include -DCHESS_CXX_ATTRIBUTES -DSOFTFLOAT_NO_EXCEPTIONS -DINLINE_LEVEL=5 -DSOFTFLOAT_FAST_DIV32TO16 -D__tct_patch__=0 -L +Ihex Debug/f32_mul.o trv32p3_cnn

; Release: ipd U-2022.12
.undef global data softfloat_countLeadingZeros8

.text_segment_name
.text global 0 f32_mul
	     0    0xfa 0xc1 0x01 0x13  addi    x2,  x2,  -84
	     4    0x00 0x00 0x00 0x33  nop
	     8    0x00 0xc1 0x22 0x23  sw      x12, 4(x2)
	    12    0x00 0xb1 0x24 0x23  sw      x11, 8(x2)
	    16    0x00 0x81 0x25 0x83  lw      x11, 8(x2)
	    20    0x00 0xb1 0x26 0x23  sw      x11, 12(x2)
	    24    0x00 0xc1 0x25 0x83  lw      x11, 12(x2)
	    28    0x00 0xb1 0x28 0x23  sw      x11, 16(x2)
	    32    0x01 0x01 0x25 0x83  lw      x11, 16(x2)
	    36    0x01 0xf5 0xd5 0x93  srli    x11, x11, 31
	    40    0x00 0xb0 0x35 0xb3  snez    x11, x11
	    44    0x00 0xb1 0x2a 0x23  sw      x11, 20(x2)
	    48    0x01 0x01 0x25 0x83  lw      x11, 16(x2)
	    52    0x01 0x75 0xd5 0x93  srli    x11, x11, 23
	    56    0x0f 0xf5 0xf5 0x93  zext.b  x11, x11
	    60    0x00 0xb1 0x2c 0x23  sw      x11, 24(x2)
	    64    0x00 0x80 0x05 0x37  lui     x10, 2048
	    68    0x01 0x01 0x25 0x83  lw      x11, 16(x2)
	    72    0xff 0xf5 0x05 0x13  addi    x10, x10, -1
	    76    0x00 0xb5 0x75 0xb3  and     x11, x10, x11
	    80    0x00 0xb1 0x2e 0x23  sw      x11, 28(x2)
	    84    0x00 0x41 0x25 0x83  lw      x11, 4(x2)
	    88    0x02 0xb1 0x20 0x23  sw      x11, 32(x2)
	    92    0x02 0x01 0x25 0x83  lw      x11, 32(x2)
	    96    0x02 0xb1 0x22 0x23  sw      x11, 36(x2)
	   100    0x02 0x41 0x25 0x83  lw      x11, 36(x2)
	   104    0x01 0xf5 0xd5 0x93  srli    x11, x11, 31
	   108    0x00 0xb0 0x35 0xb3  snez    x11, x11
	   112    0x02 0xb1 0x24 0x23  sw      x11, 40(x2)
	   116    0x02 0x41 0x25 0x83  lw      x11, 36(x2)
	   120    0x01 0x75 0xd5 0x93  srli    x11, x11, 23
	   124    0x0f 0xf5 0xf5 0x93  zext.b  x11, x11
	   128    0x02 0xb1 0x26 0x23  sw      x11, 44(x2)
	   132    0x02 0x41 0x25 0x83  lw      x11, 36(x2)
	   136    0x00 0xb5 0x75 0xb3  and     x11, x10, x11
	   140    0x02 0xb1 0x28 0x23  sw      x11, 48(x2)
	   144    0x01 0x41 0x25 0x83  lw      x11, 20(x2)
	   148    0x02 0x81 0x25 0x03  lw      x10, 40(x2)
	   152    0x00 0xb5 0x45 0xb3  xor     x11, x10, x11
	   156    0x00 0xb0 0x35 0xb3  snez    x11, x11
	   160    0x02 0xb1 0x2a 0x23  sw      x11, 52(x2)
	   164    0x01 0x81 0x25 0x83  lw      x11, 24(x2)
	   168    0x0f 0xf0 0x05 0x13  li      x10, 255
	   172    0x02 0xb5 0x0a 0x63  beq     x10, x11, 52
	   176    0x00 0x11 0x20 0x23  sw      x1,  0(x2)
	   180    0x02 0xc1 0x25 0x83  lw      x11, 44(x2)
	   184    0x0f 0xf0 0x00 0x93  li      x1,  255
	   188    0x0a 0xb0 0x92 0x63  bne     x1,  x11, 164
	   192    0x03 0x01 0x20 0x83  lw      x1,  48(x2)
	   196    0x08 0x10 0x1a 0x63  bnez    x1,  148
	   200    0x00 0x01 0x20 0x83  lw      x1,  0(x2)
	   204    0x01 0x81 0x25 0x83  lw      x11, 24(x2)
	   208    0x01 0xc1 0x25 0x03  lw      x10, 28(x2)
	   212    0x00 0xb5 0x65 0xb3  or      x11, x10, x11
	   216    0x02 0xb1 0x2c 0x23  sw      x11, 56(x2)
	   220    0x03 0x00 0x00 0x6f  j       48
	   224    0x01 0xc1 0x25 0x83  lw      x11, 28(x2)
	   228    0x16 0xb0 0x14 0x63  bnez    x11, 360
	   232    0x02 0xc1 0x25 0x83  lw      x11, 44(x2)
	   236    0x0f 0xf0 0x05 0x13  li      x10, 255
	   240    0x00 0xb5 0x16 0x63  bne     x10, x11, 12
	   244    0x03 0x01 0x25 0x83  lw      x11, 48(x2)
	   248    0x14 0xb0 0x1a 0x63  bnez    x11, 340
	   252    0x02 0xc1 0x25 0x83  lw      x11, 44(x2)
	   256    0x03 0x01 0x25 0x03  lw      x10, 48(x2)
	   260    0x00 0xb5 0x65 0xb3  or      x11, x10, x11
	   264    0x02 0xb1 0x2c 0x23  sw      x11, 56(x2)
	   268    0x03 0x81 0x25 0x83  lw      x11, 56(x2)
	   272    0x00 0xb0 0x0e 0x63  beqz    x11, 28
	   276    0x03 0x41 0x25 0x83  lw      x11, 52(x2)
	   280    0x01 0xf5 0x95 0x93  slli    x11, x11, 31
	   284    0x7f 0x80 0x05 0x37  lui     x10, 522240
	   288    0x00 0xb5 0x05 0xb3  add     x11, x10, x11
	   292    0x04 0xb1 0x26 0x23  sw      x11, 76(x2)
	   296    0x01 0xc0 0x00 0x6f  j       28
	   300    0x7f 0xc0 0x05 0xb7  lui     x11, 523264
	   304    0x04 0xb1 0x26 0x23  sw      x11, 76(x2)
	   308    0x01 0x00 0x00 0x6f  j       16
.label __ll2_f32_mul
	   312    0x03 0x41 0x25 0x83  lw      x11, 52(x2)
	   316    0x01 0xf5 0x95 0x93  slli    x11, x11, 31
	   320    0x04 0xb1 0x26 0x23  sw      x11, 76(x2)
.label __ll3_f32_mul
	   324    0x04 0xc1 0x25 0x83  lw      x11, 76(x2)
	   328    0x04 0xb1 0x28 0x23  sw      x11, 80(x2)
	   332    0x05 0x01 0x25 0x03  lw      x10, 80(x2)
	   336    0x05 0x41 0x01 0x13  addi    x2,  x2,  84
.rts
	   340    0x00 0x00 0x80 0x67  ret
	   344    0x00 0x01 0x20 0x83  lw      x1,  0(x2)
	   348    0x0f 0x00 0x00 0x6f  j       240
	   352    0x01 0x81 0x20 0x83  lw      x1,  24(x2)
	   356    0x02 0x10 0x14 0x63  bnez    x1,  40
	   360    0x01 0xc1 0x20 0x83  lw      x1,  28(x2)
	   364    0x0e 0x10 0x0e 0x63  beqz    x1,  252
	   368    0x01 0xc1 0x25 0x83  lw      x11, 28(x2)
	   372    0x03 0xc1 0x05 0x13  addi    x10, x2,  60
.call
	   376    0x00 0x00 0x00 0xef  call    softfloat_normSubnormalF32Sig
	   380    0x03 0xc1 0x20 0x83  lw      x1,  60(x2)
	   384    0x00 0x11 0x2c 0x23  sw      x1,  24(x2)
	   388    0x04 0x01 0x20 0x83  lw      x1,  64(x2)
	   392    0x00 0x11 0x2e 0x23  sw      x1,  28(x2)
	   396    0x02 0xc1 0x20 0x83  lw      x1,  44(x2)
	   400    0x02 0x10 0x14 0x63  bnez    x1,  40
	   404    0x03 0x01 0x20 0x83  lw      x1,  48(x2)
	   408    0x0c 0x10 0x0c 0x63  beqz    x1,  216
	   412    0x03 0x01 0x25 0x83  lw      x11, 48(x2)
	   416    0x03 0xc1 0x05 0x13  addi    x10, x2,  60
.call
	   420    0x00 0x00 0x00 0xef  call    softfloat_normSubnormalF32Sig
	   424    0x03 0xc1 0x20 0x83  lw      x1,  60(x2)
	   428    0x02 0x11 0x26 0x23  sw      x1,  44(x2)
	   432    0x04 0x01 0x20 0x83  lw      x1,  64(x2)
	   436    0x02 0x11 0x28 0x23  sw      x1,  48(x2)
	   440    0x01 0x81 0x20 0x83  lw      x1,  24(x2)
	   444    0x02 0xc1 0x25 0x83  lw      x11, 44(x2)
	   448    0x00 0xb0 0x80 0xb3  add     x1,  x1,  x11
	   452    0xf8 0x10 0x80 0x93  addi    x1,  x1,  -127
	   456    0x04 0x11 0x22 0x23  sw      x1,  68(x2)
	   460    0x01 0xc1 0x25 0x83  lw      x11, 28(x2)
	   464    0x00 0x80 0x00 0xb7  lui     x1,  2048
	   468    0x00 0xb0 0xe5 0xb3  or      x11, x1,  x11
	   472    0x00 0x75 0x95 0x93  slli    x11, x11, 7
	   476    0x00 0xb1 0x2e 0x23  sw      x11, 28(x2)
	   480    0x03 0x01 0x25 0x83  lw      x11, 48(x2)
	   484    0x00 0xb0 0xe0 0xb3  or      x1,  x1,  x11
	   488    0x00 0x80 0x90 0x93  slli    x1,  x1,  8
	   492    0x02 0x11 0x28 0x23  sw      x1,  48(x2)
	   496    0x01 0xc1 0x20 0x83  lw      x1,  28(x2)
	   500    0x03 0x01 0x25 0x83  lw      x11, 48(x2)
	   504    0x02 0xb0 0x85 0x33  mul     x10, x1,  x11
	   508    0x02 0xb0 0xb0 0xb3  mulhu   x1,  x1,  x11
	   512    0x00 0xa0 0x35 0xb3  snez    x11, x10
	   516    0x00 0xb0 0xe0 0xb3  or      x1,  x1,  x11
	   520    0x04 0x11 0x24 0x23  sw      x1,  72(x2)
	   524    0x04 0x81 0x20 0x83  lw      x1,  72(x2)
	   528    0x40 0x00 0x05 0xb7  lui     x11, 262144
	   532    0x00 0xb0 0xfe 0x63  bgeu    x1,  x11, 28
	   536    0x04 0x41 0x20 0x83  lw      x1,  68(x2)
	   540    0xff 0xf0 0x80 0x93  addi    x1,  x1,  -1
	   544    0x04 0x11 0x22 0x23  sw      x1,  68(x2)
	   548    0x04 0x81 0x20 0x83  lw      x1,  72(x2)
	   552    0x00 0x10 0x90 0x93  slli    x1,  x1,  1
	   556    0x04 0x11 0x24 0x23  sw      x1,  72(x2)
	   560    0x03 0x41 0x25 0x83  lw      x11, 52(x2)
	   564    0x04 0x41 0x26 0x03  lw      x12, 68(x2)
	   568    0x04 0x81 0x26 0x83  lw      x13, 72(x2)
.call
	   572    0x00 0x00 0x00 0xef  call    softfloat_roundPackToF32
	   576    0x00 0x01 0x20 0x83  lw      x1,  0(x2)
	   580    0x05 0x41 0x01 0x13  addi    x2,  x2,  84
.rts
	   584    0x00 0x00 0x80 0x67  ret
.label __ll1_f32_mul
	   588    0x01 0x01 0x25 0x83  lw      x11, 16(x2)
	   592    0x02 0x41 0x26 0x03  lw      x12, 36(x2)
	   596    0x00 0x11 0x20 0x23  sw      x1,  0(x2)
.call
	   600    0x00 0x00 0x00 0xef  call    softfloat_propagateNaNF32UI
	   604    0x04 0xa1 0x26 0x23  sw      x10, 76(x2)
	   608    0x00 0x01 0x20 0x83  lw      x1,  0(x2)
	   612    0xee 0x1f 0xf0 0x6f  j       -288
	   616    0x00 0x01 0x20 0x83  lw      x1,  0(x2)
	   620    0xec 0xdf 0xf0 0x6f  j       -308
	   624    0x00 0x01 0x20 0x83  lw      x1,  0(x2)
.label f32_mul__end last
	   628    0xec 0x5f 0xf0 0x6f  j       -316

.undef global text softfloat_normSubnormalF32Sig

.undef global text softfloat_roundPackToF32

.undef global text softfloat_propagateNaNF32UI

