
; File generated by darts version U-2022.12#33f3808fcb#221128, Thu Feb 29 16:37:31 2024
; Copyright 2014-2022 Synopsys, Inc. All rights reserved.
; darts -I.. -d -h -ISoftFloat-3e/source/include -ISoftFloat-3e/source/riscv -ISoftFloat-3e/build/chess -I../runtime/include -DCHESS_CXX_ATTRIBUTES -DSOFTFLOAT_NO_EXCEPTIONS -DINLINE_LEVEL=5 -DSOFTFLOAT_FAST_DIV32TO16 -D__tct_patch__=0 -L +Ihex Debug/f32_to_i64_r_minMag.o trv32p3_cnn

; Release: ipd U-2022.12
.undef global data softfloat_countLeadingZeros8

.text_segment_name
.text global 0 f32_to_i64_r_minMag
	     0    0xfd 0x01 0x01 0x13  addi    x2,  x2,  -48
	     4    0x00 0x00 0x00 0x33  nop
	     8    0x00 0xd1 0x20 0x23  sw      x13, 0(x2)
	    12    0x00 0xc1 0x22 0x23  sw      x12, 4(x2)
	    16    0x00 0x41 0x25 0x83  lw      x11, 4(x2)
	    20    0x00 0xb1 0x24 0x23  sw      x11, 8(x2)
	    24    0x00 0x81 0x25 0x83  lw      x11, 8(x2)
	    28    0x00 0xb1 0x26 0x23  sw      x11, 12(x2)
	    32    0x00 0xc1 0x25 0x83  lw      x11, 12(x2)
	    36    0x01 0x75 0xd5 0x93  srli    x11, x11, 23
	    40    0x0f 0xf5 0xf5 0x93  zext.b  x11, x11
	    44    0x00 0xb1 0x28 0x23  sw      x11, 16(x2)
	    48    0x00 0x80 0x05 0x37  lui     x10, 2048
	    52    0x00 0xc1 0x25 0x83  lw      x11, 12(x2)
	    56    0xff 0xf5 0x05 0x13  addi    x10, x10, -1
	    60    0x00 0xb5 0x75 0xb3  and     x11, x10, x11
	    64    0x00 0xb1 0x2a 0x23  sw      x11, 20(x2)
	    68    0x01 0x01 0x25 0x83  lw      x11, 16(x2)
	    72    0x0b 0xe0 0x05 0x13  li      x10, 190
	    76    0x40 0xb5 0x05 0xb3  sub     x11, x10, x11
	    80    0x00 0xb1 0x2c 0x23  sw      x11, 24(x2)
	    84    0x01 0x81 0x26 0x03  lw      x12, 24(x2)
	    88    0x00 0x00 0x05 0x93  li      x11, 0
	    92    0x04 0x00 0x06 0x93  li      x13, 64
	    96    0x00 0x00 0x05 0x13  li      x10, 0
	   100    0x10 0xd6 0x52 0x63  bge     x12, x13, 260
	   104    0x00 0xc1 0x25 0x83  lw      x11, 12(x2)
	   108    0x01 0xf5 0xd5 0x93  srli    x11, x11, 31
	   112    0x00 0xb0 0x35 0xb3  snez    x11, x11
	   116    0x00 0xb1 0x2e 0x23  sw      x11, 28(x2)
	   120    0x01 0x81 0x25 0x83  lw      x11, 24(x2)
	   124    0x08 0xb0 0x5c 0x63  blez    x11, 152
	   128    0x01 0x41 0x25 0x83  lw      x11, 20(x2)
	   132    0x00 0x80 0x05 0x37  lui     x10, 2048
	   136    0x00 0xb5 0x65 0xb3  or      x11, x10, x11
	   140    0x00 0xb1 0x2a 0x23  sw      x11, 20(x2)
	   144    0x01 0x41 0x25 0x83  lw      x11, 20(x2)
	   148    0x00 0x85 0x95 0x93  slli    x11, x11, 8
	   152    0x02 0x01 0x20 0x23  sw      x0,  32(x2)
	   156    0x02 0xb1 0x22 0x23  sw      x11, 36(x2)
	   160    0x01 0x81 0x25 0x03  lw      x10, 24(x2)
	   164    0x02 0x41 0x25 0x83  lw      x11, 36(x2)
	   168    0x02 0xa0 0x08 0x63  beqz    x10, 48
	   172    0xfe 0x05 0x06 0x13  addi    x12, x10, -32
	   176    0x00 0x06 0x48 0x63  bltz    x12, 16
	   180    0x00 0xc5 0xd5 0x33  srl     x10, x11, x12
	   184    0x00 0x00 0x05 0x93  li      x11, 0
	   188    0x02 0x00 0x00 0x6f  j       32
	   192    0x40 0xc0 0x06 0xb3  neg     x13, x12
	   196    0x00 0xd5 0x96 0xb3  sll     x13, x11, x13
	   200    0x00 0xa5 0xd5 0xb3  srl     x11, x11, x10
	   204    0x00 0xa0 0x56 0x33  srl     x12, x0,  x10
	   208    0x00 0xd6 0x65 0x33  or      x10, x12, x13
	   212    0x00 0x80 0x00 0x6f  j       8
	   216    0x00 0x00 0x05 0x13  li      x10, 0
	   220    0x02 0xa1 0x24 0x23  sw      x10, 40(x2)
	   224    0x02 0xb1 0x26 0x23  sw      x11, 44(x2)
	   228    0x01 0xc1 0x25 0x83  lw      x11, 28(x2)
	   232    0x00 0xb0 0x18 0x63  bnez    x11, 16
	   236    0x02 0x81 0x25 0x03  lw      x10, 40(x2)
	   240    0x02 0xc1 0x25 0x83  lw      x11, 44(x2)
	   244    0x07 0x40 0x00 0x6f  j       116
	   248    0x02 0x81 0x25 0x03  lw      x10, 40(x2)
	   252    0x02 0xc1 0x26 0x03  lw      x12, 44(x2)
	   256    0x00 0xa0 0x35 0xb3  snez    x11, x10
	   260    0x40 0xc0 0x06 0x33  neg     x12, x12
	   264    0x40 0xa0 0x05 0x33  neg     x10, x10
	   268    0x40 0xb6 0x05 0xb3  sub     x11, x12, x11
	   272    0x05 0x80 0x00 0x6f  j       88
	   276    0x00 0xc1 0x25 0x83  lw      x11, 12(x2)
	   280    0xdf 0x00 0x05 0x37  lui     x10, -135168
	   284    0x04 0xb5 0x02 0x63  beq     x10, x11, 68
	   288    0x80 0x00 0x05 0xb7  lui     x11, -524288
	   292    0x01 0x01 0x25 0x03  lw      x10, 16(x2)
	   296    0x0f 0xf0 0x06 0x13  li      x12, 255
	   300    0xff 0xf5 0x85 0x93  addi    x11, x11, -1
	   304    0x00 0xa6 0x16 0x63  bne     x12, x10, 12
	   308    0x01 0x41 0x25 0x03  lw      x10, 20(x2)
	   312    0x02 0xa0 0x10 0x63  bnez    x10, 32
	   316    0x01 0xc1 0x25 0x03  lw      x10, 28(x2)
	   320    0x00 0xa0 0x16 0x63  bnez    x10, 12
	   324    0xff 0xf0 0x05 0x13  li      x10, -1
	   328    0x02 0x00 0x00 0x6f  j       32
	   332    0x00 0x00 0x05 0x13  li      x10, 0
	   336    0x80 0x00 0x05 0xb7  lui     x11, -524288
	   340    0x01 0x40 0x00 0x6f  j       20
	   344    0xff 0xf0 0x05 0x13  li      x10, -1
	   348    0x00 0xc0 0x00 0x6f  j       12
	   352    0x00 0x00 0x05 0x13  li      x10, 0
	   356    0x80 0x00 0x05 0xb7  lui     x11, -524288
	   360    0x03 0x01 0x01 0x13  addi    x2,  x2,  48
.label f32_to_i64_r_minMag__end last
.rts
	   364    0x00 0x00 0x80 0x67  ret

