
; File generated by darts version U-2022.12#33f3808fcb#221128, Fri Mar 22 17:53:43 2024
; Copyright 2014-2022 Synopsys, Inc. All rights reserved.
; darts -I.. -d -h -ISoftFloat-3e/source/include -ISoftFloat-3e/source/riscv -ISoftFloat-3e/build/chess -I../runtime/include -DCHESS_CXX_ATTRIBUTES -DSOFTFLOAT_NO_EXCEPTIONS -DINLINE_LEVEL=5 -DSOFTFLOAT_FAST_DIV32TO16 -D__tct_patch__=0 -L +Ihex Debug/f32_to_f64.o trv32p3_cnn

; Release: ipd U-2022.12
.undef global data softfloat_countLeadingZeros8

.text_segment_name
.text global 0 f32_to_f64
	     0    0xfc 0x81 0x01 0x13  addi    x2,  x2,  -56
	     4    0x00 0x00 0x00 0x33  nop
	     8    0x00 0xc1 0x22 0x23  sw      x12, 4(x2)
	    12    0x00 0x41 0x25 0x03  lw      x10, 4(x2)
	    16    0x00 0xa1 0x24 0x23  sw      x10, 8(x2)
	    20    0x00 0x81 0x25 0x03  lw      x10, 8(x2)
	    24    0x00 0xa1 0x26 0x23  sw      x10, 12(x2)
	    28    0x00 0xc1 0x25 0x03  lw      x10, 12(x2)
	    32    0x01 0xf5 0x55 0x13  srli    x10, x10, 31
	    36    0x00 0xa0 0x35 0x33  snez    x10, x10
	    40    0x00 0xa1 0x28 0x23  sw      x10, 16(x2)
	    44    0x00 0xc1 0x25 0x03  lw      x10, 12(x2)
	    48    0x01 0x75 0x55 0x13  srli    x10, x10, 23
	    52    0x0f 0xf5 0x75 0x13  zext.b  x10, x10
	    56    0x00 0xa1 0x2a 0x23  sw      x10, 20(x2)
	    60    0x00 0x80 0x05 0xb7  lui     x11, 2048
	    64    0x00 0xc1 0x25 0x03  lw      x10, 12(x2)
	    68    0xff 0xf5 0x85 0x93  addi    x11, x11, -1
	    72    0x00 0xb5 0x75 0x33  and     x10, x10, x11
	    76    0x00 0xa1 0x2c 0x23  sw      x10, 24(x2)
	    80    0x01 0x41 0x25 0x03  lw      x10, 20(x2)
	    84    0x0f 0xf0 0x05 0x93  li      x11, 255
	    88    0x06 0xa5 0x8a 0x63  beq     x11, x10, 116
	    92    0x01 0x41 0x25 0x03  lw      x10, 20(x2)
	    96    0x02 0xa0 0x1a 0x63  bnez    x10, 52
	   100    0x01 0x81 0x25 0x03  lw      x10, 24(x2)
	   104    0x0a 0xa0 0x0e 0x63  beqz    x10, 188
	   108    0x01 0x81 0x25 0x83  lw      x11, 24(x2)
	   112    0x00 0x11 0x20 0x23  sw      x1,  0(x2)
	   116    0x02 0x81 0x05 0x13  addi    x10, x2,  40
.call
	   120    0x00 0x00 0x00 0xef  call    softfloat_normSubnormalF32Sig
	   124    0x02 0x81 0x20 0x83  lw      x1,  40(x2)
	   128    0xff 0xf0 0x80 0x93  addi    x1,  x1,  -1
	   132    0x00 0x11 0x2a 0x23  sw      x1,  20(x2)
	   136    0x02 0xc1 0x20 0x83  lw      x1,  44(x2)
	   140    0x00 0x11 0x2c 0x23  sw      x1,  24(x2)
	   144    0x00 0x80 0x00 0x6f  j       8
	   148    0x00 0x11 0x20 0x23  sw      x1,  0(x2)
	   152    0x01 0x41 0x20 0x83  lw      x1,  20(x2)
	   156    0x38 0x00 0x85 0x93  addi    x11, x1,  896
	   160    0x01 0x01 0x25 0x03  lw      x10, 16(x2)
	   164    0x01 0x45 0x96 0x13  slli    x12, x11, 20
	   168    0x01 0x81 0x20 0x83  lw      x1,  24(x2)
	   172    0x01 0xf5 0x15 0x13  slli    x10, x10, 31
	   176    0x00 0x30 0xd5 0x93  srli    x11, x1,  3
	   180    0x00 0xa6 0x05 0x33  add     x10, x12, x10
	   184    0x01 0xd0 0x90 0x93  slli    x1,  x1,  29
	   188    0x00 0xb5 0x05 0x33  add     x10, x10, x11
	   192    0x02 0x11 0x20 0x23  sw      x1,  32(x2)
	   196    0x02 0xa1 0x22 0x23  sw      x10, 36(x2)
	   200    0x03 0x80 0x00 0x6f  j       56
	   204    0x01 0x81 0x25 0x03  lw      x10, 24(x2)
	   208    0x00 0x11 0x20 0x23  sw      x1,  0(x2)
	   212    0x02 0xa0 0x10 0x63  bnez    x10, 32
	   216    0x01 0x01 0x20 0x83  lw      x1,  16(x2)
	   220    0x01 0xf0 0x90 0x93  slli    x1,  x1,  31
	   224    0x7f 0xf0 0x05 0x37  lui     x10, 524032
	   228    0x00 0x15 0x00 0xb3  add     x1,  x10, x1
	   232    0x02 0x01 0x20 0x23  sw      x0,  32(x2)
	   236    0x02 0x11 0x22 0x23  sw      x1,  36(x2)
	   240    0x01 0x00 0x00 0x6f  j       16
	   244    0x7f 0xf8 0x00 0xb7  lui     x1,  524160
	   248    0x02 0x01 0x20 0x23  sw      x0,  32(x2)
	   252    0x02 0x11 0x22 0x23  sw      x1,  36(x2)
	   256    0x00 0x01 0x20 0x83  lw      x1,  0(x2)
.label __ll1_f32_to_f64
	   260    0x02 0x01 0x25 0x03  lw      x10, 32(x2)
	   264    0x02 0xa1 0x28 0x23  sw      x10, 48(x2)
	   268    0x02 0x41 0x25 0x03  lw      x10, 36(x2)
	   272    0x02 0xa1 0x2a 0x23  sw      x10, 52(x2)
	   276    0x03 0x01 0x25 0x03  lw      x10, 48(x2)
	   280    0x03 0x41 0x25 0x83  lw      x11, 52(x2)
	   284    0x03 0x81 0x01 0x13  addi    x2,  x2,  56
.rts
	   288    0x00 0x00 0x80 0x67  ret
	   292    0x01 0x01 0x25 0x03  lw      x10, 16(x2)
	   296    0x01 0xf5 0x15 0x13  slli    x10, x10, 31
	   300    0x02 0x01 0x20 0x23  sw      x0,  32(x2)
	   304    0x02 0xa1 0x22 0x23  sw      x10, 36(x2)
.label f32_to_f64__end last
	   308    0xfd 0x1f 0xf0 0x6f  j       -48

.undef global text softfloat_normSubnormalF32Sig

