
; File generated by darts version U-2022.12#33f3808fcb#221128, Fri Mar 22 17:53:42 2024
; Copyright 2014-2022 Synopsys, Inc. All rights reserved.
; darts -I.. -d -h -ISoftFloat-3e/source/include -ISoftFloat-3e/source/riscv -ISoftFloat-3e/build/chess -I../runtime/include -DCHESS_CXX_ATTRIBUTES -DSOFTFLOAT_NO_EXCEPTIONS -DINLINE_LEVEL=5 -DSOFTFLOAT_FAST_DIV32TO16 -D__tct_patch__=0 -L +Ihex Debug/f32_eq.o trv32p3_cnn

; Release: ipd U-2022.12
.undef global data softfloat_countLeadingZeros8

.text_segment_name
.text global 0 f32_eq
	     0    0xfe 0x81 0x01 0x13  addi    x2,  x2,  -24
	     4    0x00 0x00 0x00 0x33  nop
	     8    0x00 0xc1 0x20 0x23  sw      x12, 0(x2)
	    12    0x00 0xb1 0x22 0x23  sw      x11, 4(x2)
	    16    0x00 0x41 0x25 0x83  lw      x11, 4(x2)
	    20    0x00 0xb1 0x24 0x23  sw      x11, 8(x2)
	    24    0x00 0x81 0x25 0x83  lw      x11, 8(x2)
	    28    0x00 0xb1 0x26 0x23  sw      x11, 12(x2)
	    32    0x00 0x01 0x25 0x83  lw      x11, 0(x2)
	    36    0x00 0xb1 0x28 0x23  sw      x11, 16(x2)
	    40    0x01 0x01 0x25 0x83  lw      x11, 16(x2)
	    44    0x00 0xb1 0x2a 0x23  sw      x11, 20(x2)
	    48    0x00 0xc1 0x25 0x83  lw      x11, 12(x2)
	    52    0xff 0xf5 0xc5 0x93  not     x11, x11
	    56    0x7f 0x80 0x06 0x37  lui     x12, 522240
	    60    0x00 0xb6 0x76 0x33  and     x12, x12, x11
	    64    0x00 0x80 0x05 0x37  lui     x10, 2048
	    68    0xff 0xf5 0x05 0x93  addi    x11, x10, -1
	    72    0x00 0xc0 0x18 0x63  bnez    x12, 16
	    76    0x00 0xc1 0x25 0x03  lw      x10, 12(x2)
	    80    0x00 0xb5 0x75 0x33  and     x10, x10, x11
	    84    0x04 0xa0 0x1a 0x63  bnez    x10, 84
	    88    0x01 0x41 0x25 0x03  lw      x10, 20(x2)
	    92    0xff 0xf5 0x45 0x13  not     x10, x10
	    96    0x7f 0x80 0x06 0x37  lui     x12, 522240
	   100    0x00 0xa6 0x75 0x33  and     x10, x12, x10
	   104    0x00 0xa0 0x18 0x63  bnez    x10, 16
	   108    0x01 0x41 0x25 0x03  lw      x10, 20(x2)
	   112    0x00 0xb5 0x75 0xb3  and     x11, x10, x11
	   116    0x02 0xb0 0x1a 0x63  bnez    x11, 52
	   120    0x00 0xc1 0x25 0x03  lw      x10, 12(x2)
	   124    0x01 0x41 0x26 0x03  lw      x12, 20(x2)
	   128    0x00 0x10 0x05 0x93  li      x11, 1
	   132    0x02 0xa6 0x00 0x63  beq     x12, x10, 32
	   136    0x00 0xc1 0x25 0x83  lw      x11, 12(x2)
	   140    0x01 0x41 0x25 0x03  lw      x10, 20(x2)
	   144    0x00 0xb5 0x65 0xb3  or      x11, x10, x11
	   148    0x00 0x15 0x95 0x13  slli    x10, x11, 1
	   152    0x00 0x10 0x05 0x93  li      x11, 1
	   156    0x00 0xa0 0x04 0x63  beqz    x10, 8
	   160    0x00 0x00 0x05 0x93  li      x11, 0
	   164    0x00 0xb0 0x16 0x63  bnez    x11, 12
	   168    0x00 0x00 0x05 0x13  li      x10, 0
	   172    0x00 0x80 0x00 0x6f  j       8
	   176    0x00 0x10 0x05 0x13  li      x10, 1
	   180    0x01 0x81 0x01 0x13  addi    x2,  x2,  24
.label f32_eq__end last
.rts
	   184    0x00 0x00 0x80 0x67  ret

