
; File generated by darts version U-2022.12#33f3808fcb#221128, Wed Feb 21 13:35:48 2024
; Copyright 2014-2022 Synopsys, Inc. All rights reserved.
; darts -I.. -d -h -ISoftFloat-3e/source/include -ISoftFloat-3e/source/riscv -ISoftFloat-3e/build/chess -I../runtime/include -DCHESS_CXX_ATTRIBUTES -DSOFTFLOAT_NO_EXCEPTIONS -DINLINE_LEVEL=5 -DSOFTFLOAT_FAST_DIV32TO16 -D__tct_patch__=0 -L +Ihex Debug/f32_lt.o trv32p3_cnn

; Release: ipd U-2022.12
.undef global data softfloat_countLeadingZeros8

.text_segment_name
.text global 0 f32_lt
	     0    0xfe 0x01 0x01 0x13  addi    x2,  x2,  -32
	     4    0x00 0x00 0x00 0x33  nop
	     8    0x00 0xc1 0x20 0x23  sw      x12, 0(x2)
	    12    0x00 0xb1 0x22 0x23  sw      x11, 4(x2)
	    16    0x00 0x41 0x25 0x83  lw      x11, 4(x2)
	    20    0x00 0xb1 0x24 0x23  sw      x11, 8(x2)
	    24    0x00 0x81 0x25 0x83  lw      x11, 8(x2)
	    28    0x00 0xb1 0x26 0x23  sw      x11, 12(x2)
	    32    0x00 0x01 0x25 0x83  lw      x11, 0(x2)
	    36    0x00 0xb1 0x28 0x23  sw      x11, 16(x2)
	    40    0x01 0x01 0x25 0x83  lw      x11, 16(x2)
	    44    0x00 0xb1 0x2a 0x23  sw      x11, 20(x2)
	    48    0x00 0xc1 0x25 0x83  lw      x11, 12(x2)
	    52    0xff 0xf5 0xc5 0x93  not     x11, x11
	    56    0x7f 0x80 0x06 0x37  lui     x12, 522240
	    60    0x00 0xb6 0x76 0x33  and     x12, x12, x11
	    64    0x00 0x80 0x05 0x37  lui     x10, 2048
	    68    0xff 0xf5 0x05 0x93  addi    x11, x10, -1
	    72    0x00 0xc0 0x18 0x63  bnez    x12, 16
	    76    0x00 0xc1 0x25 0x03  lw      x10, 12(x2)
	    80    0x00 0xb5 0x75 0x33  and     x10, x10, x11
	    84    0x0a 0xa0 0x18 0x63  bnez    x10, 176
	    88    0x01 0x41 0x25 0x03  lw      x10, 20(x2)
	    92    0xff 0xf5 0x45 0x13  not     x10, x10
	    96    0x7f 0x80 0x06 0x37  lui     x12, 522240
	   100    0x00 0xa6 0x75 0x33  and     x10, x12, x10
	   104    0x00 0xa0 0x18 0x63  bnez    x10, 16
	   108    0x01 0x41 0x25 0x03  lw      x10, 20(x2)
	   112    0x00 0xb5 0x75 0xb3  and     x11, x10, x11
	   116    0x08 0xb0 0x18 0x63  bnez    x11, 144
	   120    0x00 0xc1 0x25 0x83  lw      x11, 12(x2)
	   124    0x01 0xf5 0xd5 0x93  srli    x11, x11, 31
	   128    0x00 0xb0 0x35 0xb3  snez    x11, x11
	   132    0x00 0xb1 0x2c 0x23  sw      x11, 24(x2)
	   136    0x01 0x41 0x25 0x83  lw      x11, 20(x2)
	   140    0x01 0xf5 0xd5 0x93  srli    x11, x11, 31
	   144    0x00 0xb0 0x35 0xb3  snez    x11, x11
	   148    0x00 0xb1 0x2e 0x23  sw      x11, 28(x2)
	   152    0x01 0x81 0x25 0x83  lw      x11, 24(x2)
	   156    0x01 0xc1 0x25 0x03  lw      x10, 28(x2)
	   160    0x02 0xb5 0x1c 0x63  bne     x10, x11, 56
	   164    0x00 0xc1 0x25 0x03  lw      x10, 12(x2)
	   168    0x01 0x41 0x26 0x03  lw      x12, 20(x2)
	   172    0x00 0x10 0x05 0x93  li      x11, 1
	   176    0x02 0xa6 0x00 0x63  beq     x12, x10, 32
	   180    0x00 0xc1 0x25 0x83  lw      x11, 12(x2)
	   184    0x01 0x41 0x25 0x03  lw      x10, 20(x2)
	   188    0x01 0x81 0x26 0x03  lw      x12, 24(x2)
	   192    0x00 0xa5 0xb5 0xb3  sltu    x11, x11, x10
	   196    0x00 0xb6 0x45 0x33  xor     x10, x12, x11
	   200    0x00 0x10 0x05 0x93  li      x11, 1
	   204    0x02 0xa0 0x1a 0x63  bnez    x10, 52
	   208    0x00 0x00 0x05 0x93  li      x11, 0
	   212    0x02 0xc0 0x00 0x6f  j       44
	   216    0x01 0x81 0x25 0x03  lw      x10, 24(x2)
	   220    0x00 0x10 0x05 0x93  li      x11, 1
	   224    0x00 0xa0 0x0e 0x63  beqz    x10, 28
	   228    0x00 0xc1 0x25 0x83  lw      x11, 12(x2)
	   232    0x01 0x41 0x25 0x03  lw      x10, 20(x2)
	   236    0x00 0xb5 0x65 0xb3  or      x11, x10, x11
	   240    0x00 0x15 0x95 0x13  slli    x10, x11, 1
	   244    0x00 0x10 0x05 0x93  li      x11, 1
	   248    0x00 0xa0 0x14 0x63  bnez    x10, 8
	   252    0x00 0x00 0x05 0x93  li      x11, 0
	   256    0x00 0xb0 0x16 0x63  bnez    x11, 12
	   260    0x00 0x00 0x05 0x13  li      x10, 0
	   264    0x00 0x80 0x00 0x6f  j       8
	   268    0x00 0x10 0x05 0x13  li      x10, 1
	   272    0x02 0x01 0x01 0x13  addi    x2,  x2,  32
.label f32_lt__end last
.rts
	   276    0x00 0x00 0x80 0x67  ret

