
; File generated by darts version U-2022.12#33f3808fcb#221128, Fri Feb 16 13:34:11 2024
; Copyright 2014-2022 Synopsys, Inc. All rights reserved.
; darts -I.. -d -h -ISoftFloat-3e/source/include -ISoftFloat-3e/source/riscv -ISoftFloat-3e/build/chess -I../runtime/include -DCHESS_CXX_ATTRIBUTES -DSOFTFLOAT_NO_EXCEPTIONS -DINLINE_LEVEL=5 -DSOFTFLOAT_FAST_DIV32TO16 -D__tct_patch__=0 -L +Ihex Debug/f32_to_ui64_r_minMag.o trv32p3_cnn

; Release: ipd U-2022.12
.undef global data softfloat_countLeadingZeros8

.text_segment_name
.text global 0 f32_to_ui64_r_minMag
	     0    0xfd 0x01 0x01 0x13  addi    x2,  x2,  -48
	     4    0x00 0x00 0x00 0x33  nop
	     8    0x00 0xd1 0x20 0x23  sw      x13, 0(x2)
	    12    0x00 0xc1 0x22 0x23  sw      x12, 4(x2)
	    16    0x00 0x41 0x25 0x83  lw      x11, 4(x2)
	    20    0x00 0xb1 0x24 0x23  sw      x11, 8(x2)
	    24    0x00 0x81 0x25 0x83  lw      x11, 8(x2)
	    28    0x00 0xb1 0x26 0x23  sw      x11, 12(x2)
	    32    0x00 0xc1 0x25 0x83  lw      x11, 12(x2)
	    36    0x01 0x75 0xd5 0x93  srli    x11, x11, 23
	    40    0x0f 0xf5 0xf5 0x93  zext.b  x11, x11
	    44    0x00 0xb1 0x28 0x23  sw      x11, 16(x2)
	    48    0x00 0x80 0x05 0x37  lui     x10, 2048
	    52    0x00 0xc1 0x25 0x83  lw      x11, 12(x2)
	    56    0xff 0xf5 0x05 0x13  addi    x10, x10, -1
	    60    0x00 0xb5 0x75 0xb3  and     x11, x10, x11
	    64    0x00 0xb1 0x2a 0x23  sw      x11, 20(x2)
	    68    0x01 0x01 0x25 0x83  lw      x11, 16(x2)
	    72    0x0b 0xe0 0x05 0x13  li      x10, 190
	    76    0x40 0xb5 0x05 0xb3  sub     x11, x10, x11
	    80    0x00 0xb1 0x2c 0x23  sw      x11, 24(x2)
	    84    0x01 0x81 0x26 0x03  lw      x12, 24(x2)
	    88    0x00 0x00 0x05 0x93  li      x11, 0
	    92    0x04 0x00 0x06 0x93  li      x13, 64
	    96    0x00 0x00 0x05 0x13  li      x10, 0
	   100    0x0c 0xd6 0x54 0x63  bge     x12, x13, 200
	   104    0x00 0xc1 0x25 0x83  lw      x11, 12(x2)
	   108    0x01 0xf5 0xd5 0x93  srli    x11, x11, 31
	   112    0x00 0xb0 0x35 0xb3  snez    x11, x11
	   116    0x00 0xb1 0x2e 0x23  sw      x11, 28(x2)
	   120    0x01 0xc1 0x25 0x83  lw      x11, 28(x2)
	   124    0x06 0xb0 0x1e 0x63  bnez    x11, 124
	   128    0x01 0x81 0x25 0x83  lw      x11, 24(x2)
	   132    0x06 0x05 0xca 0x63  bltz    x11, 116
	   136    0x01 0x41 0x25 0x83  lw      x11, 20(x2)
	   140    0x00 0x80 0x05 0x37  lui     x10, 2048
	   144    0x00 0xb5 0x65 0xb3  or      x11, x10, x11
	   148    0x00 0xb1 0x2a 0x23  sw      x11, 20(x2)
	   152    0x01 0x41 0x25 0x83  lw      x11, 20(x2)
	   156    0x00 0x85 0x95 0x93  slli    x11, x11, 8
	   160    0x02 0x01 0x20 0x23  sw      x0,  32(x2)
	   164    0x02 0xb1 0x22 0x23  sw      x11, 36(x2)
	   168    0x01 0x81 0x25 0x03  lw      x10, 24(x2)
	   172    0x02 0x41 0x25 0x83  lw      x11, 36(x2)
	   176    0x02 0xa0 0x08 0x63  beqz    x10, 48
	   180    0xfe 0x05 0x06 0x13  addi    x12, x10, -32
	   184    0x00 0x06 0x48 0x63  bltz    x12, 16
	   188    0x00 0xc5 0xd5 0x33  srl     x10, x11, x12
	   192    0x00 0x00 0x05 0x93  li      x11, 0
	   196    0x02 0x00 0x00 0x6f  j       32
	   200    0x40 0xc0 0x06 0xb3  neg     x13, x12
	   204    0x00 0xd5 0x96 0xb3  sll     x13, x11, x13
	   208    0x00 0xa5 0xd5 0xb3  srl     x11, x11, x10
	   212    0x00 0xa0 0x56 0x33  srl     x12, x0,  x10
	   216    0x00 0xd6 0x65 0x33  or      x10, x12, x13
	   220    0x00 0x80 0x00 0x6f  j       8
	   224    0x00 0x00 0x05 0x13  li      x10, 0
	   228    0x02 0xa1 0x24 0x23  sw      x10, 40(x2)
	   232    0x02 0xb1 0x26 0x23  sw      x11, 44(x2)
	   236    0x02 0x81 0x25 0x03  lw      x10, 40(x2)
	   240    0x02 0xc1 0x25 0x83  lw      x11, 44(x2)
	   244    0x03 0x80 0x00 0x6f  j       56
	   248    0x01 0x01 0x25 0x83  lw      x11, 16(x2)
	   252    0x0f 0xf0 0x05 0x13  li      x10, 255
	   256    0x00 0xb5 0x16 0x63  bne     x10, x11, 12
	   260    0x01 0x41 0x25 0x83  lw      x11, 20(x2)
	   264    0x00 0xb0 0x1e 0x63  bnez    x11, 28
	   268    0x01 0xc1 0x25 0x83  lw      x11, 28(x2)
	   272    0x00 0xb0 0x16 0x63  bnez    x11, 12
	   276    0xff 0xf0 0x05 0x13  li      x10, -1
	   280    0x01 0x00 0x00 0x6f  j       16
	   284    0x00 0x00 0x05 0x13  li      x10, 0
	   288    0x00 0x80 0x00 0x6f  j       8
	   292    0xff 0xf0 0x05 0x13  li      x10, -1
	   296    0x00 0x05 0x05 0x93  mv      x11, x10
	   300    0x03 0x01 0x01 0x13  addi    x2,  x2,  48
.label f32_to_ui64_r_minMag__end last
.rts
	   304    0x00 0x00 0x80 0x67  ret

