
; File generated by darts version U-2022.12#33f3808fcb#221128, Thu Feb 29 15:23:35 2024
; Copyright 2014-2022 Synopsys, Inc. All rights reserved.
; darts -I.. -d -h -ISoftFloat-3e/source/include -ISoftFloat-3e/source/riscv -ISoftFloat-3e/build/chess -I../runtime/include -DCHESS_CXX_ATTRIBUTES -DSOFTFLOAT_NO_EXCEPTIONS -DINLINE_LEVEL=5 -DSOFTFLOAT_FAST_DIV32TO16 -D__tct_patch__=0 -L +Ihex Debug/f32_sqrt.o trv32p3_cnn

; Release: ipd U-2022.12
.undef global data softfloat_countLeadingZeros8

.text_segment_name
.text global 0 f32_sqrt
	     0    0xfc 0x01 0x01 0x13  addi    x2,  x2,  -64
	     4    0x00 0x00 0x00 0x33  nop
	     8    0x00 0xb1 0x24 0x23  sw      x11, 8(x2)
	    12    0x00 0x11 0x20 0x23  sw      x1,  0(x2)
	    16    0x00 0x81 0x25 0x03  lw      x10, 8(x2)
	    20    0x00 0xa1 0x26 0x23  sw      x10, 12(x2)
	    24    0x00 0xc1 0x25 0x03  lw      x10, 12(x2)
	    28    0x00 0xa1 0x28 0x23  sw      x10, 16(x2)
	    32    0x01 0x01 0x25 0x03  lw      x10, 16(x2)
	    36    0x01 0xf5 0x55 0x13  srli    x10, x10, 31
	    40    0x00 0xa0 0x35 0x33  snez    x10, x10
	    44    0x00 0xa1 0x2a 0x23  sw      x10, 20(x2)
	    48    0x01 0x01 0x25 0x03  lw      x10, 16(x2)
	    52    0x01 0x75 0x55 0x13  srli    x10, x10, 23
	    56    0x0f 0xf5 0x75 0x13  zext.b  x10, x10
	    60    0x00 0xa1 0x2c 0x23  sw      x10, 24(x2)
	    64    0x00 0x80 0x05 0xb7  lui     x11, 2048
	    68    0x01 0x01 0x25 0x03  lw      x10, 16(x2)
	    72    0xff 0xf5 0x85 0x93  addi    x11, x11, -1
	    76    0x00 0xb5 0x75 0x33  and     x10, x10, x11
	    80    0x00 0xa1 0x2e 0x23  sw      x10, 28(x2)
	    84    0x01 0x81 0x25 0x03  lw      x10, 24(x2)
	    88    0x0f 0xf0 0x05 0x93  li      x11, 255
	    92    0x02 0xa5 0x80 0x63  beq     x11, x10, 32
	    96    0x01 0x41 0x25 0x03  lw      x10, 20(x2)
	   100    0x04 0xa0 0x0c 0x63  beqz    x10, 88
	   104    0x01 0x81 0x25 0x03  lw      x10, 24(x2)
	   108    0x01 0xc1 0x25 0x83  lw      x11, 28(x2)
	   112    0x00 0xb5 0x65 0x33  or      x10, x10, x11
	   116    0x02 0xa0 0x0c 0x63  beqz    x10, 56
	   120    0x01 0x40 0x00 0x6f  j       20
	   124    0x01 0xc1 0x25 0x03  lw      x10, 28(x2)
	   128    0x16 0xa0 0x12 0x63  bnez    x10, 356
	   132    0x01 0x41 0x25 0x03  lw      x10, 20(x2)
	   136    0x16 0xa0 0x08 0x63  beqz    x10, 368
	   140    0x7f 0xc0 0x05 0x37  lui     x10, 523264
	   144    0x02 0xa1 0x20 0x23  sw      x10, 32(x2)
.label __ll1_f32_sqrt
	   148    0x02 0x01 0x25 0x03  lw      x10, 32(x2)
	   152    0x02 0xa1 0x2e 0x23  sw      x10, 60(x2)
	   156    0x00 0x01 0x25 0x83  lw      x11, 0(x2)
	   160    0x03 0xc1 0x25 0x03  lw      x10, 60(x2)
	   164    0x04 0x01 0x01 0x13  addi    x2,  x2,  64
.rts
	   168    0x00 0x05 0x80 0x67  jr      x11
	   172    0x00 0x01 0x25 0x83  lw      x11, 0(x2)
	   176    0x00 0x81 0x25 0x03  lw      x10, 8(x2)
	   180    0x04 0x01 0x01 0x13  addi    x2,  x2,  64
.rts
	   184    0x00 0x05 0x80 0x67  jr      x11
	   188    0x01 0x81 0x25 0x03  lw      x10, 24(x2)
	   192    0x02 0xa0 0x14 0x63  bnez    x10, 40
	   196    0x01 0xc1 0x25 0x03  lw      x10, 28(x2)
	   200    0x14 0xa0 0x00 0x63  beqz    x10, 320
	   204    0x01 0xc1 0x25 0x83  lw      x11, 28(x2)
	   208    0x02 0x41 0x05 0x13  addi    x10, x2,  36
.call
	   212    0x00 0x00 0x00 0xef  call    softfloat_normSubnormalF32Sig
	   216    0x02 0x41 0x25 0x03  lw      x10, 36(x2)
	   220    0x00 0xa1 0x2c 0x23  sw      x10, 24(x2)
	   224    0x02 0x81 0x25 0x03  lw      x10, 40(x2)
	   228    0x00 0xa1 0x2e 0x23  sw      x10, 28(x2)
	   232    0x01 0x81 0x25 0x03  lw      x10, 24(x2)
	   236    0xf8 0x15 0x05 0x13  addi    x10, x10, -127
	   240    0x40 0x15 0x55 0x13  srai    x10, x10, 1
	   244    0x07 0xe5 0x05 0x13  addi    x10, x10, 126
	   248    0x02 0xa1 0x26 0x23  sw      x10, 44(x2)
	   252    0x01 0x81 0x25 0x03  lw      x10, 24(x2)
	   256    0x00 0x15 0x75 0x13  andi    x10, x10, 1
	   260    0x00 0xa1 0x2c 0x23  sw      x10, 24(x2)
	   264    0x01 0xc1 0x25 0x03  lw      x10, 28(x2)
	   268    0x00 0x80 0x05 0xb7  lui     x11, 2048
	   272    0x00 0xb5 0x65 0x33  or      x10, x10, x11
	   276    0x00 0x85 0x15 0x13  slli    x10, x10, 8
	   280    0x00 0xa1 0x2e 0x23  sw      x10, 28(x2)
	   284    0x01 0xc1 0x25 0x03  lw      x10, 28(x2)
	   288    0x01 0x81 0x25 0x83  lw      x11, 24(x2)
	   292    0x01 0xc1 0x26 0x03  lw      x12, 28(x2)
	   296    0x00 0xa1 0x22 0x23  sw      x10, 4(x2)
.call
	   300    0x00 0x00 0x00 0xef  call    softfloat_approxRecipSqrt32_1
	   304    0x00 0x41 0x25 0x83  lw      x11, 4(x2)
	   308    0x02 0xb5 0x35 0x33  mulhu   x10, x10, x11
	   312    0x02 0xa1 0x28 0x23  sw      x10, 48(x2)
	   316    0x01 0x81 0x25 0x03  lw      x10, 24(x2)
	   320    0x00 0xa0 0x08 0x63  beqz    x10, 16
	   324    0x03 0x01 0x25 0x03  lw      x10, 48(x2)
	   328    0x00 0x15 0x55 0x13  srli    x10, x10, 1
	   332    0x02 0xa1 0x28 0x23  sw      x10, 48(x2)
	   336    0x03 0x01 0x25 0x03  lw      x10, 48(x2)
	   340    0x00 0x25 0x05 0x13  addi    x10, x10, 2
	   344    0x02 0xa1 0x28 0x23  sw      x10, 48(x2)
	   348    0x03 0x01 0x25 0x03  lw      x10, 48(x2)
	   352    0x03 0xf5 0x75 0x13  andi    x10, x10, 63
	   356    0x00 0x20 0x05 0x93  li      x11, 2
	   360    0x06 0xb5 0x70 0x63  bgeu    x10, x11, 96
	   364    0x03 0x01 0x25 0x03  lw      x10, 48(x2)
	   368    0x00 0x25 0x55 0x13  srli    x10, x10, 2
	   372    0x02 0xa1 0x2a 0x23  sw      x10, 52(x2)
	   376    0x03 0x41 0x25 0x03  lw      x10, 52(x2)
	   380    0x03 0x41 0x25 0x83  lw      x11, 52(x2)
	   384    0x02 0xb5 0x05 0x33  mul     x10, x10, x11
	   388    0x02 0xa1 0x2c 0x23  sw      x10, 56(x2)
	   392    0x03 0x01 0x25 0x03  lw      x10, 48(x2)
	   396    0xff 0xc5 0x75 0x13  andi    x10, x10, -4
	   400    0x02 0xa1 0x28 0x23  sw      x10, 48(x2)
	   404    0x03 0x81 0x25 0x03  lw      x10, 56(x2)
	   408    0x80 0x00 0x05 0xb7  lui     x11, -524288
	   412    0x00 0xb5 0x75 0x33  and     x10, x10, x11
	   416    0x00 0xa0 0x1e 0x63  bnez    x10, 28
	   420    0x03 0x81 0x25 0x03  lw      x10, 56(x2)
	   424    0x02 0xa0 0x00 0x63  beqz    x10, 32
	   428    0x03 0x01 0x25 0x03  lw      x10, 48(x2)
	   432    0xff 0xf5 0x05 0x13  addi    x10, x10, -1
	   436    0x02 0xa1 0x28 0x23  sw      x10, 48(x2)
	   440    0x01 0x00 0x00 0x6f  j       16
	   444    0x03 0x01 0x25 0x03  lw      x10, 48(x2)
	   448    0x00 0x15 0x65 0x13  ori     x10, x10, 1
	   452    0x02 0xa1 0x28 0x23  sw      x10, 48(x2)
	   456    0x02 0xc1 0x26 0x03  lw      x12, 44(x2)
	   460    0x03 0x01 0x26 0x83  lw      x13, 48(x2)
	   464    0x00 0x00 0x05 0x93  li      x11, 0
.call
	   468    0x00 0x00 0x00 0xef  call    softfloat_roundPackToF32
	   472    0x00 0x01 0x25 0x83  lw      x11, 0(x2)
	   476    0x04 0x01 0x01 0x13  addi    x2,  x2,  64
.rts
	   480    0x00 0x05 0x80 0x67  jr      x11
	   484    0x01 0x01 0x25 0x83  lw      x11, 16(x2)
	   488    0x00 0x00 0x06 0x13  li      x12, 0
.call
	   492    0x00 0x00 0x00 0xef  call    softfloat_propagateNaNF32UI
	   496    0x02 0xa1 0x20 0x23  sw      x10, 32(x2)
	   500    0xea 0x1f 0xf0 0x6f  j       -352
	   504    0x00 0x01 0x25 0x83  lw      x11, 0(x2)
	   508    0x00 0x81 0x25 0x03  lw      x10, 8(x2)
	   512    0x04 0x01 0x01 0x13  addi    x2,  x2,  64
.rts
	   516    0x00 0x05 0x80 0x67  jr      x11
	   520    0x00 0x01 0x25 0x83  lw      x11, 0(x2)
	   524    0x00 0x81 0x25 0x03  lw      x10, 8(x2)
	   528    0x04 0x01 0x01 0x13  addi    x2,  x2,  64
.label f32_sqrt__end last
.rts
	   532    0x00 0x05 0x80 0x67  jr      x11

.undef global text softfloat_propagateNaNF32UI

.undef global text softfloat_normSubnormalF32Sig

.undef global text softfloat_approxRecipSqrt32_1

.undef global text softfloat_roundPackToF32

