
; File generated by darts version U-2022.12#33f3808fcb#221128, Fri Feb 16 13:34:08 2024
; Copyright 2014-2022 Synopsys, Inc. All rights reserved.
; darts -I.. -d -h -ISoftFloat-3e/source/include -ISoftFloat-3e/source/riscv -ISoftFloat-3e/build/chess -I../runtime/include -DCHESS_CXX_ATTRIBUTES -DSOFTFLOAT_NO_EXCEPTIONS -DINLINE_LEVEL=5 -DSOFTFLOAT_FAST_DIV32TO16 -D__tct_patch__=0 -L +Ihex Debug/f32_add.o trv32p3_cnn

; Release: ipd U-2022.12
.undef global data softfloat_countLeadingZeros8

.text_segment_name
.text global 0 f32_add
	     0    0xfe 0x41 0x01 0x13  addi    x2,  x2,  -28
	     4    0x00 0x00 0x00 0x33  nop
	     8    0x00 0xc1 0x22 0x23  sw      x12, 4(x2)
	    12    0x00 0x11 0x20 0x23  sw      x1,  0(x2)
	    16    0x00 0xb1 0x24 0x23  sw      x11, 8(x2)
	    20    0x00 0x81 0x25 0x83  lw      x11, 8(x2)
	    24    0x00 0xb1 0x26 0x23  sw      x11, 12(x2)
	    28    0x00 0xc1 0x25 0x83  lw      x11, 12(x2)
	    32    0x00 0xb1 0x28 0x23  sw      x11, 16(x2)
	    36    0x00 0x41 0x25 0x83  lw      x11, 4(x2)
	    40    0x00 0xb1 0x2a 0x23  sw      x11, 20(x2)
	    44    0x01 0x41 0x25 0x83  lw      x11, 20(x2)
	    48    0x00 0xb1 0x2c 0x23  sw      x11, 24(x2)
	    52    0x01 0x01 0x25 0x83  lw      x11, 16(x2)
	    56    0x01 0x81 0x25 0x03  lw      x10, 24(x2)
	    60    0x00 0xb5 0x45 0xb3  xor     x11, x10, x11
	    64    0x01 0xf5 0xd5 0x93  srli    x11, x11, 31
	    68    0x00 0xb0 0x1a 0x63  bnez    x11, 20
	    72    0x01 0x01 0x25 0x83  lw      x11, 16(x2)
	    76    0x01 0x81 0x26 0x03  lw      x12, 24(x2)
.call
	    80    0x00 0x00 0x00 0xef  call    softfloat_addMagsF32
	    84    0x01 0x00 0x00 0x6f  j       16
	    88    0x01 0x01 0x25 0x83  lw      x11, 16(x2)
	    92    0x01 0x81 0x26 0x03  lw      x12, 24(x2)
.call
	    96    0x00 0x00 0x00 0xef  call    softfloat_subMagsF32
	   100    0x00 0x01 0x25 0x83  lw      x11, 0(x2)
	   104    0x01 0xc1 0x01 0x13  addi    x2,  x2,  28
.label f32_add__end last
.rts
	   108    0x00 0x05 0x80 0x67  jr      x11

.undef global text softfloat_subMagsF32

.undef global text softfloat_addMagsF32

