
; File generated by darts version U-2022.12#33f3808fcb#221128, Tue Mar 19 17:13:56 2024
; Copyright 2014-2022 Synopsys, Inc. All rights reserved.
; darts -I.. -d -h -ISoftFloat-3e/source/include -ISoftFloat-3e/source/riscv -ISoftFloat-3e/build/chess -I../runtime/include -DCHESS_CXX_ATTRIBUTES -DSOFTFLOAT_NO_EXCEPTIONS -DINLINE_LEVEL=5 -DSOFTFLOAT_FAST_DIV32TO16 -D__tct_patch__=0 -L +Ihex Debug/f32_to_ui32_r_minMag.o trv32p3_cnn

; Release: ipd U-2022.12
.undef global data softfloat_countLeadingZeros8

.text_segment_name
.text global 0 f32_to_ui32_r_minMag
	     0    0xfd 0xc1 0x01 0x13  addi    x2,  x2,  -36
	     4    0x00 0x00 0x00 0x33  nop
	     8    0x00 0xc1 0x20 0x23  sw      x12, 0(x2)
	    12    0x00 0xb1 0x22 0x23  sw      x11, 4(x2)
	    16    0x00 0x41 0x25 0x03  lw      x10, 4(x2)
	    20    0x00 0xa1 0x24 0x23  sw      x10, 8(x2)
	    24    0x00 0x81 0x25 0x03  lw      x10, 8(x2)
	    28    0x00 0xa1 0x26 0x23  sw      x10, 12(x2)
	    32    0x00 0xc1 0x25 0x03  lw      x10, 12(x2)
	    36    0x01 0x75 0x55 0x13  srli    x10, x10, 23
	    40    0x0f 0xf5 0x75 0x13  zext.b  x10, x10
	    44    0x00 0xa1 0x28 0x23  sw      x10, 16(x2)
	    48    0x00 0x80 0x05 0xb7  lui     x11, 2048
	    52    0x00 0xc1 0x25 0x03  lw      x10, 12(x2)
	    56    0xff 0xf5 0x85 0x93  addi    x11, x11, -1
	    60    0x00 0xb5 0x75 0x33  and     x10, x10, x11
	    64    0x00 0xa1 0x2a 0x23  sw      x10, 20(x2)
	    68    0x01 0x01 0x25 0x03  lw      x10, 16(x2)
	    72    0x09 0xe0 0x05 0x93  li      x11, 158
	    76    0x40 0xa5 0x85 0x33  sub     x10, x11, x10
	    80    0x00 0xa1 0x2c 0x23  sw      x10, 24(x2)
	    84    0x01 0x81 0x25 0x03  lw      x10, 24(x2)
	    88    0x02 0x00 0x05 0x93  li      x11, 32
	    92    0x08 0xb5 0x52 0x63  bge     x10, x11, 132
	    96    0x00 0xc1 0x25 0x03  lw      x10, 12(x2)
	   100    0x01 0xf5 0x55 0x13  srli    x10, x10, 31
	   104    0x00 0xa0 0x35 0x33  snez    x10, x10
	   108    0x00 0xa1 0x2e 0x23  sw      x10, 28(x2)
	   112    0x01 0xc1 0x25 0x03  lw      x10, 28(x2)
	   116    0x02 0xa0 0x1c 0x63  bnez    x10, 56
	   120    0x01 0x81 0x25 0x03  lw      x10, 24(x2)
	   124    0x02 0x05 0x48 0x63  bltz    x10, 48
	   128    0x01 0x41 0x25 0x03  lw      x10, 20(x2)
	   132    0x00 0x80 0x05 0xb7  lui     x11, 2048
	   136    0x00 0xb5 0x65 0x33  or      x10, x10, x11
	   140    0x00 0x85 0x15 0x13  slli    x10, x10, 8
	   144    0x00 0xa1 0x2a 0x23  sw      x10, 20(x2)
	   148    0x01 0x41 0x25 0x03  lw      x10, 20(x2)
	   152    0x01 0x81 0x25 0x83  lw      x11, 24(x2)
	   156    0x00 0xb5 0x55 0x33  srl     x10, x10, x11
	   160    0x02 0xa1 0x20 0x23  sw      x10, 32(x2)
	   164    0x02 0x01 0x25 0x03  lw      x10, 32(x2)
	   168    0x03 0xc0 0x00 0x6f  j       60
	   172    0x01 0x01 0x25 0x03  lw      x10, 16(x2)
	   176    0x0f 0xf0 0x05 0x93  li      x11, 255
	   180    0x00 0xa5 0x96 0x63  bne     x11, x10, 12
	   184    0x01 0x41 0x25 0x03  lw      x10, 20(x2)
	   188    0x00 0xa0 0x1e 0x63  bnez    x10, 28
	   192    0x01 0xc1 0x25 0x03  lw      x10, 28(x2)
	   196    0x00 0xa0 0x16 0x63  bnez    x10, 12
	   200    0xff 0xf0 0x05 0x13  li      x10, -1
	   204    0x01 0x80 0x00 0x6f  j       24
	   208    0x00 0x00 0x05 0x13  li      x10, 0
	   212    0x01 0x00 0x00 0x6f  j       16
	   216    0xff 0xf0 0x05 0x13  li      x10, -1
	   220    0x00 0x80 0x00 0x6f  j       8
	   224    0x00 0x00 0x05 0x13  li      x10, 0
	   228    0x02 0x41 0x01 0x13  addi    x2,  x2,  36
.label f32_to_ui32_r_minMag__end last
.rts
	   232    0x00 0x00 0x80 0x67  ret

