
; File generated by darts version U-2022.12#33f3808fcb#221128, Fri Feb 16 13:34:12 2024
; Copyright 2014-2022 Synopsys, Inc. All rights reserved.
; darts -I.. -d -h -ISoftFloat-3e/source/include -ISoftFloat-3e/source/riscv -ISoftFloat-3e/build/chess -I../runtime/include -DCHESS_CXX_ATTRIBUTES -DSOFTFLOAT_NO_EXCEPTIONS -DINLINE_LEVEL=5 -DSOFTFLOAT_FAST_DIV32TO16 -D__tct_patch__=0 -L +Ihex Debug/f64_le.o trv32p3_cnn

; Release: ipd U-2022.12
.undef global data softfloat_countLeadingZeros8

.text_segment_name
.text global 0 f64_le
	     0    0xfc 0x81 0x01 0x13  addi    x2,  x2,  -56
	     4    0x00 0x00 0x00 0x33  nop
	     8    0x00 0xd1 0x20 0x23  sw      x13, 0(x2)
	    12    0x00 0xe1 0x22 0x23  sw      x14, 4(x2)
	    16    0x00 0xb1 0x24 0x23  sw      x11, 8(x2)
	    20    0x00 0xc1 0x26 0x23  sw      x12, 12(x2)
	    24    0x00 0x81 0x26 0x03  lw      x12, 8(x2)
	    28    0x00 0xc1 0x28 0x23  sw      x12, 16(x2)
	    32    0x00 0xc1 0x26 0x03  lw      x12, 12(x2)
	    36    0x00 0xc1 0x2a 0x23  sw      x12, 20(x2)
	    40    0x01 0x01 0x25 0x83  lw      x11, 16(x2)
	    44    0x01 0x41 0x26 0x03  lw      x12, 20(x2)
	    48    0x00 0xb1 0x2c 0x23  sw      x11, 24(x2)
	    52    0x00 0xc1 0x2e 0x23  sw      x12, 28(x2)
	    56    0x00 0x01 0x26 0x03  lw      x12, 0(x2)
	    60    0x02 0xc1 0x20 0x23  sw      x12, 32(x2)
	    64    0x00 0x41 0x26 0x03  lw      x12, 4(x2)
	    68    0x02 0xc1 0x22 0x23  sw      x12, 36(x2)
	    72    0x02 0x01 0x25 0x83  lw      x11, 32(x2)
	    76    0x02 0x41 0x26 0x03  lw      x12, 36(x2)
	    80    0x02 0xb1 0x24 0x23  sw      x11, 40(x2)
	    84    0x02 0xc1 0x26 0x23  sw      x12, 44(x2)
	    88    0x01 0xc1 0x26 0x03  lw      x12, 28(x2)
	    92    0xff 0xf6 0x46 0x13  not     x12, x12
	    96    0x7f 0xf0 0x05 0x37  lui     x10, 524032
	   100    0x00 0xa6 0x75 0x33  and     x10, x12, x10
	   104    0x00 0x10 0x05 0xb7  lui     x11, 256
	   108    0xff 0xf5 0x86 0x13  addi    x12, x11, -1
	   112    0x00 0xa0 0x1c 0x63  bnez    x10, 24
	   116    0x01 0xc1 0x25 0x03  lw      x10, 28(x2)
	   120    0x01 0x81 0x25 0x83  lw      x11, 24(x2)
	   124    0x00 0xa6 0x75 0x33  and     x10, x12, x10
	   128    0x00 0xb5 0x65 0xb3  or      x11, x10, x11
	   132    0x0e 0xb0 0x1c 0x63  bnez    x11, 248
	   136    0x02 0xc1 0x25 0x83  lw      x11, 44(x2)
	   140    0xff 0xf5 0xc5 0x93  not     x11, x11
	   144    0x7f 0xf0 0x05 0x37  lui     x10, 524032
	   148    0x00 0xb5 0x75 0xb3  and     x11, x10, x11
	   152    0x00 0xb0 0x1c 0x63  bnez    x11, 24
	   156    0x02 0xc1 0x25 0x83  lw      x11, 44(x2)
	   160    0x02 0x81 0x25 0x03  lw      x10, 40(x2)
	   164    0x00 0xb6 0x76 0x33  and     x12, x12, x11
	   168    0x00 0xa6 0x66 0x33  or      x12, x12, x10
	   172    0x0c 0xc0 0x18 0x63  bnez    x12, 208
	   176    0x01 0xc1 0x26 0x03  lw      x12, 28(x2)
	   180    0x01 0xf6 0x56 0x13  srli    x12, x12, 31
	   184    0x00 0xc0 0x36 0x33  snez    x12, x12
	   188    0x02 0xc1 0x28 0x23  sw      x12, 48(x2)
	   192    0x02 0xc1 0x26 0x03  lw      x12, 44(x2)
	   196    0x01 0xf6 0x56 0x13  srli    x12, x12, 31
	   200    0x00 0xc0 0x36 0x33  snez    x12, x12
	   204    0x02 0xc1 0x2a 0x23  sw      x12, 52(x2)
	   208    0x03 0x01 0x26 0x03  lw      x12, 48(x2)
	   212    0x03 0x41 0x25 0x83  lw      x11, 52(x2)
	   216    0x06 0xc5 0x90 0x63  bne     x11, x12, 96
	   220    0x01 0x81 0x25 0x83  lw      x11, 24(x2)
	   224    0x02 0x81 0x25 0x03  lw      x10, 40(x2)
	   228    0x01 0xc1 0x27 0x03  lw      x14, 28(x2)
	   232    0x02 0xc1 0x26 0x83  lw      x13, 44(x2)
	   236    0x00 0x10 0x06 0x13  li      x12, 1
	   240    0x00 0xe6 0x96 0x63  bne     x13, x14, 12
	   244    0x00 0x10 0x06 0x13  li      x12, 1
	   248    0x08 0xb5 0x00 0x63  beq     x10, x11, 128
	   252    0x03 0x01 0x25 0x83  lw      x11, 48(x2)
	   256    0x01 0x81 0x25 0x03  lw      x10, 24(x2)
	   260    0x02 0x81 0x27 0x03  lw      x14, 40(x2)
	   264    0x01 0xc1 0x26 0x83  lw      x13, 28(x2)
	   268    0x02 0xc1 0x21 0x83  lw      x3,  44(x2)
	   272    0x00 0x10 0x06 0x13  li      x12, 1
	   276    0x00 0x10 0x02 0x13  li      x4,  1
	   280    0x00 0x36 0xe8 0x63  bltu    x13, x3,  16
	   284    0x00 0xd1 0x94 0x63  bne     x3,  x13, 8
	   288    0x00 0xe5 0x64 0x63  bltu    x10, x14, 8
	   292    0x00 0x00 0x02 0x13  li      x4,  0
	   296    0x00 0xb2 0x45 0xb3  xor     x11, x4,  x11
	   300    0x04 0xb0 0x16 0x63  bnez    x11, 76
	   304    0x00 0x00 0x06 0x13  li      x12, 0
	   308    0x04 0x40 0x00 0x6f  j       68
	   312    0x03 0x01 0x25 0x83  lw      x11, 48(x2)
	   316    0x00 0x10 0x06 0x13  li      x12, 1
	   320    0x02 0xb0 0x1c 0x63  bnez    x11, 56
	   324    0x01 0xc1 0x25 0x03  lw      x10, 28(x2)
	   328    0x02 0xc1 0x27 0x03  lw      x14, 44(x2)
	   332    0x80 0x00 0x05 0xb7  lui     x11, -524288
	   336    0x01 0x81 0x26 0x03  lw      x12, 24(x2)
	   340    0x02 0x81 0x26 0x83  lw      x13, 40(x2)
	   344    0x00 0xe5 0x65 0x33  or      x10, x10, x14
	   348    0xff 0xf5 0x85 0x93  addi    x11, x11, -1
	   352    0x00 0xd6 0x66 0x33  or      x12, x12, x13
	   356    0x00 0xb5 0x75 0xb3  and     x11, x10, x11
	   360    0x00 0xb6 0x65 0xb3  or      x11, x12, x11
	   364    0x00 0x10 0x06 0x13  li      x12, 1
	   368    0x00 0xb0 0x04 0x63  beqz    x11, 8
	   372    0x00 0x00 0x06 0x13  li      x12, 0
	   376    0x00 0xc0 0x16 0x63  bnez    x12, 12
	   380    0x00 0x00 0x05 0x13  li      x10, 0
	   384    0x00 0x80 0x00 0x6f  j       8
	   388    0x00 0x10 0x05 0x13  li      x10, 1
	   392    0x03 0x81 0x01 0x13  addi    x2,  x2,  56
.label f64_le__end last
.rts
	   396    0x00 0x00 0x80 0x67  ret

