
; File generated by darts version U-2022.12#33f3808fcb#221128, Wed Feb 21 13:35:53 2024
; Copyright 2014-2022 Synopsys, Inc. All rights reserved.
; darts -I.. -d -h -ISoftFloat-3e/source/include -ISoftFloat-3e/source/riscv -ISoftFloat-3e/build/chess -I../runtime/include -DCHESS_CXX_ATTRIBUTES -DSOFTFLOAT_NO_EXCEPTIONS -DINLINE_LEVEL=5 -DSOFTFLOAT_FAST_DIV32TO16 -D__tct_patch__=0 -L +Ihex Debug/f64_to_ui32_r_minMag.o trv32p3_cnn

; Release: ipd U-2022.12
.undef global data softfloat_countLeadingZeros8

.text_segment_name
.text global 0 f64_to_ui32_r_minMag
	     0    0xfc 0xc1 0x01 0x13  addi    x2,  x2,  -52
	     4    0x00 0x00 0x00 0x33  nop
	     8    0x00 0xd1 0x20 0x23  sw      x13, 0(x2)
	    12    0x00 0xb1 0x22 0x23  sw      x11, 4(x2)
	    16    0x00 0xc1 0x24 0x23  sw      x12, 8(x2)
	    20    0x00 0x41 0x26 0x03  lw      x12, 4(x2)
	    24    0x00 0xc1 0x26 0x23  sw      x12, 12(x2)
	    28    0x00 0x81 0x26 0x03  lw      x12, 8(x2)
	    32    0x00 0xc1 0x28 0x23  sw      x12, 16(x2)
	    36    0x00 0xc1 0x25 0x03  lw      x10, 12(x2)
	    40    0x01 0x01 0x26 0x03  lw      x12, 16(x2)
	    44    0x00 0xa1 0x2a 0x23  sw      x10, 20(x2)
	    48    0x00 0xc1 0x2c 0x23  sw      x12, 24(x2)
	    52    0x01 0x81 0x26 0x03  lw      x12, 24(x2)
	    56    0x01 0x46 0x56 0x13  srli    x12, x12, 20
	    60    0x7f 0xf6 0x76 0x13  andi    x12, x12, 2047
	    64    0x00 0xc1 0x2e 0x23  sw      x12, 28(x2)
	    68    0x00 0x10 0x05 0x37  lui     x10, 256
	    72    0xff 0xf5 0x05 0x93  addi    x11, x10, -1
	    76    0x01 0x81 0x26 0x03  lw      x12, 24(x2)
	    80    0x01 0x41 0x25 0x03  lw      x10, 20(x2)
	    84    0x00 0xb6 0x76 0x33  and     x12, x12, x11
	    88    0x02 0xa1 0x20 0x23  sw      x10, 32(x2)
	    92    0x02 0xc1 0x22 0x23  sw      x12, 36(x2)
	    96    0x01 0xc1 0x26 0x03  lw      x12, 28(x2)
	   100    0x43 0x30 0x05 0x13  li      x10, 1075
	   104    0x40 0xc5 0x06 0x33  sub     x12, x10, x12
	   108    0x02 0xc1 0x24 0x23  sw      x12, 40(x2)
	   112    0x02 0x81 0x26 0x03  lw      x12, 40(x2)
	   116    0x03 0x50 0x05 0x13  li      x10, 53
	   120    0x0a 0xa6 0x5c 0x63  bge     x12, x10, 184
	   124    0x01 0x81 0x26 0x03  lw      x12, 24(x2)
	   128    0x01 0xf6 0x56 0x13  srli    x12, x12, 31
	   132    0x00 0xc0 0x36 0x33  snez    x12, x12
	   136    0x02 0xc1 0x26 0x23  sw      x12, 44(x2)
	   140    0x02 0xc1 0x26 0x03  lw      x12, 44(x2)
	   144    0x06 0xc0 0x12 0x63  bnez    x12, 100
	   148    0x02 0x81 0x26 0x03  lw      x12, 40(x2)
	   152    0x01 0x50 0x05 0x13  li      x10, 21
	   156    0x04 0xa6 0x4c 0x63  blt     x12, x10, 88
	   160    0x02 0x41 0x26 0x03  lw      x12, 36(x2)
	   164    0x00 0x10 0x05 0xb7  lui     x11, 256
	   168    0x02 0x01 0x25 0x03  lw      x10, 32(x2)
	   172    0x00 0xb6 0x66 0x33  or      x12, x12, x11
	   176    0x02 0xa1 0x20 0x23  sw      x10, 32(x2)
	   180    0x02 0xc1 0x22 0x23  sw      x12, 36(x2)
	   184    0x02 0x01 0x25 0x03  lw      x10, 32(x2)
	   188    0x02 0x81 0x25 0x83  lw      x11, 40(x2)
	   192    0x02 0x41 0x26 0x03  lw      x12, 36(x2)
	   196    0x02 0xb0 0x02 0x63  beqz    x11, 36
	   200    0xfe 0x05 0x86 0x93  addi    x13, x11, -32
	   204    0x00 0x06 0xc6 0x63  bltz    x13, 12
	   208    0x00 0xd6 0x55 0x33  srl     x10, x12, x13
	   212    0x01 0x40 0x00 0x6f  j       20
	   216    0x40 0xd0 0x06 0xb3  neg     x13, x13
	   220    0x00 0xb5 0x55 0x33  srl     x10, x10, x11
	   224    0x00 0xd6 0x16 0x33  sll     x12, x12, x13
	   228    0x00 0xa6 0x65 0x33  or      x10, x12, x10
	   232    0x02 0xa1 0x28 0x23  sw      x10, 48(x2)
	   236    0x03 0x01 0x25 0x03  lw      x10, 48(x2)
	   240    0x04 0x40 0x00 0x6f  j       68
	   244    0x01 0xc1 0x26 0x03  lw      x12, 28(x2)
	   248    0x7f 0xf0 0x05 0x13  li      x10, 2047
	   252    0x00 0xc5 0x1a 0x63  bne     x10, x12, 20
	   256    0x02 0x01 0x26 0x03  lw      x12, 32(x2)
	   260    0x02 0x41 0x25 0x03  lw      x10, 36(x2)
	   264    0x00 0xa6 0x66 0x33  or      x12, x12, x10
	   268    0x00 0xc0 0x1e 0x63  bnez    x12, 28
	   272    0x02 0xc1 0x26 0x03  lw      x12, 44(x2)
	   276    0x00 0xc0 0x16 0x63  bnez    x12, 12
	   280    0xff 0xf0 0x05 0x13  li      x10, -1
	   284    0x01 0x80 0x00 0x6f  j       24
	   288    0x00 0x00 0x05 0x13  li      x10, 0
	   292    0x01 0x00 0x00 0x6f  j       16
	   296    0xff 0xf0 0x05 0x13  li      x10, -1
	   300    0x00 0x80 0x00 0x6f  j       8
	   304    0x00 0x00 0x05 0x13  li      x10, 0
	   308    0x03 0x41 0x01 0x13  addi    x2,  x2,  52
.label f64_to_ui32_r_minMag__end last
.rts
	   312    0x00 0x00 0x80 0x67  ret

