
; File generated by darts version U-2022.12#33f3808fcb#221128, Thu Feb 29 17:34:21 2024
; Copyright 2014-2022 Synopsys, Inc. All rights reserved.
; darts -I.. -d -h -ISoftFloat-3e/source/include -ISoftFloat-3e/source/riscv -ISoftFloat-3e/build/chess -I../runtime/include -DCHESS_CXX_ATTRIBUTES -DSOFTFLOAT_NO_EXCEPTIONS -DINLINE_LEVEL=5 -DSOFTFLOAT_FAST_DIV32TO16 -D__tct_patch__=0 -L +Ihex Debug/f64_sqrt.o trv32p3_cnn

; Release: ipd U-2022.12
.undef global data softfloat_countLeadingZeros8

.text_segment_name
.text global 0 f64_sqrt
	     0    0xf8 0xc1 0x01 0x13  addi    x2,  x2,  -116
	     4    0x00 0x00 0x00 0x33  nop
	     8    0x00 0xc1 0x22 0x23  sw      x12, 4(x2)
	    12    0x00 0xd1 0x24 0x23  sw      x13, 8(x2)
	    16    0x00 0x11 0x20 0x23  sw      x1,  0(x2)
	    20    0x00 0x41 0x25 0x03  lw      x10, 4(x2)
	    24    0x00 0xa1 0x26 0x23  sw      x10, 12(x2)
	    28    0x00 0x81 0x25 0x03  lw      x10, 8(x2)
	    32    0x00 0xa1 0x28 0x23  sw      x10, 16(x2)
	    36    0x00 0xc1 0x25 0x83  lw      x11, 12(x2)
	    40    0x01 0x01 0x25 0x03  lw      x10, 16(x2)
	    44    0x00 0xb1 0x2a 0x23  sw      x11, 20(x2)
	    48    0x00 0xa1 0x2c 0x23  sw      x10, 24(x2)
	    52    0x01 0x81 0x25 0x03  lw      x10, 24(x2)
	    56    0x01 0xf5 0x55 0x13  srli    x10, x10, 31
	    60    0x00 0xa0 0x35 0x33  snez    x10, x10
	    64    0x00 0xa1 0x2e 0x23  sw      x10, 28(x2)
	    68    0x01 0x81 0x25 0x03  lw      x10, 24(x2)
	    72    0x01 0x45 0x55 0x13  srli    x10, x10, 20
	    76    0x7f 0xf5 0x75 0x13  andi    x10, x10, 2047
	    80    0x02 0xa1 0x20 0x23  sw      x10, 32(x2)
	    84    0x00 0x10 0x05 0xb7  lui     x11, 256
	    88    0xff 0xf5 0x86 0x93  addi    x13, x11, -1
	    92    0x01 0x81 0x25 0x03  lw      x10, 24(x2)
	    96    0x01 0x41 0x25 0x83  lw      x11, 20(x2)
	   100    0x00 0xd5 0x75 0x33  and     x10, x10, x13
	   104    0x02 0xb1 0x22 0x23  sw      x11, 36(x2)
	   108    0x02 0xa1 0x24 0x23  sw      x10, 40(x2)
	   112    0x02 0x01 0x25 0x03  lw      x10, 32(x2)
	   116    0x7f 0xf0 0x05 0x93  li      x11, 2047
	   120    0x02 0xa5 0x88 0x63  beq     x11, x10, 48
	   124    0x01 0xc1 0x25 0x03  lw      x10, 28(x2)
	   128    0x08 0xa0 0x02 0x63  beqz    x10, 132
	   132    0x02 0x01 0x25 0x83  lw      x11, 32(x2)
	   136    0x41 0xf5 0xd5 0x13  srai    x10, x11, 31
	   140    0x02 0x41 0x26 0x03  lw      x12, 36(x2)
	   144    0x02 0x81 0x26 0x83  lw      x13, 40(x2)
	   148    0x00 0xb6 0x65 0xb3  or      x11, x12, x11
	   152    0x00 0xd5 0x65 0x33  or      x10, x10, x13
	   156    0x00 0xb5 0x65 0x33  or      x10, x10, x11
	   160    0x04 0xa0 0x08 0x63  beqz    x10, 80
	   164    0x01 0xc0 0x00 0x6f  j       28
	   168    0x02 0x41 0x25 0x03  lw      x10, 36(x2)
	   172    0x02 0x81 0x25 0x83  lw      x11, 40(x2)
	   176    0x00 0xb5 0x65 0x33  or      x10, x10, x11
	   180    0x2c 0xa0 0x1a 0x63  bnez    x10, 724
	   184    0x01 0xc1 0x25 0x03  lw      x10, 28(x2)
	   188    0x2e 0xa0 0x06 0x63  beqz    x10, 748
	   192    0x7f 0xf8 0x05 0x37  lui     x10, 524160
	   196    0x02 0x01 0x26 0x23  sw      x0,  44(x2)
	   200    0x02 0xa1 0x28 0x23  sw      x10, 48(x2)
.label __ll1_f64_sqrt
	   204    0x02 0xc1 0x25 0x03  lw      x10, 44(x2)
	   208    0x06 0xa1 0x26 0x23  sw      x10, 108(x2)
	   212    0x03 0x01 0x25 0x03  lw      x10, 48(x2)
	   216    0x06 0xa1 0x28 0x23  sw      x10, 112(x2)
	   220    0x00 0x01 0x26 0x83  lw      x13, 0(x2)
	   224    0x06 0xc1 0x25 0x03  lw      x10, 108(x2)
	   228    0x07 0x01 0x25 0x83  lw      x11, 112(x2)
	   232    0x07 0x41 0x01 0x13  addi    x2,  x2,  116
.rts
	   236    0x00 0x06 0x80 0x67  jr      x13
	   240    0x00 0x01 0x26 0x83  lw      x13, 0(x2)
	   244    0x00 0x41 0x25 0x03  lw      x10, 4(x2)
	   248    0x00 0x81 0x25 0x83  lw      x11, 8(x2)
	   252    0x07 0x41 0x01 0x13  addi    x2,  x2,  116
.rts
	   256    0x00 0x06 0x80 0x67  jr      x13
	   260    0x02 0x01 0x25 0x03  lw      x10, 32(x2)
	   264    0x02 0xa0 0x1e 0x63  bnez    x10, 60
	   268    0x02 0x41 0x25 0x03  lw      x10, 36(x2)
	   272    0x02 0x81 0x25 0x83  lw      x11, 40(x2)
	   276    0x00 0xb5 0x65 0x33  or      x10, x10, x11
	   280    0x2a 0xa0 0x02 0x63  beqz    x10, 676
	   284    0x02 0x41 0x25 0x83  lw      x11, 36(x2)
	   288    0x02 0x81 0x26 0x03  lw      x12, 40(x2)
	   292    0x03 0x41 0x05 0x13  addi    x10, x2,  52
.call
	   296    0x00 0x00 0x00 0xef  call    softfloat_normSubnormalF64Sig
	   300    0x03 0x41 0x25 0x03  lw      x10, 52(x2)
	   304    0x02 0xa1 0x20 0x23  sw      x10, 32(x2)
	   308    0x03 0x81 0x25 0x03  lw      x10, 56(x2)
	   312    0x03 0xc1 0x25 0x83  lw      x11, 60(x2)
	   316    0x02 0xb1 0x24 0x23  sw      x11, 40(x2)
	   320    0x02 0xa1 0x22 0x23  sw      x10, 36(x2)
	   324    0x02 0x01 0x25 0x03  lw      x10, 32(x2)
	   328    0xc0 0x15 0x05 0x13  addi    x10, x10, -1023
	   332    0x40 0x15 0x55 0x13  srai    x10, x10, 1
	   336    0x3f 0xe5 0x05 0x13  addi    x10, x10, 1022
	   340    0x04 0xa1 0x20 0x23  sw      x10, 64(x2)
	   344    0x02 0x01 0x25 0x03  lw      x10, 32(x2)
	   348    0x00 0x15 0x75 0x13  andi    x10, x10, 1
	   352    0x02 0xa1 0x20 0x23  sw      x10, 32(x2)
	   356    0x02 0x81 0x25 0x03  lw      x10, 40(x2)
	   360    0x00 0x10 0x06 0xb7  lui     x13, 256
	   364    0x02 0x41 0x25 0x83  lw      x11, 36(x2)
	   368    0x00 0xd5 0x65 0x33  or      x10, x10, x13
	   372    0x02 0xb1 0x22 0x23  sw      x11, 36(x2)
	   376    0x02 0xa1 0x24 0x23  sw      x10, 40(x2)
	   380    0x02 0x41 0x25 0x03  lw      x10, 36(x2)
	   384    0x02 0x81 0x25 0x83  lw      x11, 40(x2)
	   388    0x00 0xb5 0x95 0x93  slli    x11, x11, 11
	   392    0x01 0x55 0x55 0x13  srli    x10, x10, 21
	   396    0x00 0xb5 0x65 0x33  or      x10, x10, x11
	   400    0x04 0xa1 0x22 0x23  sw      x10, 68(x2)
	   404    0x02 0x01 0x25 0x83  lw      x11, 32(x2)
	   408    0x04 0x41 0x26 0x03  lw      x12, 68(x2)
.call
	   412    0x00 0x00 0x00 0xef  call    softfloat_approxRecipSqrt32_1
	   416    0x04 0xa1 0x24 0x23  sw      x10, 72(x2)
	   420    0x04 0x41 0x25 0x03  lw      x10, 68(x2)
	   424    0x04 0x81 0x25 0x83  lw      x11, 72(x2)
	   428    0x02 0xb5 0x35 0x33  mulhu   x10, x10, x11
	   432    0x04 0xa1 0x26 0x23  sw      x10, 76(x2)
	   436    0x02 0x01 0x25 0x03  lw      x10, 32(x2)
	   440    0x02 0xa0 0x14 0x63  bnez    x10, 40
	   444    0x02 0x41 0x25 0x83  lw      x11, 36(x2)
	   448    0x02 0x81 0x26 0x83  lw      x13, 40(x2)
	   452    0x01 0x75 0xd5 0x13  srli    x10, x11, 23
	   456    0x00 0x96 0x96 0x93  slli    x13, x13, 9
	   460    0x00 0x95 0x95 0x93  slli    x11, x11, 9
	   464    0x00 0xd5 0x65 0x33  or      x10, x10, x13
	   468    0x02 0xb1 0x22 0x23  sw      x11, 36(x2)
	   472    0x02 0xa1 0x24 0x23  sw      x10, 40(x2)
	   476    0x03 0x00 0x00 0x6f  j       48
	   480    0x02 0x41 0x25 0x83  lw      x11, 36(x2)
	   484    0x02 0x81 0x26 0x83  lw      x13, 40(x2)
	   488    0x01 0x85 0xd5 0x13  srli    x10, x11, 24
	   492    0x00 0x86 0x96 0x93  slli    x13, x13, 8
	   496    0x00 0x85 0x95 0x93  slli    x11, x11, 8
	   500    0x00 0xd5 0x65 0x33  or      x10, x10, x13
	   504    0x02 0xb1 0x22 0x23  sw      x11, 36(x2)
	   508    0x02 0xa1 0x24 0x23  sw      x10, 40(x2)
	   512    0x04 0xc1 0x25 0x03  lw      x10, 76(x2)
	   516    0x00 0x15 0x55 0x13  srli    x10, x10, 1
	   520    0x04 0xa1 0x26 0x23  sw      x10, 76(x2)
	   524    0x04 0xc1 0x26 0x03  lw      x12, 76(x2)
	   528    0x04 0xc1 0x20 0x83  lw      x1,  76(x2)
	   532    0x02 0x16 0x05 0x33  mul     x10, x12, x1
	   536    0x02 0x16 0x30 0xb3  mulhu   x1,  x12, x1
	   540    0x02 0x41 0x25 0x83  lw      x11, 36(x2)
	   544    0x00 0xa5 0xb6 0x33  sltu    x12, x11, x10
	   548    0x02 0x81 0x26 0x83  lw      x13, 40(x2)
	   552    0x40 0xa5 0x85 0x33  sub     x10, x11, x10
	   556    0x40 0x16 0x86 0xb3  sub     x13, x13, x1
	   560    0x40 0xc6 0x85 0xb3  sub     x11, x13, x12
	   564    0x04 0xa1 0x28 0x23  sw      x10, 80(x2)
	   568    0x04 0xb1 0x2a 0x23  sw      x11, 84(x2)
	   572    0x05 0x01 0x25 0x83  lw      x11, 80(x2)
	   576    0x05 0x41 0x25 0x03  lw      x10, 84(x2)
	   580    0x01 0xe5 0x15 0x13  slli    x10, x10, 30
	   584    0x00 0x25 0xd5 0x93  srli    x11, x11, 2
	   588    0x04 0x81 0x26 0x83  lw      x13, 72(x2)
	   592    0x00 0xb5 0x65 0x33  or      x10, x10, x11
	   596    0x02 0xd5 0x35 0x33  mulhu   x10, x10, x13
	   600    0x04 0xa1 0x2c 0x23  sw      x10, 88(x2)
	   604    0x05 0x81 0x26 0x83  lw      x13, 88(x2)
	   608    0x00 0x36 0x95 0x13  slli    x10, x13, 3
	   612    0x02 0x05 0x05 0x13  addi    x10, x10, 32
	   616    0x04 0xc1 0x25 0x83  lw      x11, 76(x2)
	   620    0x01 0xd6 0xd6 0x93  srli    x13, x13, 29
	   624    0x04 0xa1 0x2e 0x23  sw      x10, 92(x2)
	   628    0x00 0xb6 0x85 0xb3  add     x11, x13, x11
	   632    0x02 0x05 0x35 0x13  sltiu   x10, x10, 32
	   636    0x00 0xb5 0x05 0x33  add     x10, x10, x11
	   640    0x06 0xa1 0x20 0x23  sw      x10, 96(x2)
	   644    0x05 0xc1 0x25 0x03  lw      x10, 92(x2)
	   648    0x1f 0xf5 0x75 0x13  andi    x10, x10, 511
	   652    0x02 0x20 0x05 0x93  li      x11, 34
	   656    0x0c 0xb5 0x7c 0x63  bgeu    x10, x11, 216
	   660    0x05 0xc1 0x25 0x83  lw      x11, 92(x2)
	   664    0x06 0x01 0x25 0x03  lw      x10, 96(x2)
	   668    0xfc 0x05 0xf5 0x93  andi    x11, x11, -64
	   672    0x04 0xb1 0x2e 0x23  sw      x11, 92(x2)
	   676    0x06 0xa1 0x20 0x23  sw      x10, 96(x2)
	   680    0x06 0x01 0x25 0x83  lw      x11, 96(x2)
	   684    0x05 0xc1 0x26 0x83  lw      x13, 92(x2)
	   688    0x01 0xa5 0x95 0x13  slli    x10, x11, 26
	   692    0x00 0x66 0xd6 0x93  srli    x13, x13, 6
	   696    0x00 0x65 0xd5 0x93  srli    x11, x11, 6
	   700    0x00 0xd5 0x65 0x33  or      x10, x10, x13
	   704    0x06 0xb1 0x24 0x23  sw      x11, 104(x2)
	   708    0x06 0xa1 0x22 0x23  sw      x10, 100(x2)
	   712    0x06 0x41 0x20 0x83  lw      x1,  100(x2)
	   716    0x06 0x41 0x26 0x83  lw      x13, 100(x2)
	   720    0x02 0xd0 0x85 0x33  mul     x10, x1,  x13
	   724    0x02 0xd0 0xb5 0xb3  mulhu   x11, x1,  x13
	   728    0x06 0x81 0x27 0x83  lw      x15, 104(x2)
	   732    0x06 0x81 0x26 0x03  lw      x12, 104(x2)
	   736    0x02 0xf0 0x87 0xb3  mul     x15, x1,  x15
	   740    0x02 0xd6 0x06 0xb3  mul     x13, x12, x13
	   744    0x00 0xf5 0x86 0x33  add     x12, x11, x15
	   748    0x02 0x41 0x20 0x83  lw      x1,  36(x2)
	   752    0x00 0xd6 0x06 0xb3  add     x13, x12, x13
	   756    0x40 0xa0 0x05 0xb3  neg     x11, x10
	   760    0x01 0x40 0x96 0x13  slli    x12, x1,  20
	   764    0x00 0xa0 0x35 0x33  snez    x10, x10
	   768    0x40 0xd6 0x06 0xb3  sub     x13, x12, x13
	   772    0x40 0xa6 0x85 0x33  sub     x10, x13, x10
	   776    0x04 0xb1 0x28 0x23  sw      x11, 80(x2)
	   780    0x04 0xa1 0x2a 0x23  sw      x10, 84(x2)
	   784    0x05 0x41 0x25 0x03  lw      x10, 84(x2)
	   788    0x80 0x00 0x05 0xb7  lui     x11, -524288
	   792    0x00 0xb5 0x75 0x33  and     x10, x10, x11
	   796    0x02 0xa0 0x16 0x63  bnez    x10, 44
	   800    0x05 0x01 0x25 0x03  lw      x10, 80(x2)
	   804    0x05 0x41 0x25 0x83  lw      x11, 84(x2)
	   808    0x00 0xb5 0x65 0x33  or      x10, x10, x11
	   812    0x02 0xa0 0x0e 0x63  beqz    x10, 60
	   816    0x05 0xc1 0x25 0x83  lw      x11, 92(x2)
	   820    0x06 0x01 0x25 0x03  lw      x10, 96(x2)
	   824    0x00 0x15 0xe5 0x93  ori     x11, x11, 1
	   828    0x04 0xb1 0x2e 0x23  sw      x11, 92(x2)
	   832    0x06 0xa1 0x20 0x23  sw      x10, 96(x2)
	   836    0x02 0x40 0x00 0x6f  j       36
	   840    0x05 0xc1 0x25 0x03  lw      x10, 92(x2)
	   844    0xff 0xf5 0x05 0x93  addi    x11, x10, -1
	   848    0x06 0x01 0x26 0x83  lw      x13, 96(x2)
	   852    0xff 0xf6 0x86 0x93  addi    x13, x13, -1
	   856    0x00 0xa5 0xb5 0x33  sltu    x10, x11, x10
	   860    0x00 0xd5 0x05 0x33  add     x10, x10, x13
	   864    0x04 0xb1 0x2e 0x23  sw      x11, 92(x2)
	   868    0x06 0xa1 0x20 0x23  sw      x10, 96(x2)
	   872    0x04 0x01 0x26 0x83  lw      x13, 64(x2)
	   876    0x05 0xc1 0x27 0x03  lw      x14, 92(x2)
	   880    0x06 0x01 0x27 0x83  lw      x15, 96(x2)
	   884    0x00 0x00 0x06 0x13  li      x12, 0
.call
	   888    0x00 0x00 0x00 0xef  call    softfloat_roundPackToF64
	   892    0x00 0x01 0x26 0x83  lw      x13, 0(x2)
	   896    0x07 0x41 0x01 0x13  addi    x2,  x2,  116
.rts
	   900    0x00 0x06 0x80 0x67  jr      x13
	   904    0x01 0x41 0x26 0x03  lw      x12, 20(x2)
	   908    0x01 0x81 0x26 0x83  lw      x13, 24(x2)
	   912    0x00 0x00 0x07 0x93  li      x15, 0
	   916    0x00 0x00 0x07 0x13  li      x14, 0
.call
	   920    0x00 0x00 0x00 0xef  call    softfloat_propagateNaNF64UI
	   924    0x02 0xa1 0x26 0x23  sw      x10, 44(x2)
	   928    0x02 0xb1 0x28 0x23  sw      x11, 48(x2)
	   932    0xd2 0x9f 0xf0 0x6f  j       -728
	   936    0x00 0x01 0x26 0x83  lw      x13, 0(x2)
	   940    0x00 0x41 0x25 0x03  lw      x10, 4(x2)
	   944    0x00 0x81 0x25 0x83  lw      x11, 8(x2)
	   948    0x07 0x41 0x01 0x13  addi    x2,  x2,  116
.rts
	   952    0x00 0x06 0x80 0x67  jr      x13
	   956    0x00 0x01 0x26 0x83  lw      x13, 0(x2)
	   960    0x00 0x41 0x25 0x03  lw      x10, 4(x2)
	   964    0x00 0x81 0x25 0x83  lw      x11, 8(x2)
	   968    0x07 0x41 0x01 0x13  addi    x2,  x2,  116
.label f64_sqrt__end last
.rts
	   972    0x00 0x06 0x80 0x67  jr      x13

.undef global text softfloat_propagateNaNF64UI

.undef global text softfloat_normSubnormalF64Sig

.undef global text softfloat_approxRecipSqrt32_1

.undef global text softfloat_roundPackToF64

