
; File generated by darts version U-2022.12#33f3808fcb#221128, Wed Feb 21 13:35:53 2024
; Copyright 2014-2022 Synopsys, Inc. All rights reserved.
; darts -I.. -d -h -ISoftFloat-3e/source/include -ISoftFloat-3e/source/riscv -ISoftFloat-3e/build/chess -I../runtime/include -DCHESS_CXX_ATTRIBUTES -DSOFTFLOAT_NO_EXCEPTIONS -DINLINE_LEVEL=5 -DSOFTFLOAT_FAST_DIV32TO16 -D__tct_patch__=0 -L +Ihex Debug/f64_to_i64_r_minMag.o trv32p3_cnn

; Release: ipd U-2022.12
.undef global data softfloat_countLeadingZeros8

.text_segment_name
.text global 0 f64_to_i64_r_minMag
	     0    0xfc 0x81 0x01 0x13  addi    x2,  x2,  -56
	     4    0x00 0x00 0x00 0x33  nop
	     8    0x00 0xe1 0x20 0x23  sw      x14, 0(x2)
	    12    0x00 0xc1 0x22 0x23  sw      x12, 4(x2)
	    16    0x00 0xd1 0x24 0x23  sw      x13, 8(x2)
	    20    0x00 0x41 0x25 0x83  lw      x11, 4(x2)
	    24    0x00 0xb1 0x26 0x23  sw      x11, 12(x2)
	    28    0x00 0x81 0x25 0x83  lw      x11, 8(x2)
	    32    0x00 0xb1 0x28 0x23  sw      x11, 16(x2)
	    36    0x00 0xc1 0x25 0x03  lw      x10, 12(x2)
	    40    0x01 0x01 0x25 0x83  lw      x11, 16(x2)
	    44    0x00 0xa1 0x2a 0x23  sw      x10, 20(x2)
	    48    0x00 0xb1 0x2c 0x23  sw      x11, 24(x2)
	    52    0x01 0x81 0x25 0x83  lw      x11, 24(x2)
	    56    0x01 0xf5 0xd5 0x93  srli    x11, x11, 31
	    60    0x00 0xb0 0x35 0xb3  snez    x11, x11
	    64    0x00 0xb1 0x2e 0x23  sw      x11, 28(x2)
	    68    0x01 0x81 0x25 0x83  lw      x11, 24(x2)
	    72    0x01 0x45 0xd5 0x93  srli    x11, x11, 20
	    76    0x7f 0xf5 0xf5 0x93  andi    x11, x11, 2047
	    80    0x02 0xb1 0x20 0x23  sw      x11, 32(x2)
	    84    0x00 0x10 0x05 0x37  lui     x10, 256
	    88    0xff 0xf5 0x06 0x93  addi    x13, x10, -1
	    92    0x01 0x81 0x25 0x83  lw      x11, 24(x2)
	    96    0x01 0x41 0x25 0x03  lw      x10, 20(x2)
	   100    0x00 0xb6 0xf5 0xb3  and     x11, x13, x11
	   104    0x02 0xa1 0x22 0x23  sw      x10, 36(x2)
	   108    0x02 0xb1 0x24 0x23  sw      x11, 40(x2)
	   112    0x02 0x01 0x25 0x83  lw      x11, 32(x2)
	   116    0x43 0x30 0x05 0x13  li      x10, 1075
	   120    0x40 0xb5 0x05 0xb3  sub     x11, x10, x11
	   124    0x02 0xb1 0x26 0x23  sw      x11, 44(x2)
	   128    0x02 0xc1 0x25 0x83  lw      x11, 44(x2)
	   132    0x06 0xb0 0x56 0x63  blez    x11, 108
	   136    0x02 0xc1 0x25 0x83  lw      x11, 44(x2)
	   140    0x03 0x50 0x05 0x13  li      x10, 53
	   144    0x0e 0xa5 0xde 0x63  bge     x11, x10, 252
	   148    0x02 0x81 0x25 0x83  lw      x11, 40(x2)
	   152    0x00 0x10 0x06 0xb7  lui     x13, 256
	   156    0x02 0x41 0x25 0x03  lw      x10, 36(x2)
	   160    0x00 0xb6 0xe5 0xb3  or      x11, x13, x11
	   164    0x02 0xa1 0x22 0x23  sw      x10, 36(x2)
	   168    0x02 0xb1 0x24 0x23  sw      x11, 40(x2)
	   172    0x02 0x41 0x26 0x83  lw      x13, 36(x2)
	   176    0x02 0xc1 0x25 0x03  lw      x10, 44(x2)
	   180    0x02 0x81 0x25 0x83  lw      x11, 40(x2)
	   184    0x02 0xa0 0x06 0x63  beqz    x10, 44
	   188    0xfe 0x05 0x06 0x13  addi    x12, x10, -32
	   192    0x00 0x06 0x48 0x63  bltz    x12, 16
	   196    0x00 0xc5 0xd6 0xb3  srl     x13, x11, x12
	   200    0x00 0x00 0x05 0x93  li      x11, 0
	   204    0x01 0x80 0x00 0x6f  j       24
	   208    0x40 0xc0 0x06 0x33  neg     x12, x12
	   212    0x00 0xc5 0x96 0x33  sll     x12, x11, x12
	   216    0x00 0xa6 0xd6 0xb3  srl     x13, x13, x10
	   220    0x00 0xa5 0xd5 0xb3  srl     x11, x11, x10
	   224    0x00 0xd6 0x66 0xb3  or      x13, x12, x13
	   228    0x02 0xd1 0x28 0x23  sw      x13, 48(x2)
	   232    0x02 0xb1 0x2a 0x23  sw      x11, 52(x2)
	   236    0x06 0xc0 0x00 0x6f  j       108
	   240    0x02 0xc1 0x25 0x83  lw      x11, 44(x2)
	   244    0xff 0x60 0x05 0x13  li      x10, -10
	   248    0x0a 0xa5 0xc2 0x63  blt     x11, x10, 164
	   252    0x02 0x81 0x25 0x83  lw      x11, 40(x2)
	   256    0x00 0x10 0x06 0xb7  lui     x13, 256
	   260    0x02 0x41 0x25 0x03  lw      x10, 36(x2)
	   264    0x00 0xb6 0xe5 0xb3  or      x11, x13, x11
	   268    0x02 0xa1 0x22 0x23  sw      x10, 36(x2)
	   272    0x02 0xb1 0x24 0x23  sw      x11, 40(x2)
	   276    0x02 0xc1 0x25 0x03  lw      x10, 44(x2)
	   280    0x02 0x41 0x25 0x83  lw      x11, 36(x2)
	   284    0x02 0x81 0x26 0x83  lw      x13, 40(x2)
	   288    0x40 0xa0 0x05 0x33  neg     x10, x10
	   292    0x02 0xa0 0x06 0x63  beqz    x10, 44
	   296    0xfe 0x05 0x06 0x13  addi    x12, x10, -32
	   300    0x00 0x06 0x48 0x63  bltz    x12, 16
	   304    0x00 0xc5 0x96 0xb3  sll     x13, x11, x12
	   308    0x00 0x00 0x05 0x93  li      x11, 0
	   312    0x01 0x80 0x00 0x6f  j       24
	   316    0x40 0xc0 0x06 0x33  neg     x12, x12
	   320    0x00 0xc5 0xd6 0x33  srl     x12, x11, x12
	   324    0x00 0xa6 0x96 0xb3  sll     x13, x13, x10
	   328    0x00 0xa5 0x95 0xb3  sll     x11, x11, x10
	   332    0x00 0xd6 0x66 0xb3  or      x13, x12, x13
	   336    0x02 0xb1 0x28 0x23  sw      x11, 48(x2)
	   340    0x02 0xd1 0x2a 0x23  sw      x13, 52(x2)
	   344    0x01 0xc1 0x25 0x83  lw      x11, 28(x2)
	   348    0x00 0xb0 0x18 0x63  bnez    x11, 16
	   352    0x03 0x01 0x25 0x03  lw      x10, 48(x2)
	   356    0x03 0x41 0x25 0x83  lw      x11, 52(x2)
	   360    0x01 0xc0 0x00 0x6f  j       28
	   364    0x03 0x01 0x25 0x03  lw      x10, 48(x2)
	   368    0x03 0x41 0x26 0x83  lw      x13, 52(x2)
	   372    0x00 0xa0 0x35 0xb3  snez    x11, x10
	   376    0x40 0xd0 0x06 0xb3  neg     x13, x13
	   380    0x40 0xa0 0x05 0x33  neg     x10, x10
	   384    0x40 0xb6 0x85 0xb3  sub     x11, x13, x11
	   388    0x03 0x81 0x01 0x13  addi    x2,  x2,  56
.rts
	   392    0x00 0x00 0x80 0x67  ret
	   396    0x03 0x81 0x01 0x13  addi    x2,  x2,  56
	   400    0x00 0x00 0x05 0x93  li      x11, 0
	   404    0x00 0x00 0x05 0x13  li      x10, 0
.rts
	   408    0x00 0x00 0x80 0x67  ret
	   412    0x01 0x41 0x25 0x83  lw      x11, 20(x2)
	   416    0x01 0x81 0x25 0x03  lw      x10, 24(x2)
	   420    0xc3 0xe0 0x06 0xb7  lui     x13, -246272
	   424    0x00 0xa6 0x94 0x63  bne     x13, x10, 8
	   428    0x04 0xb0 0x06 0x63  beqz    x11, 76
	   432    0x80 0x00 0x05 0xb7  lui     x11, -524288
	   436    0x02 0x01 0x25 0x03  lw      x10, 32(x2)
	   440    0x7f 0xf0 0x06 0x93  li      x13, 2047
	   444    0xff 0xf5 0x85 0x93  addi    x11, x11, -1
	   448    0x00 0xa6 0x9a 0x63  bne     x13, x10, 20
	   452    0x02 0x41 0x25 0x03  lw      x10, 36(x2)
	   456    0x02 0x81 0x26 0x83  lw      x13, 40(x2)
	   460    0x00 0xd5 0x65 0x33  or      x10, x10, x13
	   464    0x02 0xa0 0x10 0x63  bnez    x10, 32
	   468    0x01 0xc1 0x25 0x03  lw      x10, 28(x2)
	   472    0x00 0xa0 0x16 0x63  bnez    x10, 12
	   476    0xff 0xf0 0x05 0x13  li      x10, -1
	   480    0x02 0x00 0x00 0x6f  j       32
	   484    0x00 0x00 0x05 0x13  li      x10, 0
	   488    0x80 0x00 0x05 0xb7  lui     x11, -524288
	   492    0x01 0x40 0x00 0x6f  j       20
	   496    0xff 0xf0 0x05 0x13  li      x10, -1
	   500    0x00 0xc0 0x00 0x6f  j       12
	   504    0x00 0x00 0x05 0x13  li      x10, 0
	   508    0x80 0x00 0x05 0xb7  lui     x11, -524288
	   512    0x03 0x81 0x01 0x13  addi    x2,  x2,  56
.label f64_to_i64_r_minMag__end last
.rts
	   516    0x00 0x00 0x80 0x67  ret

