
; File generated by darts version U-2022.12#33f3808fcb#221128, Thu Feb 29 16:37:32 2024
; Copyright 2014-2022 Synopsys, Inc. All rights reserved.
; darts -I.. -d -h -ISoftFloat-3e/source/include -ISoftFloat-3e/source/riscv -ISoftFloat-3e/build/chess -I../runtime/include -DCHESS_CXX_ATTRIBUTES -DSOFTFLOAT_NO_EXCEPTIONS -DINLINE_LEVEL=5 -DSOFTFLOAT_FAST_DIV32TO16 -D__tct_patch__=0 -L +Ihex Debug/f64_eq.o trv32p3_cnn

; Release: ipd U-2022.12
.undef global data softfloat_countLeadingZeros8

.text_segment_name
.text global 0 f64_eq
	     0    0xfd 0x01 0x01 0x13  addi    x2,  x2,  -48
	     4    0x00 0x00 0x00 0x33  nop
	     8    0x00 0xd1 0x20 0x23  sw      x13, 0(x2)
	    12    0x00 0xe1 0x22 0x23  sw      x14, 4(x2)
	    16    0x00 0xb1 0x24 0x23  sw      x11, 8(x2)
	    20    0x00 0xc1 0x26 0x23  sw      x12, 12(x2)
	    24    0x00 0x81 0x26 0x03  lw      x12, 8(x2)
	    28    0x00 0xc1 0x28 0x23  sw      x12, 16(x2)
	    32    0x00 0xc1 0x26 0x03  lw      x12, 12(x2)
	    36    0x00 0xc1 0x2a 0x23  sw      x12, 20(x2)
	    40    0x01 0x01 0x25 0x83  lw      x11, 16(x2)
	    44    0x01 0x41 0x26 0x03  lw      x12, 20(x2)
	    48    0x00 0xb1 0x2c 0x23  sw      x11, 24(x2)
	    52    0x00 0xc1 0x2e 0x23  sw      x12, 28(x2)
	    56    0x00 0x01 0x26 0x03  lw      x12, 0(x2)
	    60    0x02 0xc1 0x20 0x23  sw      x12, 32(x2)
	    64    0x00 0x41 0x26 0x03  lw      x12, 4(x2)
	    68    0x02 0xc1 0x22 0x23  sw      x12, 36(x2)
	    72    0x02 0x01 0x25 0x83  lw      x11, 32(x2)
	    76    0x02 0x41 0x26 0x03  lw      x12, 36(x2)
	    80    0x02 0xb1 0x24 0x23  sw      x11, 40(x2)
	    84    0x02 0xc1 0x26 0x23  sw      x12, 44(x2)
	    88    0x01 0xc1 0x26 0x03  lw      x12, 28(x2)
	    92    0xff 0xf6 0x46 0x13  not     x12, x12
	    96    0x7f 0xf0 0x05 0x37  lui     x10, 524032
	   100    0x00 0xa6 0x75 0x33  and     x10, x12, x10
	   104    0x00 0x10 0x05 0xb7  lui     x11, 256
	   108    0xff 0xf5 0x86 0x13  addi    x12, x11, -1
	   112    0x00 0xa0 0x1c 0x63  bnez    x10, 24
	   116    0x01 0xc1 0x25 0x03  lw      x10, 28(x2)
	   120    0x01 0x81 0x25 0x83  lw      x11, 24(x2)
	   124    0x00 0xa6 0x75 0x33  and     x10, x12, x10
	   128    0x00 0xb5 0x65 0xb3  or      x11, x10, x11
	   132    0x08 0xb0 0x12 0x63  bnez    x11, 132
	   136    0x02 0xc1 0x25 0x83  lw      x11, 44(x2)
	   140    0xff 0xf5 0xc5 0x93  not     x11, x11
	   144    0x7f 0xf0 0x05 0x37  lui     x10, 524032
	   148    0x00 0xb5 0x75 0xb3  and     x11, x10, x11
	   152    0x00 0xb0 0x1c 0x63  bnez    x11, 24
	   156    0x02 0xc1 0x25 0x83  lw      x11, 44(x2)
	   160    0x02 0x81 0x25 0x03  lw      x10, 40(x2)
	   164    0x00 0xb6 0x76 0x33  and     x12, x12, x11
	   168    0x00 0xa6 0x66 0x33  or      x12, x12, x10
	   172    0x04 0xc0 0x1e 0x63  bnez    x12, 92
	   176    0x01 0x81 0x26 0x03  lw      x12, 24(x2)
	   180    0x02 0x81 0x25 0x83  lw      x11, 40(x2)
	   184    0x01 0xc1 0x25 0x03  lw      x10, 28(x2)
	   188    0x02 0xc1 0x26 0x83  lw      x13, 44(x2)
	   192    0x00 0x10 0x07 0x13  li      x14, 1
	   196    0x00 0xa6 0x96 0x63  bne     x13, x10, 12
	   200    0x00 0x10 0x07 0x13  li      x14, 1
	   204    0x02 0xc5 0x8c 0x63  beq     x11, x12, 56
	   208    0x01 0xc1 0x25 0x03  lw      x10, 28(x2)
	   212    0x02 0xc1 0x27 0x03  lw      x14, 44(x2)
	   216    0x80 0x00 0x05 0xb7  lui     x11, -524288
	   220    0x00 0xe5 0x65 0x33  or      x10, x10, x14
	   224    0x01 0x81 0x26 0x03  lw      x12, 24(x2)
	   228    0x02 0x81 0x26 0x83  lw      x13, 40(x2)
	   232    0xff 0xf5 0x85 0x93  addi    x11, x11, -1
	   236    0x00 0xd6 0x66 0x33  or      x12, x12, x13
	   240    0x00 0xb5 0x75 0xb3  and     x11, x10, x11
	   244    0x00 0xb6 0x66 0x33  or      x12, x12, x11
	   248    0x00 0x10 0x07 0x13  li      x14, 1
	   252    0x00 0xc0 0x04 0x63  beqz    x12, 8
	   256    0x00 0x00 0x07 0x13  li      x14, 0
	   260    0x00 0xe0 0x16 0x63  bnez    x14, 12
	   264    0x00 0x00 0x05 0x13  li      x10, 0
	   268    0x00 0x80 0x00 0x6f  j       8
	   272    0x00 0x10 0x05 0x13  li      x10, 1
	   276    0x03 0x01 0x01 0x13  addi    x2,  x2,  48
.label f64_eq__end last
.rts
	   280    0x00 0x00 0x80 0x67  ret

