
; File generated by darts version U-2022.12#33f3808fcb#221128, Thu Feb 29 15:23:40 2024
; Copyright 2014-2022 Synopsys, Inc. All rights reserved.
; darts -I.. -d -h -ISoftFloat-3e/source/include -ISoftFloat-3e/source/riscv -ISoftFloat-3e/build/chess -I../runtime/include -DCHESS_CXX_ATTRIBUTES -DSOFTFLOAT_NO_EXCEPTIONS -DINLINE_LEVEL=5 -DSOFTFLOAT_FAST_DIV32TO16 -D__tct_patch__=0 -L +Ihex Debug/f64_to_ui64_r_minMag.o trv32p3_cnn

; Release: ipd U-2022.12
.undef global data softfloat_countLeadingZeros8

.text_segment_name
.text global 0 f64_to_ui64_r_minMag
	     0    0xfc 0x81 0x01 0x13  addi    x2,  x2,  -56
	     4    0x00 0x00 0x00 0x33  nop
	     8    0x00 0xe1 0x20 0x23  sw      x14, 0(x2)
	    12    0x00 0xc1 0x22 0x23  sw      x12, 4(x2)
	    16    0x00 0xd1 0x24 0x23  sw      x13, 8(x2)
	    20    0x00 0x41 0x25 0x83  lw      x11, 4(x2)
	    24    0x00 0xb1 0x26 0x23  sw      x11, 12(x2)
	    28    0x00 0x81 0x25 0x83  lw      x11, 8(x2)
	    32    0x00 0xb1 0x28 0x23  sw      x11, 16(x2)
	    36    0x00 0xc1 0x25 0x03  lw      x10, 12(x2)
	    40    0x01 0x01 0x25 0x83  lw      x11, 16(x2)
	    44    0x00 0xa1 0x2a 0x23  sw      x10, 20(x2)
	    48    0x00 0xb1 0x2c 0x23  sw      x11, 24(x2)
	    52    0x01 0x81 0x25 0x83  lw      x11, 24(x2)
	    56    0x01 0x45 0xd5 0x93  srli    x11, x11, 20
	    60    0x7f 0xf5 0xf5 0x93  andi    x11, x11, 2047
	    64    0x00 0xb1 0x2e 0x23  sw      x11, 28(x2)
	    68    0x00 0x10 0x05 0x37  lui     x10, 256
	    72    0xff 0xf5 0x06 0x93  addi    x13, x10, -1
	    76    0x01 0x81 0x25 0x83  lw      x11, 24(x2)
	    80    0x01 0x41 0x25 0x03  lw      x10, 20(x2)
	    84    0x00 0xb6 0xf5 0xb3  and     x11, x13, x11
	    88    0x02 0xa1 0x20 0x23  sw      x10, 32(x2)
	    92    0x02 0xb1 0x22 0x23  sw      x11, 36(x2)
	    96    0x01 0xc1 0x25 0x83  lw      x11, 28(x2)
	   100    0x43 0x30 0x05 0x13  li      x10, 1075
	   104    0x40 0xb5 0x05 0xb3  sub     x11, x10, x11
	   108    0x02 0xb1 0x24 0x23  sw      x11, 40(x2)
	   112    0x02 0x81 0x26 0x83  lw      x13, 40(x2)
	   116    0x00 0x00 0x05 0x93  li      x11, 0
	   120    0x03 0x50 0x06 0x13  li      x12, 53
	   124    0x00 0x00 0x05 0x13  li      x10, 0
	   128    0x12 0xc6 0xd0 0x63  bge     x13, x12, 288
	   132    0x01 0x81 0x25 0x83  lw      x11, 24(x2)
	   136    0x01 0xf5 0xd5 0x93  srli    x11, x11, 31
	   140    0x00 0xb0 0x35 0xb3  snez    x11, x11
	   144    0x02 0xb1 0x26 0x23  sw      x11, 44(x2)
	   148    0x02 0xc1 0x25 0x83  lw      x11, 44(x2)
	   152    0x0c 0xb0 0x16 0x63  bnez    x11, 204
	   156    0x02 0x81 0x25 0x83  lw      x11, 40(x2)
	   160    0x06 0xb0 0x50 0x63  blez    x11, 96
	   164    0x02 0x41 0x25 0x83  lw      x11, 36(x2)
	   168    0x00 0x10 0x06 0xb7  lui     x13, 256
	   172    0x02 0x01 0x25 0x03  lw      x10, 32(x2)
	   176    0x00 0xb6 0xe5 0xb3  or      x11, x13, x11
	   180    0x02 0xa1 0x20 0x23  sw      x10, 32(x2)
	   184    0x02 0xb1 0x22 0x23  sw      x11, 36(x2)
	   188    0x02 0x01 0x26 0x83  lw      x13, 32(x2)
	   192    0x02 0x81 0x25 0x03  lw      x10, 40(x2)
	   196    0x02 0x41 0x25 0x83  lw      x11, 36(x2)
	   200    0x02 0xa0 0x06 0x63  beqz    x10, 44
	   204    0xfe 0x05 0x06 0x13  addi    x12, x10, -32
	   208    0x00 0x06 0x48 0x63  bltz    x12, 16
	   212    0x00 0xc5 0xd6 0xb3  srl     x13, x11, x12
	   216    0x00 0x00 0x05 0x93  li      x11, 0
	   220    0x01 0x80 0x00 0x6f  j       24
	   224    0x40 0xc0 0x06 0x33  neg     x12, x12
	   228    0x00 0xc5 0x96 0x33  sll     x12, x11, x12
	   232    0x00 0xa6 0xd6 0xb3  srl     x13, x13, x10
	   236    0x00 0xa5 0xd5 0xb3  srl     x11, x11, x10
	   240    0x00 0xd6 0x66 0xb3  or      x13, x12, x13
	   244    0x02 0xd1 0x28 0x23  sw      x13, 48(x2)
	   248    0x02 0xb1 0x2a 0x23  sw      x11, 52(x2)
	   252    0x05 0xc0 0x00 0x6f  j       92
	   256    0x02 0x81 0x25 0x83  lw      x11, 40(x2)
	   260    0xff 0x50 0x05 0x13  li      x10, -11
	   264    0x04 0xa5 0xce 0x63  blt     x11, x10, 92
	   268    0x02 0x81 0x25 0x03  lw      x10, 40(x2)
	   272    0x02 0x41 0x26 0x83  lw      x13, 36(x2)
	   276    0x00 0x10 0x06 0x37  lui     x12, 256
	   280    0x02 0x01 0x25 0x83  lw      x11, 32(x2)
	   284    0x00 0xd6 0x66 0xb3  or      x13, x12, x13
	   288    0x40 0xa0 0x05 0x33  neg     x10, x10
	   292    0x02 0xa0 0x06 0x63  beqz    x10, 44
	   296    0xfe 0x05 0x06 0x13  addi    x12, x10, -32
	   300    0x00 0x06 0x48 0x63  bltz    x12, 16
	   304    0x00 0xc5 0x96 0xb3  sll     x13, x11, x12
	   308    0x00 0x00 0x05 0x93  li      x11, 0
	   312    0x01 0x80 0x00 0x6f  j       24
	   316    0x40 0xc0 0x06 0x33  neg     x12, x12
	   320    0x00 0xc5 0xd6 0x33  srl     x12, x11, x12
	   324    0x00 0xa6 0x96 0xb3  sll     x13, x13, x10
	   328    0x00 0xa5 0x95 0xb3  sll     x11, x11, x10
	   332    0x00 0xd6 0x66 0xb3  or      x13, x12, x13
	   336    0x02 0xb1 0x28 0x23  sw      x11, 48(x2)
	   340    0x02 0xd1 0x2a 0x23  sw      x13, 52(x2)
	   344    0x03 0x01 0x25 0x03  lw      x10, 48(x2)
	   348    0x03 0x41 0x25 0x83  lw      x11, 52(x2)
	   352    0x04 0x00 0x00 0x6f  j       64
.label __ll1_f64_to_ui64_r_minMag
	   356    0x01 0xc1 0x25 0x83  lw      x11, 28(x2)
	   360    0x7f 0xf0 0x05 0x13  li      x10, 2047
	   364    0x00 0xb5 0x1a 0x63  bne     x10, x11, 20
	   368    0x02 0x01 0x25 0x83  lw      x11, 32(x2)
	   372    0x02 0x41 0x25 0x03  lw      x10, 36(x2)
	   376    0x00 0xb5 0x65 0xb3  or      x11, x10, x11
	   380    0x00 0xb0 0x1e 0x63  bnez    x11, 28
	   384    0x02 0xc1 0x25 0x83  lw      x11, 44(x2)
	   388    0x00 0xb0 0x16 0x63  bnez    x11, 12
	   392    0xff 0xf0 0x05 0x13  li      x10, -1
	   396    0x01 0x00 0x00 0x6f  j       16
	   400    0x00 0x00 0x05 0x13  li      x10, 0
	   404    0x00 0x80 0x00 0x6f  j       8
	   408    0xff 0xf0 0x05 0x13  li      x10, -1
	   412    0x00 0x05 0x05 0x93  mv      x11, x10
	   416    0x03 0x81 0x01 0x13  addi    x2,  x2,  56
.label f64_to_ui64_r_minMag__end last
.rts
	   420    0x00 0x00 0x80 0x67  ret

