
; File generated by darts version U-2022.12#33f3808fcb#221128, Wed Feb 21 16:33:51 2024
; Copyright 2014-2022 Synopsys, Inc. All rights reserved.
; darts -I.. -d -h -ISoftFloat-3e/source/include -ISoftFloat-3e/source/riscv -ISoftFloat-3e/build/chess -I../runtime/include -DCHESS_CXX_ATTRIBUTES -DSOFTFLOAT_NO_EXCEPTIONS -DINLINE_LEVEL=5 -DSOFTFLOAT_FAST_DIV32TO16 -D__tct_patch__=0 -L +Ihex Debug/f64_mul.o trv32p3_cnn

; Release: ipd U-2022.12
.undef global data softfloat_countLeadingZeros8

.text_segment_name
.text global 0 f64_mul
	     0    0xf6 0x81 0x01 0x13  addi    x2,  x2,  -152
	     4    0x00 0x00 0x00 0x33  nop
	     8    0x00 0xe1 0x22 0x23  sw      x14, 4(x2)
	    12    0x00 0xf1 0x24 0x23  sw      x15, 8(x2)
	    16    0x00 0xc1 0x26 0x23  sw      x12, 12(x2)
	    20    0x00 0xd1 0x28 0x23  sw      x13, 16(x2)
	    24    0x00 0xc1 0x26 0x03  lw      x12, 12(x2)
	    28    0x00 0xc1 0x2a 0x23  sw      x12, 20(x2)
	    32    0x01 0x01 0x26 0x03  lw      x12, 16(x2)
	    36    0x00 0xc1 0x2c 0x23  sw      x12, 24(x2)
	    40    0x01 0x41 0x26 0x83  lw      x13, 20(x2)
	    44    0x01 0x81 0x26 0x03  lw      x12, 24(x2)
	    48    0x00 0xd1 0x2e 0x23  sw      x13, 28(x2)
	    52    0x02 0xc1 0x20 0x23  sw      x12, 32(x2)
	    56    0x02 0x01 0x26 0x03  lw      x12, 32(x2)
	    60    0x01 0xf6 0x56 0x13  srli    x12, x12, 31
	    64    0x00 0xc0 0x36 0x33  snez    x12, x12
	    68    0x02 0xc1 0x22 0x23  sw      x12, 36(x2)
	    72    0x02 0x01 0x26 0x03  lw      x12, 32(x2)
	    76    0x01 0x46 0x56 0x13  srli    x12, x12, 20
	    80    0x7f 0xf6 0x76 0x13  andi    x12, x12, 2047
	    84    0x02 0xc1 0x24 0x23  sw      x12, 40(x2)
	    88    0x00 0x10 0x06 0x37  lui     x12, 256
	    92    0x02 0x01 0x25 0x03  lw      x10, 32(x2)
	    96    0xff 0xf6 0x06 0x13  addi    x12, x12, -1
	   100    0x01 0xc1 0x26 0x83  lw      x13, 28(x2)
	   104    0x00 0xa6 0x75 0x33  and     x10, x12, x10
	   108    0x02 0xd1 0x26 0x23  sw      x13, 44(x2)
	   112    0x02 0xa1 0x28 0x23  sw      x10, 48(x2)
	   116    0x00 0x41 0x26 0x83  lw      x13, 4(x2)
	   120    0x02 0xd1 0x2a 0x23  sw      x13, 52(x2)
	   124    0x00 0x81 0x26 0x83  lw      x13, 8(x2)
	   128    0x02 0xd1 0x2c 0x23  sw      x13, 56(x2)
	   132    0x03 0x41 0x25 0x03  lw      x10, 52(x2)
	   136    0x03 0x81 0x26 0x83  lw      x13, 56(x2)
	   140    0x02 0xa1 0x2e 0x23  sw      x10, 60(x2)
	   144    0x04 0xd1 0x20 0x23  sw      x13, 64(x2)
	   148    0x04 0x01 0x26 0x83  lw      x13, 64(x2)
	   152    0x01 0xf6 0xd6 0x93  srli    x13, x13, 31
	   156    0x00 0xd0 0x36 0xb3  snez    x13, x13
	   160    0x04 0xd1 0x22 0x23  sw      x13, 68(x2)
	   164    0x04 0x01 0x26 0x83  lw      x13, 64(x2)
	   168    0x01 0x46 0xd6 0x93  srli    x13, x13, 20
	   172    0x7f 0xf6 0xf6 0x93  andi    x13, x13, 2047
	   176    0x04 0xd1 0x24 0x23  sw      x13, 72(x2)
	   180    0x04 0x01 0x26 0x83  lw      x13, 64(x2)
	   184    0x03 0xc1 0x25 0x03  lw      x10, 60(x2)
	   188    0x00 0xd6 0x76 0x33  and     x12, x12, x13
	   192    0x04 0xa1 0x26 0x23  sw      x10, 76(x2)
	   196    0x04 0xc1 0x28 0x23  sw      x12, 80(x2)
	   200    0x02 0x41 0x26 0x03  lw      x12, 36(x2)
	   204    0x04 0x41 0x26 0x83  lw      x13, 68(x2)
	   208    0x00 0xd6 0x46 0x33  xor     x12, x12, x13
	   212    0x00 0xc0 0x36 0x33  snez    x12, x12
	   216    0x04 0xc1 0x2a 0x23  sw      x12, 84(x2)
	   220    0x02 0x81 0x26 0x03  lw      x12, 40(x2)
	   224    0x7f 0xf0 0x06 0x93  li      x13, 2047
	   228    0x04 0xc6 0x86 0x63  beq     x13, x12, 76
	   232    0x00 0x11 0x20 0x23  sw      x1,  0(x2)
	   236    0x04 0x81 0x26 0x03  lw      x12, 72(x2)
	   240    0x7f 0xf0 0x00 0x93  li      x1,  2047
	   244    0x0e 0xc0 0x9e 0x63  bne     x1,  x12, 252
	   248    0x04 0xc1 0x20 0x83  lw      x1,  76(x2)
	   252    0x05 0x01 0x26 0x03  lw      x12, 80(x2)
	   256    0x00 0x16 0x60 0xb3  or      x1,  x12, x1
	   260    0x0e 0x10 0x12 0x63  bnez    x1,  228
	   264    0x00 0x01 0x20 0x83  lw      x1,  0(x2)
	   268    0x02 0x81 0x26 0x83  lw      x13, 40(x2)
	   272    0x41 0xf6 0xd6 0x13  srai    x12, x13, 31
	   276    0x02 0xc1 0x25 0x83  lw      x11, 44(x2)
	   280    0x03 0x01 0x25 0x03  lw      x10, 48(x2)
	   284    0x00 0xb6 0xe6 0xb3  or      x13, x13, x11
	   288    0x00 0xa6 0x66 0x33  or      x12, x12, x10
	   292    0x04 0xd1 0x2c 0x23  sw      x13, 88(x2)
	   296    0x04 0xc1 0x2e 0x23  sw      x12, 92(x2)
	   300    0x05 0x00 0x00 0x6f  j       80
	   304    0x02 0xc1 0x26 0x03  lw      x12, 44(x2)
	   308    0x03 0x01 0x26 0x83  lw      x13, 48(x2)
	   312    0x00 0xd6 0x66 0x33  or      x12, x12, x13
	   316    0x22 0xc0 0x1c 0x63  bnez    x12, 568
	   320    0x04 0x81 0x26 0x03  lw      x12, 72(x2)
	   324    0x7f 0xf0 0x06 0x93  li      x13, 2047
	   328    0x00 0xc6 0x9a 0x63  bne     x13, x12, 20
	   332    0x04 0xc1 0x26 0x03  lw      x12, 76(x2)
	   336    0x05 0x01 0x26 0x83  lw      x13, 80(x2)
	   340    0x00 0xd6 0x66 0x33  or      x12, x12, x13
	   344    0x20 0xc0 0x1e 0x63  bnez    x12, 540
	   348    0x04 0x81 0x26 0x83  lw      x13, 72(x2)
	   352    0x41 0xf6 0xd6 0x13  srai    x12, x13, 31
	   356    0x04 0xc1 0x25 0x83  lw      x11, 76(x2)
	   360    0x05 0x01 0x25 0x03  lw      x10, 80(x2)
	   364    0x00 0xb6 0xe6 0xb3  or      x13, x13, x11
	   368    0x00 0xa6 0x66 0x33  or      x12, x12, x10
	   372    0x04 0xd1 0x2c 0x23  sw      x13, 88(x2)
	   376    0x04 0xc1 0x2e 0x23  sw      x12, 92(x2)
	   380    0x05 0x81 0x26 0x03  lw      x12, 88(x2)
	   384    0x05 0xc1 0x26 0x83  lw      x13, 92(x2)
	   388    0x00 0xd6 0x66 0x33  or      x12, x12, x13
	   392    0x02 0xc0 0x00 0x63  beqz    x12, 32
	   396    0x05 0x41 0x26 0x03  lw      x12, 84(x2)
	   400    0x01 0xf6 0x16 0x13  slli    x12, x12, 31
	   404    0x7f 0xf0 0x06 0xb7  lui     x13, 524032
	   408    0x00 0xd6 0x06 0x33  add     x12, x12, x13
	   412    0x08 0x01 0x24 0x23  sw      x0,  136(x2)
	   416    0x08 0xc1 0x26 0x23  sw      x12, 140(x2)
	   420    0x02 0x40 0x00 0x6f  j       36
	   424    0x7f 0xf8 0x06 0x37  lui     x12, 524160
	   428    0x08 0x01 0x24 0x23  sw      x0,  136(x2)
	   432    0x08 0xc1 0x26 0x23  sw      x12, 140(x2)
	   436    0x01 0x40 0x00 0x6f  j       20
.label __ll2_f64_mul
	   440    0x05 0x41 0x26 0x03  lw      x12, 84(x2)
	   444    0x01 0xf6 0x16 0x13  slli    x12, x12, 31
	   448    0x08 0x01 0x24 0x23  sw      x0,  136(x2)
	   452    0x08 0xc1 0x26 0x23  sw      x12, 140(x2)
.label __ll3_f64_mul
	   456    0x08 0x81 0x26 0x03  lw      x12, 136(x2)
	   460    0x08 0xc1 0x28 0x23  sw      x12, 144(x2)
	   464    0x08 0xc1 0x26 0x03  lw      x12, 140(x2)
	   468    0x08 0xc1 0x2a 0x23  sw      x12, 148(x2)
	   472    0x09 0x01 0x25 0x03  lw      x10, 144(x2)
	   476    0x09 0x41 0x25 0x83  lw      x11, 148(x2)
	   480    0x09 0x81 0x01 0x13  addi    x2,  x2,  152
.rts
	   484    0x00 0x00 0x80 0x67  ret
	   488    0x00 0x01 0x20 0x83  lw      x1,  0(x2)
	   492    0x18 0x80 0x00 0x6f  j       392
	   496    0x02 0x81 0x20 0x83  lw      x1,  40(x2)
	   500    0x02 0x10 0x1e 0x63  bnez    x1,  60
	   504    0x02 0xc1 0x20 0x83  lw      x1,  44(x2)
	   508    0x03 0x01 0x26 0x03  lw      x12, 48(x2)
	   512    0x00 0x16 0x60 0xb3  or      x1,  x12, x1
	   516    0x18 0x10 0x0c 0x63  beqz    x1,  408
	   520    0x02 0xc1 0x25 0x83  lw      x11, 44(x2)
	   524    0x03 0x01 0x26 0x03  lw      x12, 48(x2)
	   528    0x06 0x01 0x05 0x13  addi    x10, x2,  96
.call
	   532    0x00 0x00 0x00 0xef  call    softfloat_normSubnormalF64Sig
	   536    0x06 0x01 0x20 0x83  lw      x1,  96(x2)
	   540    0x02 0x11 0x24 0x23  sw      x1,  40(x2)
	   544    0x06 0x41 0x20 0x83  lw      x1,  100(x2)
	   548    0x06 0x81 0x26 0x03  lw      x12, 104(x2)
	   552    0x02 0xc1 0x28 0x23  sw      x12, 48(x2)
	   556    0x02 0x11 0x26 0x23  sw      x1,  44(x2)
	   560    0x04 0x81 0x20 0x83  lw      x1,  72(x2)
	   564    0x02 0x10 0x1e 0x63  bnez    x1,  60
	   568    0x04 0xc1 0x20 0x83  lw      x1,  76(x2)
	   572    0x05 0x01 0x26 0x03  lw      x12, 80(x2)
	   576    0x00 0x16 0x60 0xb3  or      x1,  x12, x1
	   580    0x16 0x10 0x00 0x63  beqz    x1,  352
	   584    0x04 0xc1 0x25 0x83  lw      x11, 76(x2)
	   588    0x05 0x01 0x26 0x03  lw      x12, 80(x2)
	   592    0x06 0x01 0x05 0x13  addi    x10, x2,  96
.call
	   596    0x00 0x00 0x00 0xef  call    softfloat_normSubnormalF64Sig
	   600    0x06 0x01 0x20 0x83  lw      x1,  96(x2)
	   604    0x04 0x11 0x24 0x23  sw      x1,  72(x2)
	   608    0x06 0x41 0x20 0x83  lw      x1,  100(x2)
	   612    0x06 0x81 0x26 0x03  lw      x12, 104(x2)
	   616    0x04 0xc1 0x28 0x23  sw      x12, 80(x2)
	   620    0x04 0x11 0x26 0x23  sw      x1,  76(x2)
	   624    0x02 0x81 0x20 0x83  lw      x1,  40(x2)
	   628    0x04 0x81 0x26 0x03  lw      x12, 72(x2)
	   632    0x00 0x16 0x00 0xb3  add     x1,  x12, x1
	   636    0xc0 0x10 0x80 0x93  addi    x1,  x1,  -1023
	   640    0x06 0x11 0x26 0x23  sw      x1,  108(x2)
	   644    0x03 0x01 0x26 0x03  lw      x12, 48(x2)
	   648    0x00 0x10 0x00 0xb7  lui     x1,  256
	   652    0x00 0x16 0x65 0x33  or      x10, x12, x1
	   656    0x02 0xc1 0x26 0x83  lw      x13, 44(x2)
	   660    0x01 0x66 0xd6 0x13  srli    x12, x13, 22
	   664    0x00 0xa5 0x15 0x13  slli    x10, x10, 10
	   668    0x00 0xa6 0x96 0x93  slli    x13, x13, 10
	   672    0x00 0xa6 0x66 0x33  or      x12, x12, x10
	   676    0x02 0xd1 0x26 0x23  sw      x13, 44(x2)
	   680    0x02 0xc1 0x28 0x23  sw      x12, 48(x2)
	   684    0x05 0x01 0x26 0x83  lw      x13, 80(x2)
	   688    0x00 0xd0 0xe6 0xb3  or      x13, x1,  x13
	   692    0x04 0xc1 0x26 0x03  lw      x12, 76(x2)
	   696    0x01 0x56 0x50 0x93  srli    x1,  x12, 21
	   700    0x00 0xb6 0x96 0x93  slli    x13, x13, 11
	   704    0x00 0xb6 0x16 0x13  slli    x12, x12, 11
	   708    0x00 0xd0 0xe0 0xb3  or      x1,  x1,  x13
	   712    0x04 0xc1 0x26 0x23  sw      x12, 76(x2)
	   716    0x04 0x11 0x28 0x23  sw      x1,  80(x2)
	   720    0x02 0xc1 0x25 0x03  lw      x10, 44(x2)
	   724    0x04 0xc1 0x26 0x03  lw      x12, 76(x2)
	   728    0x03 0x01 0x25 0x83  lw      x11, 48(x2)
	   732    0x05 0x01 0x26 0x83  lw      x13, 80(x2)
	   736    0x07 0x01 0x07 0x13  addi    x14, x2,  112
.call
	   740    0x00 0x00 0x00 0xef  call    softfloat_mul64To128M
	   744    0x07 0xc1 0x20 0x83  lw      x1,  124(x2)
	   748    0x07 0x81 0x26 0x03  lw      x12, 120(x2)
	   752    0x08 0x11 0x22 0x23  sw      x1,  132(x2)
	   756    0x08 0xc1 0x20 0x23  sw      x12, 128(x2)
	   760    0x07 0x41 0x20 0x83  lw      x1,  116(x2)
	   764    0x00 0x10 0x16 0x63  bnez    x1,  12
	   768    0x07 0x01 0x20 0x83  lw      x1,  112(x2)
	   772    0x00 0x10 0x0c 0x63  beqz    x1,  24
	   776    0x08 0x01 0x26 0x03  lw      x12, 128(x2)
	   780    0x08 0x41 0x20 0x83  lw      x1,  132(x2)
	   784    0x00 0x16 0x66 0x13  ori     x12, x12, 1
	   788    0x08 0xc1 0x20 0x23  sw      x12, 128(x2)
	   792    0x08 0x11 0x22 0x23  sw      x1,  132(x2)
	   796    0x08 0x41 0x20 0x83  lw      x1,  132(x2)
	   800    0x40 0x00 0x06 0x37  lui     x12, 262144
	   804    0x02 0xc0 0xf8 0x63  bgeu    x1,  x12, 48
	   808    0x06 0xc1 0x20 0x83  lw      x1,  108(x2)
	   812    0xff 0xf0 0x80 0x93  addi    x1,  x1,  -1
	   816    0x06 0x11 0x26 0x23  sw      x1,  108(x2)
	   820    0x08 0x01 0x26 0x03  lw      x12, 128(x2)
	   824    0x08 0x41 0x26 0x83  lw      x13, 132(x2)
	   828    0x01 0xf6 0x50 0x93  srli    x1,  x12, 31
	   832    0x00 0x16 0x96 0x93  slli    x13, x13, 1
	   836    0x00 0x16 0x16 0x13  slli    x12, x12, 1
	   840    0x00 0xd0 0xe0 0xb3  or      x1,  x1,  x13
	   844    0x08 0xc1 0x20 0x23  sw      x12, 128(x2)
	   848    0x08 0x11 0x22 0x23  sw      x1,  132(x2)
	   852    0x05 0x41 0x26 0x03  lw      x12, 84(x2)
	   856    0x06 0xc1 0x26 0x83  lw      x13, 108(x2)
	   860    0x08 0x01 0x27 0x03  lw      x14, 128(x2)
	   864    0x08 0x41 0x27 0x83  lw      x15, 132(x2)
.call
	   868    0x00 0x00 0x00 0xef  call    softfloat_roundPackToF64
	   872    0x00 0x01 0x20 0x83  lw      x1,  0(x2)
	   876    0x09 0x81 0x01 0x13  addi    x2,  x2,  152
.rts
	   880    0x00 0x00 0x80 0x67  ret
.label __ll1_f64_mul
	   884    0x01 0xc1 0x26 0x03  lw      x12, 28(x2)
	   888    0x03 0xc1 0x27 0x03  lw      x14, 60(x2)
	   892    0x02 0x01 0x26 0x83  lw      x13, 32(x2)
	   896    0x04 0x01 0x27 0x83  lw      x15, 64(x2)
	   900    0x00 0x11 0x20 0x23  sw      x1,  0(x2)
.call
	   904    0x00 0x00 0x00 0xef  call    softfloat_propagateNaNF64UI
	   908    0x08 0xa1 0x24 0x23  sw      x10, 136(x2)
	   912    0x08 0xb1 0x26 0x23  sw      x11, 140(x2)
	   916    0x00 0x01 0x20 0x83  lw      x1,  0(x2)
	   920    0xe3 0x1f 0xf0 0x6f  j       -464
	   924    0x00 0x01 0x20 0x83  lw      x1,  0(x2)
	   928    0xe1 0x9f 0xf0 0x6f  j       -488
	   932    0x00 0x01 0x20 0x83  lw      x1,  0(x2)
.label f64_mul__end last
	   936    0xe1 0x1f 0xf0 0x6f  j       -496

.undef global text softfloat_normSubnormalF64Sig

.undef global text softfloat_mul64To128M

.undef global text softfloat_roundPackToF64

.undef global text softfloat_propagateNaNF64UI

