
; File generated by darts version U-2022.12#33f3808fcb#221128, Fri Mar 22 18:34:02 2024
; Copyright 2014-2022 Synopsys, Inc. All rights reserved.
; darts -I.. -d -h -ISoftFloat-3e/source/include -ISoftFloat-3e/source/riscv -ISoftFloat-3e/build/chess -I../runtime/include -DCHESS_CXX_ATTRIBUTES -DSOFTFLOAT_NO_EXCEPTIONS -DINLINE_LEVEL=5 -DSOFTFLOAT_FAST_DIV32TO16 -D__tct_patch__=0 -L +Ihex Debug/f64_add.o trv32p3_cnn

; Release: ipd U-2022.12
.undef global data softfloat_countLeadingZeros8

.text_segment_name
.text global 0 f64_add
	     0    0xfc 0x41 0x01 0x13  addi    x2,  x2,  -60
	     4    0x00 0x00 0x00 0x33  nop
	     8    0x00 0xe1 0x22 0x23  sw      x14, 4(x2)
	    12    0x00 0xf1 0x24 0x23  sw      x15, 8(x2)
	    16    0x00 0x11 0x20 0x23  sw      x1,  0(x2)
	    20    0x00 0xc1 0x26 0x23  sw      x12, 12(x2)
	    24    0x00 0xd1 0x28 0x23  sw      x13, 16(x2)
	    28    0x00 0xc1 0x26 0x03  lw      x12, 12(x2)
	    32    0x00 0xc1 0x2a 0x23  sw      x12, 20(x2)
	    36    0x01 0x01 0x26 0x03  lw      x12, 16(x2)
	    40    0x00 0xc1 0x2c 0x23  sw      x12, 24(x2)
	    44    0x01 0x41 0x26 0x83  lw      x13, 20(x2)
	    48    0x01 0x81 0x26 0x03  lw      x12, 24(x2)
	    52    0x00 0xd1 0x2e 0x23  sw      x13, 28(x2)
	    56    0x02 0xc1 0x20 0x23  sw      x12, 32(x2)
	    60    0x02 0x01 0x26 0x03  lw      x12, 32(x2)
	    64    0x01 0xf6 0x56 0x13  srli    x12, x12, 31
	    68    0x00 0xc0 0x36 0x33  snez    x12, x12
	    72    0x02 0xc1 0x22 0x23  sw      x12, 36(x2)
	    76    0x00 0x41 0x26 0x03  lw      x12, 4(x2)
	    80    0x02 0xc1 0x24 0x23  sw      x12, 40(x2)
	    84    0x00 0x81 0x26 0x03  lw      x12, 8(x2)
	    88    0x02 0xc1 0x26 0x23  sw      x12, 44(x2)
	    92    0x02 0x81 0x26 0x83  lw      x13, 40(x2)
	    96    0x02 0xc1 0x26 0x03  lw      x12, 44(x2)
	   100    0x02 0xd1 0x28 0x23  sw      x13, 48(x2)
	   104    0x02 0xc1 0x2a 0x23  sw      x12, 52(x2)
	   108    0x03 0x41 0x26 0x03  lw      x12, 52(x2)
	   112    0x01 0xf6 0x56 0x13  srli    x12, x12, 31
	   116    0x00 0xc0 0x36 0x33  snez    x12, x12
	   120    0x02 0xc1 0x2c 0x23  sw      x12, 56(x2)
	   124    0x02 0x41 0x26 0x03  lw      x12, 36(x2)
	   128    0x03 0x81 0x26 0x83  lw      x13, 56(x2)
	   132    0x02 0xc6 0x80 0x63  beq     x13, x12, 32
	   136    0x01 0xc1 0x26 0x03  lw      x12, 28(x2)
	   140    0x03 0x01 0x27 0x03  lw      x14, 48(x2)
	   144    0x02 0x41 0x28 0x03  lw      x16, 36(x2)
	   148    0x02 0x01 0x26 0x83  lw      x13, 32(x2)
	   152    0x03 0x41 0x27 0x83  lw      x15, 52(x2)
.call
	   156    0x00 0x00 0x00 0xef  call    softfloat_subMagsF64
	   160    0x01 0xc0 0x00 0x6f  j       28
	   164    0x01 0xc1 0x26 0x03  lw      x12, 28(x2)
	   168    0x03 0x01 0x27 0x03  lw      x14, 48(x2)
	   172    0x02 0x41 0x28 0x03  lw      x16, 36(x2)
	   176    0x02 0x01 0x26 0x83  lw      x13, 32(x2)
	   180    0x03 0x41 0x27 0x83  lw      x15, 52(x2)
.call
	   184    0x00 0x00 0x00 0xef  call    softfloat_addMagsF64
	   188    0x00 0x01 0x26 0x03  lw      x12, 0(x2)
	   192    0x03 0xc1 0x01 0x13  addi    x2,  x2,  60
.label f64_add__end last
.rts
	   196    0x00 0x06 0x00 0x67  jr      x12

.undef global text softfloat_addMagsF64

.undef global text softfloat_subMagsF64

