
; File generated by darts version U-2022.12#33f3808fcb#221128, Thu Feb 29 17:34:22 2024
; Copyright 2014-2022 Synopsys, Inc. All rights reserved.
; darts -I.. -d -h -ISoftFloat-3e/source/include -ISoftFloat-3e/source/riscv -ISoftFloat-3e/build/chess -I../runtime/include -DCHESS_CXX_ATTRIBUTES -DSOFTFLOAT_NO_EXCEPTIONS -DINLINE_LEVEL=5 -DSOFTFLOAT_FAST_DIV32TO16 -D__tct_patch__=0 -L +Ihex Debug/f64_to_f32.o trv32p3_cnn

; Release: ipd U-2022.12
.undef global data softfloat_countLeadingZeros8

.text_segment_name
.text global 0 f64_to_f32
	     0    0xfc 0x41 0x01 0x13  addi    x2,  x2,  -60
	     4    0x00 0x00 0x00 0x33  nop
	     8    0x00 0xb1 0x22 0x23  sw      x11, 4(x2)
	    12    0x00 0xc1 0x24 0x23  sw      x12, 8(x2)
	    16    0x00 0x11 0x20 0x23  sw      x1,  0(x2)
	    20    0x00 0x41 0x20 0x83  lw      x1,  4(x2)
	    24    0x00 0x11 0x26 0x23  sw      x1,  12(x2)
	    28    0x00 0x81 0x20 0x83  lw      x1,  8(x2)
	    32    0x00 0x11 0x28 0x23  sw      x1,  16(x2)
	    36    0x00 0xc1 0x25 0x03  lw      x10, 12(x2)
	    40    0x01 0x01 0x20 0x83  lw      x1,  16(x2)
	    44    0x00 0xa1 0x2a 0x23  sw      x10, 20(x2)
	    48    0x00 0x11 0x2c 0x23  sw      x1,  24(x2)
	    52    0x01 0x81 0x20 0x83  lw      x1,  24(x2)
	    56    0x01 0xf0 0xd0 0x93  srli    x1,  x1,  31
	    60    0x00 0x10 0x30 0xb3  snez    x1,  x1
	    64    0x00 0x11 0x2e 0x23  sw      x1,  28(x2)
	    68    0x01 0x81 0x20 0x83  lw      x1,  24(x2)
	    72    0x01 0x40 0xd0 0x93  srli    x1,  x1,  20
	    76    0x7f 0xf0 0xf0 0x93  andi    x1,  x1,  2047
	    80    0x02 0x11 0x20 0x23  sw      x1,  32(x2)
	    84    0x00 0x10 0x05 0x37  lui     x10, 256
	    88    0xff 0xf5 0x06 0x13  addi    x12, x10, -1
	    92    0x01 0x81 0x20 0x83  lw      x1,  24(x2)
	    96    0x01 0x41 0x25 0x03  lw      x10, 20(x2)
	   100    0x00 0x16 0x70 0xb3  and     x1,  x12, x1
	   104    0x02 0xa1 0x22 0x23  sw      x10, 36(x2)
	   108    0x02 0x11 0x24 0x23  sw      x1,  40(x2)
	   112    0x02 0x01 0x20 0x83  lw      x1,  32(x2)
	   116    0x7f 0xf0 0x05 0x13  li      x10, 2047
	   120    0x04 0x15 0x0a 0x63  beq     x10, x1,  84
	   124    0x02 0x41 0x25 0x03  lw      x10, 36(x2)
	   128    0x00 0x40 0x05 0xb7  lui     x11, 1024
	   132    0x01 0x65 0x50 0x93  srli    x1,  x10, 22
	   136    0x02 0x81 0x26 0x03  lw      x12, 40(x2)
	   140    0xff 0xf5 0x85 0x93  addi    x11, x11, -1
	   144    0x00 0xb5 0x75 0x33  and     x10, x10, x11
	   148    0x00 0xa6 0x16 0x13  slli    x12, x12, 10
	   152    0x00 0xa0 0x35 0x33  snez    x10, x10
	   156    0x00 0x16 0x60 0xb3  or      x1,  x12, x1
	   160    0x00 0x15 0x60 0xb3  or      x1,  x10, x1
	   164    0x02 0x11 0x2a 0x23  sw      x1,  52(x2)
	   168    0x02 0x01 0x20 0x83  lw      x1,  32(x2)
	   172    0x03 0x41 0x25 0x03  lw      x10, 52(x2)
	   176    0x00 0x15 0x60 0xb3  or      x1,  x10, x1
	   180    0x06 0x10 0x10 0x63  bnez    x1,  96
	   184    0x01 0xc1 0x20 0x83  lw      x1,  28(x2)
	   188    0x01 0xf0 0x90 0x93  slli    x1,  x1,  31
	   192    0x02 0x11 0x28 0x23  sw      x1,  48(x2)
	   196    0x00 0x01 0x20 0x83  lw      x1,  0(x2)
	   200    0x03 0x80 0x00 0x6f  j       56
	   204    0x02 0x41 0x20 0x83  lw      x1,  36(x2)
	   208    0x02 0x81 0x25 0x03  lw      x10, 40(x2)
	   212    0x00 0x15 0x60 0xb3  or      x1,  x10, x1
	   216    0x00 0x10 0x1e 0x63  bnez    x1,  28
	   220    0x01 0xc1 0x20 0x83  lw      x1,  28(x2)
	   224    0x01 0xf0 0x90 0x93  slli    x1,  x1,  31
	   228    0x7f 0x80 0x05 0x37  lui     x10, 522240
	   232    0x00 0x15 0x00 0xb3  add     x1,  x10, x1
	   236    0x02 0x11 0x28 0x23  sw      x1,  48(x2)
	   240    0x00 0xc0 0x00 0x6f  j       12
	   244    0x7f 0xc0 0x00 0xb7  lui     x1,  523264
	   248    0x02 0x11 0x28 0x23  sw      x1,  48(x2)
	   252    0x00 0x01 0x20 0x83  lw      x1,  0(x2)
	   256    0x03 0x01 0x25 0x03  lw      x10, 48(x2)
	   260    0x02 0xa1 0x2c 0x23  sw      x10, 56(x2)
	   264    0x03 0x81 0x25 0x03  lw      x10, 56(x2)
	   268    0x03 0xc1 0x01 0x13  addi    x2,  x2,  60
.rts
	   272    0x00 0x00 0x80 0x67  ret
	   276    0x03 0x41 0x25 0x03  lw      x10, 52(x2)
	   280    0x40 0x00 0x06 0x37  lui     x12, 262144
	   284    0x02 0x01 0x20 0x83  lw      x1,  32(x2)
	   288    0x00 0xa6 0x66 0xb3  or      x13, x12, x10
	   292    0x01 0xc1 0x25 0x83  lw      x11, 28(x2)
	   296    0xc7 0xf0 0x86 0x13  addi    x12, x1,  -897
.call
	   300    0x00 0x00 0x00 0xef  call    softfloat_roundPackToF32
	   304    0x00 0x01 0x20 0x83  lw      x1,  0(x2)
	   308    0x03 0xc1 0x01 0x13  addi    x2,  x2,  60
.label f64_to_f32__end last
.rts
	   312    0x00 0x00 0x80 0x67  ret

.undef global text softfloat_roundPackToF32

