
; File generated by darts version U-2022.12#33f3808fcb#221128, Fri Mar 22 17:53:45 2024
; Copyright 2014-2022 Synopsys, Inc. All rights reserved.
; darts -I.. -d -h -ISoftFloat-3e/source/include -ISoftFloat-3e/source/riscv -ISoftFloat-3e/build/chess -I../runtime/include -DCHESS_CXX_ATTRIBUTES -DSOFTFLOAT_NO_EXCEPTIONS -DINLINE_LEVEL=5 -DSOFTFLOAT_FAST_DIV32TO16 -D__tct_patch__=0 -L +Ihex Debug/f64_div.o trv32p3_cnn

; Release: ipd U-2022.12
.undef global data softfloat_countLeadingZeros8

.text_segment_name
.text global 0 f64_div
	     0    0xf6 0x81 0x01 0x13  addi    x2,  x2,  -152
	     4    0x00 0x00 0x00 0x33  nop
	     8    0x00 0xe1 0x22 0x23  sw      x14, 4(x2)
	    12    0x00 0xf1 0x24 0x23  sw      x15, 8(x2)
	    16    0x00 0xc1 0x26 0x23  sw      x12, 12(x2)
	    20    0x00 0xd1 0x28 0x23  sw      x13, 16(x2)
	    24    0x00 0xc1 0x26 0x03  lw      x12, 12(x2)
	    28    0x00 0xc1 0x2a 0x23  sw      x12, 20(x2)
	    32    0x01 0x01 0x26 0x03  lw      x12, 16(x2)
	    36    0x00 0xc1 0x2c 0x23  sw      x12, 24(x2)
	    40    0x01 0x41 0x26 0x83  lw      x13, 20(x2)
	    44    0x01 0x81 0x26 0x03  lw      x12, 24(x2)
	    48    0x00 0xd1 0x2e 0x23  sw      x13, 28(x2)
	    52    0x02 0xc1 0x20 0x23  sw      x12, 32(x2)
	    56    0x02 0x01 0x26 0x03  lw      x12, 32(x2)
	    60    0x01 0xf6 0x56 0x13  srli    x12, x12, 31
	    64    0x00 0xc0 0x36 0x33  snez    x12, x12
	    68    0x02 0xc1 0x22 0x23  sw      x12, 36(x2)
	    72    0x02 0x01 0x26 0x03  lw      x12, 32(x2)
	    76    0x01 0x46 0x56 0x13  srli    x12, x12, 20
	    80    0x7f 0xf6 0x76 0x13  andi    x12, x12, 2047
	    84    0x02 0xc1 0x24 0x23  sw      x12, 40(x2)
	    88    0x00 0x10 0x06 0x37  lui     x12, 256
	    92    0x02 0x01 0x25 0x83  lw      x11, 32(x2)
	    96    0xff 0xf6 0x06 0x13  addi    x12, x12, -1
	   100    0x01 0xc1 0x26 0x83  lw      x13, 28(x2)
	   104    0x00 0xb6 0x75 0xb3  and     x11, x12, x11
	   108    0x02 0xd1 0x26 0x23  sw      x13, 44(x2)
	   112    0x02 0xb1 0x28 0x23  sw      x11, 48(x2)
	   116    0x00 0x41 0x26 0x83  lw      x13, 4(x2)
	   120    0x02 0xd1 0x2a 0x23  sw      x13, 52(x2)
	   124    0x00 0x81 0x26 0x83  lw      x13, 8(x2)
	   128    0x02 0xd1 0x2c 0x23  sw      x13, 56(x2)
	   132    0x03 0x41 0x25 0x83  lw      x11, 52(x2)
	   136    0x03 0x81 0x26 0x83  lw      x13, 56(x2)
	   140    0x02 0xb1 0x2e 0x23  sw      x11, 60(x2)
	   144    0x04 0xd1 0x20 0x23  sw      x13, 64(x2)
	   148    0x04 0x01 0x26 0x83  lw      x13, 64(x2)
	   152    0x01 0xf6 0xd6 0x93  srli    x13, x13, 31
	   156    0x00 0xd0 0x36 0xb3  snez    x13, x13
	   160    0x04 0xd1 0x22 0x23  sw      x13, 68(x2)
	   164    0x04 0x01 0x26 0x83  lw      x13, 64(x2)
	   168    0x01 0x46 0xd6 0x93  srli    x13, x13, 20
	   172    0x7f 0xf6 0xf6 0x93  andi    x13, x13, 2047
	   176    0x04 0xd1 0x24 0x23  sw      x13, 72(x2)
	   180    0x04 0x01 0x26 0x83  lw      x13, 64(x2)
	   184    0x03 0xc1 0x25 0x83  lw      x11, 60(x2)
	   188    0x00 0xd6 0x76 0x33  and     x12, x12, x13
	   192    0x04 0xb1 0x26 0x23  sw      x11, 76(x2)
	   196    0x04 0xc1 0x28 0x23  sw      x12, 80(x2)
	   200    0x02 0x41 0x26 0x03  lw      x12, 36(x2)
	   204    0x04 0x41 0x26 0x83  lw      x13, 68(x2)
	   208    0x00 0xd6 0x46 0x33  xor     x12, x12, x13
	   212    0x00 0xc0 0x36 0x33  snez    x12, x12
	   216    0x04 0xc1 0x2a 0x23  sw      x12, 84(x2)
	   220    0x02 0x81 0x26 0x83  lw      x13, 40(x2)
	   224    0x7f 0xf0 0x06 0x13  li      x12, 2047
	   228    0x36 0xd6 0x04 0x63  beq     x12, x13, 872
	   232    0x04 0x81 0x26 0x83  lw      x13, 72(x2)
	   236    0x3c 0xd6 0x06 0x63  beq     x12, x13, 972
	   240    0x00 0x11 0x20 0x23  sw      x1,  0(x2)
	   244    0x04 0x81 0x20 0x83  lw      x1,  72(x2)
	   248    0x02 0x10 0x1e 0x63  bnez    x1,  60
	   252    0x04 0xc1 0x20 0x83  lw      x1,  76(x2)
	   256    0x05 0x01 0x26 0x03  lw      x12, 80(x2)
	   260    0x00 0x16 0x60 0xb3  or      x1,  x12, x1
	   264    0x3c 0x10 0x06 0x63  beqz    x1,  972
	   268    0x04 0xc1 0x25 0x83  lw      x11, 76(x2)
	   272    0x05 0x01 0x26 0x03  lw      x12, 80(x2)
	   276    0x05 0x81 0x05 0x13  addi    x10, x2,  88
.call
	   280    0x00 0x00 0x00 0xef  call    softfloat_normSubnormalF64Sig
	   284    0x05 0x81 0x20 0x83  lw      x1,  88(x2)
	   288    0x04 0x11 0x24 0x23  sw      x1,  72(x2)
	   292    0x05 0xc1 0x20 0x83  lw      x1,  92(x2)
	   296    0x06 0x01 0x26 0x03  lw      x12, 96(x2)
	   300    0x04 0xc1 0x28 0x23  sw      x12, 80(x2)
	   304    0x04 0x11 0x26 0x23  sw      x1,  76(x2)
	   308    0x02 0x81 0x20 0x83  lw      x1,  40(x2)
	   312    0x02 0x10 0x1e 0x63  bnez    x1,  60
	   316    0x02 0xc1 0x20 0x83  lw      x1,  44(x2)
	   320    0x03 0x01 0x26 0x03  lw      x12, 48(x2)
	   324    0x00 0x16 0x60 0xb3  or      x1,  x12, x1
	   328    0x32 0x10 0x0e 0x63  beqz    x1,  828
	   332    0x02 0xc1 0x25 0x83  lw      x11, 44(x2)
	   336    0x03 0x01 0x26 0x03  lw      x12, 48(x2)
	   340    0x05 0x81 0x05 0x13  addi    x10, x2,  88
.call
	   344    0x00 0x00 0x00 0xef  call    softfloat_normSubnormalF64Sig
	   348    0x05 0x81 0x20 0x83  lw      x1,  88(x2)
	   352    0x02 0x11 0x24 0x23  sw      x1,  40(x2)
	   356    0x05 0xc1 0x20 0x83  lw      x1,  92(x2)
	   360    0x06 0x01 0x26 0x03  lw      x12, 96(x2)
	   364    0x02 0xc1 0x28 0x23  sw      x12, 48(x2)
	   368    0x02 0x11 0x26 0x23  sw      x1,  44(x2)
	   372    0x02 0x81 0x20 0x83  lw      x1,  40(x2)
	   376    0x04 0x81 0x26 0x03  lw      x12, 72(x2)
	   380    0x40 0xc0 0x80 0xb3  sub     x1,  x1,  x12
	   384    0x3f 0xe0 0x80 0x93  addi    x1,  x1,  1022
	   388    0x06 0x11 0x22 0x23  sw      x1,  100(x2)
	   392    0x03 0x01 0x26 0x83  lw      x13, 48(x2)
	   396    0x00 0x10 0x00 0xb7  lui     x1,  256
	   400    0x02 0xc1 0x26 0x03  lw      x12, 44(x2)
	   404    0x00 0xd0 0xe6 0xb3  or      x13, x1,  x13
	   408    0x02 0xc1 0x26 0x23  sw      x12, 44(x2)
	   412    0x02 0xd1 0x28 0x23  sw      x13, 48(x2)
	   416    0x05 0x01 0x26 0x03  lw      x12, 80(x2)
	   420    0x04 0xc1 0x26 0x83  lw      x13, 76(x2)
	   424    0x00 0x16 0x60 0xb3  or      x1,  x12, x1
	   428    0x04 0xd1 0x26 0x23  sw      x13, 76(x2)
	   432    0x04 0x11 0x28 0x23  sw      x1,  80(x2)
	   436    0x02 0xc1 0x20 0x83  lw      x1,  44(x2)
	   440    0x04 0xc1 0x26 0x03  lw      x12, 76(x2)
	   444    0x03 0x01 0x26 0x83  lw      x13, 48(x2)
	   448    0x05 0x01 0x25 0x83  lw      x11, 80(x2)
	   452    0x02 0xb6 0xe8 0x63  bltu    x13, x11, 48
	   456    0x00 0xd5 0x94 0x63  bne     x11, x13, 8
	   460    0x02 0xc0 0xe4 0x63  bltu    x1,  x12, 40
	   464    0x02 0xc1 0x26 0x03  lw      x12, 44(x2)
	   468    0x03 0x01 0x26 0x83  lw      x13, 48(x2)
	   472    0x01 0x66 0x50 0x93  srli    x1,  x12, 22
	   476    0x00 0xa6 0x96 0x93  slli    x13, x13, 10
	   480    0x00 0xa6 0x16 0x13  slli    x12, x12, 10
	   484    0x00 0xd0 0xe0 0xb3  or      x1,  x1,  x13
	   488    0x02 0xc1 0x26 0x23  sw      x12, 44(x2)
	   492    0x02 0x11 0x28 0x23  sw      x1,  48(x2)
	   496    0x03 0x00 0x00 0x6f  j       48
	   500    0x06 0x41 0x20 0x83  lw      x1,  100(x2)
	   504    0xff 0xf0 0x80 0x93  addi    x1,  x1,  -1
	   508    0x06 0x11 0x22 0x23  sw      x1,  100(x2)
	   512    0x02 0xc1 0x26 0x03  lw      x12, 44(x2)
	   516    0x03 0x01 0x26 0x83  lw      x13, 48(x2)
	   520    0x01 0x56 0x50 0x93  srli    x1,  x12, 21
	   524    0x00 0xb6 0x96 0x93  slli    x13, x13, 11
	   528    0x00 0xb6 0x16 0x13  slli    x12, x12, 11
	   532    0x00 0xd0 0xe0 0xb3  or      x1,  x1,  x13
	   536    0x02 0xc1 0x26 0x23  sw      x12, 44(x2)
	   540    0x02 0x11 0x28 0x23  sw      x1,  48(x2)
	   544    0x04 0xc1 0x26 0x03  lw      x12, 76(x2)
	   548    0x05 0x01 0x26 0x83  lw      x13, 80(x2)
	   552    0x01 0x56 0x50 0x93  srli    x1,  x12, 21
	   556    0x00 0xb6 0x96 0x93  slli    x13, x13, 11
	   560    0x00 0xb6 0x16 0x13  slli    x12, x12, 11
	   564    0x00 0xd0 0xe0 0xb3  or      x1,  x1,  x13
	   568    0x04 0xc1 0x26 0x23  sw      x12, 76(x2)
	   572    0x04 0x11 0x28 0x23  sw      x1,  80(x2)
	   576    0x05 0x01 0x25 0x83  lw      x11, 80(x2)
.call
	   580    0x00 0x00 0x00 0xef  call    softfloat_approxRecip32_1
	   584    0xff 0xe5 0x00 0x93  addi    x1,  x10, -2
	   588    0x06 0x11 0x24 0x23  sw      x1,  104(x2)
	   592    0x06 0x81 0x20 0x83  lw      x1,  104(x2)
	   596    0x03 0x01 0x26 0x03  lw      x12, 48(x2)
	   600    0x02 0x16 0x30 0xb3  mulhu   x1,  x12, x1
	   604    0x06 0x11 0x26 0x23  sw      x1,  108(x2)
	   608    0x06 0xc1 0x20 0x83  lw      x1,  108(x2)
	   612    0x00 0x10 0x90 0x93  slli    x1,  x1,  1
	   616    0x06 0x11 0x28 0x23  sw      x1,  112(x2)
	   620    0x07 0x01 0x25 0x03  lw      x10, 112(x2)
	   624    0x05 0x01 0x27 0x03  lw      x14, 80(x2)
	   628    0x02 0xe5 0x00 0xb3  mul     x1,  x10, x14
	   632    0x02 0xe5 0x35 0x33  mulhu   x10, x10, x14
	   636    0x03 0x01 0x26 0x83  lw      x13, 48(x2)
	   640    0x02 0xc1 0x26 0x03  lw      x12, 44(x2)
	   644    0x04 0xc1 0x27 0x03  lw      x14, 76(x2)
	   648    0x40 0xa6 0x85 0x33  sub     x10, x13, x10
	   652    0x00 0x16 0x37 0xb3  sltu    x15, x12, x1
	   656    0x40 0x16 0x05 0xb3  sub     x11, x12, x1
	   660    0x00 0x47 0x56 0x93  srli    x13, x14, 4
	   664    0x40 0xf5 0x07 0x33  sub     x14, x10, x15
	   668    0x07 0x01 0x26 0x03  lw      x12, 112(x2)
	   672    0x01 0xc5 0x90 0x93  slli    x1,  x11, 28
	   676    0x02 0xd6 0x05 0x33  mul     x10, x12, x13
	   680    0x01 0xc7 0x17 0x93  slli    x15, x14, 28
	   684    0x00 0x45 0xd5 0x93  srli    x11, x11, 4
	   688    0x02 0xd6 0x36 0x33  mulhu   x12, x12, x13
	   692    0x40 0xa0 0x87 0x33  sub     x14, x1,  x10
	   696    0x00 0xf5 0xe6 0xb3  or      x13, x11, x15
	   700    0x00 0xa0 0xb0 0xb3  sltu    x1,  x1,  x10
	   704    0x40 0xc6 0x86 0x33  sub     x12, x13, x12
	   708    0x40 0x16 0x00 0xb3  sub     x1,  x12, x1
	   712    0x06 0xe1 0x2a 0x23  sw      x14, 116(x2)
	   716    0x06 0x11 0x2c 0x23  sw      x1,  120(x2)
	   720    0x06 0x81 0x20 0x83  lw      x1,  104(x2)
	   724    0x07 0x81 0x26 0x03  lw      x12, 120(x2)
	   728    0x02 0x16 0x30 0xb3  mulhu   x1,  x12, x1
	   732    0x00 0x40 0x80 0x93  addi    x1,  x1,  4
	   736    0x06 0x11 0x2e 0x23  sw      x1,  124(x2)
	   740    0x07 0xc1 0x26 0x83  lw      x13, 124(x2)
	   744    0x01 0xc6 0xd0 0x93  srli    x1,  x13, 28
	   748    0x06 0xc1 0x26 0x03  lw      x12, 108(x2)
	   752    0x00 0x46 0x96 0x93  slli    x13, x13, 4
	   756    0x00 0x16 0x00 0xb3  add     x1,  x12, x1
	   760    0x08 0xd1 0x20 0x23  sw      x13, 128(x2)
	   764    0x08 0x11 0x22 0x23  sw      x1,  132(x2)
	   768    0x08 0x01 0x20 0x83  lw      x1,  128(x2)
	   772    0x1f 0xf0 0xf0 0x93  andi    x1,  x1,  511
	   776    0x04 0x00 0x06 0x13  li      x12, 64
	   780    0x0e 0xc0 0xf6 0x63  bgeu    x1,  x12, 236
	   784    0x07 0xc1 0x20 0x83  lw      x1,  124(x2)
	   788    0xff 0x80 0xf0 0x93  andi    x1,  x1,  -8
	   792    0x06 0x11 0x2e 0x23  sw      x1,  124(x2)
	   796    0x08 0x01 0x26 0x03  lw      x12, 128(x2)
	   800    0x08 0x41 0x20 0x83  lw      x1,  132(x2)
	   804    0xf8 0x06 0x76 0x13  andi    x12, x12, -128
	   808    0x08 0xc1 0x20 0x23  sw      x12, 128(x2)
	   812    0x08 0x11 0x22 0x23  sw      x1,  132(x2)
	   816    0x07 0xc1 0x20 0x83  lw      x1,  124(x2)
	   820    0x00 0x10 0x90 0x93  slli    x1,  x1,  1
	   824    0x06 0x11 0x28 0x23  sw      x1,  112(x2)
	   828    0x07 0x01 0x25 0x03  lw      x10, 112(x2)
	   832    0x05 0x01 0x27 0x03  lw      x14, 80(x2)
	   836    0x02 0xe5 0x00 0xb3  mul     x1,  x10, x14
	   840    0x02 0xe5 0x35 0x33  mulhu   x10, x10, x14
	   844    0x07 0x81 0x26 0x83  lw      x13, 120(x2)
	   848    0x07 0x41 0x26 0x03  lw      x12, 116(x2)
	   852    0x04 0xc1 0x27 0x03  lw      x14, 76(x2)
	   856    0x40 0xa6 0x85 0x33  sub     x10, x13, x10
	   860    0x00 0x16 0x37 0xb3  sltu    x15, x12, x1
	   864    0x40 0x16 0x05 0xb3  sub     x11, x12, x1
	   868    0x00 0x47 0x56 0x93  srli    x13, x14, 4
	   872    0x40 0xf5 0x07 0x33  sub     x14, x10, x15
	   876    0x07 0x01 0x26 0x03  lw      x12, 112(x2)
	   880    0x01 0xc5 0x90 0x93  slli    x1,  x11, 28
	   884    0x02 0xd6 0x05 0x33  mul     x10, x12, x13
	   888    0x01 0xc7 0x17 0x93  slli    x15, x14, 28
	   892    0x00 0x45 0xd5 0x93  srli    x11, x11, 4
	   896    0x02 0xd6 0x36 0x33  mulhu   x12, x12, x13
	   900    0x40 0xa0 0x87 0x33  sub     x14, x1,  x10
	   904    0x00 0xf5 0xe6 0xb3  or      x13, x11, x15
	   908    0x00 0xa0 0xb0 0xb3  sltu    x1,  x1,  x10
	   912    0x40 0xc6 0x86 0x33  sub     x12, x13, x12
	   916    0x40 0x16 0x00 0xb3  sub     x1,  x12, x1
	   920    0x06 0xe1 0x2a 0x23  sw      x14, 116(x2)
	   924    0x06 0x11 0x2c 0x23  sw      x1,  120(x2)
	   928    0x07 0x81 0x20 0x83  lw      x1,  120(x2)
	   932    0x80 0x00 0x06 0x37  lui     x12, -524288
	   936    0x00 0x16 0x70 0xb3  and     x1,  x12, x1
	   940    0x02 0x10 0x16 0x63  bnez    x1,  44
	   944    0x07 0x41 0x20 0x83  lw      x1,  116(x2)
	   948    0x07 0x81 0x26 0x03  lw      x12, 120(x2)
	   952    0x00 0x16 0x60 0xb3  or      x1,  x12, x1
	   956    0x02 0x10 0x0e 0x63  beqz    x1,  60
	   960    0x08 0x01 0x26 0x03  lw      x12, 128(x2)
	   964    0x08 0x41 0x20 0x83  lw      x1,  132(x2)
	   968    0x00 0x16 0x66 0x13  ori     x12, x12, 1
	   972    0x08 0xc1 0x20 0x23  sw      x12, 128(x2)
	   976    0x08 0x11 0x22 0x23  sw      x1,  132(x2)
	   980    0x02 0x40 0x00 0x6f  j       36
	   984    0x08 0x01 0x20 0x83  lw      x1,  128(x2)
	   988    0xf8 0x00 0x86 0x13  addi    x12, x1,  -128
	   992    0x08 0x41 0x26 0x83  lw      x13, 132(x2)
	   996    0xff 0xf6 0x86 0x93  addi    x13, x13, -1
	  1000    0x00 0x16 0x30 0xb3  sltu    x1,  x12, x1
	  1004    0x00 0xd0 0x80 0xb3  add     x1,  x1,  x13
	  1008    0x08 0xc1 0x20 0x23  sw      x12, 128(x2)
	  1012    0x08 0x11 0x22 0x23  sw      x1,  132(x2)
	  1016    0x05 0x41 0x26 0x03  lw      x12, 84(x2)
	  1020    0x06 0x41 0x26 0x83  lw      x13, 100(x2)
	  1024    0x08 0x01 0x27 0x03  lw      x14, 128(x2)
	  1028    0x08 0x41 0x27 0x83  lw      x15, 132(x2)
.call
	  1032    0x00 0x00 0x00 0xef  call    softfloat_roundPackToF64
	  1036    0x00 0x01 0x20 0x83  lw      x1,  0(x2)
	  1040    0x09 0x81 0x01 0x13  addi    x2,  x2,  152
.rts
	  1044    0x00 0x00 0x80 0x67  ret
.label __ll3_f64_div
	  1048    0x01 0xc1 0x26 0x03  lw      x12, 28(x2)
	  1052    0x03 0xc1 0x27 0x03  lw      x14, 60(x2)
	  1056    0x02 0x01 0x26 0x83  lw      x13, 32(x2)
	  1060    0x04 0x01 0x27 0x83  lw      x15, 64(x2)
	  1064    0x00 0x11 0x20 0x23  sw      x1,  0(x2)
.call
	  1068    0x00 0x00 0x00 0xef  call    softfloat_propagateNaNF64UI
	  1072    0x08 0xa1 0x24 0x23  sw      x10, 136(x2)
	  1076    0x08 0xb1 0x26 0x23  sw      x11, 140(x2)
	  1080    0x05 0xc0 0x00 0x6f  j       92
.label __ll4_f64_div
	  1084    0x7f 0xf8 0x00 0xb7  lui     x1,  524160
	  1088    0x08 0x01 0x24 0x23  sw      x0,  136(x2)
	  1092    0x08 0x11 0x26 0x23  sw      x1,  140(x2)
	  1096    0x04 0xc0 0x00 0x6f  j       76
	  1100    0x02 0xc1 0x26 0x83  lw      x13, 44(x2)
	  1104    0x03 0x01 0x25 0x83  lw      x11, 48(x2)
	  1108    0x00 0xb6 0xe6 0xb3  or      x13, x13, x11
	  1112    0xfc 0xd0 0x10 0xe3  bnez    x13, -64
	  1116    0x04 0x81 0x26 0x83  lw      x13, 72(x2)
	  1120    0x08 0xd6 0x0c 0x63  beq     x12, x13, 152
	  1124    0x00 0x11 0x20 0x23  sw      x1,  0(x2)
.label __ll1_f64_div
	  1128    0x05 0x41 0x20 0x83  lw      x1,  84(x2)
	  1132    0x01 0xf0 0x90 0x93  slli    x1,  x1,  31
	  1136    0x7f 0xf0 0x06 0x37  lui     x12, 524032
	  1140    0x00 0x16 0x00 0xb3  add     x1,  x12, x1
	  1144    0x08 0x01 0x24 0x23  sw      x0,  136(x2)
	  1148    0x08 0x11 0x26 0x23  sw      x1,  140(x2)
	  1152    0x01 0x40 0x00 0x6f  j       20
.label __ll2_f64_div
	  1156    0x05 0x41 0x20 0x83  lw      x1,  84(x2)
	  1160    0x01 0xf0 0x90 0x93  slli    x1,  x1,  31
	  1164    0x08 0x01 0x24 0x23  sw      x0,  136(x2)
	  1168    0x08 0x11 0x26 0x23  sw      x1,  140(x2)
.label __ll5_f64_div
	  1172    0x08 0x81 0x20 0x83  lw      x1,  136(x2)
	  1176    0x08 0x11 0x28 0x23  sw      x1,  144(x2)
	  1180    0x08 0xc1 0x20 0x83  lw      x1,  140(x2)
	  1184    0x08 0x11 0x2a 0x23  sw      x1,  148(x2)
	  1188    0x00 0x01 0x20 0x83  lw      x1,  0(x2)
	  1192    0x09 0x01 0x25 0x03  lw      x10, 144(x2)
	  1196    0x09 0x41 0x25 0x83  lw      x11, 148(x2)
	  1200    0x09 0x81 0x01 0x13  addi    x2,  x2,  152
.rts
	  1204    0x00 0x00 0x80 0x67  ret
	  1208    0x04 0xc1 0x26 0x03  lw      x12, 76(x2)
	  1212    0x05 0x01 0x26 0x83  lw      x13, 80(x2)
	  1216    0x00 0xd6 0x66 0x33  or      x12, x12, x13
	  1220    0x00 0xc0 0x04 0x63  beqz    x12, 8
	  1224    0xf5 0x1f 0xf0 0x6f  j       -176
	  1228    0x00 0x11 0x20 0x23  sw      x1,  0(x2)
	  1232    0xfb 0x5f 0xf0 0x6f  j       -76
	  1236    0x02 0x81 0x26 0x03  lw      x12, 40(x2)
	  1240    0x41 0xf6 0x50 0x93  srai    x1,  x12, 31
	  1244    0x02 0xc1 0x25 0x83  lw      x11, 44(x2)
	  1248    0x03 0x01 0x26 0x83  lw      x13, 48(x2)
	  1252    0x00 0xb6 0x66 0x33  or      x12, x12, x11
	  1256    0x00 0xd0 0xe0 0xb3  or      x1,  x1,  x13
	  1260    0x00 0x16 0x60 0xb3  or      x1,  x12, x1
	  1264    0xf6 0x10 0x1c 0xe3  bnez    x1,  -136
	  1268    0xf4 0x9f 0xf0 0x6f  j       -184
	  1272    0x04 0xc1 0x26 0x03  lw      x12, 76(x2)
	  1276    0x05 0x01 0x26 0x83  lw      x13, 80(x2)
	  1280    0x00 0xd6 0x66 0x33  or      x12, x12, x13
	  1284    0x00 0xc0 0x04 0x63  beqz    x12, 8
	  1288    0xf1 0x1f 0xf0 0x6f  j       -240
	  1292    0x00 0x11 0x20 0x23  sw      x1,  0(x2)
.label f64_div__end last
	  1296    0xf2 0xdf 0xf0 0x6f  j       -212

.undef global text softfloat_normSubnormalF64Sig

.undef global text softfloat_approxRecip32_1

.undef global text softfloat_roundPackToF64

.undef global text softfloat_propagateNaNF64UI

