
; File generated by darts version U-2022.12#33f3808fcb#221128, Wed Feb 21 16:33:53 2024
; Copyright 2014-2022 Synopsys, Inc. All rights reserved.
; darts -I.. -d -h -ISoftFloat-3e/source/include -ISoftFloat-3e/source/riscv -ISoftFloat-3e/build/chess -I../runtime/include -DCHESS_CXX_ATTRIBUTES -DSOFTFLOAT_NO_EXCEPTIONS -DINLINE_LEVEL=5 -DSOFTFLOAT_FAST_DIV32TO16 -D__tct_patch__=0 -L +Ihex Debug/i32_to_f32.o trv32p3_cnn

; Release: ipd U-2022.12
.undef global data softfloat_countLeadingZeros8

.text_segment_name
.text global 0 i32_to_f32
	     0    0xfe 0xc1 0x01 0x13  addi    x2,  x2,  -20
	     4    0x00 0x00 0x00 0x33  nop
	     8    0x00 0xb1 0x22 0x23  sw      x11, 4(x2)
	    12    0x00 0x11 0x20 0x23  sw      x1,  0(x2)
	    16    0x00 0x41 0x25 0x03  lw      x10, 4(x2)
	    20    0x00 0x05 0x25 0x33  sltz    x10, x10
	    24    0x00 0xa1 0x24 0x23  sw      x10, 8(x2)
	    28    0x80 0x00 0x05 0xb7  lui     x11, -524288
	    32    0x00 0x41 0x25 0x03  lw      x10, 4(x2)
	    36    0xff 0xf5 0x85 0x93  addi    x11, x11, -1
	    40    0x00 0xb5 0x75 0x33  and     x10, x10, x11
	    44    0x02 0xa0 0x0a 0x63  beqz    x10, 52
	    48    0x00 0x81 0x25 0x03  lw      x10, 8(x2)
	    52    0x00 0xa0 0x16 0x63  bnez    x10, 12
	    56    0x00 0x41 0x25 0x03  lw      x10, 4(x2)
	    60    0x00 0xc0 0x00 0x6f  j       12
	    64    0x00 0x41 0x25 0x03  lw      x10, 4(x2)
	    68    0x40 0xa0 0x05 0x33  neg     x10, x10
	    72    0x00 0xa1 0x28 0x23  sw      x10, 16(x2)
	    76    0x00 0x81 0x25 0x83  lw      x11, 8(x2)
	    80    0x01 0x01 0x26 0x83  lw      x13, 16(x2)
	    84    0x09 0xc0 0x06 0x13  li      x12, 156
.call
	    88    0x00 0x00 0x00 0xef  call    softfloat_normRoundPackToF32
	    92    0x02 0x00 0x00 0x6f  j       32
	    96    0x00 0x81 0x25 0x03  lw      x10, 8(x2)
	   100    0x00 0xa0 0x16 0x63  bnez    x10, 12
	   104    0x00 0x00 0x05 0x13  li      x10, 0
	   108    0x00 0x80 0x00 0x6f  j       8
	   112    0xcf 0x00 0x05 0x37  lui     x10, -200704
	   116    0x00 0xa1 0x26 0x23  sw      x10, 12(x2)
	   120    0x00 0xc1 0x25 0x03  lw      x10, 12(x2)
	   124    0x00 0x01 0x25 0x83  lw      x11, 0(x2)
	   128    0x01 0x41 0x01 0x13  addi    x2,  x2,  20
.label i32_to_f32__end last
.rts
	   132    0x00 0x05 0x80 0x67  jr      x11

.undef global text softfloat_normRoundPackToF32

