
; File generated by darts version U-2022.12#33f3808fcb#221128, Thu Feb 29 17:34:23 2024
; Copyright 2014-2022 Synopsys, Inc. All rights reserved.
; darts -I.. -d -h -ISoftFloat-3e/source/include -ISoftFloat-3e/source/riscv -ISoftFloat-3e/build/chess -I../runtime/include -DCHESS_CXX_ATTRIBUTES -DSOFTFLOAT_NO_EXCEPTIONS -DINLINE_LEVEL=5 -DSOFTFLOAT_FAST_DIV32TO16 -D__tct_patch__=0 -L +Ihex Debug/i32_to_f64.o trv32p3_cnn

; Release: ipd U-2022.12
.undef global data softfloat_countLeadingZeros8

.text_segment_name
.text global 0 i32_to_f64
	     0    0xfe 0x01 0x01 0x13  addi    x2,  x2,  -32
	     4    0x00 0x00 0x00 0x33  nop
	     8    0x00 0xc1 0x20 0x23  sw      x12, 0(x2)
	    12    0x00 0x01 0x25 0x03  lw      x10, 0(x2)
	    16    0x0c 0xa0 0x08 0x63  beqz    x10, 208
	    20    0x00 0x01 0x25 0x03  lw      x10, 0(x2)
	    24    0x00 0x05 0x25 0x33  sltz    x10, x10
	    28    0x00 0xa1 0x26 0x23  sw      x10, 12(x2)
	    32    0x00 0xc1 0x25 0x03  lw      x10, 12(x2)
	    36    0x00 0xa0 0x16 0x63  bnez    x10, 12
	    40    0x00 0x01 0x25 0x03  lw      x10, 0(x2)
	    44    0x00 0xc0 0x00 0x6f  j       12
	    48    0x00 0x01 0x25 0x03  lw      x10, 0(x2)
	    52    0x40 0xa0 0x05 0x33  neg     x10, x10
	    56    0x00 0xa1 0x28 0x23  sw      x10, 16(x2)
	    60    0x01 0x01 0x25 0x83  lw      x11, 16(x2)
	    64    0x00 0x01 0x06 0x37  lui     x12, 16
	    68    0x00 0x00 0x05 0x13  li      x10, 0
	    72    0x00 0xc5 0xf6 0x63  bgeu    x11, x12, 12
	    76    0x01 0x05 0x95 0x93  slli    x11, x11, 16
	    80    0x01 0x00 0x05 0x13  li      x10, 16
	    84    0x01 0x00 0x06 0x37  lui     x12, 4096
	    88    0x00 0xc5 0xf6 0x63  bgeu    x11, x12, 12
	    92    0x00 0x85 0x05 0x13  addi    x10, x10, 8
	    96    0x00 0x85 0x95 0x93  slli    x11, x11, 8
	   100    0x01 0x85 0xd5 0x93  srli    x11, x11, 24
	   104    0x00 0x00 0x00 0x33  nop
	   108    0x00 0x05 0xc5 0x83  lbu     x11, softfloat_countLeadingZeros8(x11)
	   112    0x00 0xb5 0x05 0x33  add     x10, x10, x11
	   116    0x01 0x55 0x05 0x13  addi    x10, x10, 21
	   120    0x00 0xa1 0x2a 0x23  sw      x10, 20(x2)
	   124    0x01 0x41 0x25 0x03  lw      x10, 20(x2)
	   128    0x43 0x20 0x06 0x13  li      x12, 1074
	   132    0x40 0xa6 0x05 0x33  sub     x10, x12, x10
	   136    0x00 0xc1 0x25 0x83  lw      x11, 12(x2)
	   140    0x01 0xf5 0x96 0x13  slli    x12, x11, 31
	   144    0x01 0x45 0x11 0x93  slli    x3,  x10, 20
	   148    0x01 0x01 0x25 0x03  lw      x10, 16(x2)
	   152    0x01 0x41 0x25 0x83  lw      x11, 20(x2)
	   156    0x00 0x36 0x06 0x33  add     x12, x12, x3
	   160    0x02 0xb0 0x06 0x63  beqz    x11, 44
	   164    0xfe 0x05 0x81 0x93  addi    x3,  x11, -32
	   168    0x00 0x01 0xc8 0x63  bltz    x3,  16
	   172    0x00 0x35 0x11 0xb3  sll     x3,  x10, x3
	   176    0x00 0x00 0x05 0x13  li      x10, 0
	   180    0x01 0xc0 0x00 0x6f  j       28
	   184    0x40 0x30 0x01 0xb3  neg     x3,  x3
	   188    0x00 0xb5 0x15 0xb3  sll     x11, x10, x11
	   192    0x00 0x35 0x51 0xb3  srl     x3,  x10, x3
	   196    0x00 0x05 0x85 0x13  mv      x10, x11
	   200    0x00 0x80 0x00 0x6f  j       8
	   204    0x00 0x00 0x01 0x93  li      x3,  0
	   208    0x00 0x36 0x05 0xb3  add     x11, x12, x3
	   212    0x00 0xa1 0x22 0x23  sw      x10, 4(x2)
	   216    0x00 0xb1 0x24 0x23  sw      x11, 8(x2)
	   220    0x00 0xc0 0x00 0x6f  j       12
	   224    0x00 0x01 0x22 0x23  sw      x0,  4(x2)
	   228    0x00 0x01 0x24 0x23  sw      x0,  8(x2)
	   232    0x00 0x41 0x25 0x03  lw      x10, 4(x2)
	   236    0x00 0xa1 0x2c 0x23  sw      x10, 24(x2)
	   240    0x00 0x81 0x25 0x03  lw      x10, 8(x2)
	   244    0x00 0xa1 0x2e 0x23  sw      x10, 28(x2)
	   248    0x01 0x81 0x25 0x03  lw      x10, 24(x2)
	   252    0x01 0xc1 0x25 0x83  lw      x11, 28(x2)
	   256    0x02 0x01 0x01 0x13  addi    x2,  x2,  32
.label i32_to_f64__end last
.rts
	   260    0x00 0x00 0x80 0x67  ret

.undef global data softfloat_countLeadingZeros8

