
; File generated by darts version U-2022.12#33f3808fcb#221128, Fri Feb 16 13:34:15 2024
; Copyright 2014-2022 Synopsys, Inc. All rights reserved.
; darts -I.. -d -h -ISoftFloat-3e/source/include -ISoftFloat-3e/source/riscv -ISoftFloat-3e/build/chess -I../runtime/include -DCHESS_CXX_ATTRIBUTES -DSOFTFLOAT_NO_EXCEPTIONS -DINLINE_LEVEL=5 -DSOFTFLOAT_FAST_DIV32TO16 -D__tct_patch__=0 -L +Ihex Debug/i64_to_f32.o trv32p3_cnn

; Release: ipd U-2022.12
.undef global data softfloat_countLeadingZeros8

.text_segment_name
.text global 0 i64_to_f32
	     0    0xfd 0xc1 0x01 0x13  addi    x2,  x2,  -36
	     4    0x00 0x00 0x00 0x33  nop
	     8    0x00 0xb1 0x22 0x23  sw      x11, 4(x2)
	    12    0x00 0xc1 0x24 0x23  sw      x12, 8(x2)
	    16    0x00 0x11 0x20 0x23  sw      x1,  0(x2)
	    20    0x00 0x81 0x25 0x83  lw      x11, 8(x2)
	    24    0x00 0x05 0xa5 0xb3  sltz    x11, x11
	    28    0x00 0xb1 0x26 0x23  sw      x11, 12(x2)
	    32    0x00 0xc1 0x25 0x83  lw      x11, 12(x2)
	    36    0x00 0xb0 0x18 0x63  bnez    x11, 16
	    40    0x00 0x41 0x25 0x03  lw      x10, 4(x2)
	    44    0x00 0x81 0x25 0x83  lw      x11, 8(x2)
	    48    0x01 0xc0 0x00 0x6f  j       28
	    52    0x00 0x41 0x25 0x03  lw      x10, 4(x2)
	    56    0x00 0x81 0x26 0x03  lw      x12, 8(x2)
	    60    0x00 0xa0 0x35 0xb3  snez    x11, x10
	    64    0x40 0xc0 0x06 0x33  neg     x12, x12
	    68    0x40 0xa0 0x05 0x33  neg     x10, x10
	    72    0x40 0xb6 0x05 0xb3  sub     x11, x12, x11
	    76    0x00 0xa1 0x28 0x23  sw      x10, 16(x2)
	    80    0x00 0xb1 0x2a 0x23  sw      x11, 20(x2)
	    84    0x01 0x01 0x25 0x83  lw      x11, 16(x2)
	    88    0x01 0x41 0x26 0x03  lw      x12, 20(x2)
.call
	    92    0x00 0x00 0x00 0xef  call    softfloat_countLeadingZeros64
	    96    0xfd 0x85 0x05 0x93  addi    x11, x10, -40
	   100    0x00 0xb1 0x2c 0x23  sw      x11, 24(x2)
	   104    0x01 0x81 0x25 0x83  lw      x11, 24(x2)
	   108    0x0c 0x05 0xdc 0x63  bgez    x11, 216
	   112    0x01 0x81 0x25 0x83  lw      x11, 24(x2)
	   116    0x00 0x75 0x85 0x93  addi    x11, x11, 7
	   120    0x00 0xb1 0x2c 0x23  sw      x11, 24(x2)
	   124    0x01 0x81 0x25 0x83  lw      x11, 24(x2)
	   128    0x00 0x05 0xca 0x63  bltz    x11, 20
	   132    0x01 0x01 0x25 0x83  lw      x11, 16(x2)
	   136    0x01 0x81 0x25 0x03  lw      x10, 24(x2)
	   140    0x00 0xa5 0x95 0xb3  sll     x11, x11, x10
	   144    0x09 0x40 0x00 0x6f  j       148
	   148    0x01 0x81 0x26 0x03  lw      x12, 24(x2)
	   152    0x40 0xc0 0x06 0xb3  neg     x13, x12
	   156    0x01 0x01 0x25 0x03  lw      x10, 16(x2)
	   160    0x01 0x41 0x25 0x83  lw      x11, 20(x2)
	   164    0x00 0x05 0x06 0x13  mv      x12, x10
	   168    0x02 0xd0 0x02 0x63  beqz    x13, 36
	   172    0xfe 0x06 0x86 0x13  addi    x12, x13, -32
	   176    0x00 0x06 0x46 0x63  bltz    x12, 12
	   180    0x00 0xc5 0xd6 0x33  srl     x12, x11, x12
	   184    0x01 0x40 0x00 0x6f  j       20
	   188    0x40 0xc0 0x00 0xb3  neg     x1,  x12
	   192    0x00 0xd5 0x56 0x33  srl     x12, x10, x13
	   196    0x00 0x15 0x90 0xb3  sll     x1,  x11, x1
	   200    0x00 0x16 0x66 0x33  or      x12, x12, x1
	   204    0x02 0xd0 0x06 0x63  beqz    x13, 44
	   208    0xfe 0x06 0x82 0x13  addi    x4,  x13, -32
	   212    0x00 0x10 0x00 0x93  li      x1,  1
	   216    0x00 0x02 0x48 0x63  bltz    x4,  16
	   220    0x00 0x40 0x96 0xb3  sll     x13, x1,  x4
	   224    0x00 0x00 0x01 0x93  li      x3,  0
	   228    0x01 0xc0 0x00 0x6f  j       28
	   232    0x00 0xd0 0x91 0xb3  sll     x3,  x1,  x13
	   236    0x40 0x40 0x06 0xb3  neg     x13, x4
	   240    0x00 0xd0 0xd6 0xb3  srl     x13, x1,  x13
	   244    0x00 0xc0 0x00 0x6f  j       12
	   248    0x00 0x10 0x01 0x93  li      x3,  1
	   252    0x00 0x00 0x06 0x93  li      x13, 0
	   256    0xff 0xf1 0x80 0x93  addi    x1,  x3,  -1
	   260    0xff 0xf6 0x86 0x93  addi    x13, x13, -1
	   264    0x00 0x30 0xb1 0xb3  sltu    x3,  x1,  x3
	   268    0x00 0x36 0x86 0xb3  add     x13, x13, x3
	   272    0x00 0x15 0x75 0x33  and     x10, x10, x1
	   276    0x00 0xb6 0xf5 0xb3  and     x11, x13, x11
	   280    0x00 0xb5 0x65 0xb3  or      x11, x10, x11
	   284    0x00 0xb0 0x35 0xb3  snez    x11, x11
	   288    0x00 0xb6 0x65 0xb3  or      x11, x12, x11
	   292    0x02 0xb1 0x20 0x23  sw      x11, 32(x2)
	   296    0x01 0x81 0x25 0x03  lw      x10, 24(x2)
	   300    0x09 0xc0 0x06 0x13  li      x12, 156
	   304    0x00 0xc1 0x25 0x83  lw      x11, 12(x2)
	   308    0x02 0x01 0x26 0x83  lw      x13, 32(x2)
	   312    0x40 0xa6 0x06 0x33  sub     x12, x12, x10
.call
	   316    0x00 0x00 0x00 0xef  call    softfloat_roundPackToF32
	   320    0x05 0x00 0x00 0x6f  j       80
	   324    0x00 0x41 0x25 0x83  lw      x11, 4(x2)
	   328    0x00 0x81 0x25 0x03  lw      x10, 8(x2)
	   332    0x00 0xb5 0x65 0xb3  or      x11, x10, x11
	   336    0x02 0xb0 0x0a 0x63  beqz    x11, 52
	   340    0x01 0x81 0x25 0x83  lw      x11, 24(x2)
	   344    0x09 0x50 0x05 0x13  li      x10, 149
	   348    0x40 0xb5 0x06 0x33  sub     x12, x10, x11
	   352    0x00 0xc1 0x20 0x83  lw      x1,  12(x2)
	   356    0x01 0x01 0x25 0x83  lw      x11, 16(x2)
	   360    0x01 0x81 0x25 0x03  lw      x10, 24(x2)
	   364    0x00 0xa5 0x95 0xb3  sll     x11, x11, x10
	   368    0x01 0xf0 0x90 0x93  slli    x1,  x1,  31
	   372    0x01 0x76 0x16 0x13  slli    x12, x12, 23
	   376    0x00 0x16 0x05 0x33  add     x10, x12, x1
	   380    0x00 0xb5 0x05 0xb3  add     x11, x10, x11
	   384    0x00 0x80 0x00 0x6f  j       8
	   388    0x00 0x00 0x05 0x93  li      x11, 0
	   392    0x00 0xb1 0x2e 0x23  sw      x11, 28(x2)
	   396    0x01 0xc1 0x25 0x03  lw      x10, 28(x2)
	   400    0x00 0x01 0x25 0x83  lw      x11, 0(x2)
	   404    0x02 0x41 0x01 0x13  addi    x2,  x2,  36
.label i64_to_f32__end last
.rts
	   408    0x00 0x05 0x80 0x67  jr      x11

.undef global text softfloat_countLeadingZeros64

.undef global text softfloat_roundPackToF32

