
; File generated by darts version U-2022.12#33f3808fcb#221128, Wed Feb 21 16:33:54 2024
; Copyright 2014-2022 Synopsys, Inc. All rights reserved.
; darts -I.. -d -h -ISoftFloat-3e/source/include -ISoftFloat-3e/source/riscv -ISoftFloat-3e/build/chess -I../runtime/include -DCHESS_CXX_ATTRIBUTES -DSOFTFLOAT_NO_EXCEPTIONS -DINLINE_LEVEL=5 -DSOFTFLOAT_FAST_DIV32TO16 -D__tct_patch__=0 -L +Ihex Debug/i64_to_f64.o trv32p3_cnn

; Release: ipd U-2022.12
.undef global data softfloat_countLeadingZeros8

.text_segment_name
.text global 0 i64_to_f64
	     0    0xfe 0x01 0x01 0x13  addi    x2,  x2,  -32
	     4    0x00 0x00 0x00 0x33  nop
	     8    0x00 0xc1 0x22 0x23  sw      x12, 4(x2)
	    12    0x00 0xd1 0x24 0x23  sw      x13, 8(x2)
	    16    0x00 0x11 0x20 0x23  sw      x1,  0(x2)
	    20    0x00 0x81 0x25 0x03  lw      x10, 8(x2)
	    24    0x00 0x05 0x25 0x33  sltz    x10, x10
	    28    0x00 0xa1 0x26 0x23  sw      x10, 12(x2)
	    32    0x80 0x00 0x05 0xb7  lui     x11, -524288
	    36    0xff 0xf5 0x86 0x13  addi    x12, x11, -1
	    40    0x00 0x81 0x25 0x03  lw      x10, 8(x2)
	    44    0x00 0x41 0x25 0x83  lw      x11, 4(x2)
	    48    0x00 0xa6 0x75 0x33  and     x10, x12, x10
	    52    0x00 0xb5 0x65 0x33  or      x10, x10, x11
	    56    0x04 0xa0 0x08 0x63  beqz    x10, 80
	    60    0x00 0xc1 0x25 0x03  lw      x10, 12(x2)
	    64    0x00 0xa0 0x18 0x63  bnez    x10, 16
	    68    0x00 0x41 0x25 0x83  lw      x11, 4(x2)
	    72    0x00 0x81 0x25 0x03  lw      x10, 8(x2)
	    76    0x01 0xc0 0x00 0x6f  j       28
	    80    0x00 0x41 0x25 0x83  lw      x11, 4(x2)
	    84    0x00 0x81 0x26 0x03  lw      x12, 8(x2)
	    88    0x00 0xb0 0x35 0x33  snez    x10, x11
	    92    0x40 0xc0 0x06 0x33  neg     x12, x12
	    96    0x40 0xb0 0x05 0xb3  neg     x11, x11
	   100    0x40 0xa6 0x05 0x33  sub     x10, x12, x10
	   104    0x00 0xb1 0x2c 0x23  sw      x11, 24(x2)
	   108    0x00 0xa1 0x2e 0x23  sw      x10, 28(x2)
	   112    0x00 0xc1 0x26 0x03  lw      x12, 12(x2)
	   116    0x01 0x81 0x27 0x03  lw      x14, 24(x2)
	   120    0x01 0xc1 0x27 0x83  lw      x15, 28(x2)
	   124    0x43 0xc0 0x06 0x93  li      x13, 1084
.call
	   128    0x00 0x00 0x00 0xef  call    softfloat_normRoundPackToF64
	   132    0x02 0x80 0x00 0x6f  j       40
	   136    0x00 0xc1 0x25 0x03  lw      x10, 12(x2)
	   140    0x00 0xa0 0x16 0x63  bnez    x10, 12
	   144    0x00 0x00 0x05 0x13  li      x10, 0
	   148    0x00 0x80 0x00 0x6f  j       8
	   152    0xc3 0xe0 0x05 0x37  lui     x10, -246272
	   156    0x00 0x01 0x28 0x23  sw      x0,  16(x2)
	   160    0x00 0xa1 0x2a 0x23  sw      x10, 20(x2)
	   164    0x01 0x01 0x25 0x03  lw      x10, 16(x2)
	   168    0x01 0x41 0x25 0x83  lw      x11, 20(x2)
	   172    0x00 0x01 0x26 0x03  lw      x12, 0(x2)
	   176    0x02 0x01 0x01 0x13  addi    x2,  x2,  32
.label i64_to_f64__end last
.rts
	   180    0x00 0x06 0x00 0x67  jr      x12

.undef global text softfloat_normRoundPackToF64

