
; File generated by darts version U-2022.12#33f3808fcb#221128, Tue Mar 19 17:14:02 2024
; Copyright 2014-2022 Synopsys, Inc. All rights reserved.
; darts -I.. -d -h -ISoftFloat-3e/source/include -ISoftFloat-3e/source/riscv -ISoftFloat-3e/build/chess -I../runtime/include -DCHESS_CXX_ATTRIBUTES -DSOFTFLOAT_NO_EXCEPTIONS -DINLINE_LEVEL=5 -DSOFTFLOAT_FAST_DIV32TO16 -D__tct_patch__=0 -L +Ihex Debug/s_addMagsF64.o trv32p3_cnn

; Release: ipd U-2022.12
.undef global data softfloat_countLeadingZeros8

.text_segment_name
.text global 0 softfloat_addMagsF64
	     0    0xfb 0x01 0x01 0x13  addi    x2,  x2,  -80
	     4    0x00 0x00 0x00 0x33  nop
	     8    0x01 0x01 0x22 0x23  sw      x16, 4(x2)
	    12    0x00 0x11 0x20 0x23  sw      x1,  0(x2)
	    16    0x00 0xe1 0x24 0x23  sw      x14, 8(x2)
	    20    0x00 0xf1 0x26 0x23  sw      x15, 12(x2)
	    24    0x00 0xc1 0x28 0x23  sw      x12, 16(x2)
	    28    0x00 0xd1 0x2a 0x23  sw      x13, 20(x2)
	    32    0x01 0x41 0x26 0x03  lw      x12, 20(x2)
	    36    0x01 0x46 0x56 0x13  srli    x12, x12, 20
	    40    0x7f 0xf6 0x76 0x13  andi    x12, x12, 2047
	    44    0x00 0xc1 0x2c 0x23  sw      x12, 24(x2)
	    48    0x00 0x10 0x06 0x37  lui     x12, 256
	    52    0x01 0x41 0x27 0x03  lw      x14, 20(x2)
	    56    0xff 0xf6 0x06 0x13  addi    x12, x12, -1
	    60    0x01 0x01 0x26 0x83  lw      x13, 16(x2)
	    64    0x00 0xe6 0x77 0x33  and     x14, x12, x14
	    68    0x00 0xd1 0x2e 0x23  sw      x13, 28(x2)
	    72    0x02 0xe1 0x20 0x23  sw      x14, 32(x2)
	    76    0x00 0xc1 0x26 0x83  lw      x13, 12(x2)
	    80    0x01 0x46 0xd6 0x93  srli    x13, x13, 20
	    84    0x7f 0xf6 0xf6 0x93  andi    x13, x13, 2047
	    88    0x02 0xd1 0x22 0x23  sw      x13, 36(x2)
	    92    0x00 0xc1 0x26 0x83  lw      x13, 12(x2)
	    96    0x00 0x81 0x27 0x03  lw      x14, 8(x2)
	   100    0x00 0xd6 0x76 0x33  and     x12, x12, x13
	   104    0x02 0xe1 0x24 0x23  sw      x14, 40(x2)
	   108    0x02 0xc1 0x26 0x23  sw      x12, 44(x2)
	   112    0x01 0x81 0x26 0x03  lw      x12, 24(x2)
	   116    0x02 0x41 0x26 0x83  lw      x13, 36(x2)
	   120    0x40 0xd6 0x06 0x33  sub     x12, x12, x13
	   124    0x02 0xc1 0x28 0x23  sw      x12, 48(x2)
	   128    0x03 0x01 0x26 0x03  lw      x12, 48(x2)
	   132    0x2c 0xc0 0x04 0x63  beqz    x12, 712
	   136    0x01 0xc1 0x26 0x83  lw      x13, 28(x2)
	   140    0x02 0x01 0x27 0x03  lw      x14, 32(x2)
	   144    0x01 0x76 0xd6 0x13  srli    x12, x13, 23
	   148    0x00 0x97 0x17 0x13  slli    x14, x14, 9
	   152    0x00 0x96 0x96 0x93  slli    x13, x13, 9
	   156    0x00 0xe6 0x66 0x33  or      x12, x12, x14
	   160    0x00 0xd1 0x2e 0x23  sw      x13, 28(x2)
	   164    0x02 0xc1 0x20 0x23  sw      x12, 32(x2)
	   168    0x02 0x81 0x26 0x83  lw      x13, 40(x2)
	   172    0x02 0xc1 0x27 0x03  lw      x14, 44(x2)
	   176    0x01 0x76 0xd6 0x13  srli    x12, x13, 23
	   180    0x00 0x97 0x17 0x13  slli    x14, x14, 9
	   184    0x00 0x96 0x96 0x93  slli    x13, x13, 9
	   188    0x00 0xe6 0x66 0x33  or      x12, x12, x14
	   192    0x02 0xd1 0x24 0x23  sw      x13, 40(x2)
	   196    0x02 0xc1 0x26 0x23  sw      x12, 44(x2)
	   200    0x03 0x01 0x26 0x03  lw      x12, 48(x2)
	   204    0x10 0x06 0x48 0x63  bltz    x12, 272
	   208    0x01 0x81 0x26 0x03  lw      x12, 24(x2)
	   212    0x7f 0xf0 0x06 0x93  li      x13, 2047
	   216    0x34 0xc6 0x80 0x63  beq     x13, x12, 832
	   220    0x01 0x81 0x26 0x03  lw      x12, 24(x2)
	   224    0x02 0xc1 0x2e 0x23  sw      x12, 60(x2)
	   228    0x02 0x41 0x26 0x03  lw      x12, 36(x2)
	   232    0x02 0xc0 0x14 0x63  bnez    x12, 40
	   236    0x02 0x81 0x26 0x83  lw      x13, 40(x2)
	   240    0x02 0xc1 0x27 0x03  lw      x14, 44(x2)
	   244    0x01 0xf6 0xd6 0x13  srli    x12, x13, 31
	   248    0x00 0x17 0x17 0x13  slli    x14, x14, 1
	   252    0x00 0x16 0x96 0x93  slli    x13, x13, 1
	   256    0x00 0xe6 0x66 0x33  or      x12, x12, x14
	   260    0x02 0xd1 0x24 0x23  sw      x13, 40(x2)
	   264    0x02 0xc1 0x26 0x23  sw      x12, 44(x2)
	   268    0x01 0xc0 0x00 0x6f  j       28
	   272    0x02 0xc1 0x26 0x03  lw      x12, 44(x2)
	   276    0x20 0x00 0x07 0x37  lui     x14, 131072
	   280    0x02 0x81 0x26 0x83  lw      x13, 40(x2)
	   284    0x00 0xe6 0x06 0x33  add     x12, x12, x14
	   288    0x02 0xd1 0x24 0x23  sw      x13, 40(x2)
	   292    0x02 0xc1 0x26 0x23  sw      x12, 44(x2)
	   296    0x02 0x81 0x26 0x03  lw      x12, 40(x2)
	   300    0x03 0x01 0x25 0x03  lw      x10, 48(x2)
	   304    0x02 0xc1 0x27 0x03  lw      x14, 44(x2)
	   308    0x03 0xf0 0x06 0x93  li      x13, 63
	   312    0x00 0xd5 0x6c 0x63  bltu    x10, x13, 24
	   316    0x00 0xe6 0x66 0x33  or      x12, x12, x14
	   320    0x00 0xc0 0x36 0x33  snez    x12, x12
	   324    0x41 0xf6 0x56 0x93  srai    x13, x12, 31
	   328    0x20 0x00 0x07 0x37  lui     x14, 131072
	   332    0x08 0x40 0x00 0x6f  j       132
	   336    0x00 0x06 0x07 0x93  mv      x15, x12
	   340    0x00 0x07 0x06 0x93  mv      x13, x14
	   344    0x02 0xa0 0x06 0x63  beqz    x10, 44
	   348    0xfe 0x05 0x06 0x93  addi    x13, x10, -32
	   352    0x00 0x06 0xc8 0x63  bltz    x13, 16
	   356    0x00 0xd7 0x57 0xb3  srl     x15, x14, x13
	   360    0x00 0x00 0x06 0x93  li      x13, 0
	   364    0x01 0x80 0x00 0x6f  j       24
	   368    0x40 0xd0 0x06 0xb3  neg     x13, x13
	   372    0x00 0xd7 0x15 0xb3  sll     x11, x14, x13
	   376    0x00 0xa6 0x57 0xb3  srl     x15, x12, x10
	   380    0x00 0xa7 0x56 0xb3  srl     x13, x14, x10
	   384    0x00 0xf5 0xe7 0xb3  or      x15, x11, x15
	   388    0x40 0xa0 0x05 0x33  neg     x10, x10
	   392    0x03 0xf5 0x75 0x13  andi    x10, x10, 63
	   396    0x02 0xa0 0x06 0x63  beqz    x10, 44
	   400    0xfe 0x05 0x05 0x93  addi    x11, x10, -32
	   404    0x00 0x05 0xc8 0x63  bltz    x11, 16
	   408    0x00 0xb6 0x17 0x33  sll     x14, x12, x11
	   412    0x00 0x00 0x06 0x13  li      x12, 0
	   416    0x01 0x80 0x00 0x6f  j       24
	   420    0x40 0xb0 0x05 0xb3  neg     x11, x11
	   424    0x00 0xb6 0x55 0xb3  srl     x11, x12, x11
	   428    0x00 0xa7 0x17 0x33  sll     x14, x14, x10
	   432    0x00 0xa6 0x16 0x33  sll     x12, x12, x10
	   436    0x00 0xb7 0x67 0x33  or      x14, x14, x11
	   440    0x00 0xe6 0x66 0x33  or      x12, x12, x14
	   444    0x00 0xc0 0x36 0x33  snez    x12, x12
	   448    0x41 0xf6 0x57 0x13  srai    x14, x12, 31
	   452    0x00 0xd7 0x66 0xb3  or      x13, x14, x13
	   456    0x00 0xf6 0x66 0x33  or      x12, x12, x15
	   460    0x20 0x00 0x07 0x37  lui     x14, 131072
	   464    0x02 0xc1 0x24 0x23  sw      x12, 40(x2)
	   468    0x02 0xd1 0x26 0x23  sw      x13, 44(x2)
	   472    0x10 0xc0 0x00 0x6f  j       268
	   476    0x02 0x41 0x26 0x03  lw      x12, 36(x2)
	   480    0x7f 0xf0 0x06 0x93  li      x13, 2047
	   484    0x24 0xc6 0x8e 0x63  beq     x13, x12, 604
	   488    0x02 0x41 0x26 0x03  lw      x12, 36(x2)
	   492    0x02 0xc1 0x2e 0x23  sw      x12, 60(x2)
	   496    0x01 0x81 0x26 0x03  lw      x12, 24(x2)
	   500    0x02 0xc0 0x14 0x63  bnez    x12, 40
	   504    0x01 0xc1 0x26 0x83  lw      x13, 28(x2)
	   508    0x02 0x01 0x27 0x03  lw      x14, 32(x2)
	   512    0x01 0xf6 0xd6 0x13  srli    x12, x13, 31
	   516    0x00 0x17 0x17 0x13  slli    x14, x14, 1
	   520    0x00 0x16 0x96 0x93  slli    x13, x13, 1
	   524    0x00 0xe6 0x66 0x33  or      x12, x12, x14
	   528    0x00 0xd1 0x2e 0x23  sw      x13, 28(x2)
	   532    0x02 0xc1 0x20 0x23  sw      x12, 32(x2)
	   536    0x01 0xc0 0x00 0x6f  j       28
	   540    0x02 0x01 0x26 0x03  lw      x12, 32(x2)
	   544    0x20 0x00 0x07 0x37  lui     x14, 131072
	   548    0x01 0xc1 0x26 0x83  lw      x13, 28(x2)
	   552    0x00 0xe6 0x06 0x33  add     x12, x12, x14
	   556    0x00 0xd1 0x2e 0x23  sw      x13, 28(x2)
	   560    0x02 0xc1 0x20 0x23  sw      x12, 32(x2)
	   564    0x03 0x01 0x26 0x83  lw      x13, 48(x2)
	   568    0x40 0xd0 0x05 0x33  neg     x10, x13
	   572    0x01 0xc1 0x26 0x03  lw      x12, 28(x2)
	   576    0x02 0x01 0x27 0x03  lw      x14, 32(x2)
	   580    0x03 0xf0 0x06 0x93  li      x13, 63
	   584    0x00 0xd5 0x6a 0x63  bltu    x10, x13, 20
	   588    0x00 0xe6 0x66 0x33  or      x12, x12, x14
	   592    0x00 0xc0 0x36 0x33  snez    x12, x12
	   596    0x41 0xf6 0x56 0x93  srai    x13, x12, 31
	   600    0x08 0x00 0x00 0x6f  j       128
	   604    0x00 0x06 0x07 0x93  mv      x15, x12
	   608    0x00 0x07 0x06 0x93  mv      x13, x14
	   612    0x02 0xa0 0x06 0x63  beqz    x10, 44
	   616    0xfe 0x05 0x06 0x93  addi    x13, x10, -32
	   620    0x00 0x06 0xc8 0x63  bltz    x13, 16
	   624    0x00 0xd7 0x57 0xb3  srl     x15, x14, x13
	   628    0x00 0x00 0x06 0x93  li      x13, 0
	   632    0x01 0x80 0x00 0x6f  j       24
	   636    0x40 0xd0 0x06 0xb3  neg     x13, x13
	   640    0x00 0xd7 0x15 0xb3  sll     x11, x14, x13
	   644    0x00 0xa6 0x57 0xb3  srl     x15, x12, x10
	   648    0x00 0xa7 0x56 0xb3  srl     x13, x14, x10
	   652    0x00 0xf5 0xe7 0xb3  or      x15, x11, x15
	   656    0x40 0xa0 0x05 0x33  neg     x10, x10
	   660    0x03 0xf5 0x75 0x13  andi    x10, x10, 63
	   664    0x02 0xa0 0x06 0x63  beqz    x10, 44
	   668    0xfe 0x05 0x05 0x93  addi    x11, x10, -32
	   672    0x00 0x05 0xc8 0x63  bltz    x11, 16
	   676    0x00 0xb6 0x17 0x33  sll     x14, x12, x11
	   680    0x00 0x00 0x06 0x13  li      x12, 0
	   684    0x01 0x80 0x00 0x6f  j       24
	   688    0x40 0xb0 0x05 0xb3  neg     x11, x11
	   692    0x00 0xb6 0x55 0xb3  srl     x11, x12, x11
	   696    0x00 0xa7 0x17 0x33  sll     x14, x14, x10
	   700    0x00 0xa6 0x16 0x33  sll     x12, x12, x10
	   704    0x00 0xb7 0x67 0x33  or      x14, x14, x11
	   708    0x00 0xe6 0x66 0x33  or      x12, x12, x14
	   712    0x00 0xc0 0x36 0x33  snez    x12, x12
	   716    0x41 0xf6 0x57 0x13  srai    x14, x12, 31
	   720    0x00 0xf6 0x66 0x33  or      x12, x12, x15
	   724    0x00 0xd7 0x66 0xb3  or      x13, x14, x13
	   728    0x00 0xc1 0x2e 0x23  sw      x12, 28(x2)
	   732    0x02 0xd1 0x20 0x23  sw      x13, 32(x2)
	   736    0x20 0x00 0x07 0x37  lui     x14, 131072
	   740    0x01 0xc1 0x26 0x03  lw      x12, 28(x2)
	   744    0x02 0x81 0x26 0x83  lw      x13, 40(x2)
	   748    0x02 0x01 0x27 0x83  lw      x15, 32(x2)
	   752    0x00 0xd6 0x06 0xb3  add     x13, x12, x13
	   756    0x02 0xc1 0x25 0x03  lw      x10, 44(x2)
	   760    0x00 0xf7 0x07 0x33  add     x14, x14, x15
	   764    0x00 0xe5 0x07 0x33  add     x14, x10, x14
	   768    0x00 0xc6 0xb6 0x33  sltu    x12, x13, x12
	   772    0x00 0xe6 0x06 0x33  add     x12, x12, x14
	   776    0x04 0xd1 0x20 0x23  sw      x13, 64(x2)
	   780    0x04 0xc1 0x22 0x23  sw      x12, 68(x2)
	   784    0x04 0x41 0x26 0x03  lw      x12, 68(x2)
	   788    0x40 0x00 0x06 0xb7  lui     x13, 262144
	   792    0x0a 0xd6 0x70 0x63  bgeu    x12, x13, 160
	   796    0x03 0xc1 0x26 0x03  lw      x12, 60(x2)
	   800    0xff 0xf6 0x06 0x13  addi    x12, x12, -1
	   804    0x02 0xc1 0x2e 0x23  sw      x12, 60(x2)
	   808    0x04 0x01 0x26 0x83  lw      x13, 64(x2)
	   812    0x04 0x41 0x27 0x03  lw      x14, 68(x2)
	   816    0x01 0xf6 0xd6 0x13  srli    x12, x13, 31
	   820    0x00 0x17 0x17 0x13  slli    x14, x14, 1
	   824    0x00 0x16 0x96 0x93  slli    x13, x13, 1
	   828    0x00 0xe6 0x66 0x33  or      x12, x12, x14
	   832    0x04 0xd1 0x20 0x23  sw      x13, 64(x2)
	   836    0x04 0xc1 0x22 0x23  sw      x12, 68(x2)
	   840    0x07 0x00 0x00 0x6f  j       112
	   844    0x01 0x81 0x26 0x03  lw      x12, 24(x2)
	   848    0x12 0xc0 0x00 0x63  beqz    x12, 288
	   852    0x01 0x81 0x26 0x03  lw      x12, 24(x2)
	   856    0x7f 0xf0 0x06 0x93  li      x13, 2047
	   860    0x14 0xc6 0x82 0x63  beq     x13, x12, 324
	   864    0x01 0x81 0x26 0x03  lw      x12, 24(x2)
	   868    0x02 0xc1 0x2e 0x23  sw      x12, 60(x2)
	   872    0x01 0xc1 0x26 0x03  lw      x12, 28(x2)
	   876    0x02 0x81 0x26 0x83  lw      x13, 40(x2)
	   880    0x02 0x01 0x27 0x83  lw      x15, 32(x2)
	   884    0x00 0x20 0x05 0x37  lui     x10, 512
	   888    0x00 0xd6 0x06 0xb3  add     x13, x12, x13
	   892    0x02 0xc1 0x27 0x03  lw      x14, 44(x2)
	   896    0x00 0xf5 0x07 0xb3  add     x15, x10, x15
	   900    0x00 0xf7 0x07 0x33  add     x14, x14, x15
	   904    0x00 0xc6 0xb6 0x33  sltu    x12, x13, x12
	   908    0x00 0xe6 0x06 0x33  add     x12, x12, x14
	   912    0x04 0xd1 0x20 0x23  sw      x13, 64(x2)
	   916    0x04 0xc1 0x22 0x23  sw      x12, 68(x2)
	   920    0x04 0x01 0x26 0x83  lw      x13, 64(x2)
	   924    0x04 0x41 0x27 0x03  lw      x14, 68(x2)
	   928    0x01 0x76 0xd6 0x13  srli    x12, x13, 23
	   932    0x00 0x97 0x17 0x13  slli    x14, x14, 9
	   936    0x00 0x96 0x96 0x93  slli    x13, x13, 9
	   940    0x00 0xe6 0x66 0x33  or      x12, x12, x14
	   944    0x04 0xd1 0x20 0x23  sw      x13, 64(x2)
	   948    0x04 0xc1 0x22 0x23  sw      x12, 68(x2)
	   952    0x00 0x41 0x26 0x03  lw      x12, 4(x2)
	   956    0x03 0xc1 0x26 0x83  lw      x13, 60(x2)
	   960    0x04 0x01 0x27 0x03  lw      x14, 64(x2)
	   964    0x04 0x41 0x27 0x83  lw      x15, 68(x2)
.call
	   968    0x00 0x00 0x00 0xef  call    softfloat_roundPackToF64
	   972    0x00 0x01 0x26 0x03  lw      x12, 0(x2)
	   976    0x05 0x01 0x01 0x13  addi    x2,  x2,  80
.rts
	   980    0x00 0x06 0x00 0x67  jr      x12
.label __ll1_softfloat_addMagsF64
	   984    0x01 0x01 0x26 0x03  lw      x12, 16(x2)
	   988    0x00 0x81 0x27 0x03  lw      x14, 8(x2)
	   992    0x01 0x41 0x26 0x83  lw      x13, 20(x2)
	   996    0x00 0xc1 0x27 0x83  lw      x15, 12(x2)
.call
	  1000    0x00 0x00 0x00 0xef  call    softfloat_propagateNaNF64UI
	  1004    0x02 0xa1 0x2a 0x23  sw      x10, 52(x2)
	  1008    0x02 0xb1 0x2c 0x23  sw      x11, 56(x2)
	  1012    0x00 0x01 0x26 0x03  lw      x12, 0(x2)
.label __ll2_softfloat_addMagsF64
	  1016    0x03 0x41 0x26 0x83  lw      x13, 52(x2)
	  1020    0x04 0xd1 0x24 0x23  sw      x13, 72(x2)
	  1024    0x03 0x81 0x26 0x83  lw      x13, 56(x2)
	  1028    0x04 0xd1 0x26 0x23  sw      x13, 76(x2)
	  1032    0x04 0x81 0x25 0x03  lw      x10, 72(x2)
	  1036    0x04 0xc1 0x25 0x83  lw      x11, 76(x2)
	  1040    0x05 0x01 0x01 0x13  addi    x2,  x2,  80
.rts
	  1044    0x00 0x06 0x00 0x67  jr      x12
	  1048    0x01 0xc1 0x26 0x03  lw      x12, 28(x2)
	  1052    0x02 0x01 0x26 0x83  lw      x13, 32(x2)
	  1056    0x00 0xd6 0x66 0x33  or      x12, x12, x13
	  1060    0xfa 0xc0 0x1a 0xe3  bnez    x12, -76
	  1064    0x00 0x01 0x26 0x03  lw      x12, 0(x2)
	  1068    0x01 0x01 0x27 0x03  lw      x14, 16(x2)
	  1072    0x01 0x41 0x26 0x83  lw      x13, 20(x2)
	  1076    0x02 0xe1 0x2a 0x23  sw      x14, 52(x2)
	  1080    0x02 0xd1 0x2c 0x23  sw      x13, 56(x2)
	  1084    0xfb 0xdf 0xf0 0x6f  j       -68
	  1088    0x02 0x81 0x26 0x03  lw      x12, 40(x2)
	  1092    0x02 0xc1 0x26 0x83  lw      x13, 44(x2)
	  1096    0x00 0xd6 0x66 0x33  or      x12, x12, x13
	  1100    0xf8 0xc0 0x16 0xe3  bnez    x12, -116
	  1104    0x00 0x01 0x26 0x03  lw      x12, 0(x2)
	  1108    0x00 0x41 0x26 0x83  lw      x13, 4(x2)
	  1112    0x01 0xf6 0x96 0x93  slli    x13, x13, 31
	  1116    0x7f 0xf0 0x07 0x37  lui     x14, 524032
	  1120    0x00 0xd7 0x06 0xb3  add     x13, x14, x13
	  1124    0x02 0x01 0x2a 0x23  sw      x0,  52(x2)
	  1128    0x02 0xd1 0x2c 0x23  sw      x13, 56(x2)
	  1132    0xf8 0xdf 0xf0 0x6f  j       -116
	  1136    0x01 0x01 0x26 0x03  lw      x12, 16(x2)
	  1140    0x02 0x81 0x26 0x83  lw      x13, 40(x2)
	  1144    0x00 0xd6 0x06 0xb3  add     x13, x12, x13
	  1148    0x01 0x41 0x27 0x03  lw      x14, 20(x2)
	  1152    0x02 0xc1 0x27 0x83  lw      x15, 44(x2)
	  1156    0x00 0xf7 0x07 0x33  add     x14, x14, x15
	  1160    0x00 0xc6 0xb6 0x33  sltu    x12, x13, x12
	  1164    0x00 0xe6 0x06 0x33  add     x12, x12, x14
	  1168    0x02 0xc1 0x2c 0x23  sw      x12, 56(x2)
	  1172    0x02 0xd1 0x2a 0x23  sw      x13, 52(x2)
	  1176    0x00 0x01 0x26 0x03  lw      x12, 0(x2)
	  1180    0xf5 0xdf 0xf0 0x6f  j       -164
	  1184    0x01 0xc1 0x26 0x83  lw      x13, 28(x2)
	  1188    0x02 0x81 0x27 0x03  lw      x14, 40(x2)
	  1192    0x02 0x01 0x26 0x03  lw      x12, 32(x2)
	  1196    0x02 0xc1 0x27 0x83  lw      x15, 44(x2)
	  1200    0x00 0xd7 0x66 0xb3  or      x13, x14, x13
	  1204    0x00 0xf6 0x66 0x33  or      x12, x12, x15
	  1208    0x00 0xd6 0x66 0x33  or      x12, x12, x13
	  1212    0xf0 0xc0 0x1e 0xe3  bnez    x12, -228
	  1216    0x00 0x01 0x26 0x03  lw      x12, 0(x2)
	  1220    0x01 0x01 0x27 0x03  lw      x14, 16(x2)
	  1224    0x01 0x41 0x26 0x83  lw      x13, 20(x2)
	  1228    0x02 0xe1 0x2a 0x23  sw      x14, 52(x2)
	  1232    0x02 0xd1 0x2c 0x23  sw      x13, 56(x2)
.label softfloat_addMagsF64__end last
	  1236    0xf2 0x5f 0xf0 0x6f  j       -220

.undef global text softfloat_roundPackToF64

.undef global text softfloat_propagateNaNF64UI

