
; File generated by darts version U-2022.12#33f3808fcb#221128, Fri Mar  8 16:47:22 2024
; Copyright 2014-2022 Synopsys, Inc. All rights reserved.
; darts -I.. -d -h -ISoftFloat-3e/source/include -ISoftFloat-3e/source/riscv -ISoftFloat-3e/build/chess -I../runtime/include -DCHESS_CXX_ATTRIBUTES -DSOFTFLOAT_NO_EXCEPTIONS -DINLINE_LEVEL=5 -DSOFTFLOAT_FAST_DIV32TO16 -D__tct_patch__=0 -L +Ihex Debug/s_addMagsF32.o trv32p3_cnn

; Release: ipd U-2022.12
.undef global data softfloat_countLeadingZeros8

.text_segment_name
.text global 0 softfloat_addMagsF32
	     0    0xfc 0xc1 0x01 0x13  addi    x2,  x2,  -52
	     4    0x00 0x00 0x00 0x33  nop
	     8    0x00 0xc1 0x22 0x23  sw      x12, 4(x2)
	    12    0x00 0xb1 0x24 0x23  sw      x11, 8(x2)
	    16    0x00 0x81 0x25 0x83  lw      x11, 8(x2)
	    20    0x01 0x75 0xd5 0x93  srli    x11, x11, 23
	    24    0x0f 0xf5 0xf5 0x93  zext.b  x11, x11
	    28    0x00 0xb1 0x26 0x23  sw      x11, 12(x2)
	    32    0x00 0x80 0x05 0x37  lui     x10, 2048
	    36    0x00 0x81 0x25 0x83  lw      x11, 8(x2)
	    40    0xff 0xf5 0x05 0x13  addi    x10, x10, -1
	    44    0x00 0xb5 0x75 0xb3  and     x11, x10, x11
	    48    0x00 0xb1 0x28 0x23  sw      x11, 16(x2)
	    52    0x00 0x41 0x25 0x83  lw      x11, 4(x2)
	    56    0x01 0x75 0xd5 0x93  srli    x11, x11, 23
	    60    0x0f 0xf5 0xf5 0x93  zext.b  x11, x11
	    64    0x00 0xb1 0x2a 0x23  sw      x11, 20(x2)
	    68    0x00 0x41 0x25 0x83  lw      x11, 4(x2)
	    72    0x00 0xb5 0x75 0xb3  and     x11, x10, x11
	    76    0x00 0xb1 0x2c 0x23  sw      x11, 24(x2)
	    80    0x00 0xc1 0x25 0x83  lw      x11, 12(x2)
	    84    0x01 0x41 0x25 0x03  lw      x10, 20(x2)
	    88    0x40 0xa5 0x85 0xb3  sub     x11, x11, x10
	    92    0x00 0xb1 0x2e 0x23  sw      x11, 28(x2)
	    96    0x01 0xc1 0x25 0x83  lw      x11, 28(x2)
	   100    0x14 0xb0 0x06 0x63  beqz    x11, 332
	   104    0x00 0x81 0x25 0x83  lw      x11, 8(x2)
	   108    0x01 0xf5 0xd5 0x93  srli    x11, x11, 31
	   112    0x00 0xb0 0x35 0xb3  snez    x11, x11
	   116    0x02 0xb1 0x22 0x23  sw      x11, 36(x2)
	   120    0x00 0x11 0x20 0x23  sw      x1,  0(x2)
	   124    0x01 0x01 0x20 0x83  lw      x1,  16(x2)
	   128    0x00 0x60 0x90 0x93  slli    x1,  x1,  6
	   132    0x00 0x11 0x28 0x23  sw      x1,  16(x2)
	   136    0x01 0x81 0x20 0x83  lw      x1,  24(x2)
	   140    0x00 0x60 0x90 0x93  slli    x1,  x1,  6
	   144    0x00 0x11 0x2c 0x23  sw      x1,  24(x2)
	   148    0x01 0xc1 0x20 0x83  lw      x1,  28(x2)
	   152    0x06 0x00 0xc8 0x63  bltz    x1,  112
	   156    0x00 0xc1 0x20 0x83  lw      x1,  12(x2)
	   160    0x0f 0xf0 0x05 0x93  li      x11, 255
	   164    0x1c 0x15 0x80 0x63  beq     x11, x1,  448
	   168    0x00 0xc1 0x20 0x83  lw      x1,  12(x2)
	   172    0x02 0x11 0x24 0x23  sw      x1,  40(x2)
	   176    0x01 0x81 0x25 0x83  lw      x11, 24(x2)
	   180    0x01 0x41 0x25 0x03  lw      x10, 20(x2)
	   184    0x20 0x00 0x00 0xb7  lui     x1,  131072
	   188    0x20 0x00 0x06 0x37  lui     x12, 131072
	   192    0x00 0xa0 0x14 0x63  bnez    x10, 8
	   196    0x01 0x81 0x26 0x03  lw      x12, 24(x2)
	   200    0x00 0xb6 0x05 0xb3  add     x11, x12, x11
	   204    0x00 0xb1 0x2c 0x23  sw      x11, 24(x2)
	   208    0x01 0x81 0x25 0x83  lw      x11, 24(x2)
	   212    0x01 0xc1 0x25 0x03  lw      x10, 28(x2)
	   216    0x01 0xf0 0x06 0x13  li      x12, 31
	   220    0x00 0xc5 0x66 0x63  bltu    x10, x12, 12
	   224    0x00 0xb0 0x35 0xb3  snez    x11, x11
	   228    0x01 0xc0 0x00 0x6f  j       28
	   232    0x40 0xa0 0x06 0x33  neg     x12, x10
	   236    0x01 0xf6 0x76 0x13  andi    x12, x12, 31
	   240    0x00 0xc5 0x96 0x33  sll     x12, x11, x12
	   244    0x00 0xa5 0xd5 0xb3  srl     x11, x11, x10
	   248    0x00 0xc0 0x35 0x33  snez    x10, x12
	   252    0x00 0xb5 0x65 0xb3  or      x11, x10, x11
	   256    0x00 0xb1 0x2c 0x23  sw      x11, 24(x2)
	   260    0x07 0x00 0x00 0x6f  j       112
	   264    0x01 0x41 0x20 0x83  lw      x1,  20(x2)
	   268    0x0f 0xf0 0x05 0x93  li      x11, 255
	   272    0x16 0x15 0x86 0x63  beq     x11, x1,  364
	   276    0x01 0x41 0x20 0x83  lw      x1,  20(x2)
	   280    0x02 0x11 0x24 0x23  sw      x1,  40(x2)
	   284    0x01 0x01 0x25 0x83  lw      x11, 16(x2)
	   288    0x00 0xc1 0x25 0x03  lw      x10, 12(x2)
	   292    0x20 0x00 0x00 0xb7  lui     x1,  131072
	   296    0x20 0x00 0x06 0x37  lui     x12, 131072
	   300    0x00 0xa0 0x14 0x63  bnez    x10, 8
	   304    0x01 0x01 0x26 0x03  lw      x12, 16(x2)
	   308    0x00 0xb6 0x05 0xb3  add     x11, x12, x11
	   312    0x00 0xb1 0x28 0x23  sw      x11, 16(x2)
	   316    0x01 0xc1 0x25 0x03  lw      x10, 28(x2)
	   320    0x01 0x01 0x25 0x83  lw      x11, 16(x2)
	   324    0x40 0xa0 0x05 0x33  neg     x10, x10
	   328    0x01 0xf0 0x06 0x13  li      x12, 31
	   332    0x00 0xc5 0x66 0x63  bltu    x10, x12, 12
	   336    0x00 0xb0 0x35 0xb3  snez    x11, x11
	   340    0x01 0xc0 0x00 0x6f  j       28
	   344    0x40 0xa0 0x06 0x33  neg     x12, x10
	   348    0x01 0xf6 0x76 0x13  andi    x12, x12, 31
	   352    0x00 0xc5 0x96 0x33  sll     x12, x11, x12
	   356    0x00 0xa5 0xd5 0xb3  srl     x11, x11, x10
	   360    0x00 0xc0 0x35 0x33  snez    x10, x12
	   364    0x00 0xb5 0x65 0xb3  or      x11, x10, x11
	   368    0x00 0xb1 0x28 0x23  sw      x11, 16(x2)
	   372    0x01 0x01 0x25 0x83  lw      x11, 16(x2)
	   376    0x01 0x81 0x25 0x03  lw      x10, 24(x2)
	   380    0x00 0xb0 0x80 0xb3  add     x1,  x1,  x11
	   384    0x00 0x15 0x00 0xb3  add     x1,  x10, x1
	   388    0x02 0x11 0x26 0x23  sw      x1,  44(x2)
	   392    0x02 0xc1 0x20 0x83  lw      x1,  44(x2)
	   396    0x40 0x00 0x05 0xb7  lui     x11, 262144
	   400    0x08 0xb0 0xf6 0x63  bgeu    x1,  x11, 140
	   404    0x02 0x81 0x20 0x83  lw      x1,  40(x2)
	   408    0xff 0xf0 0x80 0x93  addi    x1,  x1,  -1
	   412    0x02 0x11 0x24 0x23  sw      x1,  40(x2)
	   416    0x02 0xc1 0x20 0x83  lw      x1,  44(x2)
	   420    0x00 0x10 0x90 0x93  slli    x1,  x1,  1
	   424    0x02 0x11 0x26 0x23  sw      x1,  44(x2)
	   428    0x07 0x00 0x00 0x6f  j       112
	   432    0x00 0xc1 0x25 0x83  lw      x11, 12(x2)
	   436    0x0e 0xb0 0x06 0x63  beqz    x11, 236
	   440    0x00 0xc1 0x25 0x83  lw      x11, 12(x2)
	   444    0x0f 0xf0 0x05 0x13  li      x10, 255
	   448    0x0e 0xb5 0x0a 0x63  beq     x10, x11, 244
	   452    0x00 0x81 0x25 0x83  lw      x11, 8(x2)
	   456    0x01 0xf5 0xd5 0x93  srli    x11, x11, 31
	   460    0x00 0xb0 0x35 0xb3  snez    x11, x11
	   464    0x02 0xb1 0x22 0x23  sw      x11, 36(x2)
	   468    0x00 0xc1 0x25 0x83  lw      x11, 12(x2)
	   472    0x02 0xb1 0x24 0x23  sw      x11, 40(x2)
	   476    0x01 0x01 0x25 0x83  lw      x11, 16(x2)
	   480    0x01 0x00 0x06 0x37  lui     x12, 4096
	   484    0x01 0x81 0x25 0x03  lw      x10, 24(x2)
	   488    0x00 0xb6 0x05 0xb3  add     x11, x12, x11
	   492    0x00 0xb5 0x05 0xb3  add     x11, x10, x11
	   496    0x02 0xb1 0x26 0x23  sw      x11, 44(x2)
	   500    0x02 0xc1 0x25 0x83  lw      x11, 44(x2)
	   504    0x00 0x15 0xf5 0x93  andi    x11, x11, 1
	   508    0x00 0xb0 0x18 0x63  bnez    x11, 16
	   512    0x02 0x81 0x25 0x83  lw      x11, 40(x2)
	   516    0x0f 0xe0 0x05 0x13  li      x10, 254
	   520    0x0c 0xa5 0xc4 0x63  blt     x11, x10, 200
	   524    0x00 0x11 0x20 0x23  sw      x1,  0(x2)
	   528    0x02 0xc1 0x20 0x83  lw      x1,  44(x2)
	   532    0x00 0x60 0x90 0x93  slli    x1,  x1,  6
	   536    0x02 0x11 0x26 0x23  sw      x1,  44(x2)
	   540    0x02 0x41 0x25 0x83  lw      x11, 36(x2)
	   544    0x02 0x81 0x26 0x03  lw      x12, 40(x2)
	   548    0x02 0xc1 0x26 0x83  lw      x13, 44(x2)
.call
	   552    0x00 0x00 0x00 0xef  call    softfloat_roundPackToF32
	   556    0x00 0x01 0x20 0x83  lw      x1,  0(x2)
	   560    0x03 0x41 0x01 0x13  addi    x2,  x2,  52
.rts
	   564    0x00 0x00 0x80 0x67  ret
.label __ll1_softfloat_addMagsF32
	   568    0x00 0x81 0x25 0x83  lw      x11, 8(x2)
	   572    0x00 0x41 0x26 0x03  lw      x12, 4(x2)
	   576    0x00 0x11 0x20 0x23  sw      x1,  0(x2)
.call
	   580    0x00 0x00 0x00 0xef  call    softfloat_propagateNaNF32UI
	   584    0x02 0xa1 0x20 0x23  sw      x10, 32(x2)
	   588    0x00 0x01 0x20 0x83  lw      x1,  0(x2)
.label __ll2_softfloat_addMagsF32
	   592    0x02 0x01 0x25 0x83  lw      x11, 32(x2)
	   596    0x02 0xb1 0x28 0x23  sw      x11, 48(x2)
	   600    0x03 0x01 0x25 0x03  lw      x10, 48(x2)
	   604    0x03 0x41 0x01 0x13  addi    x2,  x2,  52
.rts
	   608    0x00 0x00 0x80 0x67  ret
	   612    0x01 0x01 0x20 0x83  lw      x1,  16(x2)
	   616    0x08 0x10 0x18 0x63  bnez    x1,  144
	   620    0x00 0x01 0x20 0x83  lw      x1,  0(x2)
	   624    0x00 0x81 0x25 0x83  lw      x11, 8(x2)
	   628    0x02 0xb1 0x20 0x23  sw      x11, 32(x2)
	   632    0xfd 0x9f 0xf0 0x6f  j       -40
	   636    0x01 0x81 0x20 0x83  lw      x1,  24(x2)
	   640    0x08 0x10 0x10 0x63  bnez    x1,  128
	   644    0x00 0x01 0x20 0x83  lw      x1,  0(x2)
	   648    0x02 0x41 0x25 0x83  lw      x11, 36(x2)
	   652    0x01 0xf5 0x95 0x93  slli    x11, x11, 31
	   656    0x7f 0x80 0x05 0x37  lui     x10, 522240
	   660    0x00 0xb5 0x05 0xb3  add     x11, x10, x11
	   664    0x02 0xb1 0x20 0x23  sw      x11, 32(x2)
	   668    0xfb 0x5f 0xf0 0x6f  j       -76
	   672    0x00 0x81 0x25 0x83  lw      x11, 8(x2)
	   676    0x01 0x81 0x25 0x03  lw      x10, 24(x2)
	   680    0x00 0xb5 0x05 0xb3  add     x11, x10, x11
	   684    0x02 0xb1 0x20 0x23  sw      x11, 32(x2)
	   688    0xfa 0x1f 0xf0 0x6f  j       -96
	   692    0x01 0x01 0x25 0x83  lw      x11, 16(x2)
	   696    0x01 0x81 0x25 0x03  lw      x10, 24(x2)
	   700    0x00 0xb5 0x65 0xb3  or      x11, x10, x11
	   704    0xf6 0xb0 0x1c 0xe3  bnez    x11, -136
	   708    0x00 0x81 0x25 0x83  lw      x11, 8(x2)
	   712    0x02 0xb1 0x20 0x23  sw      x11, 32(x2)
	   716    0xf8 0x5f 0xf0 0x6f  j       -124
	   720    0x02 0x41 0x26 0x03  lw      x12, 36(x2)
	   724    0x02 0x81 0x25 0x03  lw      x10, 40(x2)
	   728    0x02 0xc1 0x25 0x83  lw      x11, 44(x2)
	   732    0x01 0xf6 0x16 0x13  slli    x12, x12, 31
	   736    0x01 0x75 0x15 0x13  slli    x10, x10, 23
	   740    0x00 0x15 0xd5 0x93  srli    x11, x11, 1
	   744    0x00 0xa6 0x05 0x33  add     x10, x12, x10
	   748    0x00 0xb5 0x05 0xb3  add     x11, x10, x11
	   752    0x02 0xb1 0x20 0x23  sw      x11, 32(x2)
	   756    0xf5 0xdf 0xf0 0x6f  j       -164
	   760    0x00 0x01 0x20 0x83  lw      x1,  0(x2)
	   764    0xf3 0xdf 0xf0 0x6f  j       -196
	   768    0x00 0x01 0x20 0x83  lw      x1,  0(x2)
.label softfloat_addMagsF32__end last
	   772    0xf3 0x5f 0xf0 0x6f  j       -204

.undef global text softfloat_roundPackToF32

.undef global text softfloat_propagateNaNF32UI

