
; File generated by darts version U-2022.12#33f3808fcb#221128, Thu Feb 29 17:34:25 2024
; Copyright 2014-2022 Synopsys, Inc. All rights reserved.
; darts -I.. -d -h -ISoftFloat-3e/source/include -ISoftFloat-3e/source/riscv -ISoftFloat-3e/build/chess -I../runtime/include -DCHESS_CXX_ATTRIBUTES -DSOFTFLOAT_NO_EXCEPTIONS -DINLINE_LEVEL=5 -DSOFTFLOAT_FAST_DIV32TO16 -D__tct_patch__=0 -L +Ihex Debug/s_approxRecipSqrt32_1.o trv32p3_cnn

; Release: ipd U-2022.12
.undef global data softfloat_approxRecipSqrt_1k0s

.undef global data softfloat_approxRecipSqrt_1k1s

.text_segment_name
.text global 0 softfloat_approxRecipSqrt32_1
	     0    0xfe 0x01 0x01 0x13  addi    x2,  x2,  -32
	     4    0x00 0x00 0x00 0x33  nop
	     8    0x00 0xc1 0x20 0x23  sw      x12, 0(x2)
	    12    0x00 0xb1 0x22 0x23  sw      x11, 4(x2)
	    16    0x00 0x01 0x25 0x83  lw      x11, 0(x2)
	    20    0x01 0xb5 0xd5 0x13  srli    x10, x11, 27
	    24    0x00 0x41 0x25 0x83  lw      x11, 4(x2)
	    28    0x00 0xe5 0x75 0x13  andi    x10, x10, 14
	    32    0x00 0xb5 0x05 0xb3  add     x11, x10, x11
	    36    0x00 0xb1 0x24 0x23  sw      x11, 8(x2)
	    40    0x00 0x01 0x25 0x83  lw      x11, 0(x2)
	    44    0x00 0xc5 0xd5 0x93  srli    x11, x11, 12
	    48    0x00 0xb1 0x16 0x23  sh      x11, 12(x2)
	    52    0x00 0x81 0x25 0x83  lw      x11, 8(x2)
	    56    0x00 0x15 0x96 0x13  slli    x12, x11, 1
	    60    0x00 0x81 0x25 0x03  lw      x10, 8(x2)
	    64    0x00 0xc1 0x55 0x83  lhu     x11, 12(x2)
	    68    0x00 0x06 0x56 0x03  lhu     x12, softfloat_approxRecipSqrt_1k1s(x12)
	    72    0x00 0x15 0x15 0x13  slli    x10, x10, 1
	    76    0x02 0xb6 0x05 0xb3  mul     x11, x12, x11
	    80    0x00 0x05 0x55 0x03  lhu     x10, softfloat_approxRecipSqrt_1k0s(x10)
	    84    0x01 0x45 0xd5 0x93  srli    x11, x11, 20
	    88    0x40 0xb5 0x05 0xb3  sub     x11, x10, x11
	    92    0x00 0xb1 0x17 0x23  sh      x11, 14(x2)
	    96    0x00 0xe1 0x55 0x83  lhu     x11, 14(x2)
	   100    0x00 0xe1 0x55 0x03  lhu     x10, 14(x2)
	   104    0x02 0xb5 0x05 0xb3  mul     x11, x10, x11
	   108    0x00 0xb1 0x28 0x23  sw      x11, 16(x2)
	   112    0x00 0x41 0x25 0x83  lw      x11, 4(x2)
	   116    0x00 0xb0 0x18 0x63  bnez    x11, 16
	   120    0x01 0x01 0x25 0x83  lw      x11, 16(x2)
	   124    0x00 0x15 0x95 0x93  slli    x11, x11, 1
	   128    0x00 0xb1 0x28 0x23  sw      x11, 16(x2)
	   132    0x01 0x01 0x25 0x83  lw      x11, 16(x2)
	   136    0x00 0x01 0x25 0x03  lw      x10, 0(x2)
	   140    0x02 0xb5 0x36 0x33  mulhu   x12, x10, x11
	   144    0x02 0xb5 0x05 0xb3  mul     x11, x10, x11
	   148    0x00 0x96 0x15 0x13  slli    x10, x12, 9
	   152    0x01 0x75 0xd5 0x93  srli    x11, x11, 23
	   156    0x00 0xb5 0x65 0xb3  or      x11, x10, x11
	   160    0xff 0xf5 0xc5 0x93  not     x11, x11
	   164    0x00 0xb1 0x2a 0x23  sw      x11, 20(x2)
	   168    0x00 0xe1 0x55 0x03  lhu     x10, 14(x2)
	   172    0x01 0x41 0x26 0x03  lw      x12, 20(x2)
	   176    0x02 0xa6 0x05 0xb3  mul     x11, x12, x10
	   180    0x02 0xa6 0x36 0x33  mulhu   x12, x12, x10
	   184    0x00 0xe1 0x55 0x03  lhu     x10, 14(x2)
	   188    0x00 0x76 0x16 0x13  slli    x12, x12, 7
	   192    0x01 0x95 0xd5 0x93  srli    x11, x11, 25
	   196    0x01 0x05 0x15 0x13  slli    x10, x10, 16
	   200    0x00 0xb6 0x65 0xb3  or      x11, x12, x11
	   204    0x00 0xb5 0x05 0xb3  add     x11, x10, x11
	   208    0x00 0xb1 0x2c 0x23  sw      x11, 24(x2)
	   212    0x01 0x41 0x25 0x83  lw      x11, 20(x2)
	   216    0x01 0x41 0x25 0x03  lw      x10, 20(x2)
	   220    0x02 0xb5 0x35 0xb3  mulhu   x11, x10, x11
	   224    0x00 0xb1 0x2e 0x23  sw      x11, 28(x2)
	   228    0x01 0x81 0x26 0x03  lw      x12, 24(x2)
	   232    0x01 0x81 0x25 0x03  lw      x10, 24(x2)
	   236    0x00 0x16 0x56 0x13  srli    x12, x12, 1
	   240    0x00 0x35 0x55 0x13  srli    x10, x10, 3
	   244    0x00 0xe1 0x55 0x83  lhu     x11, 14(x2)
	   248    0x00 0xa6 0x05 0x33  add     x10, x12, x10
	   252    0x00 0xe5 0x95 0x93  slli    x11, x11, 14
	   256    0x01 0xc1 0x26 0x03  lw      x12, 28(x2)
	   260    0x40 0xb5 0x05 0xb3  sub     x11, x10, x11
	   264    0x02 0xb6 0x35 0x33  mulhu   x10, x12, x11
	   268    0x01 0x81 0x25 0x83  lw      x11, 24(x2)
	   272    0x01 0x05 0x55 0x13  srli    x10, x10, 16
	   276    0x00 0xb5 0x05 0xb3  add     x11, x10, x11
	   280    0x00 0xb1 0x2c 0x23  sw      x11, 24(x2)
	   284    0x01 0x81 0x25 0x03  lw      x10, 24(x2)
	   288    0x80 0x00 0x05 0xb7  lui     x11, -524288
	   292    0x00 0xb5 0x75 0x33  and     x10, x10, x11
	   296    0x00 0xa0 0x14 0x63  bnez    x10, 8
	   300    0x00 0xb1 0x2c 0x23  sw      x11, 24(x2)
	   304    0x01 0x81 0x25 0x03  lw      x10, 24(x2)
	   308    0x02 0x01 0x01 0x13  addi    x2,  x2,  32
.label softfloat_approxRecipSqrt32_1__end last
.rts
	   312    0x00 0x00 0x80 0x67  ret

.undef global data softfloat_approxRecipSqrt_1k0s

.undef global data softfloat_approxRecipSqrt_1k1s

