
; File generated by darts version U-2022.12#33f3808fcb#221128, Fri Feb 16 13:34:17 2024
; Copyright 2014-2022 Synopsys, Inc. All rights reserved.
; darts -I.. -d -h -ISoftFloat-3e/source/include -ISoftFloat-3e/source/riscv -ISoftFloat-3e/build/chess -I../runtime/include -DCHESS_CXX_ATTRIBUTES -DSOFTFLOAT_NO_EXCEPTIONS -DINLINE_LEVEL=5 -DSOFTFLOAT_FAST_DIV32TO16 -D__tct_patch__=0 -L +Ihex Debug/s_approxRecip_1Ks.o trv32p3_cnn

; Release: ipd U-2022.12
.data_segment_name
.rodata global 2 softfloat_approxRecip_1k0s DMb
	0xc4
	0xff
	0xbe
	0xf0
	0x63
	0xe3
	0x6f
	0xd7
	0xad
	0xcc
	0xf0
	0xc2
	0x16
	0xba
	0x1
	0xb2
	0x97
	0xaa
	0xc6
	0xa3
	0x7a
	0x9d
	0xa6
	0x97
	0x3c
	0x92
	0x32
	0x8d
	0x7e
	0x88
	0x17
	0x84

.data_segment_name
.rodata global 2 softfloat_approxRecip_1k1s DMb
	0xf1
	0xf0
	0x2c
	0xd6
	0xa1
	0xbf
	0x77
	0xac
	0xa
	0x9c
	0xdb
	0x8d
	0x85
	0x81
	0xba
	0x76
	0x3b
	0x6d
	0xd4
	0x64
	0x5c
	0x5d
	0xb1
	0x56
	0xb6
	0x50
	0x55
	0x4b
	0x79
	0x46
	0x11
	0x42

.undef global data softfloat_countLeadingZeros8

