
; File generated by darts version U-2022.12#33f3808fcb#221128, Thu Feb 29 17:34:25 2024
; Copyright 2014-2022 Synopsys, Inc. All rights reserved.
; darts -I.. -d -h -ISoftFloat-3e/source/include -ISoftFloat-3e/source/riscv -ISoftFloat-3e/build/chess -I../runtime/include -DCHESS_CXX_ATTRIBUTES -DSOFTFLOAT_NO_EXCEPTIONS -DINLINE_LEVEL=5 -DSOFTFLOAT_FAST_DIV32TO16 -D__tct_patch__=0 -L +Ihex Debug/s_approxRecip32_1.o trv32p3_cnn

; Release: ipd U-2022.12
.undef global data softfloat_approxRecip_1k0s

.undef global data softfloat_approxRecip_1k1s

.text_segment_name
.text global 0 softfloat_approxRecip32_1
	     0    0xfe 0x81 0x01 0x13  addi    x2,  x2,  -24
	     4    0x00 0x00 0x00 0x33  nop
	     8    0x00 0xb1 0x20 0x23  sw      x11, 0(x2)
	    12    0x00 0x01 0x25 0x03  lw      x10, 0(x2)
	    16    0x01 0xb5 0x55 0x13  srli    x10, x10, 27
	    20    0x00 0xf5 0x75 0x13  andi    x10, x10, 15
	    24    0x00 0xa1 0x22 0x23  sw      x10, 4(x2)
	    28    0x00 0x01 0x25 0x03  lw      x10, 0(x2)
	    32    0x00 0xb5 0x55 0x13  srli    x10, x10, 11
	    36    0x00 0xa1 0x14 0x23  sh      x10, 8(x2)
	    40    0x00 0x41 0x25 0x03  lw      x10, 4(x2)
	    44    0x00 0x15 0x11 0x93  slli    x3,  x10, 1
	    48    0x00 0x41 0x25 0x83  lw      x11, 4(x2)
	    52    0x00 0x81 0x55 0x03  lhu     x10, 8(x2)
	    56    0x00 0x01 0xd1 0x83  lhu     x3,  softfloat_approxRecip_1k1s(x3)
	    60    0x00 0x15 0x95 0x93  slli    x11, x11, 1
	    64    0x02 0x35 0x05 0x33  mul     x10, x10, x3
	    68    0x00 0x05 0xd5 0x83  lhu     x11, softfloat_approxRecip_1k0s(x11)
	    72    0x01 0x45 0x55 0x13  srli    x10, x10, 20
	    76    0x40 0xa5 0x85 0x33  sub     x10, x11, x10
	    80    0x00 0xa1 0x15 0x23  sh      x10, 10(x2)
	    84    0x00 0xa1 0x55 0x03  lhu     x10, 10(x2)
	    88    0x00 0x01 0x25 0x83  lw      x11, 0(x2)
	    92    0x02 0xb5 0x31 0xb3  mulhu   x3,  x10, x11
	    96    0x02 0xb5 0x05 0x33  mul     x10, x10, x11
	   100    0x01 0x91 0x95 0x93  slli    x11, x3,  25
	   104    0x00 0x75 0x55 0x13  srli    x10, x10, 7
	   108    0x00 0xb5 0x65 0x33  or      x10, x10, x11
	   112    0xff 0xf5 0x45 0x13  not     x10, x10
	   116    0x00 0xa1 0x26 0x23  sw      x10, 12(x2)
	   120    0x00 0xa1 0x55 0x83  lhu     x11, 10(x2)
	   124    0x00 0xc1 0x21 0x83  lw      x3,  12(x2)
	   128    0x02 0xb1 0x85 0x33  mul     x10, x3,  x11
	   132    0x02 0xb1 0xb1 0xb3  mulhu   x3,  x3,  x11
	   136    0x00 0xa1 0x55 0x83  lhu     x11, 10(x2)
	   140    0x00 0x81 0x91 0x93  slli    x3,  x3,  8
	   144    0x01 0x85 0x55 0x13  srli    x10, x10, 24
	   148    0x01 0x05 0x95 0x93  slli    x11, x11, 16
	   152    0x00 0x35 0x65 0x33  or      x10, x10, x3
	   156    0x00 0xb5 0x05 0x33  add     x10, x10, x11
	   160    0x00 0xa1 0x28 0x23  sw      x10, 16(x2)
	   164    0x00 0xc1 0x25 0x03  lw      x10, 12(x2)
	   168    0x00 0xc1 0x25 0x83  lw      x11, 12(x2)
	   172    0x02 0xb5 0x35 0x33  mulhu   x10, x10, x11
	   176    0x00 0xa1 0x2a 0x23  sw      x10, 20(x2)
	   180    0x01 0x41 0x25 0x03  lw      x10, 20(x2)
	   184    0x01 0x01 0x25 0x83  lw      x11, 16(x2)
	   188    0x02 0xb5 0x35 0xb3  mulhu   x11, x10, x11
	   192    0x01 0x01 0x25 0x03  lw      x10, 16(x2)
	   196    0x01 0x05 0xd5 0x93  srli    x11, x11, 16
	   200    0x00 0xb5 0x05 0x33  add     x10, x10, x11
	   204    0x00 0xa1 0x28 0x23  sw      x10, 16(x2)
	   208    0x01 0x01 0x25 0x03  lw      x10, 16(x2)
	   212    0x01 0x81 0x01 0x13  addi    x2,  x2,  24
.label softfloat_approxRecip32_1__end last
.rts
	   216    0x00 0x00 0x80 0x67  ret

.undef global data softfloat_approxRecip_1k0s

.undef global data softfloat_approxRecip_1k1s

