
; File generated by darts version U-2022.12#33f3808fcb#221128, Fri Mar 22 18:34:08 2024
; Copyright 2014-2022 Synopsys, Inc. All rights reserved.
; darts -I.. -d -h -ISoftFloat-3e/source/include -ISoftFloat-3e/source/riscv -ISoftFloat-3e/build/chess -I../runtime/include -DCHESS_CXX_ATTRIBUTES -DSOFTFLOAT_NO_EXCEPTIONS -DINLINE_LEVEL=5 -DSOFTFLOAT_FAST_DIV32TO16 -D__tct_patch__=0 -L +Ihex Debug/s_countLeadingZeros8.o trv32p3_cnn

; Release: ipd U-2022.12
.data_segment_name
.rodata global 1 softfloat_countLeadingZeros8 DMb
	0x8
	0x7
	0x6
	0x6
	0x5
	0x5
	0x5
	0x5
	0x4
	0x4
	0x4
	0x4
	0x4
	0x4
	0x4
	0x4
	0x3
	0x3
	0x3
	0x3
	0x3
	0x3
	0x3
	0x3
	0x3
	0x3
	0x3
	0x3
	0x3
	0x3
	0x3
	0x3
	0x2
	0x2
	0x2
	0x2
	0x2
	0x2
	0x2
	0x2
	0x2
	0x2
	0x2
	0x2
	0x2
	0x2
	0x2
	0x2
	0x2
	0x2
	0x2
	0x2
	0x2
	0x2
	0x2
	0x2
	0x2
	0x2
	0x2
	0x2
	0x2
	0x2
	0x2
	0x2
	0x1
	0x1
	0x1
	0x1
	0x1
	0x1
	0x1
	0x1
	0x1
	0x1
	0x1
	0x1
	0x1
	0x1
	0x1
	0x1
	0x1
	0x1
	0x1
	0x1
	0x1
	0x1
	0x1
	0x1
	0x1
	0x1
	0x1
	0x1
	0x1
	0x1
	0x1
	0x1
	0x1
	0x1
	0x1
	0x1
	0x1
	0x1
	0x1
	0x1
	0x1
	0x1
	0x1
	0x1
	0x1
	0x1
	0x1
	0x1
	0x1
	0x1
	0x1
	0x1
	0x1
	0x1
	0x1
	0x1
	0x1
	0x1
	0x1
	0x1
	0x1
	0x1
	0x1
	0x1
	0x0
	0x0
	0x0
	0x0
	0x0
	0x0
	0x0
	0x0
	0x0
	0x0
	0x0
	0x0
	0x0
	0x0
	0x0
	0x0
	0x0
	0x0
	0x0
	0x0
	0x0
	0x0
	0x0
	0x0
	0x0
	0x0
	0x0
	0x0
	0x0
	0x0
	0x0
	0x0
	0x0
	0x0
	0x0
	0x0
	0x0
	0x0
	0x0
	0x0
	0x0
	0x0
	0x0
	0x0
	0x0
	0x0
	0x0
	0x0
	0x0
	0x0
	0x0
	0x0
	0x0
	0x0
	0x0
	0x0
	0x0
	0x0
	0x0
	0x0
	0x0
	0x0
	0x0
	0x0
	0x0
	0x0
	0x0
	0x0
	0x0
	0x0
	0x0
	0x0
	0x0
	0x0
	0x0
	0x0
	0x0
	0x0
	0x0
	0x0
	0x0
	0x0
	0x0
	0x0
	0x0
	0x0
	0x0
	0x0
	0x0
	0x0
	0x0
	0x0
	0x0
	0x0
	0x0
	0x0
	0x0
	0x0
	0x0
	0x0
	0x0
	0x0
	0x0
	0x0
	0x0
	0x0
	0x0
	0x0
	0x0
	0x0
	0x0
	0x0
	0x0
	0x0
	0x0
	0x0
	0x0
	0x0
	0x0
	0x0
	0x0
	0x0
	0x0
	0x0
	0x0
	0x0
	0x0
	0x0

