
; File generated by darts version U-2022.12#33f3808fcb#221128, Fri Mar 22 18:34:08 2024
; Copyright 2014-2022 Synopsys, Inc. All rights reserved.
; darts -I.. -d -h -ISoftFloat-3e/source/include -ISoftFloat-3e/source/riscv -ISoftFloat-3e/build/chess -I../runtime/include -DCHESS_CXX_ATTRIBUTES -DSOFTFLOAT_NO_EXCEPTIONS -DINLINE_LEVEL=5 -DSOFTFLOAT_FAST_DIV32TO16 -D__tct_patch__=0 -L +Ihex Debug/s_countLeadingZeros64.o trv32p3_cnn

; Release: ipd U-2022.12
.undef global data softfloat_countLeadingZeros8

.text_segment_name
.text global 0 softfloat_countLeadingZeros64
	     0    0xff 0x01 0x01 0x13  addi    x2,  x2,  -16
	     4    0x00 0x00 0x00 0x33  nop
	     8    0x00 0xb1 0x20 0x23  sw      x11, 0(x2)
	    12    0x00 0xc1 0x22 0x23  sw      x12, 4(x2)
	    16    0x00 0x01 0x24 0x23  sw      x0,  8(x2)
	    20    0x00 0x41 0x26 0x03  lw      x12, 4(x2)
	    24    0x00 0xc1 0x26 0x23  sw      x12, 12(x2)
	    28    0x00 0xc1 0x26 0x03  lw      x12, 12(x2)
	    32    0x00 0xc0 0x1a 0x63  bnez    x12, 20
	    36    0x02 0x00 0x06 0x13  li      x12, 32
	    40    0x00 0xc1 0x24 0x23  sw      x12, 8(x2)
	    44    0x00 0x01 0x26 0x03  lw      x12, 0(x2)
	    48    0x00 0xc1 0x26 0x23  sw      x12, 12(x2)
	    52    0x00 0xc1 0x26 0x03  lw      x12, 12(x2)
	    56    0x00 0x01 0x05 0x37  lui     x10, 16
	    60    0x00 0xa6 0x7e 0x63  bgeu    x12, x10, 28
	    64    0x00 0x81 0x26 0x03  lw      x12, 8(x2)
	    68    0x01 0x06 0x06 0x13  addi    x12, x12, 16
	    72    0x00 0xc1 0x24 0x23  sw      x12, 8(x2)
	    76    0x00 0xc1 0x26 0x03  lw      x12, 12(x2)
	    80    0x01 0x06 0x16 0x13  slli    x12, x12, 16
	    84    0x00 0xc1 0x26 0x23  sw      x12, 12(x2)
	    88    0x00 0xc1 0x26 0x03  lw      x12, 12(x2)
	    92    0x01 0x00 0x05 0x37  lui     x10, 4096
	    96    0x00 0xa6 0x7e 0x63  bgeu    x12, x10, 28
	   100    0x00 0x81 0x26 0x03  lw      x12, 8(x2)
	   104    0x00 0x86 0x06 0x13  addi    x12, x12, 8
	   108    0x00 0xc1 0x24 0x23  sw      x12, 8(x2)
	   112    0x00 0xc1 0x26 0x03  lw      x12, 12(x2)
	   116    0x00 0x86 0x16 0x13  slli    x12, x12, 8
	   120    0x00 0xc1 0x26 0x23  sw      x12, 12(x2)
	   124    0x00 0xc1 0x25 0x03  lw      x10, 12(x2)
.rela 2 softfloat_countLeadingZeros8 2048
	   128    0x00 0x00 0x06 0x37  lui     x12, 0
	   132    0x01 0x85 0x55 0x13  srli    x10, x10, 24
.rela 3 softfloat_countLeadingZeros8 0
	   136    0x00 0x06 0x06 0x13  mv      x12, x12
	   140    0x00 0xa6 0x05 0x33  add     x10, x12, x10
	   144    0x00 0x81 0x26 0x03  lw      x12, 8(x2)
	   148    0x00 0x05 0x45 0x03  lbu     x10, 0(x10)
	   152    0x00 0xa6 0x06 0x33  add     x12, x12, x10
	   156    0x00 0xc1 0x24 0x23  sw      x12, 8(x2)
	   160    0x00 0x81 0x25 0x03  lw      x10, 8(x2)
	   164    0x01 0x01 0x01 0x13  addi    x2,  x2,  16
.label softfloat_countLeadingZeros64__end last
.rts
	   168    0x00 0x00 0x80 0x67  ret

.undef global data softfloat_countLeadingZeros8

