
; File generated by darts version U-2022.12#33f3808fcb#221128, Wed Feb 21 16:33:56 2024
; Copyright 2014-2022 Synopsys, Inc. All rights reserved.
; darts -I.. -d -h -ISoftFloat-3e/source/include -ISoftFloat-3e/source/riscv -ISoftFloat-3e/build/chess -I../runtime/include -DCHESS_CXX_ATTRIBUTES -DSOFTFLOAT_NO_EXCEPTIONS -DINLINE_LEVEL=5 -DSOFTFLOAT_FAST_DIV32TO16 -D__tct_patch__=0 -L +Ihex Debug/s_mul64To128M.o trv32p3_cnn

; Release: ipd U-2022.12
.text_segment_name
.text global 0 softfloat_mul64To128M
	     0    0xfb 0xc1 0x01 0x13  addi    x2,  x2,  -68
	     4    0x00 0x00 0x00 0x33  nop
	     8    0x00 0xe1 0x20 0x23  sw      x14, 0(x2)
	    12    0x00 0xc1 0x22 0x23  sw      x12, 4(x2)
	    16    0x00 0xd1 0x24 0x23  sw      x13, 8(x2)
	    20    0x00 0xa1 0x26 0x23  sw      x10, 12(x2)
	    24    0x00 0xb1 0x28 0x23  sw      x11, 16(x2)
	    28    0x01 0x01 0x25 0x83  lw      x11, 16(x2)
	    32    0x00 0xb1 0x2a 0x23  sw      x11, 20(x2)
	    36    0x00 0xc1 0x25 0x83  lw      x11, 12(x2)
	    40    0x00 0xb1 0x2c 0x23  sw      x11, 24(x2)
	    44    0x00 0x81 0x25 0x83  lw      x11, 8(x2)
	    48    0x00 0xb1 0x2e 0x23  sw      x11, 28(x2)
	    52    0x00 0x41 0x25 0x83  lw      x11, 4(x2)
	    56    0x02 0xb1 0x20 0x23  sw      x11, 32(x2)
	    60    0x01 0x81 0x25 0x83  lw      x11, 24(x2)
	    64    0x02 0x01 0x25 0x03  lw      x10, 32(x2)
	    68    0x02 0xb5 0x06 0xb3  mul     x13, x10, x11
	    72    0x02 0xb5 0x35 0xb3  mulhu   x11, x10, x11
	    76    0x02 0xd1 0x22 0x23  sw      x13, 36(x2)
	    80    0x02 0xb1 0x24 0x23  sw      x11, 40(x2)
	    84    0x01 0x41 0x25 0x83  lw      x11, 20(x2)
	    88    0x02 0x01 0x25 0x03  lw      x10, 32(x2)
	    92    0x02 0xb5 0x06 0xb3  mul     x13, x10, x11
	    96    0x02 0xb5 0x35 0xb3  mulhu   x11, x10, x11
	   100    0x02 0xd1 0x26 0x23  sw      x13, 44(x2)
	   104    0x02 0xb1 0x28 0x23  sw      x11, 48(x2)
	   108    0x01 0x81 0x25 0x03  lw      x10, 24(x2)
	   112    0x01 0xc1 0x26 0x83  lw      x13, 28(x2)
	   116    0x02 0xd5 0x06 0x33  mul     x12, x10, x13
	   120    0x02 0xc1 0x25 0x83  lw      x11, 44(x2)
	   124    0x00 0xb6 0x06 0x33  add     x12, x12, x11
	   128    0x03 0x01 0x27 0x03  lw      x14, 48(x2)
	   132    0x02 0xd5 0x35 0x33  mulhu   x10, x10, x13
	   136    0x00 0xe5 0x05 0x33  add     x10, x10, x14
	   140    0x00 0xb6 0x35 0xb3  sltu    x11, x12, x11
	   144    0x00 0xb5 0x05 0xb3  add     x11, x10, x11
	   148    0x02 0xc1 0x2e 0x23  sw      x12, 60(x2)
	   152    0x04 0xb1 0x20 0x23  sw      x11, 64(x2)
	   156    0x01 0x41 0x25 0x83  lw      x11, 20(x2)
	   160    0x01 0xc1 0x26 0x83  lw      x13, 28(x2)
	   164    0x02 0xb6 0xb5 0x33  mulhu   x10, x13, x11
	   168    0x02 0xb6 0x85 0xb3  mul     x11, x13, x11
	   172    0x02 0xb1 0x2a 0x23  sw      x11, 52(x2)
	   176    0x02 0xa1 0x2c 0x23  sw      x10, 56(x2)
	   180    0x03 0x41 0x25 0x83  lw      x11, 52(x2)
	   184    0x03 0xc1 0x26 0x83  lw      x13, 60(x2)
	   188    0x02 0xc1 0x26 0x03  lw      x12, 44(x2)
	   192    0x03 0x81 0x25 0x03  lw      x10, 56(x2)
	   196    0x04 0x01 0x27 0x03  lw      x14, 64(x2)
	   200    0x03 0x01 0x22 0x03  lw      x4,  48(x2)
	   204    0x00 0x10 0x01 0x93  li      x3,  1
	   208    0x00 0x47 0x6c 0x63  bltu    x14, x4,  24
	   212    0x00 0x10 0x01 0x93  li      x3,  1
	   216    0x00 0xe2 0x16 0x63  bne     x4,  x14, 12
	   220    0x00 0x10 0x01 0x93  li      x3,  1
	   224    0x00 0xc6 0xe4 0x63  bltu    x13, x12, 8
	   228    0x00 0x00 0x01 0x93  li      x3,  0
	   232    0x04 0x01 0x26 0x83  lw      x13, 64(x2)
	   236    0x00 0xb6 0x86 0xb3  add     x13, x13, x11
	   240    0x00 0x35 0x05 0x33  add     x10, x10, x3
	   244    0x00 0xb6 0xb5 0xb3  sltu    x11, x13, x11
	   248    0x00 0xb5 0x05 0xb3  add     x11, x10, x11
	   252    0x02 0xd1 0x2a 0x23  sw      x13, 52(x2)
	   256    0x02 0xb1 0x2c 0x23  sw      x11, 56(x2)
	   260    0x03 0xc1 0x25 0x83  lw      x11, 60(x2)
	   264    0x02 0x01 0x2e 0x23  sw      x0,  60(x2)
	   268    0x04 0xb1 0x20 0x23  sw      x11, 64(x2)
	   272    0x02 0x41 0x25 0x83  lw      x11, 36(x2)
	   276    0x00 0x05 0x85 0x13  mv      x10, x11
	   280    0x04 0x01 0x26 0x83  lw      x13, 64(x2)
	   284    0x02 0x81 0x26 0x03  lw      x12, 40(x2)
	   288    0x00 0xd6 0x06 0xb3  add     x13, x12, x13
	   292    0x00 0xb5 0x35 0xb3  sltu    x11, x10, x11
	   296    0x00 0xb6 0x85 0xb3  add     x11, x13, x11
	   300    0x02 0xa1 0x22 0x23  sw      x10, 36(x2)
	   304    0x02 0xb1 0x24 0x23  sw      x11, 40(x2)
	   308    0x00 0x01 0x25 0x83  lw      x11, 0(x2)
	   312    0x02 0x81 0x25 0x03  lw      x10, 40(x2)
	   316    0x00 0xa5 0xa2 0x23  sw      x10, 4(x11)
	   320    0x00 0x01 0x25 0x83  lw      x11, 0(x2)
	   324    0x02 0x41 0x25 0x03  lw      x10, 36(x2)
	   328    0x00 0xa5 0xa0 0x23  sw      x10, 0(x11)
	   332    0x03 0x41 0x25 0x83  lw      x11, 52(x2)
	   336    0x02 0x41 0x26 0x83  lw      x13, 36(x2)
	   340    0x03 0x81 0x25 0x03  lw      x10, 56(x2)
	   344    0x02 0x81 0x26 0x03  lw      x12, 40(x2)
	   348    0x04 0x01 0x27 0x03  lw      x14, 64(x2)
	   352    0x00 0xe6 0x6a 0x63  bltu    x12, x14, 20
	   356    0x00 0xc7 0x14 0x63  bne     x14, x12, 8
	   360    0x00 0x06 0xe6 0x63  bltu    x13, x0,  12
	   364    0x00 0x00 0x06 0x13  li      x12, 0
	   368    0x00 0x80 0x00 0x6f  j       8
	   372    0x00 0x10 0x06 0x13  li      x12, 1
	   376    0x00 0xb6 0x06 0xb3  add     x13, x12, x11
	   380    0x41 0xf6 0x56 0x13  srai    x12, x12, 31
	   384    0x00 0xa6 0x05 0x33  add     x10, x12, x10
	   388    0x00 0xb6 0xb5 0xb3  sltu    x11, x13, x11
	   392    0x00 0xb5 0x05 0xb3  add     x11, x10, x11
	   396    0x02 0xd1 0x2a 0x23  sw      x13, 52(x2)
	   400    0x02 0xb1 0x2c 0x23  sw      x11, 56(x2)
	   404    0x00 0x01 0x25 0x83  lw      x11, 0(x2)
	   408    0x03 0x81 0x25 0x03  lw      x10, 56(x2)
	   412    0x00 0xa5 0xa6 0x23  sw      x10, 12(x11)
	   416    0x00 0x01 0x25 0x83  lw      x11, 0(x2)
	   420    0x03 0x41 0x25 0x03  lw      x10, 52(x2)
	   424    0x00 0xa5 0xa4 0x23  sw      x10, 8(x11)
	   428    0x04 0x41 0x01 0x13  addi    x2,  x2,  68
.label softfloat_mul64To128M__end last
.rts
	   432    0x00 0x00 0x80 0x67  ret

