
; File generated by darts version U-2022.12#33f3808fcb#221128, Fri Mar  8 12:20:37 2024
; Copyright 2014-2022 Synopsys, Inc. All rights reserved.
; darts -I.. -d -h -ISoftFloat-3e/source/include -ISoftFloat-3e/source/riscv -ISoftFloat-3e/build/chess -I../runtime/include -DCHESS_CXX_ATTRIBUTES -DSOFTFLOAT_NO_EXCEPTIONS -DINLINE_LEVEL=5 -DSOFTFLOAT_FAST_DIV32TO16 -D__tct_patch__=0 -L +Ihex Debug/s_normRoundPackToF32.o trv32p3_cnn

; Release: ipd U-2022.12
.undef global data softfloat_countLeadingZeros8

.text_segment_name
.text global 0 softfloat_normRoundPackToF32
	     0    0xfe 0x81 0x01 0x13  addi    x2,  x2,  -24
	     4    0x00 0x00 0x00 0x33  nop
	     8    0x00 0xd1 0x22 0x23  sw      x13, 4(x2)
	    12    0x00 0xc1 0x24 0x23  sw      x12, 8(x2)
	    16    0x00 0xb1 0x26 0x23  sw      x11, 12(x2)
	    20    0x00 0x41 0x25 0x03  lw      x10, 4(x2)
	    24    0x00 0x00 0x05 0x93  li      x11, 0
	    28    0x00 0x01 0x06 0xb7  lui     x13, 16
	    32    0x00 0x00 0x06 0x13  li      x12, 0
	    36    0x00 0xd5 0x76 0x63  bgeu    x10, x13, 12
	    40    0x01 0x05 0x15 0x13  slli    x10, x10, 16
	    44    0x01 0x00 0x06 0x13  li      x12, 16
	    48    0x01 0x00 0x06 0xb7  lui     x13, 4096
	    52    0x00 0xd5 0x76 0x63  bgeu    x10, x13, 12
	    56    0x00 0x86 0x06 0x13  addi    x12, x12, 8
	    60    0x00 0x85 0x15 0x13  slli    x10, x10, 8
.rela 2 softfloat_countLeadingZeros8 2048
	    64    0x00 0x00 0x06 0xb7  lui     x13, 0
	    68    0x01 0x85 0x55 0x13  srli    x10, x10, 24
.rela 3 softfloat_countLeadingZeros8 0
	    72    0x00 0x06 0x86 0x93  mv      x13, x13
	    76    0x00 0xd5 0x05 0x33  add     x10, x10, x13
	    80    0x00 0x00 0x00 0x33  nop
	    84    0x00 0x05 0x45 0x03  lbu     x10, 0(x10)
	    88    0x00 0xa6 0x06 0x33  add     x12, x12, x10
	    92    0xff 0xf6 0x06 0x13  addi    x12, x12, -1
	    96    0x00 0xc1 0x28 0x23  sw      x12, 16(x2)
	   100    0x01 0x01 0x26 0x03  lw      x12, 16(x2)
	   104    0x00 0x81 0x25 0x03  lw      x10, 8(x2)
	   108    0x40 0xc5 0x06 0x33  sub     x12, x10, x12
	   112    0x00 0xc1 0x24 0x23  sw      x12, 8(x2)
	   116    0x01 0x01 0x26 0x03  lw      x12, 16(x2)
	   120    0x00 0x70 0x05 0x13  li      x10, 7
	   124    0x00 0xa6 0x48 0x63  blt     x12, x10, 16
	   128    0x00 0x81 0x26 0x03  lw      x12, 8(x2)
	   132    0x0f 0xd0 0x05 0x13  li      x10, 253
	   136    0x02 0xa6 0x64 0x63  bltu    x12, x10, 40
	   140    0x00 0x41 0x25 0x03  lw      x10, 4(x2)
	   144    0x01 0x01 0x26 0x83  lw      x13, 16(x2)
	   148    0x00 0xc1 0x25 0x83  lw      x11, 12(x2)
	   152    0x00 0x81 0x26 0x03  lw      x12, 8(x2)
	   156    0x00 0xd5 0x16 0xb3  sll     x13, x10, x13
	   160    0x00 0x11 0x20 0x23  sw      x1,  0(x2)
.call
	   164    0x00 0x00 0x00 0xef  call    softfloat_roundPackToF32
	   168    0x00 0x01 0x20 0x83  lw      x1,  0(x2)
	   172    0x03 0xc0 0x00 0x6f  j       60
	   176    0x00 0xc1 0x26 0x03  lw      x12, 12(x2)
	   180    0x00 0x41 0x25 0x03  lw      x10, 4(x2)
	   184    0x01 0xf6 0x16 0x13  slli    x12, x12, 31
	   188    0x00 0xa0 0x04 0x63  beqz    x10, 8
	   192    0x00 0x81 0x25 0x83  lw      x11, 8(x2)
	   196    0x01 0x01 0x26 0x83  lw      x13, 16(x2)
	   200    0x01 0x75 0x95 0x93  slli    x11, x11, 23
	   204    0x00 0x41 0x25 0x03  lw      x10, 4(x2)
	   208    0xff 0x96 0x86 0x93  addi    x13, x13, -7
	   212    0x00 0xb6 0x05 0xb3  add     x11, x12, x11
	   216    0x00 0xd5 0x16 0x33  sll     x12, x10, x13
	   220    0x00 0xb6 0x05 0xb3  add     x11, x12, x11
	   224    0x00 0xb1 0x2a 0x23  sw      x11, 20(x2)
	   228    0x01 0x41 0x25 0x03  lw      x10, 20(x2)
	   232    0x01 0x81 0x01 0x13  addi    x2,  x2,  24
.label softfloat_normRoundPackToF32__end last
.rts
	   236    0x00 0x00 0x80 0x67  ret

.undef global data softfloat_countLeadingZeros8

.undef global text softfloat_roundPackToF32

