
; File generated by darts version U-2022.12#33f3808fcb#221128, Tue Mar 19 15:59:13 2024
; Copyright 2014-2022 Synopsys, Inc. All rights reserved.
; darts -I.. -d -h -ISoftFloat-3e/source/include -ISoftFloat-3e/source/riscv -ISoftFloat-3e/build/chess -I../runtime/include -DCHESS_CXX_ATTRIBUTES -DSOFTFLOAT_NO_EXCEPTIONS -DINLINE_LEVEL=5 -DSOFTFLOAT_FAST_DIV32TO16 -D__tct_patch__=0 -L +Ihex Debug/s_normRoundPackToF64.o trv32p3_cnn

; Release: ipd U-2022.12
.undef global data softfloat_countLeadingZeros8

.text_segment_name
.text global 0 softfloat_normRoundPackToF64
	     0    0xfe 0x01 0x01 0x13  addi    x2,  x2,  -32
	     4    0x00 0x00 0x00 0x33  nop
	     8    0x00 0xe1 0x22 0x23  sw      x14, 4(x2)
	    12    0x00 0xf1 0x24 0x23  sw      x15, 8(x2)
	    16    0x00 0x11 0x20 0x23  sw      x1,  0(x2)
	    20    0x00 0xd1 0x26 0x23  sw      x13, 12(x2)
	    24    0x00 0xc1 0x28 0x23  sw      x12, 16(x2)
	    28    0x00 0x41 0x25 0x83  lw      x11, 4(x2)
	    32    0x00 0x81 0x26 0x03  lw      x12, 8(x2)
.call
	    36    0x00 0x00 0x00 0xef  call    softfloat_countLeadingZeros64
	    40    0xff 0xf5 0x06 0x13  addi    x12, x10, -1
	    44    0x00 0xc1 0x2a 0x23  sw      x12, 20(x2)
	    48    0x01 0x41 0x26 0x03  lw      x12, 20(x2)
	    52    0x00 0xc1 0x26 0x83  lw      x13, 12(x2)
	    56    0x40 0xc6 0x86 0x33  sub     x12, x13, x12
	    60    0x00 0xc1 0x26 0x23  sw      x12, 12(x2)
	    64    0x01 0x41 0x26 0x03  lw      x12, 20(x2)
	    68    0x00 0xa0 0x06 0x93  li      x13, 10
	    72    0x00 0xd6 0x48 0x63  blt     x12, x13, 16
	    76    0x00 0xc1 0x26 0x03  lw      x12, 12(x2)
	    80    0x7f 0xd0 0x06 0x93  li      x13, 2045
	    84    0x04 0xd6 0x66 0x63  bltu    x12, x13, 76
	    88    0x01 0x01 0x26 0x03  lw      x12, 16(x2)
	    92    0x00 0xc1 0x26 0x83  lw      x13, 12(x2)
	    96    0x00 0x41 0x27 0x03  lw      x14, 4(x2)
	   100    0x01 0x41 0x25 0x83  lw      x11, 20(x2)
	   104    0x00 0x81 0x27 0x83  lw      x15, 8(x2)
	   108    0x02 0xb0 0x06 0x63  beqz    x11, 44
	   112    0xfe 0x05 0x85 0x13  addi    x10, x11, -32
	   116    0x00 0x05 0x48 0x63  bltz    x10, 16
	   120    0x00 0xa7 0x17 0xb3  sll     x15, x14, x10
	   124    0x00 0x00 0x07 0x13  li      x14, 0
	   128    0x01 0x80 0x00 0x6f  j       24
	   132    0x40 0xa0 0x05 0x33  neg     x10, x10
	   136    0x00 0xa7 0x55 0x33  srl     x10, x14, x10
	   140    0x00 0xb7 0x97 0xb3  sll     x15, x15, x11
	   144    0x00 0xb7 0x17 0x33  sll     x14, x14, x11
	   148    0x00 0xf5 0x67 0xb3  or      x15, x10, x15
.call
	   152    0x00 0x00 0x00 0xef  call    softfloat_roundPackToF64
	   156    0x07 0xc0 0x00 0x6f  j       124
	   160    0x00 0x41 0x26 0x83  lw      x13, 4(x2)
	   164    0x00 0x81 0x25 0x83  lw      x11, 8(x2)
	   168    0x00 0xb6 0xe6 0xb3  or      x13, x13, x11
	   172    0x01 0x01 0x26 0x03  lw      x12, 16(x2)
	   176    0x01 0xf6 0x15 0x93  slli    x11, x12, 31
	   180    0x00 0x00 0x06 0x13  li      x12, 0
	   184    0x00 0xd0 0x04 0x63  beqz    x13, 8
	   188    0x00 0xc1 0x26 0x03  lw      x12, 12(x2)
	   192    0x01 0x46 0x17 0x13  slli    x14, x12, 20
	   196    0x01 0x41 0x27 0x83  lw      x15, 20(x2)
	   200    0x00 0x41 0x26 0x03  lw      x12, 4(x2)
	   204    0x00 0x81 0x26 0x83  lw      x13, 8(x2)
	   208    0xff 0x67 0x87 0x93  addi    x15, x15, -10
	   212    0x00 0xb7 0x05 0xb3  add     x11, x14, x11
	   216    0x02 0xf0 0x06 0x63  beqz    x15, 44
	   220    0xfe 0x07 0x87 0x13  addi    x14, x15, -32
	   224    0x00 0x07 0x48 0x63  bltz    x14, 16
	   228    0x00 0xe6 0x16 0xb3  sll     x13, x12, x14
	   232    0x00 0x00 0x06 0x13  li      x12, 0
	   236    0x01 0x80 0x00 0x6f  j       24
	   240    0x40 0xe0 0x07 0x33  neg     x14, x14
	   244    0x00 0xe6 0x57 0x33  srl     x14, x12, x14
	   248    0x00 0xf6 0x96 0xb3  sll     x13, x13, x15
	   252    0x00 0xf6 0x16 0x33  sll     x12, x12, x15
	   256    0x00 0xd7 0x66 0xb3  or      x13, x14, x13
	   260    0x00 0xc1 0x2c 0x23  sw      x12, 24(x2)
	   264    0x00 0xb6 0x86 0x33  add     x12, x13, x11
	   268    0x00 0xc1 0x2e 0x23  sw      x12, 28(x2)
	   272    0x01 0x81 0x25 0x03  lw      x10, 24(x2)
	   276    0x01 0xc1 0x25 0x83  lw      x11, 28(x2)
	   280    0x00 0x01 0x26 0x03  lw      x12, 0(x2)
	   284    0x02 0x01 0x01 0x13  addi    x2,  x2,  32
.label softfloat_normRoundPackToF64__end last
.rts
	   288    0x00 0x06 0x00 0x67  jr      x12

.undef global text softfloat_countLeadingZeros64

.undef global text softfloat_roundPackToF64

