
; File generated by darts version U-2022.12#33f3808fcb#221128, Tue Mar 19 17:31:06 2024
; Copyright 2014-2022 Synopsys, Inc. All rights reserved.
; darts -I.. -d -h -ISoftFloat-3e/source/include -ISoftFloat-3e/source/riscv -ISoftFloat-3e/build/chess -I../runtime/include -DCHESS_CXX_ATTRIBUTES -DSOFTFLOAT_NO_EXCEPTIONS -DINLINE_LEVEL=5 -DSOFTFLOAT_FAST_DIV32TO16 -D__tct_patch__=0 -L +Ihex Debug/s_normSubnormalF64Sig.o trv32p3_cnn

; Release: ipd U-2022.12
.undef global data softfloat_countLeadingZeros8

.text_segment_name
.text global 0 softfloat_normSubnormalF64Sig
	     0    0xfe 0x01 0x01 0x13  addi    x2,  x2,  -32
	     4    0x00 0x00 0x00 0x33  nop
	     8    0x00 0xb1 0x24 0x23  sw      x11, 8(x2)
	    12    0x00 0xc1 0x26 0x23  sw      x12, 12(x2)
	    16    0x00 0xa1 0x22 0x23  sw      x10, 4(x2)
	    20    0x00 0x11 0x20 0x23  sw      x1,  0(x2)
	    24    0x00 0x81 0x25 0x83  lw      x11, 8(x2)
	    28    0x00 0xc1 0x26 0x03  lw      x12, 12(x2)
.call
	    32    0x00 0x00 0x00 0xef  call    softfloat_countLeadingZeros64
	    36    0xff 0x55 0x00 0x93  addi    x1,  x10, -11
	    40    0x00 0x11 0x28 0x23  sw      x1,  16(x2)
	    44    0x01 0x01 0x20 0x83  lw      x1,  16(x2)
	    48    0x00 0x10 0x05 0x13  li      x10, 1
	    52    0x40 0x15 0x00 0xb3  sub     x1,  x10, x1
	    56    0x00 0x11 0x2a 0x23  sw      x1,  20(x2)
	    60    0x00 0x81 0x20 0x83  lw      x1,  8(x2)
	    64    0x01 0x01 0x25 0x03  lw      x10, 16(x2)
	    68    0x00 0xc1 0x25 0x83  lw      x11, 12(x2)
	    72    0x02 0xa0 0x06 0x63  beqz    x10, 44
	    76    0xfe 0x05 0x06 0x13  addi    x12, x10, -32
	    80    0x00 0x06 0x48 0x63  bltz    x12, 16
	    84    0x00 0xc0 0x95 0xb3  sll     x11, x1,  x12
	    88    0x00 0x00 0x00 0x93  li      x1,  0
	    92    0x01 0x80 0x00 0x6f  j       24
	    96    0x40 0xc0 0x06 0x33  neg     x12, x12
	   100    0x00 0xc0 0xd6 0x33  srl     x12, x1,  x12
	   104    0x00 0xa5 0x95 0xb3  sll     x11, x11, x10
	   108    0x00 0xa0 0x90 0xb3  sll     x1,  x1,  x10
	   112    0x00 0xb6 0x65 0xb3  or      x11, x12, x11
	   116    0x00 0x11 0x2c 0x23  sw      x1,  24(x2)
	   120    0x00 0xb1 0x2e 0x23  sw      x11, 28(x2)
	   124    0x00 0x41 0x20 0x83  lw      x1,  4(x2)
	   128    0x01 0x41 0x25 0x03  lw      x10, 20(x2)
	   132    0x00 0xa0 0xa0 0x23  sw      x10, 0(x1)
	   136    0x01 0x81 0x25 0x03  lw      x10, 24(x2)
	   140    0x00 0xa0 0xa2 0x23  sw      x10, 4(x1)
	   144    0x01 0xc1 0x25 0x03  lw      x10, 28(x2)
	   148    0x00 0xa0 0xa4 0x23  sw      x10, 8(x1)
	   152    0x00 0x01 0x20 0x83  lw      x1,  0(x2)
	   156    0x02 0x01 0x01 0x13  addi    x2,  x2,  32
.label softfloat_normSubnormalF64Sig__end last
.rts
	   160    0x00 0x00 0x80 0x67  ret

.undef global text softfloat_countLeadingZeros64

