
; File generated by darts version U-2022.12#33f3808fcb#221128, Wed Feb 21 13:35:58 2024
; Copyright 2014-2022 Synopsys, Inc. All rights reserved.
; darts -I.. -d -h -ISoftFloat-3e/source/include -ISoftFloat-3e/source/riscv -ISoftFloat-3e/build/chess -I../runtime/include -DCHESS_CXX_ATTRIBUTES -DSOFTFLOAT_NO_EXCEPTIONS -DINLINE_LEVEL=5 -DSOFTFLOAT_FAST_DIV32TO16 -D__tct_patch__=0 -L +Ihex Debug/s_normSubnormalF32Sig.o trv32p3_cnn

; Release: ipd U-2022.12
.undef global data softfloat_countLeadingZeros8

.text_segment_name
.text global 0 softfloat_normSubnormalF32Sig
	     0    0xff 0x01 0x01 0x13  addi    x2,  x2,  -16
	     4    0x00 0x00 0x00 0x33  nop
	     8    0x00 0xb1 0x20 0x23  sw      x11, 0(x2)
	    12    0x00 0x01 0x21 0x83  lw      x3,  0(x2)
	    16    0x00 0x01 0x05 0xb7  lui     x11, 16
	    20    0x00 0xb1 0xf8 0x63  bgeu    x3,  x11, 16
	    24    0x01 0x01 0x91 0x93  slli    x3,  x3,  16
	    28    0x01 0x00 0x05 0x93  li      x11, 16
	    32    0x00 0x80 0x00 0x6f  j       8
	    36    0x00 0x00 0x05 0x93  li      x11, 0
	    40    0x01 0x00 0x02 0x37  lui     x4,  4096
	    44    0x00 0x41 0xf6 0x63  bgeu    x3,  x4,  12
	    48    0x00 0x85 0x85 0x93  addi    x11, x11, 8
	    52    0x00 0x81 0x91 0x93  slli    x3,  x3,  8
.rela 2 softfloat_countLeadingZeros8 2048
	    56    0x00 0x00 0x02 0x37  lui     x4,  0
	    60    0x01 0x81 0xd1 0x93  srli    x3,  x3,  24
.rela 3 softfloat_countLeadingZeros8 0
	    64    0x00 0x02 0x02 0x13  mv      x4,  x4
	    68    0x00 0x32 0x01 0xb3  add     x3,  x4,  x3
	    72    0x00 0x00 0x00 0x33  nop
	    76    0x00 0x01 0xc1 0x83  lbu     x3,  0(x3)
	    80    0x00 0xb1 0x85 0xb3  add     x11, x3,  x11
	    84    0xff 0x85 0x85 0x93  addi    x11, x11, -8
	    88    0x00 0xb1 0x22 0x23  sw      x11, 4(x2)
	    92    0x00 0x41 0x25 0x83  lw      x11, 4(x2)
	    96    0x00 0x10 0x01 0x93  li      x3,  1
	   100    0x40 0xb1 0x85 0xb3  sub     x11, x3,  x11
	   104    0x00 0xb1 0x24 0x23  sw      x11, 8(x2)
	   108    0x00 0x01 0x25 0x83  lw      x11, 0(x2)
	   112    0x00 0x41 0x21 0x83  lw      x3,  4(x2)
	   116    0x00 0x35 0x95 0xb3  sll     x11, x11, x3
	   120    0x00 0xb1 0x26 0x23  sw      x11, 12(x2)
	   124    0x00 0x81 0x25 0x83  lw      x11, 8(x2)
	   128    0x00 0xb5 0x20 0x23  sw      x11, 0(x10)
	   132    0x00 0xc1 0x25 0x83  lw      x11, 12(x2)
	   136    0x00 0xb5 0x22 0x23  sw      x11, 4(x10)
	   140    0x01 0x01 0x01 0x13  addi    x2,  x2,  16
.label softfloat_normSubnormalF32Sig__end last
.rts
	   144    0x00 0x00 0x80 0x67  ret

.undef global data softfloat_countLeadingZeros8

