
; File generated by darts version U-2022.12#33f3808fcb#221128, Thu Feb 29 17:34:28 2024
; Copyright 2014-2022 Synopsys, Inc. All rights reserved.
; darts -I.. -d -h -ISoftFloat-3e/source/include -ISoftFloat-3e/source/riscv -ISoftFloat-3e/build/chess -I../runtime/include -DCHESS_CXX_ATTRIBUTES -DSOFTFLOAT_NO_EXCEPTIONS -DINLINE_LEVEL=5 -DSOFTFLOAT_FAST_DIV32TO16 -D__tct_patch__=0 -L +Ihex Debug/s_roundPackToF64.o trv32p3_cnn

; Release: ipd U-2022.12
.undef global data softfloat_countLeadingZeros8

.text_segment_name
.text global 0 softfloat_roundPackToF64
	     0    0xfc 0xc1 0x01 0x13  addi    x2,  x2,  -52
	     4    0x00 0x00 0x00 0x33  nop
	     8    0x00 0xe1 0x22 0x23  sw      x14, 4(x2)
	    12    0x00 0xf1 0x24 0x23  sw      x15, 8(x2)
	    16    0x00 0xd1 0x26 0x23  sw      x13, 12(x2)
	    20    0x00 0xc1 0x28 0x23  sw      x12, 16(x2)
	    24    0x00 0x01 0x2a 0x23  sw      x0,  20(x2)
	    28    0x00 0x10 0x06 0x13  li      x12, 1
	    32    0x00 0xc1 0x2c 0x23  sw      x12, 24(x2)
	    36    0x20 0x00 0x06 0x13  li      x12, 512
	    40    0x00 0xc1 0x2e 0x23  sw      x12, 28(x2)
	    44    0x00 0x41 0x26 0x03  lw      x12, 4(x2)
	    48    0x3f 0xf6 0x76 0x13  andi    x12, x12, 1023
	    52    0x02 0xc1 0x20 0x23  sw      x12, 32(x2)
	    56    0x00 0xc1 0x26 0x03  lw      x12, 12(x2)
	    60    0x00 0xc1 0x10 0x23  sh      x12, 0(x2)
	    64    0x00 0x01 0x56 0x83  lhu     x13, 0(x2)
	    68    0x7f 0xd0 0x06 0x13  li      x12, 2045
	    72    0x0e 0xc6 0xcc 0x63  blt     x13, x12, 248
	    76    0x00 0xc1 0x26 0x83  lw      x13, 12(x2)
	    80    0x02 0x06 0xca 0x63  bltz    x13, 52
	    84    0x00 0xc1 0x26 0x83  lw      x13, 12(x2)
	    88    0x1a 0xd6 0x42 0x63  blt     x12, x13, 420
	    92    0x00 0x41 0x26 0x03  lw      x12, 4(x2)
	    96    0x20 0x06 0x06 0x93  addi    x13, x12, 512
	   100    0x00 0x81 0x25 0x03  lw      x10, 8(x2)
	   104    0x00 0xc6 0xb6 0x33  sltu    x12, x13, x12
	   108    0x00 0x05 0x05 0x13  mv      x10, x10
	   112    0x00 0xa6 0x06 0x33  add     x12, x12, x10
	   116    0x80 0x00 0x06 0xb7  lui     x13, -524288
	   120    0x18 0xc6 0xe2 0x63  bltu    x13, x12, 388
	   124    0x18 0xc6 0x80 0x63  beq     x13, x12, 384
	   128    0x0c 0x00 0x00 0x6f  j       192
	   132    0x00 0xc1 0x26 0x83  lw      x13, 12(x2)
	   136    0x40 0xd0 0x05 0xb3  neg     x11, x13
	   140    0x00 0x41 0x26 0x03  lw      x12, 4(x2)
	   144    0x00 0x81 0x25 0x03  lw      x10, 8(x2)
	   148    0x03 0xf0 0x06 0x93  li      x13, 63
	   152    0x00 0xd5 0xea 0x63  bltu    x11, x13, 20
	   156    0x00 0xa6 0x66 0x33  or      x12, x12, x10
	   160    0x00 0xc0 0x36 0x33  snez    x12, x12
	   164    0x41 0xf6 0x56 0x93  srai    x13, x12, 31
	   168    0x08 0x00 0x00 0x6f  j       128
	   172    0x00 0x06 0x07 0x93  mv      x15, x12
	   176    0x00 0x05 0x06 0x93  mv      x13, x10
	   180    0x02 0xb0 0x06 0x63  beqz    x11, 44
	   184    0xfe 0x05 0x86 0x93  addi    x13, x11, -32
	   188    0x00 0x06 0xc8 0x63  bltz    x13, 16
	   192    0x00 0xd5 0x57 0xb3  srl     x15, x10, x13
	   196    0x00 0x00 0x06 0x93  li      x13, 0
	   200    0x01 0x80 0x00 0x6f  j       24
	   204    0x40 0xd0 0x06 0xb3  neg     x13, x13
	   208    0x00 0xd5 0x17 0x33  sll     x14, x10, x13
	   212    0x00 0xb6 0x57 0xb3  srl     x15, x12, x11
	   216    0x00 0xb5 0x56 0xb3  srl     x13, x10, x11
	   220    0x00 0xf7 0x67 0xb3  or      x15, x14, x15
	   224    0x40 0xb0 0x05 0xb3  neg     x11, x11
	   228    0x03 0xf5 0xf5 0x93  andi    x11, x11, 63
	   232    0x02 0xb0 0x06 0x63  beqz    x11, 44
	   236    0xfe 0x05 0x87 0x13  addi    x14, x11, -32
	   240    0x00 0x07 0x48 0x63  bltz    x14, 16
	   244    0x00 0xe6 0x15 0x33  sll     x10, x12, x14
	   248    0x00 0x00 0x06 0x13  li      x12, 0
	   252    0x01 0x80 0x00 0x6f  j       24
	   256    0x40 0xe0 0x07 0x33  neg     x14, x14
	   260    0x00 0xe6 0x57 0x33  srl     x14, x12, x14
	   264    0x00 0xb5 0x15 0x33  sll     x10, x10, x11
	   268    0x00 0xb6 0x16 0x33  sll     x12, x12, x11
	   272    0x00 0xe5 0x65 0x33  or      x10, x10, x14
	   276    0x00 0xa6 0x66 0x33  or      x12, x12, x10
	   280    0x00 0xc0 0x36 0x33  snez    x12, x12
	   284    0x41 0xf6 0x55 0x13  srai    x10, x12, 31
	   288    0x00 0xf6 0x66 0x33  or      x12, x12, x15
	   292    0x00 0xd5 0x66 0xb3  or      x13, x10, x13
	   296    0x00 0xc1 0x22 0x23  sw      x12, 4(x2)
	   300    0x00 0xd1 0x24 0x23  sw      x13, 8(x2)
	   304    0x00 0x01 0x26 0x23  sw      x0,  12(x2)
	   308    0x00 0x41 0x26 0x03  lw      x12, 4(x2)
	   312    0x3f 0xf6 0x76 0x13  andi    x12, x12, 1023
	   316    0x02 0xc1 0x20 0x23  sw      x12, 32(x2)
	   320    0x00 0x41 0x25 0x03  lw      x10, 4(x2)
	   324    0x20 0x05 0x06 0x13  addi    x12, x10, 512
	   328    0x00 0x81 0x26 0x83  lw      x13, 8(x2)
	   332    0x00 0xa6 0x35 0x33  sltu    x10, x12, x10
	   336    0x00 0x06 0x86 0x93  mv      x13, x13
	   340    0x00 0xd5 0x05 0x33  add     x10, x10, x13
	   344    0x01 0x65 0x16 0x93  slli    x13, x10, 22
	   348    0x00 0xa6 0x56 0x13  srli    x12, x12, 10
	   352    0x00 0xa5 0x55 0x13  srli    x10, x10, 10
	   356    0x00 0xd6 0x66 0x33  or      x12, x12, x13
	   360    0x00 0xa1 0x24 0x23  sw      x10, 8(x2)
	   364    0x00 0xc1 0x22 0x23  sw      x12, 4(x2)
	   368    0x02 0x01 0x26 0x03  lw      x12, 32(x2)
	   372    0x20 0x06 0x46 0x13  xori    x12, x12, 512
	   376    0x00 0x16 0x37 0x93  seqz    x15, x12
	   380    0x41 0xf7 0xd5 0x13  srai    x10, x15, 31
	   384    0x00 0x41 0x26 0x83  lw      x13, 4(x2)
	   388    0x00 0x81 0x26 0x03  lw      x12, 8(x2)
	   392    0xff 0xf7 0xc7 0x93  not     x15, x15
	   396    0xff 0xf5 0x45 0x13  not     x10, x10
	   400    0x00 0xf6 0xf6 0xb3  and     x13, x13, x15
	   404    0x00 0xa6 0x76 0x33  and     x12, x12, x10
	   408    0x00 0xd1 0x22 0x23  sw      x13, 4(x2)
	   412    0x00 0xc1 0x24 0x23  sw      x12, 8(x2)
	   416    0x00 0x41 0x26 0x03  lw      x12, 4(x2)
	   420    0x00 0x81 0x26 0x83  lw      x13, 8(x2)
	   424    0x00 0xd6 0x66 0x33  or      x12, x12, x13
	   428    0x00 0xc0 0x14 0x63  bnez    x12, 8
	   432    0x00 0x01 0x26 0x23  sw      x0,  12(x2)
	   436    0x00 0xc1 0x26 0x03  lw      x12, 12(x2)
	   440    0x01 0x01 0x26 0x83  lw      x13, 16(x2)
	   444    0x01 0x46 0x15 0x13  slli    x10, x12, 20
	   448    0x01 0xf6 0x96 0x93  slli    x13, x13, 31
	   452    0x00 0xd5 0x06 0xb3  add     x13, x10, x13
	   456    0x00 0x81 0x26 0x03  lw      x12, 8(x2)
	   460    0x00 0x41 0x25 0x03  lw      x10, 4(x2)
	   464    0x00 0xd6 0x06 0x33  add     x12, x12, x13
	   468    0x02 0xa1 0x22 0x23  sw      x10, 36(x2)
	   472    0x02 0xc1 0x24 0x23  sw      x12, 40(x2)
.label __ll1_softfloat_roundPackToF64
	   476    0x02 0x41 0x26 0x03  lw      x12, 36(x2)
	   480    0x02 0xc1 0x26 0x23  sw      x12, 44(x2)
	   484    0x02 0x81 0x26 0x03  lw      x12, 40(x2)
	   488    0x02 0xc1 0x28 0x23  sw      x12, 48(x2)
	   492    0x02 0xc1 0x25 0x03  lw      x10, 44(x2)
	   496    0x03 0x01 0x25 0x83  lw      x11, 48(x2)
	   500    0x03 0x41 0x01 0x13  addi    x2,  x2,  52
.rts
	   504    0x00 0x00 0x80 0x67  ret
	   508    0x01 0x01 0x26 0x03  lw      x12, 16(x2)
	   512    0x01 0xf6 0x16 0x13  slli    x12, x12, 31
	   516    0x7f 0xf0 0x06 0xb7  lui     x13, 524032
	   520    0x00 0xd6 0x06 0x33  add     x12, x12, x13
	   524    0x02 0x01 0x22 0x23  sw      x0,  36(x2)
	   528    0x02 0xc1 0x24 0x23  sw      x12, 40(x2)
.label softfloat_roundPackToF64__end last
	   532    0xfc 0x9f 0xf0 0x6f  j       -56

