
; File generated by darts version U-2022.12#33f3808fcb#221128, Wed Feb 21 13:35:58 2024
; Copyright 2014-2022 Synopsys, Inc. All rights reserved.
; darts -I.. -d -h -ISoftFloat-3e/source/include -ISoftFloat-3e/source/riscv -ISoftFloat-3e/build/chess -I../runtime/include -DCHESS_CXX_ATTRIBUTES -DSOFTFLOAT_NO_EXCEPTIONS -DINLINE_LEVEL=5 -DSOFTFLOAT_FAST_DIV32TO16 -D__tct_patch__=0 -L +Ihex Debug/s_roundPackToF32.o trv32p3_cnn

; Release: ipd U-2022.12
.undef global data softfloat_countLeadingZeros8

.text_segment_name
.text global 0 softfloat_roundPackToF32
	     0    0xfd 0xc1 0x01 0x13  addi    x2,  x2,  -36
	     4    0x00 0x00 0x00 0x33  nop
	     8    0x00 0xd1 0x20 0x23  sw      x13, 0(x2)
	    12    0x00 0xc1 0x22 0x23  sw      x12, 4(x2)
	    16    0x00 0xb1 0x24 0x23  sw      x11, 8(x2)
	    20    0x00 0x01 0x26 0x23  sw      x0,  12(x2)
	    24    0x00 0x10 0x05 0x93  li      x11, 1
	    28    0x00 0xb1 0x28 0x23  sw      x11, 16(x2)
	    32    0x04 0x00 0x05 0x93  li      x11, 64
	    36    0x00 0xb1 0x2a 0x23  sw      x11, 20(x2)
	    40    0x00 0x01 0x25 0x83  lw      x11, 0(x2)
	    44    0x07 0xf5 0xf5 0x93  andi    x11, x11, 127
	    48    0x00 0xb1 0x2c 0x23  sw      x11, 24(x2)
	    52    0x00 0x41 0x26 0x03  lw      x12, 4(x2)
	    56    0x0f 0xd0 0x05 0x93  li      x11, 253
	    60    0x06 0xb6 0x68 0x63  bltu    x12, x11, 112
	    64    0x00 0x41 0x26 0x03  lw      x12, 4(x2)
	    68    0x02 0x06 0x40 0x63  bltz    x12, 32
	    72    0x00 0x41 0x26 0x03  lw      x12, 4(x2)
	    76    0x0c 0xc5 0xca 0x63  blt     x11, x12, 212
	    80    0x00 0x01 0x25 0x83  lw      x11, 0(x2)
	    84    0x04 0x05 0x85 0x93  addi    x11, x11, 64
	    88    0x80 0x00 0x06 0x37  lui     x12, -524288
	    92    0x0c 0xc5 0xf2 0x63  bgeu    x11, x12, 196
	    96    0x04 0xc0 0x00 0x6f  j       76
	   100    0x00 0x41 0x26 0x03  lw      x12, 4(x2)
	   104    0x00 0x01 0x25 0x83  lw      x11, 0(x2)
	   108    0x40 0xc0 0x06 0x33  neg     x12, x12
	   112    0x01 0xf0 0x05 0x13  li      x10, 31
	   116    0x00 0xa6 0x66 0x63  bltu    x12, x10, 12
	   120    0x00 0xb0 0x35 0xb3  snez    x11, x11
	   124    0x01 0xc0 0x00 0x6f  j       28
	   128    0x40 0xc0 0x05 0x33  neg     x10, x12
	   132    0x01 0xf5 0x75 0x13  andi    x10, x10, 31
	   136    0x00 0xa5 0x95 0x33  sll     x10, x11, x10
	   140    0x00 0xc5 0xd5 0xb3  srl     x11, x11, x12
	   144    0x00 0xa0 0x36 0x33  snez    x12, x10
	   148    0x00 0xb6 0x65 0xb3  or      x11, x12, x11
	   152    0x00 0xb1 0x20 0x23  sw      x11, 0(x2)
	   156    0x00 0x01 0x22 0x23  sw      x0,  4(x2)
	   160    0x00 0x01 0x25 0x83  lw      x11, 0(x2)
	   164    0x07 0xf5 0xf5 0x93  andi    x11, x11, 127
	   168    0x00 0xb1 0x2c 0x23  sw      x11, 24(x2)
	   172    0x00 0x01 0x25 0x83  lw      x11, 0(x2)
	   176    0x04 0x05 0x85 0x93  addi    x11, x11, 64
	   180    0x00 0x75 0xd5 0x93  srli    x11, x11, 7
	   184    0x00 0xb1 0x20 0x23  sw      x11, 0(x2)
	   188    0x01 0x81 0x26 0x03  lw      x12, 24(x2)
	   192    0x00 0x01 0x25 0x83  lw      x11, 0(x2)
	   196    0x04 0x06 0x46 0x13  xori    x12, x12, 64
	   200    0x00 0xc0 0x06 0x63  beqz    x12, 12
	   204    0xff 0xf0 0x06 0x13  li      x12, -1
	   208    0x00 0x80 0x00 0x6f  j       8
	   212    0xff 0xe0 0x06 0x13  li      x12, -2
	   216    0x00 0xb6 0x75 0xb3  and     x11, x12, x11
	   220    0x00 0xb1 0x20 0x23  sw      x11, 0(x2)
	   224    0x00 0x01 0x25 0x83  lw      x11, 0(x2)
	   228    0x00 0xb0 0x14 0x63  bnez    x11, 8
	   232    0x00 0x01 0x22 0x23  sw      x0,  4(x2)
	   236    0x00 0x81 0x25 0x83  lw      x11, 8(x2)
	   240    0x00 0x41 0x26 0x03  lw      x12, 4(x2)
	   244    0x01 0xf5 0x95 0x93  slli    x11, x11, 31
	   248    0x01 0x76 0x16 0x13  slli    x12, x12, 23
	   252    0x00 0x01 0x25 0x03  lw      x10, 0(x2)
	   256    0x00 0xb6 0x05 0xb3  add     x11, x12, x11
	   260    0x00 0xb5 0x05 0xb3  add     x11, x10, x11
	   264    0x00 0xb1 0x2e 0x23  sw      x11, 28(x2)
.label __ll1_softfloat_roundPackToF32
	   268    0x01 0xc1 0x25 0x83  lw      x11, 28(x2)
	   272    0x02 0xb1 0x20 0x23  sw      x11, 32(x2)
	   276    0x02 0x01 0x25 0x03  lw      x10, 32(x2)
	   280    0x02 0x41 0x01 0x13  addi    x2,  x2,  36
.rts
	   284    0x00 0x00 0x80 0x67  ret
	   288    0x00 0x81 0x25 0x83  lw      x11, 8(x2)
	   292    0x01 0xf5 0x95 0x93  slli    x11, x11, 31
	   296    0x7f 0x80 0x06 0x37  lui     x12, 522240
	   300    0x00 0xb6 0x05 0xb3  add     x11, x12, x11
	   304    0x00 0xb1 0x2e 0x23  sw      x11, 28(x2)
.label softfloat_roundPackToF32__end last
	   308    0xfd 0x9f 0xf0 0x6f  j       -40

