
; File generated by darts version U-2022.12#33f3808fcb#221128, Sat Mar 16 14:43:07 2024
; Copyright 2014-2022 Synopsys, Inc. All rights reserved.
; darts -I.. -d -h -ISoftFloat-3e/source/include -ISoftFloat-3e/source/riscv -ISoftFloat-3e/build/chess -I../runtime/include -DCHESS_CXX_ATTRIBUTES -DSOFTFLOAT_NO_EXCEPTIONS -DINLINE_LEVEL=5 -DSOFTFLOAT_FAST_DIV32TO16 -D__tct_patch__=0 -L +Ihex Debug/s_subMagsF64.o trv32p3_cnn

; Release: ipd U-2022.12
.undef global data softfloat_countLeadingZeros8

.text_segment_name
.text global 0 softfloat_subMagsF64
	     0    0xfa 0x41 0x01 0x13  addi    x2,  x2,  -92
	     4    0x00 0x00 0x00 0x33  nop
	     8    0x01 0x01 0x22 0x23  sw      x16, 4(x2)
	    12    0x00 0x11 0x20 0x23  sw      x1,  0(x2)
	    16    0x00 0xe1 0x24 0x23  sw      x14, 8(x2)
	    20    0x00 0xf1 0x26 0x23  sw      x15, 12(x2)
	    24    0x00 0xc1 0x28 0x23  sw      x12, 16(x2)
	    28    0x00 0xd1 0x2a 0x23  sw      x13, 20(x2)
	    32    0x01 0x41 0x26 0x03  lw      x12, 20(x2)
	    36    0x01 0x46 0x56 0x13  srli    x12, x12, 20
	    40    0x7f 0xf6 0x76 0x13  andi    x12, x12, 2047
	    44    0x00 0xc1 0x2c 0x23  sw      x12, 24(x2)
	    48    0x00 0x10 0x06 0x37  lui     x12, 256
	    52    0x01 0x41 0x27 0x03  lw      x14, 20(x2)
	    56    0xff 0xf6 0x06 0x13  addi    x12, x12, -1
	    60    0x01 0x01 0x26 0x83  lw      x13, 16(x2)
	    64    0x00 0xe6 0x77 0x33  and     x14, x12, x14
	    68    0x00 0xd1 0x2e 0x23  sw      x13, 28(x2)
	    72    0x02 0xe1 0x20 0x23  sw      x14, 32(x2)
	    76    0x00 0xc1 0x26 0x83  lw      x13, 12(x2)
	    80    0x01 0x46 0xd6 0x93  srli    x13, x13, 20
	    84    0x7f 0xf6 0xf6 0x93  andi    x13, x13, 2047
	    88    0x02 0xd1 0x22 0x23  sw      x13, 36(x2)
	    92    0x00 0xc1 0x27 0x03  lw      x14, 12(x2)
	    96    0x00 0x81 0x26 0x83  lw      x13, 8(x2)
	   100    0x00 0xe6 0x76 0x33  and     x12, x12, x14
	   104    0x02 0xd1 0x24 0x23  sw      x13, 40(x2)
	   108    0x02 0xc1 0x26 0x23  sw      x12, 44(x2)
	   112    0x01 0x81 0x26 0x03  lw      x12, 24(x2)
	   116    0x02 0x41 0x26 0x83  lw      x13, 36(x2)
	   120    0x40 0xd6 0x06 0x33  sub     x12, x12, x13
	   124    0x02 0xc1 0x28 0x23  sw      x12, 48(x2)
	   128    0x03 0x01 0x26 0x03  lw      x12, 48(x2)
	   132    0x30 0xc0 0x06 0x63  beqz    x12, 780
	   136    0x01 0xc1 0x26 0x83  lw      x13, 28(x2)
	   140    0x02 0x01 0x27 0x03  lw      x14, 32(x2)
	   144    0x01 0x66 0xd6 0x13  srli    x12, x13, 22
	   148    0x00 0xa7 0x17 0x13  slli    x14, x14, 10
	   152    0x00 0xa6 0x96 0x93  slli    x13, x13, 10
	   156    0x00 0xe6 0x66 0x33  or      x12, x12, x14
	   160    0x00 0xd1 0x2e 0x23  sw      x13, 28(x2)
	   164    0x02 0xc1 0x20 0x23  sw      x12, 32(x2)
	   168    0x02 0x81 0x26 0x83  lw      x13, 40(x2)
	   172    0x02 0xc1 0x27 0x03  lw      x14, 44(x2)
	   176    0x01 0x66 0xd6 0x13  srli    x12, x13, 22
	   180    0x00 0xa7 0x17 0x13  slli    x14, x14, 10
	   184    0x00 0xa6 0x96 0x93  slli    x13, x13, 10
	   188    0x00 0xe6 0x66 0x33  or      x12, x12, x14
	   192    0x02 0xd1 0x24 0x23  sw      x13, 40(x2)
	   196    0x02 0xc1 0x26 0x23  sw      x12, 44(x2)
	   200    0x03 0x01 0x26 0x03  lw      x12, 48(x2)
	   204    0x12 0x06 0x4e 0x63  bltz    x12, 316
	   208    0x01 0x81 0x26 0x03  lw      x12, 24(x2)
	   212    0x7f 0xf0 0x06 0x93  li      x13, 2047
	   216    0x3e 0xc6 0x8c 0x63  beq     x13, x12, 1016
	   220    0x02 0x81 0x26 0x83  lw      x13, 40(x2)
	   224    0x02 0x41 0x25 0x83  lw      x11, 36(x2)
	   228    0x02 0xc1 0x27 0x03  lw      x14, 44(x2)
	   232    0x40 0x00 0x06 0x37  lui     x12, 262144
	   236    0x00 0x00 0x05 0x13  li      x10, 0
	   240    0x40 0x00 0x07 0xb7  lui     x15, 262144
	   244    0x00 0xb0 0x16 0x63  bnez    x11, 12
	   248    0x02 0x81 0x25 0x03  lw      x10, 40(x2)
	   252    0x02 0xc1 0x27 0x83  lw      x15, 44(x2)
	   256    0x00 0xd5 0x05 0x33  add     x10, x10, x13
	   260    0x00 0xf7 0x07 0x33  add     x14, x14, x15
	   264    0x00 0xd5 0x36 0xb3  sltu    x13, x10, x13
	   268    0x00 0xd7 0x06 0xb3  add     x13, x14, x13
	   272    0x02 0xa1 0x24 0x23  sw      x10, 40(x2)
	   276    0x02 0xd1 0x26 0x23  sw      x13, 44(x2)
	   280    0x02 0x81 0x26 0x83  lw      x13, 40(x2)
	   284    0x03 0x01 0x25 0x83  lw      x11, 48(x2)
	   288    0x02 0xc1 0x27 0x83  lw      x15, 44(x2)
	   292    0x03 0xf0 0x07 0x13  li      x14, 63
	   296    0x00 0xe5 0xea 0x63  bltu    x11, x14, 20
	   300    0x00 0xf6 0xe6 0xb3  or      x13, x13, x15
	   304    0x00 0xd0 0x36 0xb3  snez    x13, x13
	   308    0x41 0xf6 0xd7 0x13  srai    x14, x13, 31
	   312    0x08 0x00 0x00 0x6f  j       128
	   316    0x00 0x06 0x85 0x13  mv      x10, x13
	   320    0x00 0x07 0x87 0x13  mv      x14, x15
	   324    0x02 0xb0 0x06 0x63  beqz    x11, 44
	   328    0xfe 0x05 0x87 0x13  addi    x14, x11, -32
	   332    0x00 0x07 0x48 0x63  bltz    x14, 16
	   336    0x00 0xe7 0xd5 0x33  srl     x10, x15, x14
	   340    0x00 0x00 0x07 0x13  li      x14, 0
	   344    0x01 0x80 0x00 0x6f  j       24
	   348    0x40 0xe0 0x07 0x33  neg     x14, x14
	   352    0x00 0xe7 0x90 0xb3  sll     x1,  x15, x14
	   356    0x00 0xb6 0xd5 0x33  srl     x10, x13, x11
	   360    0x00 0xb7 0xd7 0x33  srl     x14, x15, x11
	   364    0x00 0x15 0x65 0x33  or      x10, x10, x1
	   368    0x40 0xb0 0x05 0xb3  neg     x11, x11
	   372    0x03 0xf5 0xf5 0x93  andi    x11, x11, 63
	   376    0x02 0xb0 0x06 0x63  beqz    x11, 44
	   380    0xfe 0x05 0x80 0x93  addi    x1,  x11, -32
	   384    0x00 0x00 0xc8 0x63  bltz    x1,  16
	   388    0x00 0x16 0x97 0xb3  sll     x15, x13, x1
	   392    0x00 0x00 0x06 0x93  li      x13, 0
	   396    0x01 0x80 0x00 0x6f  j       24
	   400    0x40 0x10 0x00 0xb3  neg     x1,  x1
	   404    0x00 0x16 0xd0 0xb3  srl     x1,  x13, x1
	   408    0x00 0xb7 0x97 0xb3  sll     x15, x15, x11
	   412    0x00 0xb6 0x96 0xb3  sll     x13, x13, x11
	   416    0x00 0xf0 0xe7 0xb3  or      x15, x1,  x15
	   420    0x00 0xf6 0xe6 0xb3  or      x13, x13, x15
	   424    0x00 0xd0 0x36 0xb3  snez    x13, x13
	   428    0x41 0xf6 0xd7 0x93  srai    x15, x13, 31
	   432    0x00 0xd5 0x66 0xb3  or      x13, x10, x13
	   436    0x00 0xf7 0x67 0x33  or      x14, x14, x15
	   440    0x02 0xd1 0x24 0x23  sw      x13, 40(x2)
	   444    0x02 0xe1 0x26 0x23  sw      x14, 44(x2)
	   448    0x02 0x01 0x27 0x03  lw      x14, 32(x2)
	   452    0x01 0xc1 0x26 0x83  lw      x13, 28(x2)
	   456    0x00 0xe6 0x66 0x33  or      x12, x12, x14
	   460    0x00 0xd1 0x2e 0x23  sw      x13, 28(x2)
	   464    0x02 0xc1 0x20 0x23  sw      x12, 32(x2)
	   468    0x01 0x81 0x26 0x03  lw      x12, 24(x2)
	   472    0x04 0xc1 0x24 0x23  sw      x12, 72(x2)
	   476    0x01 0xc1 0x26 0x03  lw      x12, 28(x2)
	   480    0x02 0x81 0x26 0x83  lw      x13, 40(x2)
	   484    0x00 0xd6 0x37 0x33  sltu    x14, x12, x13
	   488    0x02 0x01 0x27 0x83  lw      x15, 32(x2)
	   492    0x02 0xc1 0x25 0x03  lw      x10, 44(x2)
	   496    0x40 0xd6 0x06 0x33  sub     x12, x12, x13
	   500    0x40 0xa7 0x87 0xb3  sub     x15, x15, x10
	   504    0x40 0xe7 0x86 0xb3  sub     x13, x15, x14
	   508    0x04 0xc1 0x26 0x23  sw      x12, 76(x2)
	   512    0x04 0xd1 0x28 0x23  sw      x13, 80(x2)
	   516    0x14 0x80 0x00 0x6f  j       328
	   520    0x00 0x41 0x26 0x03  lw      x12, 4(x2)
	   524    0x00 0x16 0x36 0x13  seqz    x12, x12
	   528    0x00 0xc1 0x22 0x23  sw      x12, 4(x2)
	   532    0x02 0x41 0x26 0x03  lw      x12, 36(x2)
	   536    0x7f 0xf0 0x06 0x93  li      x13, 2047
	   540    0x2c 0xc6 0x8e 0x63  beq     x13, x12, 732
	   544    0x01 0xc1 0x26 0x83  lw      x13, 28(x2)
	   548    0x01 0x81 0x25 0x83  lw      x11, 24(x2)
	   552    0x02 0x01 0x27 0x03  lw      x14, 32(x2)
	   556    0x40 0x00 0x06 0x37  lui     x12, 262144
	   560    0x00 0x00 0x05 0x13  li      x10, 0
	   564    0x40 0x00 0x07 0xb7  lui     x15, 262144
	   568    0x00 0xb0 0x16 0x63  bnez    x11, 12
	   572    0x01 0xc1 0x25 0x03  lw      x10, 28(x2)
	   576    0x02 0x01 0x27 0x83  lw      x15, 32(x2)
	   580    0x00 0xd5 0x05 0x33  add     x10, x10, x13
	   584    0x00 0xf7 0x07 0x33  add     x14, x14, x15
	   588    0x00 0xd5 0x36 0xb3  sltu    x13, x10, x13
	   592    0x00 0xd7 0x06 0xb3  add     x13, x14, x13
	   596    0x00 0xa1 0x2e 0x23  sw      x10, 28(x2)
	   600    0x02 0xd1 0x20 0x23  sw      x13, 32(x2)
	   604    0x03 0x01 0x27 0x03  lw      x14, 48(x2)
	   608    0x40 0xe0 0x05 0xb3  neg     x11, x14
	   612    0x01 0xc1 0x26 0x83  lw      x13, 28(x2)
	   616    0x02 0x01 0x27 0x83  lw      x15, 32(x2)
	   620    0x03 0xf0 0x07 0x13  li      x14, 63
	   624    0x00 0xe5 0xea 0x63  bltu    x11, x14, 20
	   628    0x00 0xf6 0xe6 0xb3  or      x13, x13, x15
	   632    0x00 0xd0 0x36 0xb3  snez    x13, x13
	   636    0x41 0xf6 0xd7 0x13  srai    x14, x13, 31
	   640    0x08 0x00 0x00 0x6f  j       128
	   644    0x00 0x06 0x85 0x13  mv      x10, x13
	   648    0x00 0x07 0x87 0x13  mv      x14, x15
	   652    0x02 0xb0 0x06 0x63  beqz    x11, 44
	   656    0xfe 0x05 0x87 0x13  addi    x14, x11, -32
	   660    0x00 0x07 0x48 0x63  bltz    x14, 16
	   664    0x00 0xe7 0xd5 0x33  srl     x10, x15, x14
	   668    0x00 0x00 0x07 0x13  li      x14, 0
	   672    0x01 0x80 0x00 0x6f  j       24
	   676    0x40 0xe0 0x07 0x33  neg     x14, x14
	   680    0x00 0xe7 0x90 0xb3  sll     x1,  x15, x14
	   684    0x00 0xb6 0xd5 0x33  srl     x10, x13, x11
	   688    0x00 0xb7 0xd7 0x33  srl     x14, x15, x11
	   692    0x00 0x15 0x65 0x33  or      x10, x10, x1
	   696    0x40 0xb0 0x05 0xb3  neg     x11, x11
	   700    0x03 0xf5 0xf5 0x93  andi    x11, x11, 63
	   704    0x02 0xb0 0x06 0x63  beqz    x11, 44
	   708    0xfe 0x05 0x80 0x93  addi    x1,  x11, -32
	   712    0x00 0x00 0xc8 0x63  bltz    x1,  16
	   716    0x00 0x16 0x97 0xb3  sll     x15, x13, x1
	   720    0x00 0x00 0x06 0x93  li      x13, 0
	   724    0x01 0x80 0x00 0x6f  j       24
	   728    0x40 0x10 0x00 0xb3  neg     x1,  x1
	   732    0x00 0x16 0xd0 0xb3  srl     x1,  x13, x1
	   736    0x00 0xb7 0x97 0xb3  sll     x15, x15, x11
	   740    0x00 0xb6 0x96 0xb3  sll     x13, x13, x11
	   744    0x00 0xf0 0xe7 0xb3  or      x15, x1,  x15
	   748    0x00 0xf6 0xe6 0xb3  or      x13, x13, x15
	   752    0x00 0xd0 0x36 0xb3  snez    x13, x13
	   756    0x41 0xf6 0xd7 0x93  srai    x15, x13, 31
	   760    0x00 0xd5 0x66 0xb3  or      x13, x10, x13
	   764    0x00 0xf7 0x67 0x33  or      x14, x14, x15
	   768    0x00 0xd1 0x2e 0x23  sw      x13, 28(x2)
	   772    0x02 0xe1 0x20 0x23  sw      x14, 32(x2)
	   776    0x02 0xc1 0x26 0x83  lw      x13, 44(x2)
	   780    0x02 0x81 0x27 0x03  lw      x14, 40(x2)
	   784    0x00 0xd6 0x66 0x33  or      x12, x12, x13
	   788    0x02 0xe1 0x24 0x23  sw      x14, 40(x2)
	   792    0x02 0xc1 0x26 0x23  sw      x12, 44(x2)
	   796    0x02 0x41 0x26 0x03  lw      x12, 36(x2)
	   800    0x04 0xc1 0x24 0x23  sw      x12, 72(x2)
	   804    0x02 0x81 0x26 0x03  lw      x12, 40(x2)
	   808    0x01 0xc1 0x26 0x83  lw      x13, 28(x2)
	   812    0x00 0xd6 0x37 0x33  sltu    x14, x12, x13
	   816    0x02 0xc1 0x27 0x83  lw      x15, 44(x2)
	   820    0x02 0x01 0x25 0x03  lw      x10, 32(x2)
	   824    0x40 0xd6 0x06 0x33  sub     x12, x12, x13
	   828    0x40 0xa7 0x87 0xb3  sub     x15, x15, x10
	   832    0x40 0xe7 0x86 0xb3  sub     x13, x15, x14
	   836    0x04 0xc1 0x26 0x23  sw      x12, 76(x2)
	   840    0x04 0xd1 0x28 0x23  sw      x13, 80(x2)
	   844    0x04 0x81 0x26 0x83  lw      x13, 72(x2)
	   848    0x00 0x41 0x26 0x03  lw      x12, 4(x2)
	   852    0x04 0xc1 0x27 0x03  lw      x14, 76(x2)
	   856    0x05 0x01 0x27 0x83  lw      x15, 80(x2)
	   860    0xff 0xf6 0x86 0x93  addi    x13, x13, -1
.call
	   864    0x00 0x00 0x00 0xef  call    softfloat_normRoundPackToF64
	   868    0x00 0x01 0x26 0x03  lw      x12, 0(x2)
	   872    0x05 0xc1 0x01 0x13  addi    x2,  x2,  92
.rts
	   876    0x00 0x06 0x00 0x67  jr      x12
.label __ll1_softfloat_subMagsF64
	   880    0x01 0x01 0x26 0x03  lw      x12, 16(x2)
	   884    0x00 0x81 0x27 0x03  lw      x14, 8(x2)
	   888    0x01 0x41 0x26 0x83  lw      x13, 20(x2)
	   892    0x00 0xc1 0x27 0x83  lw      x15, 12(x2)
.call
	   896    0x00 0x00 0x00 0xef  call    softfloat_propagateNaNF64UI
	   900    0x02 0xa1 0x2a 0x23  sw      x10, 52(x2)
	   904    0x02 0xb1 0x2c 0x23  sw      x11, 56(x2)
	   908    0x12 0x00 0x00 0x6f  j       288
	   912    0x01 0x81 0x26 0x03  lw      x12, 24(x2)
	   916    0x7f 0xf0 0x06 0x93  li      x13, 2047
	   920    0x18 0xc6 0x88 0x63  beq     x13, x12, 400
	   924    0x01 0xc1 0x26 0x03  lw      x12, 28(x2)
	   928    0x02 0x81 0x26 0x83  lw      x13, 40(x2)
	   932    0x00 0xd6 0x37 0x33  sltu    x14, x12, x13
	   936    0x02 0x01 0x27 0x83  lw      x15, 32(x2)
	   940    0x02 0xc1 0x25 0x03  lw      x10, 44(x2)
	   944    0x40 0xd6 0x06 0x33  sub     x12, x12, x13
	   948    0x40 0xa7 0x87 0xb3  sub     x15, x15, x10
	   952    0x40 0xe7 0x86 0xb3  sub     x13, x15, x14
	   956    0x02 0xc1 0x2e 0x23  sw      x12, 60(x2)
	   960    0x04 0xd1 0x20 0x23  sw      x13, 64(x2)
	   964    0x03 0xc1 0x26 0x03  lw      x12, 60(x2)
	   968    0x04 0x01 0x26 0x83  lw      x13, 64(x2)
	   972    0x00 0xd6 0x66 0x33  or      x12, x12, x13
	   976    0x18 0xc0 0x06 0x63  beqz    x12, 396
	   980    0x01 0x81 0x26 0x03  lw      x12, 24(x2)
	   984    0x00 0xc0 0x08 0x63  beqz    x12, 16
	   988    0x01 0x81 0x26 0x03  lw      x12, 24(x2)
	   992    0xff 0xf6 0x06 0x13  addi    x12, x12, -1
	   996    0x00 0xc1 0x2c 0x23  sw      x12, 24(x2)
	  1000    0x04 0x01 0x26 0x03  lw      x12, 64(x2)
	  1004    0x02 0x06 0x58 0x63  bgez    x12, 48
	  1008    0x00 0x41 0x26 0x03  lw      x12, 4(x2)
	  1012    0x00 0x16 0x36 0x13  seqz    x12, x12
	  1016    0x00 0xc1 0x22 0x23  sw      x12, 4(x2)
	  1020    0x03 0xc1 0x26 0x83  lw      x13, 60(x2)
	  1024    0x04 0x01 0x27 0x03  lw      x14, 64(x2)
	  1028    0x00 0xd0 0x36 0x33  snez    x12, x13
	  1032    0x40 0xe0 0x07 0x33  neg     x14, x14
	  1036    0x40 0xd0 0x06 0xb3  neg     x13, x13
	  1040    0x40 0xc7 0x06 0x33  sub     x12, x14, x12
	  1044    0x02 0xd1 0x2e 0x23  sw      x13, 60(x2)
	  1048    0x04 0xc1 0x20 0x23  sw      x12, 64(x2)
	  1052    0x03 0xc1 0x25 0x83  lw      x11, 60(x2)
	  1056    0x04 0x01 0x26 0x03  lw      x12, 64(x2)
.call
	  1060    0x00 0x00 0x00 0xef  call    softfloat_countLeadingZeros64
	  1064    0xff 0x55 0x06 0x13  addi    x12, x10, -11
	  1068    0x04 0xc1 0x22 0x23  sw      x12, 68(x2)
	  1072    0x01 0x81 0x26 0x03  lw      x12, 24(x2)
	  1076    0x04 0x41 0x26 0x83  lw      x13, 68(x2)
	  1080    0x40 0xd6 0x06 0x33  sub     x12, x12, x13
	  1084    0x04 0xc1 0x24 0x23  sw      x12, 72(x2)
	  1088    0x04 0x81 0x26 0x03  lw      x12, 72(x2)
	  1092    0x00 0x06 0x58 0x63  bgez    x12, 16
	  1096    0x01 0x81 0x26 0x03  lw      x12, 24(x2)
	  1100    0x04 0xc1 0x22 0x23  sw      x12, 68(x2)
	  1104    0x04 0x01 0x24 0x23  sw      x0,  72(x2)
	  1108    0x00 0x41 0x26 0x83  lw      x13, 4(x2)
	  1112    0x04 0x81 0x26 0x03  lw      x12, 72(x2)
	  1116    0x01 0xf6 0x97 0x93  slli    x15, x13, 31
	  1120    0x01 0x46 0x15 0x13  slli    x10, x12, 20
	  1124    0x03 0xc1 0x26 0x03  lw      x12, 60(x2)
	  1128    0x04 0x41 0x26 0x83  lw      x13, 68(x2)
	  1132    0x04 0x01 0x27 0x03  lw      x14, 64(x2)
	  1136    0x00 0xf5 0x07 0xb3  add     x15, x10, x15
	  1140    0x02 0xd0 0x06 0x63  beqz    x13, 44
	  1144    0xfe 0x06 0x85 0x13  addi    x10, x13, -32
	  1148    0x00 0x05 0x48 0x63  bltz    x10, 16
	  1152    0x00 0xa6 0x17 0x33  sll     x14, x12, x10
	  1156    0x00 0x00 0x06 0x13  li      x12, 0
	  1160    0x01 0x80 0x00 0x6f  j       24
	  1164    0x40 0xa0 0x05 0x33  neg     x10, x10
	  1168    0x00 0xa6 0x55 0x33  srl     x10, x12, x10
	  1172    0x00 0xd7 0x17 0x33  sll     x14, x14, x13
	  1176    0x00 0xd6 0x16 0x33  sll     x12, x12, x13
	  1180    0x00 0xe5 0x67 0x33  or      x14, x10, x14
	  1184    0x00 0xf7 0x06 0xb3  add     x13, x14, x15
	  1188    0x02 0xc1 0x2a 0x23  sw      x12, 52(x2)
	  1192    0x02 0xd1 0x2c 0x23  sw      x13, 56(x2)
	  1196    0x00 0x01 0x26 0x03  lw      x12, 0(x2)
.label __ll2_softfloat_subMagsF64
	  1200    0x03 0x41 0x26 0x83  lw      x13, 52(x2)
	  1204    0x04 0xd1 0x2a 0x23  sw      x13, 84(x2)
	  1208    0x03 0x81 0x26 0x83  lw      x13, 56(x2)
	  1212    0x04 0xd1 0x2c 0x23  sw      x13, 88(x2)
	  1216    0x05 0x41 0x25 0x03  lw      x10, 84(x2)
	  1220    0x05 0x81 0x25 0x83  lw      x11, 88(x2)
	  1224    0x05 0xc1 0x01 0x13  addi    x2,  x2,  92
.rts
	  1228    0x00 0x06 0x00 0x67  jr      x12
	  1232    0x01 0xc1 0x26 0x03  lw      x12, 28(x2)
	  1236    0x02 0x01 0x26 0x83  lw      x13, 32(x2)
	  1240    0x00 0xd6 0x66 0x33  or      x12, x12, x13
	  1244    0xe8 0xc0 0x1a 0xe3  bnez    x12, -364
	  1248    0x00 0x01 0x26 0x03  lw      x12, 0(x2)
	  1252    0x01 0x01 0x27 0x03  lw      x14, 16(x2)
	  1256    0x01 0x41 0x26 0x83  lw      x13, 20(x2)
	  1260    0x02 0xe1 0x2a 0x23  sw      x14, 52(x2)
	  1264    0x02 0xd1 0x2c 0x23  sw      x13, 56(x2)
	  1268    0xfb 0xdf 0xf0 0x6f  j       -68
	  1272    0x02 0x81 0x26 0x03  lw      x12, 40(x2)
	  1276    0x02 0xc1 0x26 0x83  lw      x13, 44(x2)
	  1280    0x00 0xd6 0x66 0x33  or      x12, x12, x13
	  1284    0xe6 0xc0 0x16 0xe3  bnez    x12, -404
	  1288    0x00 0x01 0x26 0x03  lw      x12, 0(x2)
	  1292    0x00 0x41 0x26 0x83  lw      x13, 4(x2)
	  1296    0x01 0xf6 0x96 0x93  slli    x13, x13, 31
	  1300    0x7f 0xf0 0x07 0x37  lui     x14, 524032
	  1304    0x00 0xd7 0x06 0xb3  add     x13, x14, x13
	  1308    0x02 0x01 0x2a 0x23  sw      x0,  52(x2)
	  1312    0x02 0xd1 0x2c 0x23  sw      x13, 56(x2)
	  1316    0xf8 0xdf 0xf0 0x6f  j       -116
	  1320    0x01 0xc1 0x26 0x83  lw      x13, 28(x2)
	  1324    0x02 0x81 0x27 0x03  lw      x14, 40(x2)
	  1328    0x02 0x01 0x26 0x03  lw      x12, 32(x2)
	  1332    0x02 0xc1 0x27 0x83  lw      x15, 44(x2)
	  1336    0x00 0xd7 0x66 0xb3  or      x13, x14, x13
	  1340    0x00 0xf6 0x66 0x33  or      x12, x12, x15
	  1344    0x00 0xd6 0x66 0x33  or      x12, x12, x13
	  1348    0xe2 0xc0 0x16 0xe3  bnez    x12, -468
	  1352    0x00 0x01 0x26 0x03  lw      x12, 0(x2)
	  1356    0x7f 0xf8 0x06 0xb7  lui     x13, 524160
	  1360    0x02 0x01 0x2a 0x23  sw      x0,  52(x2)
	  1364    0x02 0xd1 0x2c 0x23  sw      x13, 56(x2)
	  1368    0xf5 0x9f 0xf0 0x6f  j       -168
	  1372    0x02 0x01 0x2a 0x23  sw      x0,  52(x2)
	  1376    0x02 0x01 0x2c 0x23  sw      x0,  56(x2)
	  1380    0x00 0x01 0x26 0x03  lw      x12, 0(x2)
.label softfloat_subMagsF64__end last
	  1384    0xf4 0x9f 0xf0 0x6f  j       -184

.undef global text softfloat_countLeadingZeros64

.undef global text softfloat_normRoundPackToF64

.undef global text softfloat_propagateNaNF64UI

