
; File generated by darts version U-2022.12#33f3808fcb#221128, Wed Apr 10 20:00:59 2024
; Copyright 2014-2022 Synopsys, Inc. All rights reserved.
; darts -I.. -d -h -ISoftFloat-3e/source/include -ISoftFloat-3e/source/riscv -ISoftFloat-3e/build/chess -I../runtime/include -DCHESS_CXX_ATTRIBUTES -DSOFTFLOAT_NO_EXCEPTIONS -DINLINE_LEVEL=5 -DSOFTFLOAT_FAST_DIV32TO16 -D__tct_patch__=0 -L +Ihex Debug/s_subMagsF32.o trv32p3_cnn

; Release: ipd U-2022.12
.undef global data softfloat_countLeadingZeros8

.text_segment_name
.text global 0 softfloat_subMagsF32
	     0    0xfc 0x01 0x01 0x13  addi    x2,  x2,  -64
	     4    0x00 0x00 0x00 0x33  nop
	     8    0x00 0xc1 0x22 0x23  sw      x12, 4(x2)
	    12    0x00 0xb1 0x24 0x23  sw      x11, 8(x2)
	    16    0x00 0x81 0x25 0x83  lw      x11, 8(x2)
	    20    0x01 0x75 0xd5 0x93  srli    x11, x11, 23
	    24    0x0f 0xf5 0xf5 0x93  zext.b  x11, x11
	    28    0x00 0xb1 0x26 0x23  sw      x11, 12(x2)
	    32    0x00 0x80 0x06 0x37  lui     x12, 2048
	    36    0x00 0x81 0x25 0x83  lw      x11, 8(x2)
	    40    0xff 0xf6 0x06 0x13  addi    x12, x12, -1
	    44    0x00 0xb6 0x75 0xb3  and     x11, x12, x11
	    48    0x00 0xb1 0x28 0x23  sw      x11, 16(x2)
	    52    0x00 0x41 0x25 0x83  lw      x11, 4(x2)
	    56    0x01 0x75 0xd5 0x93  srli    x11, x11, 23
	    60    0x0f 0xf5 0xf5 0x93  zext.b  x11, x11
	    64    0x00 0xb1 0x2a 0x23  sw      x11, 20(x2)
	    68    0x00 0x41 0x25 0x83  lw      x11, 4(x2)
	    72    0x00 0xb6 0x75 0xb3  and     x11, x12, x11
	    76    0x00 0xb1 0x2c 0x23  sw      x11, 24(x2)
	    80    0x00 0xc1 0x25 0x83  lw      x11, 12(x2)
	    84    0x01 0x41 0x26 0x03  lw      x12, 20(x2)
	    88    0x40 0xc5 0x85 0xb3  sub     x11, x11, x12
	    92    0x00 0xb1 0x2e 0x23  sw      x11, 28(x2)
	    96    0x01 0xc1 0x25 0x83  lw      x11, 28(x2)
	   100    0x14 0xb0 0x00 0x63  beqz    x11, 320
	   104    0x00 0x81 0x25 0x83  lw      x11, 8(x2)
	   108    0x01 0xf5 0xd5 0x93  srli    x11, x11, 31
	   112    0x00 0xb0 0x35 0xb3  snez    x11, x11
	   116    0x02 0xb1 0x24 0x23  sw      x11, 40(x2)
	   120    0x00 0x11 0x20 0x23  sw      x1,  0(x2)
	   124    0x01 0x01 0x20 0x83  lw      x1,  16(x2)
	   128    0x00 0x70 0x90 0x93  slli    x1,  x1,  7
	   132    0x00 0x11 0x28 0x23  sw      x1,  16(x2)
	   136    0x01 0x81 0x20 0x83  lw      x1,  24(x2)
	   140    0x00 0x70 0x90 0x93  slli    x1,  x1,  7
	   144    0x00 0x11 0x2c 0x23  sw      x1,  24(x2)
	   148    0x01 0xc1 0x20 0x83  lw      x1,  28(x2)
	   152    0x04 0x00 0xc4 0x63  bltz    x1,  72
	   156    0x00 0xc1 0x20 0x83  lw      x1,  12(x2)
	   160    0x0f 0xf0 0x05 0x93  li      x11, 255
	   164    0x20 0x15 0x8c 0x63  beq     x11, x1,  536
	   168    0x00 0xc1 0x20 0x83  lw      x1,  12(x2)
	   172    0xff 0xf0 0x80 0x93  addi    x1,  x1,  -1
	   176    0x02 0x11 0x28 0x23  sw      x1,  48(x2)
	   180    0x01 0x01 0x25 0x83  lw      x11, 16(x2)
	   184    0x40 0x00 0x00 0xb7  lui     x1,  262144
	   188    0x00 0xb0 0xe5 0xb3  or      x11, x1,  x11
	   192    0x02 0xb1 0x2a 0x23  sw      x11, 52(x2)
	   196    0x01 0x81 0x25 0x83  lw      x11, 24(x2)
	   200    0x01 0x41 0x26 0x03  lw      x12, 20(x2)
	   204    0x00 0xc0 0x14 0x63  bnez    x12, 8
	   208    0x01 0x81 0x20 0x83  lw      x1,  24(x2)
	   212    0x00 0xb0 0x80 0xb3  add     x1,  x1,  x11
	   216    0x02 0x11 0x2c 0x23  sw      x1,  56(x2)
	   220    0x05 0xc0 0x00 0x6f  j       92
	   224    0x02 0x81 0x20 0x83  lw      x1,  40(x2)
	   228    0x00 0x10 0xb0 0x93  seqz    x1,  x1
	   232    0x02 0x11 0x24 0x23  sw      x1,  40(x2)
	   236    0x01 0x41 0x20 0x83  lw      x1,  20(x2)
	   240    0x0f 0xf0 0x05 0x93  li      x11, 255
	   244    0x1e 0x15 0x80 0x63  beq     x11, x1,  480
	   248    0x01 0x41 0x20 0x83  lw      x1,  20(x2)
	   252    0xff 0xf0 0x80 0x93  addi    x1,  x1,  -1
	   256    0x02 0x11 0x28 0x23  sw      x1,  48(x2)
	   260    0x01 0x81 0x25 0x83  lw      x11, 24(x2)
	   264    0x40 0x00 0x00 0xb7  lui     x1,  262144
	   268    0x00 0xb0 0xe5 0xb3  or      x11, x1,  x11
	   272    0x02 0xb1 0x2a 0x23  sw      x11, 52(x2)
	   276    0x01 0x01 0x25 0x83  lw      x11, 16(x2)
	   280    0x00 0xc1 0x26 0x03  lw      x12, 12(x2)
	   284    0x00 0xc0 0x14 0x63  bnez    x12, 8
	   288    0x01 0x01 0x20 0x83  lw      x1,  16(x2)
	   292    0x00 0xb0 0x80 0xb3  add     x1,  x1,  x11
	   296    0x02 0x11 0x2c 0x23  sw      x1,  56(x2)
	   300    0x01 0xc1 0x20 0x83  lw      x1,  28(x2)
	   304    0x40 0x10 0x00 0xb3  neg     x1,  x1
	   308    0x00 0x11 0x2e 0x23  sw      x1,  28(x2)
	   312    0x02 0x81 0x25 0x83  lw      x11, 40(x2)
	   316    0x03 0x01 0x26 0x03  lw      x12, 48(x2)
	   320    0x03 0x41 0x20 0x83  lw      x1,  52(x2)
	   324    0x03 0x81 0x25 0x03  lw      x10, 56(x2)
	   328    0x01 0xc1 0x26 0x83  lw      x13, 28(x2)
	   332    0x01 0xf0 0x01 0x93  li      x3,  31
	   336    0x00 0x36 0xe6 0x63  bltu    x13, x3,  12
	   340    0x00 0xa0 0x35 0x33  snez    x10, x10
	   344    0x01 0xc0 0x00 0x6f  j       28
	   348    0x40 0xd0 0x01 0xb3  neg     x3,  x13
	   352    0x01 0xf1 0xf1 0x93  andi    x3,  x3,  31
	   356    0x00 0x35 0x11 0xb3  sll     x3,  x10, x3
	   360    0x00 0xd5 0x55 0x33  srl     x10, x10, x13
	   364    0x00 0x30 0x36 0xb3  snez    x13, x3
	   368    0x00 0xd5 0x65 0x33  or      x10, x10, x13
	   372    0x40 0xa0 0x86 0xb3  sub     x13, x1,  x10
.call
	   376    0x00 0x00 0x00 0xef  call    softfloat_normRoundPackToF32
	   380    0x00 0x01 0x20 0x83  lw      x1,  0(x2)
	   384    0x04 0x01 0x01 0x13  addi    x2,  x2,  64
.rts
	   388    0x00 0x00 0x80 0x67  ret
.label __ll1_softfloat_subMagsF32
	   392    0x00 0x81 0x25 0x83  lw      x11, 8(x2)
	   396    0x00 0x41 0x26 0x03  lw      x12, 4(x2)
	   400    0x00 0x11 0x20 0x23  sw      x1,  0(x2)
.call
	   404    0x00 0x00 0x00 0xef  call    softfloat_propagateNaNF32UI
	   408    0x02 0xa1 0x20 0x23  sw      x10, 32(x2)
	   412    0x00 0x01 0x20 0x83  lw      x1,  0(x2)
	   416    0x10 0x80 0x00 0x6f  j       264
	   420    0x00 0xc1 0x25 0x83  lw      x11, 12(x2)
	   424    0x0f 0xf0 0x06 0x13  li      x12, 255
	   428    0x14 0xb6 0x06 0x63  beq     x12, x11, 332
	   432    0x01 0x01 0x25 0x83  lw      x11, 16(x2)
	   436    0x01 0x81 0x26 0x03  lw      x12, 24(x2)
	   440    0x40 0xc5 0x85 0xb3  sub     x11, x11, x12
	   444    0x02 0xb1 0x22 0x23  sw      x11, 36(x2)
	   448    0x02 0x41 0x25 0x83  lw      x11, 36(x2)
	   452    0x14 0xb0 0x08 0x63  beqz    x11, 336
	   456    0x00 0xc1 0x25 0x83  lw      x11, 12(x2)
	   460    0x00 0xb0 0x08 0x63  beqz    x11, 16
	   464    0x00 0xc1 0x25 0x83  lw      x11, 12(x2)
	   468    0xff 0xf5 0x85 0x93  addi    x11, x11, -1
	   472    0x00 0xb1 0x26 0x23  sw      x11, 12(x2)
	   476    0x00 0x81 0x25 0x83  lw      x11, 8(x2)
	   480    0x01 0xf5 0xd5 0x93  srli    x11, x11, 31
	   484    0x00 0xb0 0x35 0xb3  snez    x11, x11
	   488    0x02 0xb1 0x24 0x23  sw      x11, 40(x2)
	   492    0x02 0x41 0x25 0x83  lw      x11, 36(x2)
	   496    0x00 0x05 0xde 0x63  bgez    x11, 28
	   500    0x02 0x81 0x25 0x83  lw      x11, 40(x2)
	   504    0x00 0x15 0xb5 0x93  seqz    x11, x11
	   508    0x02 0xb1 0x24 0x23  sw      x11, 40(x2)
	   512    0x02 0x41 0x25 0x83  lw      x11, 36(x2)
	   516    0x40 0xb0 0x05 0xb3  neg     x11, x11
	   520    0x02 0xb1 0x22 0x23  sw      x11, 36(x2)
	   524    0x02 0x41 0x26 0x03  lw      x12, 36(x2)
	   528    0x00 0x01 0x05 0xb7  lui     x11, 16
	   532    0x00 0xb6 0x78 0x63  bgeu    x12, x11, 16
	   536    0x01 0x06 0x16 0x13  slli    x12, x12, 16
	   540    0x01 0x00 0x05 0x93  li      x11, 16
	   544    0x00 0x80 0x00 0x6f  j       8
	   548    0x00 0x00 0x05 0x93  li      x11, 0
	   552    0x01 0x00 0x05 0x37  lui     x10, 4096
	   556    0x00 0xa6 0x76 0x63  bgeu    x12, x10, 12
	   560    0x00 0x85 0x85 0x93  addi    x11, x11, 8
	   564    0x00 0x86 0x16 0x13  slli    x12, x12, 8
.rela 2 softfloat_countLeadingZeros8 2048
	   568    0x00 0x00 0x05 0x37  lui     x10, 0
	   572    0x01 0x86 0x56 0x13  srli    x12, x12, 24
.rela 3 softfloat_countLeadingZeros8 0
	   576    0x00 0x05 0x05 0x13  mv      x10, x10
	   580    0x00 0xa6 0x06 0x33  add     x12, x12, x10
	   584    0x00 0x00 0x00 0x33  nop
	   588    0x00 0x06 0x46 0x03  lbu     x12, 0(x12)
	   592    0x00 0xb6 0x05 0xb3  add     x11, x12, x11
	   596    0xff 0x85 0x85 0x93  addi    x11, x11, -8
	   600    0x02 0xb1 0x26 0x23  sw      x11, 44(x2)
	   604    0x00 0xc1 0x25 0x83  lw      x11, 12(x2)
	   608    0x02 0xc1 0x26 0x03  lw      x12, 44(x2)
	   612    0x40 0xc5 0x85 0xb3  sub     x11, x11, x12
	   616    0x02 0xb1 0x28 0x23  sw      x11, 48(x2)
	   620    0x03 0x01 0x25 0x83  lw      x11, 48(x2)
	   624    0x00 0x05 0xd8 0x63  bgez    x11, 16
	   628    0x00 0xc1 0x25 0x83  lw      x11, 12(x2)
	   632    0x02 0xb1 0x26 0x23  sw      x11, 44(x2)
	   636    0x02 0x01 0x28 0x23  sw      x0,  48(x2)
	   640    0x02 0x81 0x26 0x83  lw      x13, 40(x2)
	   644    0x03 0x01 0x25 0x03  lw      x10, 48(x2)
	   648    0x02 0x41 0x25 0x83  lw      x11, 36(x2)
	   652    0x02 0xc1 0x26 0x03  lw      x12, 44(x2)
	   656    0x00 0xc5 0x95 0xb3  sll     x11, x11, x12
	   660    0x01 0xf6 0x96 0x93  slli    x13, x13, 31
	   664    0x01 0x75 0x15 0x13  slli    x10, x10, 23
	   668    0x00 0xd5 0x06 0x33  add     x12, x10, x13
	   672    0x00 0xb6 0x05 0xb3  add     x11, x12, x11
	   676    0x02 0xb1 0x20 0x23  sw      x11, 32(x2)
.label __ll2_softfloat_subMagsF32
	   680    0x02 0x01 0x25 0x83  lw      x11, 32(x2)
	   684    0x02 0xb1 0x2e 0x23  sw      x11, 60(x2)
	   688    0x03 0xc1 0x25 0x03  lw      x10, 60(x2)
	   692    0x04 0x01 0x01 0x13  addi    x2,  x2,  64
.rts
	   696    0x00 0x00 0x80 0x67  ret
	   700    0x01 0x01 0x20 0x83  lw      x1,  16(x2)
	   704    0x04 0x10 0x1e 0x63  bnez    x1,  92
	   708    0x00 0x01 0x20 0x83  lw      x1,  0(x2)
	   712    0x00 0x81 0x25 0x83  lw      x11, 8(x2)
	   716    0x02 0xb1 0x20 0x23  sw      x11, 32(x2)
	   720    0xfd 0x9f 0xf0 0x6f  j       -40
	   724    0x01 0x81 0x20 0x83  lw      x1,  24(x2)
	   728    0x04 0x10 0x16 0x63  bnez    x1,  76
	   732    0x00 0x01 0x20 0x83  lw      x1,  0(x2)
	   736    0x02 0x81 0x25 0x83  lw      x11, 40(x2)
	   740    0x01 0xf5 0x95 0x93  slli    x11, x11, 31
	   744    0x7f 0x80 0x06 0x37  lui     x12, 522240
	   748    0x00 0xb6 0x05 0xb3  add     x11, x12, x11
	   752    0x02 0xb1 0x20 0x23  sw      x11, 32(x2)
	   756    0xfb 0x5f 0xf0 0x6f  j       -76
	   760    0x01 0x01 0x25 0x83  lw      x11, 16(x2)
	   764    0x01 0x81 0x26 0x03  lw      x12, 24(x2)
	   768    0x00 0xb6 0x65 0xb3  or      x11, x12, x11
	   772    0xe8 0xb0 0x12 0xe3  bnez    x11, -380
	   776    0x7f 0xc0 0x05 0xb7  lui     x11, 523264
	   780    0x02 0xb1 0x20 0x23  sw      x11, 32(x2)
	   784    0xf9 0x9f 0xf0 0x6f  j       -104
	   788    0x02 0x01 0x20 0x23  sw      x0,  32(x2)
	   792    0xf9 0x1f 0xf0 0x6f  j       -112
	   796    0x00 0x01 0x20 0x83  lw      x1,  0(x2)
	   800    0xe6 0x9f 0xf0 0x6f  j       -408
	   804    0x00 0x01 0x20 0x83  lw      x1,  0(x2)
.label softfloat_subMagsF32__end last
	   808    0xe6 0x1f 0xf0 0x6f  j       -416

.undef global data softfloat_countLeadingZeros8

.undef global text softfloat_normRoundPackToF32

.undef global text softfloat_propagateNaNF32UI

