
; File generated by darts version U-2022.12#33f3808fcb#221128, Thu Feb 29 15:23:46 2024
; Copyright 2014-2022 Synopsys, Inc. All rights reserved.
; darts -I.. -d -h -ISoftFloat-3e/source/include -ISoftFloat-3e/source/riscv -ISoftFloat-3e/build/chess -I../runtime/include -DCHESS_CXX_ATTRIBUTES -DSOFTFLOAT_NO_EXCEPTIONS -DINLINE_LEVEL=5 -DSOFTFLOAT_FAST_DIV32TO16 -D__tct_patch__=0 -L +Ihex Debug/ui32_to_f64.o trv32p3_cnn

; Release: ipd U-2022.12
.undef global data softfloat_countLeadingZeros8

.text_segment_name
.text global 0 ui32_to_f64
	     0    0xfe 0x81 0x01 0x13  addi    x2,  x2,  -24
	     4    0x00 0x00 0x00 0x33  nop
	     8    0x00 0xc1 0x20 0x23  sw      x12, 0(x2)
	    12    0x00 0x01 0x25 0x03  lw      x10, 0(x2)
	    16    0x0a 0xa0 0x04 0x63  beqz    x10, 168
	    20    0x00 0x01 0x25 0x83  lw      x11, 0(x2)
	    24    0x00 0x01 0x06 0x37  lui     x12, 16
	    28    0x00 0x00 0x05 0x13  li      x10, 0
	    32    0x00 0xc5 0xf6 0x63  bgeu    x11, x12, 12
	    36    0x01 0x05 0x95 0x93  slli    x11, x11, 16
	    40    0x01 0x00 0x05 0x13  li      x10, 16
	    44    0x01 0x00 0x06 0x37  lui     x12, 4096
	    48    0x00 0xc5 0xf6 0x63  bgeu    x11, x12, 12
	    52    0x00 0x85 0x05 0x13  addi    x10, x10, 8
	    56    0x00 0x85 0x95 0x93  slli    x11, x11, 8
.rela 2 softfloat_countLeadingZeros8 2048
	    60    0x00 0x00 0x06 0x37  lui     x12, 0
	    64    0x01 0x85 0xd5 0x93  srli    x11, x11, 24
.rela 3 softfloat_countLeadingZeros8 0
	    68    0x00 0x06 0x06 0x13  mv      x12, x12
	    72    0x00 0xb6 0x05 0xb3  add     x11, x12, x11
	    76    0x00 0x00 0x00 0x33  nop
	    80    0x00 0x05 0xc5 0x83  lbu     x11, 0(x11)
	    84    0x00 0xb5 0x05 0x33  add     x10, x10, x11
	    88    0x01 0x55 0x05 0x13  addi    x10, x10, 21
	    92    0x00 0xa1 0x26 0x23  sw      x10, 12(x2)
	    96    0x00 0xc1 0x25 0x03  lw      x10, 12(x2)
	   100    0x43 0x20 0x05 0x93  li      x11, 1074
	   104    0x40 0xa5 0x85 0xb3  sub     x11, x11, x10
	   108    0x00 0x01 0x25 0x03  lw      x10, 0(x2)
	   112    0x00 0xc1 0x26 0x03  lw      x12, 12(x2)
	   116    0x01 0x45 0x95 0x93  slli    x11, x11, 20
	   120    0x02 0xc0 0x06 0x63  beqz    x12, 44
	   124    0xfe 0x06 0x01 0x93  addi    x3,  x12, -32
	   128    0x00 0x01 0xc8 0x63  bltz    x3,  16
	   132    0x00 0x35 0x11 0xb3  sll     x3,  x10, x3
	   136    0x00 0x00 0x05 0x13  li      x10, 0
	   140    0x01 0xc0 0x00 0x6f  j       28
	   144    0x40 0x30 0x01 0xb3  neg     x3,  x3
	   148    0x00 0xc5 0x16 0x33  sll     x12, x10, x12
	   152    0x00 0x35 0x51 0xb3  srl     x3,  x10, x3
	   156    0x00 0x06 0x05 0x13  mv      x10, x12
	   160    0x00 0x80 0x00 0x6f  j       8
	   164    0x00 0x00 0x01 0x93  li      x3,  0
	   168    0x00 0xb1 0x85 0xb3  add     x11, x3,  x11
	   172    0x00 0xa1 0x22 0x23  sw      x10, 4(x2)
	   176    0x00 0xb1 0x24 0x23  sw      x11, 8(x2)
	   180    0x00 0xc0 0x00 0x6f  j       12
	   184    0x00 0x01 0x22 0x23  sw      x0,  4(x2)
	   188    0x00 0x01 0x24 0x23  sw      x0,  8(x2)
	   192    0x00 0x41 0x25 0x03  lw      x10, 4(x2)
	   196    0x00 0xa1 0x28 0x23  sw      x10, 16(x2)
	   200    0x00 0x81 0x25 0x03  lw      x10, 8(x2)
	   204    0x00 0xa1 0x2a 0x23  sw      x10, 20(x2)
	   208    0x01 0x01 0x25 0x03  lw      x10, 16(x2)
	   212    0x01 0x41 0x25 0x83  lw      x11, 20(x2)
	   216    0x01 0x81 0x01 0x13  addi    x2,  x2,  24
.label ui32_to_f64__end last
.rts
	   220    0x00 0x00 0x80 0x67  ret

.undef global data softfloat_countLeadingZeros8

