
; File generated by darts version U-2022.12#33f3808fcb#221128, Tue Mar 19 17:14:06 2024
; Copyright 2014-2022 Synopsys, Inc. All rights reserved.
; darts -I.. -d -h -ISoftFloat-3e/source/include -ISoftFloat-3e/source/riscv -ISoftFloat-3e/build/chess -I../runtime/include -DCHESS_CXX_ATTRIBUTES -DSOFTFLOAT_NO_EXCEPTIONS -DINLINE_LEVEL=5 -DSOFTFLOAT_FAST_DIV32TO16 -D__tct_patch__=0 -L +Ihex Debug/ui32_to_f32.o trv32p3_cnn

; Release: ipd U-2022.12
.undef global data softfloat_countLeadingZeros8

.text_segment_name
.text global 0 ui32_to_f32
	     0    0xff 0x41 0x01 0x13  addi    x2,  x2,  -12
	     4    0x00 0x00 0x00 0x33  nop
	     8    0x00 0xb1 0x22 0x23  sw      x11, 4(x2)
	    12    0x00 0x11 0x20 0x23  sw      x1,  0(x2)
	    16    0x00 0x41 0x25 0x03  lw      x10, 4(x2)
	    20    0x04 0xa0 0x06 0x63  beqz    x10, 76
	    24    0x00 0x41 0x25 0x03  lw      x10, 4(x2)
	    28    0x80 0x00 0x00 0xb7  lui     x1,  -524288
	    32    0x00 0x15 0x75 0x33  and     x10, x10, x1
	    36    0x00 0xa0 0x1c 0x63  bnez    x10, 24
	    40    0x00 0x41 0x26 0x83  lw      x13, 4(x2)
	    44    0x09 0xc0 0x06 0x13  li      x12, 156
	    48    0x00 0x00 0x05 0x93  li      x11, 0
.call
	    52    0x00 0x00 0x00 0xef  call    softfloat_normRoundPackToF32
	    56    0x03 0x00 0x00 0x6f  j       48
	    60    0x00 0x41 0x20 0x83  lw      x1,  4(x2)
	    64    0x00 0x41 0x25 0x03  lw      x10, 4(x2)
	    68    0x00 0x10 0xd0 0x93  srli    x1,  x1,  1
	    72    0x00 0x15 0x75 0x13  andi    x10, x10, 1
	    76    0x00 0x15 0x66 0xb3  or      x13, x10, x1
	    80    0x09 0xd0 0x06 0x13  li      x12, 157
	    84    0x00 0x00 0x05 0x93  li      x11, 0
.call
	    88    0x00 0x00 0x00 0xef  call    softfloat_roundPackToF32
	    92    0x00 0xc0 0x00 0x6f  j       12
	    96    0x00 0x01 0x24 0x23  sw      x0,  8(x2)
	   100    0x00 0x00 0x05 0x13  li      x10, 0
	   104    0x00 0x01 0x20 0x83  lw      x1,  0(x2)
	   108    0x00 0xc1 0x01 0x13  addi    x2,  x2,  12
.label ui32_to_f32__end last
.rts
	   112    0x00 0x00 0x80 0x67  ret

.undef global text softfloat_roundPackToF32

.undef global text softfloat_normRoundPackToF32

