
; File generated by darts version U-2022.12#33f3808fcb#221128, Sat Mar 16 14:43:07 2024
; Copyright 2014-2022 Synopsys, Inc. All rights reserved.
; darts -I.. -d -h -ISoftFloat-3e/source/include -ISoftFloat-3e/source/riscv -ISoftFloat-3e/build/chess -I../runtime/include -DCHESS_CXX_ATTRIBUTES -DSOFTFLOAT_NO_EXCEPTIONS -DINLINE_LEVEL=5 -DSOFTFLOAT_FAST_DIV32TO16 -D__tct_patch__=0 -L +Ihex Debug/ui64_to_f32.o trv32p3_cnn

; Release: ipd U-2022.12
.undef global data softfloat_countLeadingZeros8

.text_segment_name
.text global 0 ui64_to_f32
	     0    0xfe 0x81 0x01 0x13  addi    x2,  x2,  -24
	     4    0x00 0x00 0x00 0x33  nop
	     8    0x00 0xb1 0x22 0x23  sw      x11, 4(x2)
	    12    0x00 0xc1 0x24 0x23  sw      x12, 8(x2)
	    16    0x00 0x11 0x20 0x23  sw      x1,  0(x2)
	    20    0x00 0x41 0x25 0x83  lw      x11, 4(x2)
	    24    0x00 0x81 0x26 0x03  lw      x12, 8(x2)
.call
	    28    0x00 0x00 0x00 0xef  call    softfloat_countLeadingZeros64
	    32    0xfd 0x85 0x05 0x13  addi    x10, x10, -40
	    36    0x00 0xa1 0x26 0x23  sw      x10, 12(x2)
	    40    0x00 0xc1 0x25 0x03  lw      x10, 12(x2)
	    44    0x0c 0x05 0x58 0x63  bgez    x10, 208
	    48    0x00 0xc1 0x25 0x03  lw      x10, 12(x2)
	    52    0x00 0x75 0x05 0x13  addi    x10, x10, 7
	    56    0x00 0xa1 0x26 0x23  sw      x10, 12(x2)
	    60    0x00 0xc1 0x25 0x03  lw      x10, 12(x2)
	    64    0x00 0x05 0x4a 0x63  bltz    x10, 20
	    68    0x00 0x41 0x25 0x03  lw      x10, 4(x2)
	    72    0x00 0xc1 0x26 0x03  lw      x12, 12(x2)
	    76    0x00 0xc5 0x15 0x33  sll     x10, x10, x12
	    80    0x08 0xc0 0x00 0x6f  j       140
	    84    0x00 0xc1 0x25 0x83  lw      x11, 12(x2)
	    88    0x40 0xb0 0x06 0xb3  neg     x13, x11
	    92    0x00 0x41 0x26 0x03  lw      x12, 4(x2)
	    96    0x00 0x81 0x25 0x03  lw      x10, 8(x2)
	   100    0x00 0x06 0x05 0x93  mv      x11, x12
	   104    0x02 0xd0 0x02 0x63  beqz    x13, 36
	   108    0xfe 0x06 0x85 0x93  addi    x11, x13, -32
	   112    0x00 0x05 0xc6 0x63  bltz    x11, 12
	   116    0x00 0xb5 0x55 0xb3  srl     x11, x10, x11
	   120    0x01 0x40 0x00 0x6f  j       20
	   124    0x40 0xb0 0x00 0xb3  neg     x1,  x11
	   128    0x00 0xd6 0x55 0xb3  srl     x11, x12, x13
	   132    0x00 0x15 0x10 0xb3  sll     x1,  x10, x1
	   136    0x00 0xb0 0xe5 0xb3  or      x11, x1,  x11
	   140    0x00 0x10 0x00 0x93  li      x1,  1
	   144    0x00 0x00 0x01 0x93  li      x3,  0
	   148    0x02 0xd0 0x02 0x63  beqz    x13, 36
	   152    0xfe 0x06 0x81 0x93  addi    x3,  x13, -32
	   156    0x00 0x01 0xc8 0x63  bltz    x3,  16
	   160    0x00 0x30 0x91 0xb3  sll     x3,  x1,  x3
	   164    0x00 0x00 0x00 0x93  li      x1,  0
	   168    0x01 0x00 0x00 0x6f  j       16
	   172    0x40 0x30 0x01 0xb3  neg     x3,  x3
	   176    0x00 0x30 0xd1 0xb3  srl     x3,  x1,  x3
	   180    0x00 0xd0 0x90 0xb3  sll     x1,  x1,  x13
	   184    0xff 0xf0 0x86 0x93  addi    x13, x1,  -1
	   188    0xff 0xf1 0x81 0x93  addi    x3,  x3,  -1
	   192    0x00 0x16 0xb0 0xb3  sltu    x1,  x13, x1
	   196    0x00 0x30 0x80 0xb3  add     x1,  x1,  x3
	   200    0x00 0xd6 0x76 0x33  and     x12, x12, x13
	   204    0x00 0x15 0x75 0x33  and     x10, x10, x1
	   208    0x00 0xa6 0x65 0x33  or      x10, x12, x10
	   212    0x00 0xa0 0x35 0x33  snez    x10, x10
	   216    0x00 0xb5 0x65 0x33  or      x10, x10, x11
	   220    0x00 0xa1 0x2a 0x23  sw      x10, 20(x2)
	   224    0x00 0xc1 0x25 0x03  lw      x10, 12(x2)
	   228    0x09 0xc0 0x06 0x13  li      x12, 156
	   232    0x01 0x41 0x26 0x83  lw      x13, 20(x2)
	   236    0x40 0xa6 0x06 0x33  sub     x12, x12, x10
	   240    0x00 0x00 0x05 0x93  li      x11, 0
.call
	   244    0x00 0x00 0x00 0xef  call    softfloat_roundPackToF32
	   248    0x04 0x40 0x00 0x6f  j       68
	   252    0x00 0x41 0x25 0x03  lw      x10, 4(x2)
	   256    0x00 0x81 0x26 0x03  lw      x12, 8(x2)
	   260    0x00 0xa6 0x65 0x33  or      x10, x12, x10
	   264    0x02 0xa0 0x04 0x63  beqz    x10, 40
	   268    0x00 0xc1 0x26 0x03  lw      x12, 12(x2)
	   272    0x09 0x50 0x05 0x93  li      x11, 149
	   276    0x00 0x41 0x25 0x03  lw      x10, 4(x2)
	   280    0x00 0xc1 0x20 0x83  lw      x1,  12(x2)
	   284    0x40 0xc5 0x86 0x33  sub     x12, x11, x12
	   288    0x00 0x15 0x15 0x33  sll     x10, x10, x1
	   292    0x01 0x76 0x16 0x13  slli    x12, x12, 23
	   296    0x00 0xa6 0x05 0x33  add     x10, x12, x10
	   300    0x00 0x80 0x00 0x6f  j       8
	   304    0x00 0x00 0x05 0x13  li      x10, 0
	   308    0x00 0xa1 0x28 0x23  sw      x10, 16(x2)
	   312    0x01 0x01 0x25 0x03  lw      x10, 16(x2)
	   316    0x00 0x01 0x26 0x03  lw      x12, 0(x2)
	   320    0x01 0x81 0x01 0x13  addi    x2,  x2,  24
.label ui64_to_f32__end last
.rts
	   324    0x00 0x06 0x00 0x67  jr      x12

.undef global text softfloat_countLeadingZeros64

.undef global text softfloat_roundPackToF32

