
; File generated by darts version U-2022.12#33f3808fcb#221128, Fri Mar 22 18:34:12 2024
; Copyright 2014-2022 Synopsys, Inc. All rights reserved.
; darts -I.. -d -h -ISoftFloat-3e/source/include -ISoftFloat-3e/source/riscv -ISoftFloat-3e/build/chess -I../runtime/include -DCHESS_CXX_ATTRIBUTES -DSOFTFLOAT_NO_EXCEPTIONS -DINLINE_LEVEL=5 -DSOFTFLOAT_FAST_DIV32TO16 -D__tct_patch__=0 -L +Ihex Debug/ui64_to_f64.o trv32p3_cnn

; Release: ipd U-2022.12
.undef global data softfloat_countLeadingZeros8

.text_segment_name
.text global 0 ui64_to_f64
	     0    0xfe 0xc1 0x01 0x13  addi    x2,  x2,  -20
	     4    0x00 0x00 0x00 0x33  nop
	     8    0x00 0xc1 0x22 0x23  sw      x12, 4(x2)
	    12    0x00 0xd1 0x24 0x23  sw      x13, 8(x2)
	    16    0x00 0x11 0x20 0x23  sw      x1,  0(x2)
	    20    0x00 0x41 0x25 0x03  lw      x10, 4(x2)
	    24    0x00 0x81 0x25 0x83  lw      x11, 8(x2)
	    28    0x00 0xb5 0x65 0x33  or      x10, x10, x11
	    32    0x06 0xa0 0x04 0x63  beqz    x10, 104
	    36    0x00 0x81 0x25 0x03  lw      x10, 8(x2)
	    40    0x80 0x00 0x05 0xb7  lui     x11, -524288
	    44    0x00 0xb5 0x75 0x33  and     x10, x10, x11
	    48    0x00 0xa0 0x1e 0x63  bnez    x10, 28
	    52    0x00 0x41 0x27 0x03  lw      x14, 4(x2)
	    56    0x00 0x81 0x27 0x83  lw      x15, 8(x2)
	    60    0x43 0xc0 0x06 0x93  li      x13, 1084
	    64    0x00 0x00 0x06 0x13  li      x12, 0
.call
	    68    0x00 0x00 0x00 0xef  call    softfloat_normRoundPackToF64
	    72    0x05 0x00 0x00 0x6f  j       80
	    76    0x00 0x41 0x26 0x83  lw      x13, 4(x2)
	    80    0x00 0x81 0x26 0x03  lw      x12, 8(x2)
	    84    0x00 0x16 0xf5 0x93  andi    x11, x13, 1
	    88    0x01 0xf6 0x15 0x13  slli    x10, x12, 31
	    92    0x00 0x16 0xd0 0x93  srli    x1,  x13, 1
	    96    0x00 0xb0 0x35 0xb3  snez    x11, x11
	   100    0x00 0x16 0x56 0x13  srli    x12, x12, 1
	   104    0x41 0xf5 0xd6 0x93  srai    x13, x11, 31
	   108    0x00 0xd6 0x67 0xb3  or      x15, x12, x13
	   112    0x00 0x15 0x65 0x33  or      x10, x10, x1
	   116    0x00 0xb5 0x67 0x33  or      x14, x10, x11
	   120    0x43 0xd0 0x06 0x93  li      x13, 1085
	   124    0x00 0x00 0x06 0x13  li      x12, 0
.call
	   128    0x00 0x00 0x00 0xef  call    softfloat_roundPackToF64
	   132    0x01 0x40 0x00 0x6f  j       20
	   136    0x00 0x01 0x26 0x23  sw      x0,  12(x2)
	   140    0x00 0x01 0x28 0x23  sw      x0,  16(x2)
	   144    0x00 0xc1 0x25 0x03  lw      x10, 12(x2)
	   148    0x01 0x01 0x25 0x83  lw      x11, 16(x2)
	   152    0x00 0x01 0x26 0x83  lw      x13, 0(x2)
	   156    0x01 0x41 0x01 0x13  addi    x2,  x2,  20
.label ui64_to_f64__end last
.rts
	   160    0x00 0x06 0x80 0x67  jr      x13

.undef global text softfloat_roundPackToF64

.undef global text softfloat_normRoundPackToF64

