
; File generated by darts version U-2022.12#33f3808fcb#221128, Fri Mar 22 18:55:23 2024
; Copyright 2014-2022 Synopsys, Inc. All rights reserved.
; darts -I. -d -h -I./runtime/include -DCHESS_CXX_ATTRIBUTES -D__tct_patch__=0 -L +Ihex Debug/trv32p3_cnn_c_div.o trv32p3_cnn

; Release: ipd U-2022.12
.text_segment_name
.text global 0 _Z10div_calledyyRy
	     0    0xff 0x01 0x01 0x13  addi    x2,  x2,  -16
	     4    0x00 0x00 0x00 0x33  nop
	     8    0x00 0xe1 0x20 0x23  sw      x14, 0(x2)
	    12    0x00 0xf1 0x22 0x23  sw      x15, 4(x2)
	    16    0x00 0xc1 0x24 0x23  sw      x12, 8(x2)
	    20    0x00 0xd1 0x26 0x23  sw      x13, 12(x2)
	    24    0x00 0x81 0x25 0x03  lw      x10, 8(x2)
	    28    0x00 0xc1 0x25 0x83  lw      x11, 12(x2)
	    32    0x00 0x01 0x26 0x83  lw      x13, 0(x2)
	    36    0x00 0x41 0x26 0x03  lw      x12, 4(x2)
	    40    0x06 0x06 0x44 0x63  bltz    x12, 104
	    44    0x00 0x00 0x08 0x13  li      x16, 0
	    48    0x04 0x00 0x07 0x93  li      x15, 64
	    52    0x00 0x00 0x07 0x13  li      x14, 0
	    56    0x00 0x00 0x08 0x93  li      x17, 0
	    60    0x01 0xf8 0x51 0x93  srli    x3,  x16, 31
	    64    0x00 0x18 0x18 0x13  slli    x16, x16, 1
	    68    0x00 0x18 0x98 0x93  slli    x17, x17, 1
	    72    0x01 0xf5 0xd2 0x13  srli    x4,  x11, 31
	    76    0x00 0x38 0xe8 0xb3  or      x17, x17, x3
	    80    0x00 0x48 0x68 0x33  or      x16, x16, x4
	    84    0x01 0xf5 0x51 0x93  srli    x3,  x10, 31
	    88    0x00 0x15 0x95 0x93  slli    x11, x11, 1
	    92    0x00 0x15 0x15 0x13  slli    x10, x10, 1
	    96    0x00 0xb1 0xe5 0xb3  or      x11, x3,  x11
	   100    0x01 0x16 0x66 0x63  bltu    x12, x17, 12
	   104    0x00 0xc8 0x9e 0x63  bne     x17, x12, 28
	   108    0x00 0xd8 0x6c 0x63  bltu    x16, x13, 24
	   112    0x00 0xd8 0x31 0xb3  sltu    x3,  x16, x13
	   116    0x40 0xc8 0x88 0xb3  sub     x17, x17, x12
	   120    0x40 0xd8 0x08 0x33  sub     x16, x16, x13
	   124    0x40 0x38 0x88 0xb3  sub     x17, x17, x3
	   128    0x00 0x15 0x65 0x13  ori     x10, x10, 1
	   132    0x00 0x17 0x07 0x13  addi    x14, x14, 1
	   136    0xfa 0xf7 0x4a 0xe3  blt     x14, x15, -76
	   140    0x03 0x40 0x00 0x6f  j       52
	   144    0x00 0x05 0x88 0x93  mv      x17, x11
	   148    0x00 0x05 0x08 0x13  mv      x16, x10
	   152    0x00 0x00 0x05 0x93  li      x11, 0
	   156    0x00 0x00 0x05 0x13  li      x10, 0
	   160    0x01 0x16 0x66 0x63  bltu    x12, x17, 12
	   164    0x00 0xc8 0x9e 0x63  bne     x17, x12, 28
	   168    0x00 0xd8 0x6c 0x63  bltu    x16, x13, 24
	   172    0x00 0xd8 0x35 0x33  sltu    x10, x16, x13
	   176    0x40 0xc8 0x88 0xb3  sub     x17, x17, x12
	   180    0x40 0xa8 0x88 0xb3  sub     x17, x17, x10
	   184    0x40 0xd8 0x08 0x33  sub     x16, x16, x13
	   188    0x00 0x10 0x05 0x13  li      x10, 1
	   192    0x01 0x01 0x01 0x13  addi    x2,  x2,  16
.label _Z10div_calledyyRy__end last
.rts
	   196    0x00 0x00 0x80 0x67  ret

.text_segment_name
.text global 0 _Z10div_calledxxRx
	     0    0xfd 0x01 0x01 0x13  addi    x2,  x2,  -48
	     4    0x00 0x00 0x00 0x33  nop
	     8    0x00 0xe1 0x20 0x23  sw      x14, 0(x2)
	    12    0x00 0xf1 0x22 0x23  sw      x15, 4(x2)
	    16    0x00 0xc1 0x24 0x23  sw      x12, 8(x2)
	    20    0x00 0xd1 0x26 0x23  sw      x13, 12(x2)
	    24    0x00 0x81 0x28 0x03  lw      x16, 8(x2)
	    28    0x00 0xc1 0x28 0x83  lw      x17, 12(x2)
	    32    0x01 0x01 0x28 0x23  sw      x16, 16(x2)
	    36    0x01 0x11 0x2a 0x23  sw      x17, 20(x2)
	    40    0x00 0x01 0x28 0x03  lw      x16, 0(x2)
	    44    0x00 0x41 0x28 0x83  lw      x17, 4(x2)
	    48    0x01 0x01 0x2c 0x23  sw      x16, 24(x2)
	    52    0x01 0x11 0x2e 0x23  sw      x17, 28(x2)
	    56    0x00 0xc1 0x28 0x03  lw      x16, 12(x2)
	    60    0x02 0x08 0x52 0x63  bgez    x16, 36
	    64    0x01 0x01 0x28 0x83  lw      x17, 16(x2)
	    68    0x01 0x41 0x26 0x83  lw      x13, 20(x2)
	    72    0x01 0x10 0x38 0x33  snez    x16, x17
	    76    0x40 0xd0 0x06 0xb3  neg     x13, x13
	    80    0x41 0x10 0x08 0xb3  neg     x17, x17
	    84    0x41 0x06 0x88 0x33  sub     x16, x13, x16
	    88    0x01 0x11 0x28 0x23  sw      x17, 16(x2)
	    92    0x01 0x01 0x2a 0x23  sw      x16, 20(x2)
	    96    0x00 0x41 0x28 0x03  lw      x16, 4(x2)
	   100    0x02 0x08 0x52 0x63  bgez    x16, 36
	   104    0x01 0x81 0x28 0x83  lw      x17, 24(x2)
	   108    0x01 0xc1 0x26 0x83  lw      x13, 28(x2)
	   112    0x01 0x10 0x38 0x33  snez    x16, x17
	   116    0x40 0xd0 0x06 0xb3  neg     x13, x13
	   120    0x41 0x10 0x08 0xb3  neg     x17, x17
	   124    0x41 0x06 0x88 0x33  sub     x16, x13, x16
	   128    0x01 0x11 0x2c 0x23  sw      x17, 24(x2)
	   132    0x01 0x01 0x2e 0x23  sw      x16, 28(x2)
	   136    0x01 0x01 0x26 0x83  lw      x13, 16(x2)
	   140    0x01 0x41 0x27 0x83  lw      x15, 20(x2)
	   144    0x01 0x81 0x28 0x03  lw      x16, 24(x2)
	   148    0x01 0xc1 0x28 0x83  lw      x17, 28(x2)
	   152    0x08 0x08 0xca 0x63  bltz    x17, 148
	   156    0x02 0x01 0x20 0x23  sw      x0,  32(x2)
	   160    0x02 0x01 0x22 0x23  sw      x0,  36(x2)
	   164    0x00 0x00 0x06 0x13  li      x12, 0
	   168    0x02 0x01 0x05 0x13  addi    x10, x2,  32
	   172    0x04 0x00 0x05 0x93  li      x11, 64
	   176    0x02 0x01 0x21 0x83  lw      x3,  32(x2)
	   180    0x00 0x11 0x97 0x13  slli    x14, x3,  1
	   184    0x02 0x41 0x22 0x03  lw      x4,  36(x2)
	   188    0x01 0xf1 0xd1 0x93  srli    x3,  x3,  31
	   192    0x00 0x12 0x12 0x13  slli    x4,  x4,  1
	   196    0x01 0xf7 0xd2 0x93  srli    x5,  x15, 31
	   200    0x00 0x32 0x61 0xb3  or      x3,  x4,  x3
	   204    0x00 0x57 0x67 0x33  or      x14, x14, x5
	   208    0x02 0xe1 0x20 0x23  sw      x14, 32(x2)
	   212    0x02 0x31 0x22 0x23  sw      x3,  36(x2)
	   216    0x01 0xf6 0xd7 0x13  srli    x14, x13, 31
	   220    0x00 0x17 0x97 0x93  slli    x15, x15, 1
	   224    0x00 0x16 0x96 0x93  slli    x13, x13, 1
	   228    0x00 0xf7 0x67 0xb3  or      x15, x14, x15
	   232    0x02 0x01 0x27 0x03  lw      x14, 32(x2)
	   236    0x02 0x41 0x21 0x83  lw      x3,  36(x2)
	   240    0x00 0x38 0xe6 0x63  bltu    x17, x3,  12
	   244    0x03 0x11 0x96 0x63  bne     x3,  x17, 44
	   248    0x03 0x07 0x64 0x63  bltu    x14, x16, 40
	   252    0x02 0x01 0x21 0x83  lw      x3,  32(x2)
	   256    0x00 0x45 0x22 0x03  lw      x4,  4(x10)
	   260    0x01 0x01 0xb7 0x33  sltu    x14, x3,  x16
	   264    0x41 0x12 0x02 0x33  sub     x4,  x4,  x17
	   268    0x41 0x01 0x81 0xb3  sub     x3,  x3,  x16
	   272    0x40 0xe2 0x07 0x33  sub     x14, x4,  x14
	   276    0x02 0x31 0x20 0x23  sw      x3,  32(x2)
	   280    0x00 0xe5 0x22 0x23  sw      x14, 4(x10)
	   284    0x00 0x16 0xe6 0x93  ori     x13, x13, 1
	   288    0x00 0x16 0x06 0x13  addi    x12, x12, 1
	   292    0xf8 0xb6 0x46 0xe3  blt     x12, x11, -116
	   296    0x04 0xc0 0x00 0x6f  j       76
	   300    0x02 0xd1 0x20 0x23  sw      x13, 32(x2)
	   304    0x02 0xf1 0x22 0x23  sw      x15, 36(x2)
	   308    0x02 0x01 0x26 0x03  lw      x12, 32(x2)
	   312    0x02 0x41 0x25 0x03  lw      x10, 36(x2)
	   316    0x00 0x00 0x07 0x93  li      x15, 0
	   320    0x00 0x00 0x06 0x93  li      x13, 0
	   324    0x00 0xa8 0xe6 0x63  bltu    x17, x10, 12
	   328    0x03 0x15 0x16 0x63  bne     x10, x17, 44
	   332    0x03 0x06 0x64 0x63  bltu    x12, x16, 40
	   336    0x02 0x01 0x26 0x83  lw      x13, 32(x2)
	   340    0x02 0x41 0x25 0x03  lw      x10, 36(x2)
	   344    0x01 0x06 0xb6 0x33  sltu    x12, x13, x16
	   348    0x41 0x15 0x08 0xb3  sub     x17, x10, x17
	   352    0x41 0x06 0x88 0x33  sub     x16, x13, x16
	   356    0x40 0xc8 0x88 0xb3  sub     x17, x17, x12
	   360    0x03 0x01 0x20 0x23  sw      x16, 32(x2)
	   364    0x03 0x11 0x22 0x23  sw      x17, 36(x2)
	   368    0x00 0x10 0x06 0x93  li      x13, 1
	   372    0x02 0xd1 0x24 0x23  sw      x13, 40(x2)
	   376    0x02 0xf1 0x26 0x23  sw      x15, 44(x2)
	   380    0x02 0x01 0x28 0x03  lw      x16, 32(x2)
	   384    0x02 0x41 0x28 0x83  lw      x17, 36(x2)
	   388    0x00 0xc1 0x26 0x83  lw      x13, 12(x2)
	   392    0x00 0x06 0xda 0x63  bgez    x13, 20
	   396    0x01 0x00 0x36 0xb3  snez    x13, x16
	   400    0x41 0x10 0x08 0xb3  neg     x17, x17
	   404    0x41 0x00 0x08 0x33  neg     x16, x16
	   408    0x40 0xd8 0x88 0xb3  sub     x17, x17, x13
	   412    0x00 0xc1 0x26 0x83  lw      x13, 12(x2)
	   416    0x00 0x41 0x26 0x03  lw      x12, 4(x2)
	   420    0x00 0xd6 0x46 0xb3  xor     x13, x12, x13
	   424    0x00 0x06 0xc8 0x63  bltz    x13, 16
	   428    0x02 0x81 0x25 0x03  lw      x10, 40(x2)
	   432    0x02 0xc1 0x25 0x83  lw      x11, 44(x2)
	   436    0x01 0xc0 0x00 0x6f  j       28
	   440    0x02 0x81 0x26 0x03  lw      x12, 40(x2)
	   444    0x02 0xc1 0x25 0x03  lw      x10, 44(x2)
	   448    0x40 0xa0 0x05 0xb3  neg     x11, x10
	   452    0x00 0xc0 0x36 0xb3  snez    x13, x12
	   456    0x40 0xc0 0x05 0x33  neg     x10, x12
	   460    0x40 0xd5 0x85 0xb3  sub     x11, x11, x13
	   464    0x03 0x01 0x01 0x13  addi    x2,  x2,  48
.label _Z10div_calledxxRx__end last
.rts
	   468    0x00 0x00 0x80 0x67  ret

