
; File generated by darts version U-2022.12#33f3808fcb#221128, Sat Mar 16 14:39:33 2024
; Copyright 2014-2022 Synopsys, Inc. All rights reserved.
; darts -I. -d -h -I./runtime/include -DCHESS_CXX_ATTRIBUTES -D__tct_patch__=0 -L +Ihex Release/trv32p3_cnn_c_div.o trv32p3_cnn

; Release: ipd U-2022.12
.text_segment_name
.text global 0 _Z10div_calledyyRy
	     0    0x00 0x06 0x08 0x13  mv      x16, x12
	     4    0x00 0x00 0x06 0x13  li      x12, 0
	     8    0x06 0x07 0xc4 0x63  bltz    x15, 104
	    12    0x00 0x08 0x05 0x13  mv      x10, x16
	    16    0x04 0x00 0x05 0x93  li      x11, 64
	    20    0x00 0x00 0x08 0x13  li      x16, 0
	    24    0x00 0x00 0x08 0x93  li      x17, 0
	    28    0x01 0xf8 0x52 0x13  srli    x4,  x16, 31
	    32    0x01 0xf6 0xd1 0x93  srli    x3,  x13, 31
	    36    0x01 0xf5 0x52 0x93  srli    x5,  x10, 31
	    40    0x00 0x18 0x18 0x13  slli    x16, x16, 1
	    44    0x00 0x18 0x98 0x93  slli    x17, x17, 1
	    48    0x00 0x16 0x96 0x93  slli    x13, x13, 1
	    52    0x00 0x15 0x15 0x13  slli    x10, x10, 1
	    56    0x01 0x12 0x68 0xb3  or      x17, x4,  x17
	    60    0x00 0x38 0x68 0x33  or      x16, x16, x3
	    64    0x00 0xd2 0xe6 0xb3  or      x13, x5,  x13
	    68    0x01 0x17 0xe6 0x63  bltu    x15, x17, 12
	    72    0x00 0xf8 0x9e 0x63  bne     x17, x15, 28
	    76    0x00 0xe8 0x6c 0x63  bltu    x16, x14, 24
	    80    0x00 0xe8 0x31 0xb3  sltu    x3,  x16, x14
	    84    0x40 0xf8 0x88 0xb3  sub     x17, x17, x15
	    88    0x40 0xe8 0x08 0x33  sub     x16, x16, x14
	    92    0x00 0x15 0x65 0x13  ori     x10, x10, 1
	    96    0x40 0x38 0x88 0xb3  sub     x17, x17, x3
	   100    0x00 0x16 0x06 0x13  addi    x12, x12, 1
	   104    0xfa 0xb6 0x4a 0xe3  blt     x12, x11, -76
	   108    0x03 0x80 0x00 0x6f  j       56
	   112    0x00 0x00 0x05 0x13  li      x10, 0
	   116    0x00 0xd7 0xea 0x63  bltu    x15, x13, 20
	   120    0x00 0x00 0x05 0x13  li      x10, 0
	   124    0x02 0xf6 0x90 0x63  bne     x13, x15, 32
	   128    0x00 0x00 0x05 0x13  li      x10, 0
	   132    0x00 0xe8 0x6c 0x63  bltu    x16, x14, 24
	   136    0x00 0xe8 0x35 0x33  sltu    x10, x16, x14
	   140    0x40 0xf6 0x87 0xb3  sub     x15, x13, x15
	   144    0x40 0xa7 0x86 0xb3  sub     x13, x15, x10
	   148    0x40 0xe8 0x08 0x33  sub     x16, x16, x14
	   152    0x00 0x10 0x05 0x13  li      x10, 1
	   156    0x00 0x06 0x88 0x93  mv      x17, x13
	   160    0x00 0x00 0x06 0x93  li      x13, 0
	   164    0x00 0x06 0x85 0x93  mv      x11, x13
.label _Z10div_calledyyRy__end last
.rts
	   168    0x00 0x00 0x80 0x67  ret

.text_segment_name
.text global 0 _Z10div_calledxxRx
	     0    0x00 0x07 0x88 0x13  mv      x16, x15
	     4    0x00 0x06 0x85 0x93  mv      x11, x13
	     8    0x00 0x06 0xda 0x63  bgez    x13, 20
	    12    0x00 0xc0 0x35 0xb3  snez    x11, x12
	    16    0x40 0xd0 0x05 0x33  neg     x10, x13
	    20    0x40 0xc0 0x06 0x33  neg     x12, x12
	    24    0x40 0xb5 0x05 0xb3  sub     x11, x10, x11
	    28    0x00 0x07 0xda 0x63  bgez    x15, 20
	    32    0x00 0xe0 0x35 0x33  snez    x10, x14
	    36    0x40 0xf0 0x08 0xb3  neg     x17, x15
	    40    0x40 0xe0 0x07 0x33  neg     x14, x14
	    44    0x40 0xa8 0x88 0x33  sub     x16, x17, x10
	    48    0x00 0x00 0x08 0x93  li      x17, 0
	    52    0x06 0x08 0x44 0x63  bltz    x16, 104
	    56    0x00 0x06 0x05 0x13  mv      x10, x12
	    60    0x04 0x00 0x01 0x93  li      x3,  64
	    64    0x00 0x00 0x02 0x13  li      x4,  0
	    68    0x00 0x00 0x06 0x13  li      x12, 0
	    72    0x01 0xf6 0x53 0x93  srli    x7,  x12, 31
	    76    0x01 0xf5 0xd2 0x93  srli    x5,  x11, 31
	    80    0x01 0xf5 0x53 0x13  srli    x6,  x10, 31
	    84    0x00 0x16 0x16 0x13  slli    x12, x12, 1
	    88    0x00 0x18 0x98 0x93  slli    x17, x17, 1
	    92    0x00 0x15 0x95 0x93  slli    x11, x11, 1
	    96    0x00 0x15 0x15 0x13  slli    x10, x10, 1
	   100    0x00 0x78 0xe8 0xb3  or      x17, x17, x7
	   104    0x00 0x56 0x66 0x33  or      x12, x12, x5
	   108    0x00 0xb3 0x65 0xb3  or      x11, x6,  x11
	   112    0x01 0x18 0x66 0x63  bltu    x16, x17, 12
	   116    0x01 0x08 0x9e 0x63  bne     x17, x16, 28
	   120    0x00 0xe6 0x6c 0x63  bltu    x12, x14, 24
	   124    0x00 0xe6 0x32 0xb3  sltu    x5,  x12, x14
	   128    0x41 0x08 0x88 0xb3  sub     x17, x17, x16
	   132    0x40 0xe6 0x06 0x33  sub     x12, x12, x14
	   136    0x00 0x15 0x65 0x13  ori     x10, x10, 1
	   140    0x40 0x58 0x88 0xb3  sub     x17, x17, x5
	   144    0x00 0x12 0x02 0x13  addi    x4,  x4,  1
	   148    0xfa 0x32 0x4a 0xe3  blt     x4,  x3,  -76
	   152    0x03 0x80 0x00 0x6f  j       56
	   156    0x00 0x00 0x05 0x13  li      x10, 0
	   160    0x00 0xb8 0x6a 0x63  bltu    x16, x11, 20
	   164    0x00 0x00 0x05 0x13  li      x10, 0
	   168    0x03 0x05 0x90 0x63  bne     x11, x16, 32
	   172    0x00 0x00 0x05 0x13  li      x10, 0
	   176    0x00 0xe6 0x6c 0x63  bltu    x12, x14, 24
	   180    0x00 0xe6 0x35 0x33  sltu    x10, x12, x14
	   184    0x41 0x05 0x85 0xb3  sub     x11, x11, x16
	   188    0x40 0xa5 0x85 0xb3  sub     x11, x11, x10
	   192    0x40 0xe6 0x06 0x33  sub     x12, x12, x14
	   196    0x00 0x10 0x05 0x13  li      x10, 1
	   200    0x00 0x05 0x88 0x93  mv      x17, x11
	   204    0x00 0x00 0x05 0x93  li      x11, 0
	   208    0x00 0x06 0xda 0x63  bgez    x13, 20
	   212    0x00 0xc0 0x37 0x33  snez    x14, x12
	   216    0x41 0x10 0x08 0xb3  neg     x17, x17
	   220    0x40 0xc0 0x06 0x33  neg     x12, x12
	   224    0x40 0xe8 0x88 0xb3  sub     x17, x17, x14
	   228    0x00 0xf6 0xc6 0xb3  xor     x13, x13, x15
	   232    0x00 0x06 0xda 0x63  bgez    x13, 20
	   236    0x00 0xa0 0x36 0xb3  snez    x13, x10
	   240    0x40 0xb0 0x07 0xb3  neg     x15, x11
	   244    0x40 0xa0 0x05 0x33  neg     x10, x10
	   248    0x40 0xd7 0x85 0xb3  sub     x11, x15, x13
	   252    0x00 0x06 0x08 0x13  mv      x16, x12
.label _Z10div_calledxxRx__end last
.rts
	   256    0x00 0x00 0x80 0x67  ret

