
// File generated by amnesia version U-2022.12#33f3808fcb#221128, Thu Feb 29 15:10:51 2024
// Copyright 2014-2022 Synopsys, Inc. All rights reserved.
// --amnesia

toolrelease _22R4;

==================================================
	 CONNECTIVITY 'trv32p3_cnn'
==================================================

==========================
Type representation info :
==========================
representation              'void*' : 'w32'
representation          'long long' : 'dint'
representation 'unsigned long long' : 'dint'
representation                'int' : 'w32'
representation           'unsigned' : 'w32'
representation              'short' : 'w16'
representation        'signed char' : 'w08'
representation             'double' : 'dint'
representation              'float' : 'w32'

======================
Type promotions info :
======================
         't20s_rp12' : promotable to 'w32'
               'w16' : promotable to 'w32'
    'unsigned short' : promotable to 'w16', 'w32'
               'w08' : promotable to 'w16', 'w32'
     'unsigned char' : promotable to 'w08', 'w16', 'w32'

===============
Storages info :
===============
               'w32' storages : X, DMw (spill mem)
               'w16' storages : DMh (spill mem)
               'w08' storages : DMb (spill mem)

============================
Restricted register access :
============================


============================
Detailed connectivity info :
============================

------------------------------------------------------------------------------------------------------
1) type 'w32' [+ represented/promotable types: 'void*', 'int', 'unsigned', 'float', 'w16', 'w08', 't20s_rp12', 'unsigned short', 'unsigned char']  : 
------------------------------------------------------------------------------------------------------

  X <-> X, 
  X <-> DMw (spill)

------------------------------------------------------------------------------------------------------
2) type 'w16' [+ represented/promotable types: 'short', 'w08', 'unsigned short', 'unsigned char']  : 
------------------------------------------------------------------------------------------------------

  X <-> DMh (spill)

------------------------------------------------------------------------------------------------------
3) type 'w08' [+ represented/promotable types: 'signed char', 'unsigned char']  : 
------------------------------------------------------------------------------------------------------

  X <-> DMb (spill)


