
// File generated by animal version U-2022.12#33f3808fcb#221128, Tue Mar 19 17:28:51 2024
// Copyright 2014-2022 Synopsys, Inc. All rights reserved.

// Unused instructions in the nML description of trv32p3_cnn
01xxxxxxxxxxxxxxx001xxxxxxx1x0xx
01xxxxxxxxxxxxxxx011xxxxxx1xx0xx
10xxxxxxxxxxxxxxxx01xxxxxxx1x0xx
10xxxxxxxxxxxxxxxxxxxxxxxx11x0xx
1xxxxxxxxxxxxxxxx101xxxxxxx1x0xx
1xxxxxxxxxxxxxxxxxx0xxxxxx11x0xx
x1xxxx1xxxxxxxxxx1xxxxxxx01xx0xx
x1xxxx1xxxxxxxxxxx01xxxxxxx1x0xx
x1xxxx1xxxxxxxxxxxxxxxxxxx11x0xx
x1xxxxx1xxxxxxxxx011xxxxxx1xx0xx
x1xxxxxx1xxxxxxxx011xxxxxx1xx0xx
x1xxxxxxx1xxxxxxx011xxxxxx1xx0xx
x1xxxxxxxx1xxxxxx011xxxxxx1xx0xx
x1xxxxxxxxx1xxxxx011xxxxxx1xx0xx
x1xxxxxxxxxxxxxxx001xxxxxx01x0xx
x1xxxxxxxxxxxxxxx11xxxxxx01xx0xx
x1xxxxxxxxxxxxxxx1x0xxxxx01xx0xx
x1xxxxxxxxxxxxxxxx10xxxxxx11x0xx
x1xxxxxxxxxxxxxxxxxxxxxxx1x1xxxx
xx1xxxxxxxxxxxxxxx01xxxxxxx1x0xx
xx1xxxxxxxxxxxxxxxxxxxxxxx11x0xx
xxx1xxxxxxxxxxxxxx01xxxxxxx1x0xx
xxx1xxxxxxxxxxxxxxxxxxxxxx11x0xx
xxxx1xxxxxxxxxxxxx01xxxxxxx1x0xx
xxxx1xxxxxxxxxxxxxxxxxxxxx11x0xx
xxxxx1xxxxxxxxxxxx01xxxxxxx1x0xx
xxxxx1xxxxxxxxxxxxxxxxxxxx11x0xx
xxxxxx1xxxxxxxxxxx01xxxxxx01x0xx
xxxxxx1xxxxxxxxxxxxxxxxxx1x1xxxx
xxxxxxx1xxxxxxxxxxxxxxxxx1x1xxxx
xxxxxxxx1xxxxxxxxxxxxxxxx1x1xxxx
xxxxxxxxx1xxxxxxxxxxxxxxx1x1xxxx
xxxxxxxxxx1xxxxxxxxxxxxxx1x1xxxx
xxxxxxxxxxx0xxxxxxxxxxxxx1x1xxxx
xxxxxxxxxxxx1xxxxxxxxxxxx1x1xxxx
xxxxxxxxxxxxx1xxxxxxxxxxx1x1xxxx
xxxxxxxxxxxxxx1xxxxxxxxxx1x1xxxx
xxxxxxxxxxxxxxx1xxxxxxxxx1x1xxxx
xxxxxxxxxxxxxxxx1xxxxxxxx1x1xxxx
xxxxxxxxxxxxxxxxx01xxxxxx1xx0xxx
xxxxxxxxxxxxxxxxx11xxxxxx0x0xxxx
xxxxxxxxxxxxxxxxx1xxxxxxx010xxxx
xxxxxxxxxxxxxxxxx1xxxxxxx1x1xxxx
xxxxxxxxxxxxxxxxx1xxxxxxx1xx01xx
xxxxxxxxxxxxxxxxxx0xxxxxx1x1xxxx
xxxxxxxxxxxxxxxxxx11xxxxx0x0xxxx
xxxxxxxxxxxxxxxxxx1xxxxxx1xx01xx
xxxxxxxxxxxxxxxxxxx1xxxxx1x1xxxx
xxxxxxxxxxxxxxxxxxx1xxxxx1xx01xx
xxxxxxxxxxxxxxxxxxxx1xxxx1x1xxxx
xxxxxxxxxxxxxxxxxxxxx1xxx1x1xxxx
xxxxxxxxxxxxxxxxxxxxxx1xx1x1xxxx
xxxxxxxxxxxxxxxxxxxxxxx1x1x1xxxx
xxxxxxxxxxxxxxxxxxxxxxxx11x1xxxx
xxxxxxxxxxxxxxxxxxxxxxxxx0x0x1xx
xxxxxxxxxxxxxxxxxxxxxxxxx0xx1xxx
xxxxxxxxxxxxxxxxxxxxxxxxx10xxxxx
xxxxxxxxxxxxxxxxxxxxxxxxx1x10xxx
xxxxxxxxxxxxxxxxxxxxxxxxxx00x1xx
xxxxxxxxxxxxxxxxxxxxxxxxxx0x1xxx
xxxxxxxxxxxxxxxxxxxxxxxxxxx010xx
xxxxxxxxxxxxxxxxxxxxxxxxxxx111xx
xxxxxxxxxxxxxxxxxxxxxxxxxxxxxx0x
xxxxxxxxxxxxxxxxxxxxxxxxxxxxxxx0

