
; File generated by darts version U-2022.12#33f3808fcb#221128, Fri Mar 22 18:45:42 2024
; Copyright 2014-2022 Synopsys, Inc. All rights reserved.
; darts -I.. -d -h -ISoftFloat-3e/source/include -ISoftFloat-3e/source/riscv -ISoftFloat-3e/build/chess -I../runtime/include -DCHESS_CXX_ATTRIBUTES -DSOFTFLOAT_NO_EXCEPTIONS -DINLINE_LEVEL=5 -DSOFTFLOAT_FAST_DIV32TO16 -D__tct_patch__=0 -L +Ihex Release/f32_to_f64.o trv32p3_cnn

; Release: ipd U-2022.12
.undef global data softfloat_countLeadingZeros8

.text_segment_name
.text global 0 f32_to_f64
	     0    0x00 0x80 0x01 0xb7  lui     x3,  2048
	     4    0x01 0xf6 0x55 0x13  srli    x10, x12, 31
	     8    0x01 0x76 0x55 0x93  srli    x11, x12, 23
	    12    0xff 0xf1 0x81 0x93  addi    x3,  x3,  -1
	    16    0x00 0x36 0x76 0x33  and     x12, x12, x3
	    20    0x00 0xa0 0x35 0x33  snez    x10, x10
	    24    0x01 0xf5 0x11 0x93  slli    x3,  x10, 31
	    28    0x0f 0xf5 0xf5 0x93  zext.b  x11, x11
	    32    0xfe 0x01 0x01 0x13  addi    x2,  x2,  -32
	    36    0x0f 0xf0 0x05 0x13  li      x10, 255
	    40    0x04 0xb5 0x08 0x63  beq     x10, x11, 80
	    44    0x02 0xb0 0x18 0x63  bnez    x11, 48
	    48    0x00 0x11 0x20 0x23  sw      x1,  0(x2)
	    52    0x00 0x31 0x22 0x23  sw      x3,  4(x2)
	    56    0x04 0xc0 0x0e 0x63  beqz    x12, 92
	    60    0x00 0x06 0x05 0x93  mv      x11, x12
	    64    0x01 0x01 0x05 0x13  addi    x10, x2,  16
.call
	    68    0x00 0x00 0x00 0xef  call    softfloat_normSubnormalF32Sig
	    72    0x01 0x01 0x20 0x83  lw      x1,  16(x2)
	    76    0xff 0xf0 0x85 0x93  addi    x11, x1,  -1
	    80    0x01 0x41 0x26 0x03  lw      x12, 20(x2)
	    84    0x00 0x01 0x20 0x83  lw      x1,  0(x2)
	    88    0x00 0x41 0x21 0x83  lw      x3,  4(x2)
	    92    0x38 0x05 0x85 0x93  addi    x11, x11, 896
	    96    0x01 0x45 0x95 0x93  slli    x11, x11, 20
	   100    0x00 0x36 0x52 0x13  srli    x4,  x12, 3
	   104    0x00 0xb1 0x85 0xb3  add     x11, x3,  x11
	   108    0x01 0xd6 0x15 0x13  slli    x10, x12, 29
	   112    0x00 0xb2 0x05 0xb3  add     x11, x4,  x11
	   116    0x01 0x80 0x00 0x6f  j       24
	   120    0x7f 0xf8 0x05 0xb7  lui     x11, 524160
	   124    0x00 0x00 0x05 0x13  li      x10, 0
	   128    0x00 0xc0 0x16 0x63  bnez    x12, 12
	   132    0x7f 0xf0 0x05 0xb7  lui     x11, 524032
	   136    0x00 0xb1 0x85 0xb3  add     x11, x3,  x11
.label __ll1_f32_to_f64
	   140    0x02 0x01 0x01 0x13  addi    x2,  x2,  32
.rts
	   144    0x00 0x00 0x80 0x67  ret
	   148    0x00 0x41 0x25 0x83  lw      x11, 4(x2)
	   152    0x00 0x01 0x20 0x83  lw      x1,  0(x2)
	   156    0x00 0x00 0x05 0x13  li      x10, 0
.label f32_to_f64__end last
	   160    0xfe 0xdf 0xf0 0x6f  j       -20

.undef global text softfloat_normSubnormalF32Sig

