
; File generated by darts version U-2022.12#33f3808fcb#221128, Wed Feb 21 16:32:28 2024
; Copyright 2014-2022 Synopsys, Inc. All rights reserved.
; darts -I.. -d -h -ISoftFloat-3e/source/include -ISoftFloat-3e/source/riscv -ISoftFloat-3e/build/chess -I../runtime/include -DCHESS_CXX_ATTRIBUTES -DSOFTFLOAT_NO_EXCEPTIONS -DINLINE_LEVEL=5 -DSOFTFLOAT_FAST_DIV32TO16 -D__tct_patch__=0 -L +Ihex Release/f32_to_i32_r_minMag.o trv32p3_cnn

; Release: ipd U-2022.12
.undef global data softfloat_countLeadingZeros8

.text_segment_name
.text global 0 f32_to_i32_r_minMag
	     0    0x01 0x75 0xd5 0x13  srli    x10, x11, 23
	     4    0x0f 0xf5 0x71 0x93  zext.b  x3,  x10
	     8    0x00 0x80 0x06 0x37  lui     x12, 2048
	    12    0x09 0xe0 0x05 0x13  li      x10, 158
	    16    0xff 0xf6 0x06 0x13  addi    x12, x12, -1
	    20    0x00 0xb6 0x76 0x33  and     x12, x12, x11
	    24    0x40 0x35 0x05 0x33  sub     x10, x10, x3
	    28    0x02 0x00 0x02 0x13  li      x4,  32
	    32    0x06 0x45 0x50 0x63  bge     x10, x4,  96
	    36    0x01 0xf5 0xd2 0x13  srli    x4,  x11, 31
	    40    0x02 0xa0 0x50 0x63  blez    x10, 32
	    44    0x00 0x80 0x05 0xb7  lui     x11, 2048
	    48    0x00 0xb6 0x65 0xb3  or      x11, x12, x11
	    52    0x00 0x85 0x95 0x93  slli    x11, x11, 8
	    56    0x00 0xa5 0xd5 0x33  srl     x10, x11, x10
	    60    0x04 0x40 0x04 0x63  beqz    x4,  72
	    64    0x40 0xa0 0x05 0x33  neg     x10, x10
.rts
	    68    0x00 0x00 0x80 0x67  ret
	    72    0xcf 0x00 0x05 0x37  lui     x10, -200704
	    76    0x02 0xb5 0x06 0x63  beq     x10, x11, 44
	    80    0x80 0x00 0x05 0x37  lui     x10, -524288
	    84    0x0f 0xf0 0x05 0x93  li      x11, 255
	    88    0xff 0xf5 0x05 0x13  addi    x10, x10, -1
	    92    0x00 0x35 0x94 0x63  bne     x11, x3,  8
	    96    0x02 0xc0 0x12 0x63  bnez    x12, 36
	   100    0x80 0x00 0x05 0xb7  lui     x11, -524288
	   104    0x00 0x40 0x14 0x63  bnez    x4,  8
	   108    0x00 0x05 0x05 0x93  mv      x11, x10
	   112    0x00 0x05 0x85 0x13  mv      x10, x11
.rts
	   116    0x00 0x00 0x80 0x67  ret
	   120    0x80 0x00 0x05 0x37  lui     x10, -524288
.rts
	   124    0x00 0x00 0x80 0x67  ret
	   128    0x00 0x00 0x05 0x13  li      x10, 0
.label f32_to_i32_r_minMag__end last
.rts
	   132    0x00 0x00 0x80 0x67  ret

