
; File generated by darts version U-2022.12#33f3808fcb#221128, Thu Feb 29 16:36:11 2024
; Copyright 2014-2022 Synopsys, Inc. All rights reserved.
; darts -I.. -d -h -ISoftFloat-3e/source/include -ISoftFloat-3e/source/riscv -ISoftFloat-3e/build/chess -I../runtime/include -DCHESS_CXX_ATTRIBUTES -DSOFTFLOAT_NO_EXCEPTIONS -DINLINE_LEVEL=5 -DSOFTFLOAT_FAST_DIV32TO16 -D__tct_patch__=0 -L +Ihex Release/f32_sqrt.o trv32p3_cnn

; Release: ipd U-2022.12
.undef global data softfloat_countLeadingZeros8

.text_segment_name
.text global 0 f32_sqrt
	     0    0x00 0x80 0x05 0x37  lui     x10, 2048
	     4    0xff 0xf5 0x06 0x93  addi    x13, x10, -1
	     8    0xfe 0x01 0x01 0x13  addi    x2,  x2,  -32
	    12    0x01 0x75 0xd6 0x13  srli    x12, x11, 23
	    16    0x00 0x05 0x85 0x13  mv      x10, x11
	    20    0x00 0xb6 0xf5 0xb3  and     x11, x13, x11
	    24    0x00 0x11 0x20 0x23  sw      x1,  0(x2)
	    28    0x01 0xf5 0x56 0x93  srli    x13, x10, 31
	    32    0x0f 0xf6 0x76 0x13  zext.b  x12, x12
	    36    0x0f 0xf0 0x00 0x93  li      x1,  255
	    40    0x00 0xc0 0x8c 0x63  beq     x1,  x12, 24
	    44    0x02 0xd0 0x0a 0x63  beqz    x13, 52
	    48    0x00 0xb6 0x60 0xb3  or      x1,  x12, x11
	    52    0x00 0x01 0x25 0x83  lw      x11, 0(x2)
	    56    0x02 0x10 0x00 0x63  beqz    x1,  32
	    60    0x01 0x00 0x00 0x6f  j       16
	    64    0x0c 0xb0 0x12 0x63  bnez    x11, 196
	    68    0x00 0x01 0x25 0x83  lw      x11, 0(x2)
	    72    0x0c 0xd0 0x08 0x63  beqz    x13, 208
	    76    0x7f 0xc0 0x05 0x37  lui     x10, 523264
.label __ll1_f32_sqrt
	    80    0x02 0x01 0x01 0x13  addi    x2,  x2,  32
.rts
	    84    0x00 0x05 0x80 0x67  jr      x11
	    88    0x02 0x01 0x01 0x13  addi    x2,  x2,  32
.rts
	    92    0x00 0x05 0x80 0x67  jr      x11
	    96    0x00 0xc0 0x1c 0x63  bnez    x12, 24
	   100    0x0a 0xb0 0x0e 0x63  beqz    x11, 188
	   104    0x01 0x41 0x05 0x13  addi    x10, x2,  20
.call
	   108    0x00 0x00 0x00 0xef  call    softfloat_normSubnormalF32Sig
	   112    0x01 0x41 0x26 0x03  lw      x12, 20(x2)
	   116    0x01 0x81 0x25 0x83  lw      x11, 24(x2)
	   120    0x00 0x80 0x00 0xb7  lui     x1,  2048
	   124    0xf8 0x16 0x05 0x13  addi    x10, x12, -127
	   128    0x00 0xb0 0xe0 0xb3  or      x1,  x1,  x11
	   132    0x00 0x16 0x75 0x93  andi    x11, x12, 1
	   136    0x40 0x15 0x55 0x13  srai    x10, x10, 1
	   140    0x00 0x80 0x96 0x13  slli    x12, x1,  8
	   144    0x07 0xe5 0x05 0x13  addi    x10, x10, 126
	   148    0x00 0xc1 0x26 0x23  sw      x12, 12(x2)
	   152    0x00 0xa1 0x22 0x23  sw      x10, 4(x2)
	   156    0x00 0xb1 0x24 0x23  sw      x11, 8(x2)
.call
	   160    0x00 0x00 0x00 0xef  call    softfloat_approxRecipSqrt32_1
	   164    0x00 0xc1 0x25 0x83  lw      x11, 12(x2)
	   168    0x02 0xb5 0x35 0x33  mulhu   x10, x10, x11
	   172    0x00 0x81 0x25 0x83  lw      x11, 8(x2)
	   176    0x00 0xb0 0x04 0x63  beqz    x11, 8
	   180    0x00 0x15 0x55 0x13  srli    x10, x10, 1
	   184    0x00 0x25 0x06 0x93  addi    x13, x10, 2
	   188    0x03 0xf6 0xf5 0x13  andi    x10, x13, 63
	   192    0x00 0x01 0x20 0x83  lw      x1,  0(x2)
	   196    0x00 0x41 0x26 0x03  lw      x12, 4(x2)
	   200    0x00 0x20 0x05 0x93  li      x11, 2
	   204    0x02 0xb5 0x76 0x63  bgeu    x10, x11, 44
	   208    0x00 0x26 0xd5 0x13  srli    x10, x13, 2
	   212    0x02 0xa5 0x05 0x33  mul     x10, x10, x10
	   216    0x80 0x00 0x05 0xb7  lui     x11, -524288
	   220    0xff 0xc6 0xf6 0x93  andi    x13, x13, -4
	   224    0x00 0xb5 0x75 0xb3  and     x11, x10, x11
	   228    0x00 0xb0 0x18 0x63  bnez    x11, 16
	   232    0x00 0xa0 0x08 0x63  beqz    x10, 16
	   236    0xff 0xf6 0x86 0x93  addi    x13, x13, -1
	   240    0x00 0x80 0x00 0x6f  j       8
	   244    0x00 0x16 0xe6 0x93  ori     x13, x13, 1
	   248    0x02 0x01 0x01 0x13  addi    x2,  x2,  32
	   252    0x00 0x00 0x05 0x93  li      x11, 0
	   256    0x00 0x00 0x00 0x6f  j       softfloat_roundPackToF32
	   260    0x00 0x00 0x06 0x13  li      x12, 0
	   264    0x00 0x05 0x05 0x93  mv      x11, x10
.call
	   268    0x00 0x00 0x00 0xef  call    softfloat_propagateNaNF32UI
	   272    0x00 0x01 0x25 0x83  lw      x11, 0(x2)
	   276    0xf3 0xdf 0xf0 0x6f  j       -196
	   280    0x02 0x01 0x01 0x13  addi    x2,  x2,  32
.rts
	   284    0x00 0x05 0x80 0x67  jr      x11
	   288    0x00 0x01 0x25 0x83  lw      x11, 0(x2)
	   292    0x02 0x01 0x01 0x13  addi    x2,  x2,  32
.label f32_sqrt__end last
.rts
	   296    0x00 0x05 0x80 0x67  jr      x11

.undef global text softfloat_propagateNaNF32UI

.undef global text softfloat_normSubnormalF32Sig

.undef global text softfloat_approxRecipSqrt32_1

.undef global text softfloat_roundPackToF32

