
; File generated by darts version U-2022.12#33f3808fcb#221128, Wed Apr 10 19:59:40 2024
; Copyright 2014-2022 Synopsys, Inc. All rights reserved.
; darts -I.. -d -h -ISoftFloat-3e/source/include -ISoftFloat-3e/source/riscv -ISoftFloat-3e/build/chess -I../runtime/include -DCHESS_CXX_ATTRIBUTES -DSOFTFLOAT_NO_EXCEPTIONS -DINLINE_LEVEL=5 -DSOFTFLOAT_FAST_DIV32TO16 -D__tct_patch__=0 -L +Ihex Release/f32_to_i64_r_minMag.o trv32p3_cnn

; Release: ipd U-2022.12
.undef global data softfloat_countLeadingZeros8

.text_segment_name
.text global 0 f32_to_i64_r_minMag
	     0    0x01 0x76 0x55 0x93  srli    x11, x12, 23
	     4    0x0f 0xf5 0xf1 0x93  zext.b  x3,  x11
	     8    0x00 0x80 0x05 0x37  lui     x10, 2048
	    12    0x0b 0xe0 0x05 0x93  li      x11, 190
	    16    0xff 0xf5 0x05 0x13  addi    x10, x10, -1
	    20    0x40 0x35 0x82 0xb3  sub     x5,  x11, x3
	    24    0x00 0xa6 0x76 0xb3  and     x13, x12, x10
	    28    0x00 0x00 0x05 0x93  li      x11, 0
	    32    0x04 0x00 0x02 0x13  li      x4,  64
	    36    0x00 0x00 0x05 0x13  li      x10, 0
	    40    0x0a 0x42 0xd2 0x63  bge     x5,  x4,  164
	    44    0x01 0xf6 0x52 0x13  srli    x4,  x12, 31
	    48    0x04 0x50 0x5c 0x63  blez    x5,  88
	    52    0x00 0x80 0x05 0xb7  lui     x11, 2048
	    56    0x00 0xb6 0xe5 0xb3  or      x11, x13, x11
	    60    0x00 0x85 0x95 0x93  slli    x11, x11, 8
	    64    0x02 0x50 0x06 0x63  beqz    x5,  44
	    68    0xfe 0x02 0x86 0x13  addi    x12, x5,  -32
	    72    0x00 0x06 0x48 0x63  bltz    x12, 16
	    76    0x00 0xc5 0xd5 0x33  srl     x10, x11, x12
	    80    0x00 0x00 0x06 0x13  li      x12, 0
	    84    0x01 0x00 0x00 0x6f  j       16
	    88    0x40 0xc0 0x05 0x33  neg     x10, x12
	    92    0x00 0x55 0xd6 0x33  srl     x12, x11, x5
	    96    0x00 0xa5 0x95 0x33  sll     x10, x11, x10
	   100    0x00 0x06 0x05 0x93  mv      x11, x12
	   104    0x00 0x80 0x00 0x6f  j       8
	   108    0x00 0x00 0x05 0x13  li      x10, 0
	   112    0x04 0x40 0x0e 0x63  beqz    x4,  92
	   116    0x00 0xa0 0x36 0x33  snez    x12, x10
	   120    0x40 0xb0 0x05 0xb3  neg     x11, x11
	   124    0x40 0xa0 0x05 0x33  neg     x10, x10
	   128    0x40 0xc5 0x85 0xb3  sub     x11, x11, x12
.rts
	   132    0x00 0x00 0x80 0x67  ret
	   136    0xdf 0x00 0x05 0xb7  lui     x11, -135168
	   140    0x00 0x00 0x05 0x13  li      x10, 0
	   144    0x02 0xc5 0x8c 0x63  beq     x11, x12, 56
	   148    0x80 0x00 0x05 0xb7  lui     x11, -524288
	   152    0x0f 0xf0 0x06 0x13  li      x12, 255
	   156    0xff 0xf5 0x85 0x93  addi    x11, x11, -1
	   160    0x00 0x36 0x14 0x63  bne     x12, x3,  8
	   164    0x00 0xd0 0x1e 0x63  bnez    x13, 28
	   168    0x80 0x00 0x06 0x37  lui     x12, -524288
	   172    0x00 0x40 0x16 0x63  bnez    x4,  12
	   176    0xff 0xf0 0x05 0x13  li      x10, -1
	   180    0x00 0x05 0x86 0x13  mv      x12, x11
	   184    0x00 0x06 0x05 0x93  mv      x11, x12
.rts
	   188    0x00 0x00 0x80 0x67  ret
	   192    0xff 0xf0 0x05 0x13  li      x10, -1
.rts
	   196    0x00 0x00 0x80 0x67  ret
	   200    0x80 0x00 0x05 0xb7  lui     x11, -524288
.label f32_to_i64_r_minMag__end last
.rts
	   204    0x00 0x00 0x80 0x67  ret

