
; File generated by darts version U-2022.12#33f3808fcb#221128, Wed Feb  7 12:34:04 2024
; Copyright 2014-2022 Synopsys, Inc. All rights reserved.
; darts -I.. -d -h -ISoftFloat-3e/source/include -ISoftFloat-3e/source/riscv -ISoftFloat-3e/build/chess -I../runtime/include -DCHESS_CXX_ATTRIBUTES -DSOFTFLOAT_NO_EXCEPTIONS -DINLINE_LEVEL=5 -DSOFTFLOAT_FAST_DIV32TO16 -D__tct_patch__=0 -L +Ihex Release/f32_mul.o trv32p3_cnn

; Release: ipd U-2022.12
.undef global data softfloat_countLeadingZeros8

.text_segment_name
.text global 0 f32_mul
	     0    0x01 0xf5 0xd2 0x13  srli    x4,  x11, 31
	     4    0x01 0xf6 0x53 0x13  srli    x6,  x12, 31
	     8    0x00 0x80 0x05 0x37  lui     x10, 2048
	    12    0x00 0x40 0x32 0x33  snez    x4,  x4
	    16    0x00 0x60 0x33 0x33  snez    x6,  x6
	    20    0xff 0xf5 0x06 0x93  addi    x13, x10, -1
	    24    0x00 0x62 0x43 0x33  xor     x6,  x4,  x6
	    28    0x00 0xd6 0x75 0x33  and     x10, x12, x13
	    32    0x01 0x75 0xd1 0x93  srli    x3,  x11, 23
	    36    0x01 0x76 0x52 0x93  srli    x5,  x12, 23
	    40    0x00 0xb6 0xf6 0xb3  and     x13, x13, x11
	    44    0x0f 0xf1 0xf1 0x93  zext.b  x3,  x3
	    48    0x0f 0xf2 0xf2 0x93  zext.b  x5,  x5
	    52    0xfd 0x81 0x01 0x13  addi    x2,  x2,  -40
	    56    0x80 0x00 0x02 0x37  lui     x4,  -524288
	    60    0x00 0x60 0x14 0x63  bnez    x6,  8
	    64    0x00 0x00 0x02 0x13  li      x4,  0
	    68    0x0f 0xf0 0x03 0x93  li      x7,  255
	    72    0x00 0x33 0x8a 0x63  beq     x7,  x3,  20
	    76    0x02 0x53 0x9e 0x63  bne     x7,  x5,  60
	    80    0x0e 0xa0 0x1c 0x63  bnez    x10, 248
	    84    0x00 0x36 0xe6 0x33  or      x12, x13, x3
	    88    0x01 0x80 0x00 0x6f  j       24
	    92    0x0e 0xd0 0x16 0x63  bnez    x13, 236
	    96    0x0f 0xf0 0x06 0x93  li      x13, 255
	   100    0x00 0x56 0x94 0x63  bne     x13, x5,  8
	   104    0x0e 0xa0 0x10 0x63  bnez    x10, 224
	   108    0x00 0x55 0x66 0x33  or      x12, x10, x5
	   112    0x7f 0xc0 0x05 0x37  lui     x10, 523264
	   116    0x00 0xc0 0x06 0x63  beqz    x12, 12
	   120    0x7f 0x80 0x06 0x37  lui     x12, 522240
	   124    0x00 0xc2 0x05 0x33  add     x10, x4,  x12
.label __ll2_f32_mul
.label __ll3_f32_mul
	   128    0x02 0x81 0x01 0x13  addi    x2,  x2,  40
.rts
	   132    0x00 0x00 0x80 0x67  ret
	   136    0x00 0x61 0x22 0x23  sw      x6,  4(x2)
	   140    0x00 0x11 0x20 0x23  sw      x1,  0(x2)
	   144    0x00 0xd1 0x26 0x23  sw      x13, 12(x2)
	   148    0x00 0x31 0x24 0x23  sw      x3,  8(x2)
	   152    0x02 0x30 0x1e 0x63  bnez    x3,  60
	   156    0x00 0xc1 0x25 0x83  lw      x11, 12(x2)
	   160    0x00 0x41 0x26 0x23  sw      x4,  12(x2)
	   164    0x00 0xa1 0x24 0x23  sw      x10, 8(x2)
	   168    0x00 0x51 0x28 0x23  sw      x5,  16(x2)
	   172    0x0a 0xb0 0x06 0x63  beqz    x11, 172
	   176    0x01 0xc1 0x05 0x13  addi    x10, x2,  28
.call
	   180    0x00 0x00 0x00 0xef  call    softfloat_normSubnormalF32Sig
	   184    0x01 0xc1 0x20 0x83  lw      x1,  28(x2)
	   188    0x02 0x01 0x26 0x03  lw      x12, 32(x2)
	   192    0x00 0xc1 0x22 0x03  lw      x4,  12(x2)
	   196    0x00 0x81 0x25 0x03  lw      x10, 8(x2)
	   200    0x01 0x01 0x22 0x83  lw      x5,  16(x2)
	   204    0x00 0xc1 0x26 0x23  sw      x12, 12(x2)
	   208    0x00 0x11 0x24 0x23  sw      x1,  8(x2)
	   212    0x00 0x50 0x1e 0x63  bnez    x5,  28
	   216    0x08 0xa0 0x06 0x63  beqz    x10, 140
	   220    0x00 0x05 0x05 0x93  mv      x11, x10
	   224    0x01 0xc1 0x05 0x13  addi    x10, x2,  28
.call
	   228    0x00 0x00 0x00 0xef  call    softfloat_normSubnormalF32Sig
	   232    0x01 0xc1 0x22 0x83  lw      x5,  28(x2)
	   236    0x02 0x01 0x25 0x03  lw      x10, 32(x2)
	   240    0x00 0x80 0x00 0xb7  lui     x1,  2048
	   244    0x00 0x15 0x66 0x33  or      x12, x10, x1
	   248    0x00 0xc1 0x25 0x83  lw      x11, 12(x2)
	   252    0x00 0xb0 0xe0 0xb3  or      x1,  x1,  x11
	   256    0x00 0x70 0x90 0x93  slli    x1,  x1,  7
	   260    0x00 0x86 0x16 0x13  slli    x12, x12, 8
	   264    0x02 0x16 0x05 0xb3  mul     x11, x12, x1
	   268    0x02 0x16 0x30 0xb3  mulhu   x1,  x12, x1
	   272    0x00 0xb0 0x35 0xb3  snez    x11, x11
	   276    0x00 0x81 0x25 0x03  lw      x10, 8(x2)
	   280    0x00 0xb0 0xe6 0xb3  or      x13, x1,  x11
	   284    0x00 0x55 0x05 0x33  add     x10, x10, x5
	   288    0xf8 0x15 0x06 0x13  addi    x12, x10, -127
	   292    0x00 0x41 0x25 0x83  lw      x11, 4(x2)
	   296    0x40 0x00 0x00 0xb7  lui     x1,  262144
	   300    0x00 0x16 0xf6 0x63  bgeu    x13, x1,  12
	   304    0xff 0xf6 0x06 0x13  addi    x12, x12, -1
	   308    0x00 0x16 0x96 0x93  slli    x13, x13, 1
	   312    0x00 0x01 0x20 0x83  lw      x1,  0(x2)
	   316    0x02 0x81 0x01 0x13  addi    x2,  x2,  40
	   320    0x00 0xb0 0x35 0xb3  snez    x11, x11
	   324    0x00 0x00 0x00 0x6f  j       softfloat_roundPackToF32
.label __ll1_f32_mul
	   328    0x00 0x11 0x20 0x23  sw      x1,  0(x2)
.call
	   332    0x00 0x00 0x00 0xef  call    softfloat_propagateNaNF32UI
	   336    0x00 0x01 0x20 0x83  lw      x1,  0(x2)
	   340    0xf2 0xdf 0xf0 0x6f  j       -212
	   344    0x00 0xc1 0x25 0x03  lw      x10, 12(x2)
	   348    0x00 0x01 0x20 0x83  lw      x1,  0(x2)
	   352    0xf2 0x1f 0xf0 0x6f  j       -224
	   356    0x00 0x01 0x20 0x83  lw      x1,  0(x2)
	   360    0x00 0x02 0x05 0x13  mv      x10, x4
.label f32_mul__end last
	   364    0xf1 0x5f 0xf0 0x6f  j       -236

.undef global text softfloat_normSubnormalF32Sig

.undef global text softfloat_roundPackToF32

.undef global text softfloat_propagateNaNF32UI

