
; File generated by darts version U-2022.12#33f3808fcb#221128, Fri Mar  8 16:45:55 2024
; Copyright 2014-2022 Synopsys, Inc. All rights reserved.
; darts -I.. -d -h -ISoftFloat-3e/source/include -ISoftFloat-3e/source/riscv -ISoftFloat-3e/build/chess -I../runtime/include -DCHESS_CXX_ATTRIBUTES -DSOFTFLOAT_NO_EXCEPTIONS -DINLINE_LEVEL=5 -DSOFTFLOAT_FAST_DIV32TO16 -D__tct_patch__=0 -L +Ihex Release/f32_le.o trv32p3_cnn

; Release: ipd U-2022.12
.undef global data softfloat_countLeadingZeros8

.text_segment_name
.text global 0 f32_le
	     0    0xff 0xf5 0xc5 0x13  not     x10, x11
	     4    0x7f 0x80 0x02 0x37  lui     x4,  522240
	     8    0x00 0xa2 0x72 0x33  and     x4,  x4,  x10
	    12    0x00 0x80 0x01 0xb7  lui     x3,  2048
	    16    0x00 0x10 0x05 0x13  li      x10, 1
	    20    0xff 0xf1 0x81 0x93  addi    x3,  x3,  -1
	    24    0x00 0x40 0x16 0x63  bnez    x4,  12
	    28    0x00 0xb1 0xf2 0x33  and     x4,  x3,  x11
	    32    0x04 0x40 0x1a 0x63  bnez    x4,  84
	    36    0xff 0xf6 0x42 0x13  not     x4,  x12
	    40    0x7f 0x80 0x02 0xb7  lui     x5,  522240
	    44    0x00 0x52 0x72 0x33  and     x4,  x4,  x5
	    48    0x00 0x40 0x16 0x63  bnez    x4,  12
	    52    0x00 0x36 0x71 0xb3  and     x3,  x12, x3
	    56    0x02 0x30 0x1e 0x63  bnez    x3,  60
	    60    0x01 0xf5 0xd1 0x93  srli    x3,  x11, 31
	    64    0x01 0xf6 0x52 0x93  srli    x5,  x12, 31
	    68    0x00 0x30 0x32 0x33  snez    x4,  x3
	    72    0x00 0x50 0x32 0xb3  snez    x5,  x5
	    76    0x00 0x42 0x9c 0x63  bne     x5,  x4,  24
	    80    0x02 0xb6 0x04 0x63  beq     x12, x11, 40
	    84    0x00 0xc5 0xb5 0xb3  sltu    x11, x11, x12
	    88    0x00 0xb2 0x45 0xb3  xor     x11, x4,  x11
	    92    0x00 0xb0 0x1e 0x63  bnez    x11, 28
	    96    0x01 0x40 0x00 0x6f  j       20
	   100    0x00 0x30 0x1a 0x63  bnez    x3,  20
	   104    0x00 0xb6 0x65 0xb3  or      x11, x12, x11
	   108    0x00 0x15 0x95 0x93  slli    x11, x11, 1
	   112    0x00 0xb0 0x04 0x63  beqz    x11, 8
	   116    0x00 0x00 0x05 0x13  li      x10, 0
.label f32_le__end last
.rts
	   120    0x00 0x00 0x80 0x67  ret

