
; File generated by darts version U-2022.12#33f3808fcb#221128, Tue Mar 19 15:57:44 2024
; Copyright 2014-2022 Synopsys, Inc. All rights reserved.
; darts -I.. -d -h -ISoftFloat-3e/source/include -ISoftFloat-3e/source/riscv -ISoftFloat-3e/build/chess -I../runtime/include -DCHESS_CXX_ATTRIBUTES -DSOFTFLOAT_NO_EXCEPTIONS -DINLINE_LEVEL=5 -DSOFTFLOAT_FAST_DIV32TO16 -D__tct_patch__=0 -L +Ihex Release/f32_to_ui32_r_minMag.o trv32p3_cnn

; Release: ipd U-2022.12
.undef global data softfloat_countLeadingZeros8

.text_segment_name
.text global 0 f32_to_ui32_r_minMag
	     0    0x01 0x75 0xd6 0x13  srli    x12, x11, 23
	     4    0x00 0x80 0x05 0x37  lui     x10, 2048
	     8    0x0f 0xf6 0x76 0x13  zext.b  x12, x12
	    12    0x09 0xe0 0x01 0x93  li      x3,  158
	    16    0xff 0xf5 0x05 0x13  addi    x10, x10, -1
	    20    0x00 0xb5 0x75 0x33  and     x10, x10, x11
	    24    0x40 0xc1 0x81 0xb3  sub     x3,  x3,  x12
	    28    0x02 0x00 0x02 0x13  li      x4,  32
	    32    0x04 0x41 0xd4 0x63  bge     x3,  x4,  72
	    36    0x01 0xf5 0xd5 0x93  srli    x11, x11, 31
	    40    0x00 0xb0 0x1e 0x63  bnez    x11, 28
	    44    0x00 0x01 0xcc 0x63  bltz    x3,  24
	    48    0x00 0x80 0x05 0xb7  lui     x11, 2048
	    52    0x00 0xb5 0x65 0xb3  or      x11, x10, x11
	    56    0x00 0x85 0x95 0x93  slli    x11, x11, 8
	    60    0x00 0x35 0xd5 0x33  srl     x10, x11, x3
.rts
	    64    0x00 0x00 0x80 0x67  ret
	    68    0x0f 0xf0 0x01 0x93  li      x3,  255
	    72    0x00 0xc1 0x94 0x63  bne     x3,  x12, 8
	    76    0x00 0xa0 0x1a 0x63  bnez    x10, 20
	    80    0x00 0x00 0x05 0x13  li      x10, 0
	    84    0x00 0xb0 0x1c 0x63  bnez    x11, 24
	    88    0xff 0xf0 0x05 0x13  li      x10, -1
.rts
	    92    0x00 0x00 0x80 0x67  ret
	    96    0xff 0xf0 0x05 0x13  li      x10, -1
.rts
	   100    0x00 0x00 0x80 0x67  ret
	   104    0x00 0x00 0x05 0x13  li      x10, 0
.label f32_to_ui32_r_minMag__end last
.rts
	   108    0x00 0x00 0x80 0x67  ret

