
; File generated by darts version U-2022.12#33f3808fcb#221128, Sat Mar 16 14:39:37 2024
; Copyright 2014-2022 Synopsys, Inc. All rights reserved.
; darts -I.. -d -h -ISoftFloat-3e/source/include -ISoftFloat-3e/source/riscv -ISoftFloat-3e/build/chess -I../runtime/include -DCHESS_CXX_ATTRIBUTES -DSOFTFLOAT_NO_EXCEPTIONS -DINLINE_LEVEL=5 -DSOFTFLOAT_FAST_DIV32TO16 -D__tct_patch__=0 -L +Ihex Release/f32_to_ui64_r_minMag.o trv32p3_cnn

; Release: ipd U-2022.12
.undef global data softfloat_countLeadingZeros8

.text_segment_name
.text global 0 f32_to_ui64_r_minMag
	     0    0x01 0x76 0x55 0x93  srli    x11, x12, 23
	     4    0x0f 0xf5 0xf1 0x93  zext.b  x3,  x11
	     8    0x00 0x80 0x05 0x37  lui     x10, 2048
	    12    0x0b 0xe0 0x05 0x93  li      x11, 190
	    16    0xff 0xf5 0x05 0x13  addi    x10, x10, -1
	    20    0x40 0x35 0x82 0x33  sub     x4,  x11, x3
	    24    0x00 0xa6 0x76 0xb3  and     x13, x12, x10
	    28    0x00 0x00 0x05 0x93  li      x11, 0
	    32    0x04 0x00 0x02 0x93  li      x5,  64
	    36    0x00 0x00 0x05 0x13  li      x10, 0
	    40    0x06 0x52 0x5c 0x63  bge     x4,  x5,  120
	    44    0x01 0xf6 0x56 0x13  srli    x12, x12, 31
	    48    0x04 0xc0 0x16 0x63  bnez    x12, 76
	    52    0x04 0x02 0x44 0x63  bltz    x4,  72
	    56    0x00 0x80 0x05 0xb7  lui     x11, 2048
	    60    0x00 0xb6 0xe5 0xb3  or      x11, x13, x11
	    64    0x00 0x85 0x95 0x93  slli    x11, x11, 8
	    68    0x02 0x40 0x08 0x63  beqz    x4,  48
	    72    0xfe 0x02 0x06 0x13  addi    x12, x4,  -32
	    76    0x00 0x06 0x48 0x63  bltz    x12, 16
	    80    0x00 0xc5 0xd5 0x33  srl     x10, x11, x12
	    84    0x00 0x00 0x05 0x93  li      x11, 0
.rts
	    88    0x00 0x00 0x80 0x67  ret
	    92    0x00 0x45 0xd5 0x33  srl     x10, x11, x4
	    96    0x40 0xc0 0x06 0x33  neg     x12, x12
	   100    0x00 0x05 0x01 0x93  mv      x3,  x10
	   104    0x00 0xc5 0x95 0x33  sll     x10, x11, x12
	   108    0x00 0x01 0x85 0x93  mv      x11, x3
.rts
	   112    0x00 0x00 0x80 0x67  ret
	   116    0x00 0x00 0x05 0x13  li      x10, 0
.rts
	   120    0x00 0x00 0x80 0x67  ret
	   124    0x0f 0xf0 0x05 0x13  li      x10, 255
	   128    0x00 0x35 0x14 0x63  bne     x10, x3,  8
	   132    0x00 0xd0 0x1a 0x63  bnez    x13, 20
	   136    0x00 0x00 0x05 0x13  li      x10, 0
	   140    0x00 0xc0 0x18 0x63  bnez    x12, 16
	   144    0xff 0xf0 0x05 0x13  li      x10, -1
	   148    0x00 0x80 0x00 0x6f  j       8
	   152    0xff 0xf0 0x05 0x13  li      x10, -1
	   156    0x00 0x05 0x05 0x93  mv      x11, x10
.label f32_to_ui64_r_minMag__end last
.rts
	   160    0x00 0x00 0x80 0x67  ret

