
; File generated by darts version U-2022.12#33f3808fcb#221128, Thu Feb 29 17:31:51 2024
; Copyright 2014-2022 Synopsys, Inc. All rights reserved.
; darts -I.. -d -h -ISoftFloat-3e/source/include -ISoftFloat-3e/source/riscv -ISoftFloat-3e/build/chess -I../runtime/include -DCHESS_CXX_ATTRIBUTES -DSOFTFLOAT_NO_EXCEPTIONS -DINLINE_LEVEL=5 -DSOFTFLOAT_FAST_DIV32TO16 -D__tct_patch__=0 -L +Ihex Release/f32_div.o trv32p3_cnn

; Release: ipd U-2022.12
.undef global data softfloat_countLeadingZeros8

.text_segment_name
.text global 0 f32_div
	     0    0x01 0xf6 0x55 0x13  srli    x10, x12, 31
	     4    0x00 0x80 0x06 0xb7  lui     x13, 2048
	     8    0xfd 0x81 0x01 0x13  addi    x2,  x2,  -40
	    12    0x00 0xa0 0x32 0xb3  snez    x5,  x10
	    16    0x01 0xf5 0xd2 0x13  srli    x4,  x11, 31
	    20    0xff 0xf6 0x86 0x93  addi    x13, x13, -1
	    24    0x00 0xd6 0x75 0x33  and     x10, x12, x13
	    28    0x00 0x40 0x32 0x33  snez    x4,  x4
	    32    0x01 0x76 0x51 0x93  srli    x3,  x12, 23
	    36    0x00 0x52 0x42 0x33  xor     x4,  x4,  x5
	    40    0x01 0x75 0xd3 0x13  srli    x6,  x11, 23
	    44    0x0f 0xf1 0xf1 0x93  zext.b  x3,  x3
	    48    0x00 0xa1 0x20 0x23  sw      x10, 0(x2)
	    52    0x00 0xb6 0xf6 0xb3  and     x13, x13, x11
	    56    0x0f 0xf3 0x72 0x93  zext.b  x5,  x6
	    60    0x00 0x41 0x24 0x23  sw      x4,  8(x2)
	    64    0x00 0x31 0x26 0x23  sw      x3,  12(x2)
	    68    0x00 0x11 0x22 0x23  sw      x1,  4(x2)
	    72    0x80 0x00 0x05 0x37  lui     x10, -524288
	    76    0x00 0x40 0x14 0x63  bnez    x4,  8
	    80    0x00 0x00 0x05 0x13  li      x10, 0
	    84    0x0f 0xf0 0x00 0x93  li      x1,  255
	    88    0x12 0x50 0x88 0x63  beq     x1,  x5,  304
	    92    0x14 0x30 0x8a 0x63  beq     x1,  x3,  340
	    96    0x02 0x30 0x1e 0x63  bnez    x3,  60
	   100    0x00 0x01 0x25 0x83  lw      x11, 0(x2)
	   104    0x00 0xa1 0x26 0x23  sw      x10, 12(x2)
	   108    0x00 0xd1 0x20 0x23  sw      x13, 0(x2)
	   112    0x00 0x51 0x28 0x23  sw      x5,  16(x2)
	   116    0x14 0xb0 0x04 0x63  beqz    x11, 328
	   120    0x01 0xc1 0x05 0x13  addi    x10, x2,  28
.call
	   124    0x00 0x00 0x00 0xef  call    softfloat_normSubnormalF32Sig
	   128    0x01 0xc1 0x25 0x83  lw      x11, 28(x2)
	   132    0x02 0x01 0x26 0x03  lw      x12, 32(x2)
	   136    0x00 0xc1 0x25 0x03  lw      x10, 12(x2)
	   140    0x00 0x01 0x26 0x83  lw      x13, 0(x2)
	   144    0x01 0x01 0x22 0x83  lw      x5,  16(x2)
	   148    0x00 0xc1 0x20 0x23  sw      x12, 0(x2)
	   152    0x00 0xb1 0x26 0x23  sw      x11, 12(x2)
	   156    0x00 0x50 0x1e 0x63  bnez    x5,  28
	   160    0x10 0xd0 0x02 0x63  beqz    x13, 260
	   164    0x00 0x06 0x85 0x93  mv      x11, x13
	   168    0x01 0xc1 0x05 0x13  addi    x10, x2,  28
.call
	   172    0x00 0x00 0x00 0xef  call    softfloat_normSubnormalF32Sig
	   176    0x01 0xc1 0x22 0x83  lw      x5,  28(x2)
	   180    0x02 0x01 0x26 0x83  lw      x13, 32(x2)
	   184    0x00 0xc1 0x25 0x83  lw      x11, 12(x2)
	   188    0x40 0xb2 0x86 0x33  sub     x12, x5,  x11
	   192    0x00 0x80 0x05 0xb7  lui     x11, 2048
	   196    0x00 0x01 0x20 0x83  lw      x1,  0(x2)
	   200    0x00 0xb6 0xe5 0x33  or      x10, x13, x11
	   204    0x07 0xe6 0x06 0x13  addi    x12, x12, 126
	   208    0x00 0xb0 0xe5 0xb3  or      x11, x1,  x11
	   212    0x00 0xc1 0x20 0x23  sw      x12, 0(x2)
	   216    0x00 0xb5 0x66 0x63  bltu    x10, x11, 12
	   220    0x00 0x75 0x15 0x13  slli    x10, x10, 7
	   224    0x01 0x40 0x00 0x6f  j       20
	   228    0x00 0x01 0x26 0x03  lw      x12, 0(x2)
	   232    0xff 0xf6 0x06 0x13  addi    x12, x12, -1
	   236    0x00 0x85 0x15 0x13  slli    x10, x10, 8
	   240    0x00 0xc1 0x20 0x23  sw      x12, 0(x2)
	   244    0x00 0x85 0x95 0x93  slli    x11, x11, 8
	   248    0x00 0xb1 0x26 0x23  sw      x11, 12(x2)
	   252    0x00 0xa1 0x28 0x23  sw      x10, 16(x2)
.call
	   256    0x00 0x00 0x00 0xef  call    softfloat_approxRecip32_1
	   260    0x01 0x01 0x25 0x83  lw      x11, 16(x2)
	   264    0x02 0xb5 0x36 0x33  mulhu   x12, x10, x11
	   268    0x00 0x26 0x06 0x93  addi    x13, x12, 2
	   272    0x03 0xf6 0xf6 0x13  andi    x12, x13, 63
	   276    0x00 0x20 0x05 0x13  li      x10, 2
	   280    0x04 0xa6 0x74 0x63  bgeu    x12, x10, 72
	   284    0xff 0xc6 0xf6 0x93  andi    x13, x13, -4
	   288    0x00 0x16 0x95 0x13  slli    x10, x13, 1
	   292    0x00 0xc1 0x20 0x83  lw      x1,  12(x2)
	   296    0x02 0x15 0x06 0x33  mul     x12, x10, x1
	   300    0x02 0x15 0x35 0x33  mulhu   x10, x10, x1
	   304    0x40 0xa5 0x85 0xb3  sub     x11, x11, x10
	   308    0x00 0xc0 0x30 0xb3  snez    x1,  x12
	   312    0x40 0x15 0x85 0xb3  sub     x11, x11, x1
	   316    0x80 0x00 0x05 0x37  lui     x10, -524288
	   320    0x40 0xc0 0x06 0x33  neg     x12, x12
	   324    0x00 0xb5 0x75 0x33  and     x10, x10, x11
	   328    0x00 0xa0 0x1a 0x63  bnez    x10, 20
	   332    0x00 0xb6 0x65 0xb3  or      x11, x12, x11
	   336    0x00 0xb0 0x08 0x63  beqz    x11, 16
	   340    0x00 0x16 0xe6 0x93  ori     x13, x13, 1
	   344    0x00 0x80 0x00 0x6f  j       8
	   348    0xff 0xc6 0x86 0x93  addi    x13, x13, -4
	   352    0x00 0x81 0x25 0x83  lw      x11, 8(x2)
	   356    0x00 0x41 0x20 0x83  lw      x1,  4(x2)
	   360    0x00 0x01 0x26 0x03  lw      x12, 0(x2)
	   364    0x02 0x81 0x01 0x13  addi    x2,  x2,  40
	   368    0x00 0xb0 0x35 0xb3  snez    x11, x11
	   372    0x00 0x00 0x00 0x6f  j       softfloat_roundPackToF32
.label __ll3_f32_div
.call
	   376    0x00 0x00 0x00 0xef  call    softfloat_propagateNaNF32UI
	   380    0x02 0x80 0x00 0x6f  j       40
.label __ll4_f32_div
	   384    0x7f 0xc0 0x05 0x37  lui     x10, 523264
	   388    0x02 0x00 0x00 0x6f  j       32
	   392    0xfe 0xd0 0x18 0xe3  bnez    x13, -16
	   396    0x00 0x01 0x26 0x83  lw      x13, 0(x2)
	   400    0x04 0x30 0x80 0x63  beq     x1,  x3,  64
	   404    0x00 0xa1 0x26 0x23  sw      x10, 12(x2)
.label __ll1_f32_div
	   408    0x00 0xc1 0x25 0x83  lw      x11, 12(x2)
	   412    0x7f 0x80 0x06 0x37  lui     x12, 522240
	   416    0x00 0xb6 0x05 0x33  add     x10, x12, x11
.label __ll2_f32_div
.label __ll5_f32_div
	   420    0x00 0x41 0x25 0x83  lw      x11, 4(x2)
	   424    0x02 0x81 0x01 0x13  addi    x2,  x2,  40
.rts
	   428    0x00 0x05 0x80 0x67  jr      x11
	   432    0x00 0x01 0x20 0x83  lw      x1,  0(x2)
	   436    0xfe 0x10 0x08 0xe3  beqz    x1,  -16
	   440    0xfc 0x1f 0xf0 0x6f  j       -64
	   444    0x00 0x01 0x25 0x83  lw      x11, 0(x2)
	   448    0x01 0x01 0x26 0x03  lw      x12, 16(x2)
	   452    0x00 0xb6 0x65 0xb3  or      x11, x12, x11
	   456    0xfc 0xb0 0x18 0xe3  bnez    x11, -48
	   460    0xfb 0x5f 0xf0 0x6f  j       -76
	   464    0xfa 0xd0 0x08 0xe3  beqz    x13, -80
.label f32_div__end last
	   468    0xfa 0x5f 0xf0 0x6f  j       -92

.undef global text softfloat_normSubnormalF32Sig

.undef global text softfloat_approxRecip32_1

.undef global text softfloat_roundPackToF32

.undef global text softfloat_propagateNaNF32UI

