
; File generated by darts version U-2022.12#33f3808fcb#221128, Fri Mar 22 17:52:24 2024
; Copyright 2014-2022 Synopsys, Inc. All rights reserved.
; darts -I.. -d -h -ISoftFloat-3e/source/include -ISoftFloat-3e/source/riscv -ISoftFloat-3e/build/chess -I../runtime/include -DCHESS_CXX_ATTRIBUTES -DSOFTFLOAT_NO_EXCEPTIONS -DINLINE_LEVEL=5 -DSOFTFLOAT_FAST_DIV32TO16 -D__tct_patch__=0 -L +Ihex Release/f64_div.o trv32p3_cnn

; Release: ipd U-2022.12
.undef global data softfloat_countLeadingZeros8

.text_segment_name
.text global 0 f64_div
	     0    0x01 0xf6 0xd5 0x93  srli    x11, x13, 31
	     4    0x01 0xf7 0xd1 0x93  srli    x3,  x15, 31
	     8    0x00 0xb0 0x35 0xb3  snez    x11, x11
	    12    0x00 0x30 0x31 0xb3  snez    x3,  x3
	    16    0x00 0x10 0x05 0x37  lui     x10, 256
	    20    0xfb 0x81 0x01 0x13  addi    x2,  x2,  -72
	    24    0x00 0xb1 0xc5 0xb3  xor     x11, x3,  x11
	    28    0xff 0xf5 0x05 0x13  addi    x10, x10, -1
	    32    0x00 0xf5 0x73 0x33  and     x6,  x10, x15
	    36    0x01 0x47 0xd2 0x13  srli    x4,  x15, 20
	    40    0x00 0xb0 0x35 0xb3  snez    x11, x11
	    44    0x00 0xd5 0x75 0x33  and     x10, x10, x13
	    48    0x01 0x46 0xd1 0x93  srli    x3,  x13, 20
	    52    0x7f 0xf2 0x72 0x13  andi    x4,  x4,  2047
	    56    0x00 0xb1 0x22 0x23  sw      x11, 4(x2)
	    60    0x00 0xe1 0x2c 0x23  sw      x14, 24(x2)
	    64    0x00 0x11 0x20 0x23  sw      x1,  0(x2)
	    68    0x00 0xa6 0x62 0xb3  or      x5,  x12, x10
	    72    0x00 0xe3 0x67 0x33  or      x14, x6,  x14
	    76    0x7f 0xf1 0xf1 0x93  andi    x3,  x3,  2047
	    80    0x01 0xf5 0x95 0x93  slli    x11, x11, 31
	    84    0x02 0x61 0x20 0x23  sw      x6,  32(x2)
	    88    0x00 0x41 0x24 0x23  sw      x4,  8(x2)
	    92    0x7f 0xf0 0x00 0x93  li      x1,  2047
	    96    0x22 0x30 0x8a 0x63  beq     x1,  x3,  564
	   100    0x26 0x40 0x80 0x63  beq     x1,  x4,  608
	   104    0x04 0x40 0x1c 0x63  bnez    x4,  88
	   108    0x00 0xb1 0x24 0x23  sw      x11, 8(x2)
	   112    0x00 0x51 0x26 0x23  sw      x5,  12(x2)
	   116    0x00 0xa1 0x28 0x23  sw      x10, 16(x2)
	   120    0x00 0xc1 0x2a 0x23  sw      x12, 20(x2)
	   124    0x00 0x31 0x2e 0x23  sw      x3,  28(x2)
	   128    0x24 0xe0 0x08 0x63  beqz    x14, 592
	   132    0x02 0x01 0x26 0x03  lw      x12, 32(x2)
	   136    0x01 0x81 0x25 0x83  lw      x11, 24(x2)
	   140    0x03 0x41 0x05 0x13  addi    x10, x2,  52
.call
	   144    0x00 0x00 0x00 0xef  call    softfloat_normSubnormalF64Sig
	   148    0x03 0x41 0x27 0x83  lw      x15, 52(x2)
	   152    0x03 0x81 0x26 0x83  lw      x13, 56(x2)
	   156    0x03 0xc1 0x27 0x03  lw      x14, 60(x2)
	   160    0x00 0x81 0x25 0x83  lw      x11, 8(x2)
	   164    0x01 0x41 0x26 0x03  lw      x12, 20(x2)
	   168    0x01 0xc1 0x21 0x83  lw      x3,  28(x2)
	   172    0x01 0x01 0x25 0x03  lw      x10, 16(x2)
	   176    0x00 0xc1 0x22 0x83  lw      x5,  12(x2)
	   180    0x02 0xe1 0x20 0x23  sw      x14, 32(x2)
	   184    0x00 0xd1 0x2c 0x23  sw      x13, 24(x2)
	   188    0x00 0xf1 0x24 0x23  sw      x15, 8(x2)
	   192    0x02 0x30 0x12 0x63  bnez    x3,  36
	   196    0x1e 0x50 0x08 0x63  beqz    x5,  496
	   200    0x00 0x06 0x05 0x93  mv      x11, x12
	   204    0x00 0x05 0x06 0x13  mv      x12, x10
	   208    0x03 0x41 0x05 0x13  addi    x10, x2,  52
.call
	   212    0x00 0x00 0x00 0xef  call    softfloat_normSubnormalF64Sig
	   216    0x03 0x41 0x21 0x83  lw      x3,  52(x2)
	   220    0x03 0x81 0x26 0x03  lw      x12, 56(x2)
	   224    0x03 0xc1 0x25 0x03  lw      x10, 60(x2)
	   228    0x00 0x81 0x27 0x83  lw      x15, 8(x2)
	   232    0x40 0xf1 0x86 0xb3  sub     x13, x3,  x15
	   236    0x00 0x10 0x07 0xb7  lui     x15, 256
	   240    0x00 0xf5 0x67 0x33  or      x14, x10, x15
	   244    0x3f 0xe6 0x86 0x93  addi    x13, x13, 1022
	   248    0x02 0x01 0x25 0x83  lw      x11, 32(x2)
	   252    0x00 0xf5 0xe7 0xb3  or      x15, x11, x15
	   256    0x00 0xd1 0x26 0x23  sw      x13, 12(x2)
	   260    0x02 0xf7 0x66 0x63  bltu    x14, x15, 44
	   264    0x00 0xe7 0x96 0x63  bne     x15, x14, 12
	   268    0x01 0x81 0x26 0x83  lw      x13, 24(x2)
	   272    0x02 0xd6 0x60 0x63  bltu    x12, x13, 32
	   276    0x01 0x66 0x56 0x93  srli    x13, x12, 22
	   280    0x00 0xa7 0x17 0x13  slli    x14, x14, 10
	   284    0x00 0xa6 0x16 0x13  slli    x12, x12, 10
	   288    0x00 0xd7 0x66 0xb3  or      x13, x14, x13
	   292    0x00 0xd1 0x2a 0x23  sw      x13, 20(x2)
	   296    0x00 0xc1 0x24 0x23  sw      x12, 8(x2)
	   300    0x02 0x80 0x00 0x6f  j       40
	   304    0x00 0xb7 0x15 0x93  slli    x11, x14, 11
	   308    0x01 0x56 0x56 0x93  srli    x13, x12, 21
	   312    0x00 0xc1 0x27 0x03  lw      x14, 12(x2)
	   316    0x00 0xb6 0x16 0x13  slli    x12, x12, 11
	   320    0xff 0xf7 0x07 0x13  addi    x14, x14, -1
	   324    0x00 0xb6 0xe6 0xb3  or      x13, x13, x11
	   328    0x00 0xd1 0x2a 0x23  sw      x13, 20(x2)
	   332    0x00 0xc1 0x24 0x23  sw      x12, 8(x2)
	   336    0x00 0xe1 0x26 0x23  sw      x14, 12(x2)
	   340    0x01 0x81 0x26 0x03  lw      x12, 24(x2)
	   344    0x01 0x56 0x56 0x93  srli    x13, x12, 21
	   348    0x00 0xb7 0x97 0x93  slli    x15, x15, 11
	   352    0x00 0xb6 0x16 0x13  slli    x12, x12, 11
	   356    0x00 0xf6 0xe5 0xb3  or      x11, x13, x15
	   360    0x00 0xb1 0x28 0x23  sw      x11, 16(x2)
	   364    0x00 0xc1 0x2c 0x23  sw      x12, 24(x2)
.call
	   368    0x00 0x00 0x00 0xef  call    softfloat_approxRecip32_1
	   372    0xff 0xe5 0x06 0x13  addi    x12, x10, -2
	   376    0x01 0x41 0x26 0x83  lw      x13, 20(x2)
	   380    0x02 0xd6 0x37 0xb3  mulhu   x15, x12, x13
	   384    0x00 0x17 0x97 0x13  slli    x14, x15, 1
	   388    0x01 0x01 0x20 0x83  lw      x1,  16(x2)
	   392    0x02 0x17 0x05 0x33  mul     x10, x14, x1
	   396    0x00 0x81 0x21 0x83  lw      x3,  8(x2)
	   400    0x40 0xa1 0x85 0xb3  sub     x11, x3,  x10
	   404    0x02 0x17 0x32 0xb3  mulhu   x5,  x14, x1
	   408    0x00 0xa1 0xb1 0xb3  sltu    x3,  x3,  x10
	   412    0x01 0x81 0x22 0x03  lw      x4,  24(x2)
	   416    0x40 0x56 0x86 0xb3  sub     x13, x13, x5
	   420    0x00 0x42 0x55 0x13  srli    x10, x4,  4
	   424    0x40 0x36 0x86 0xb3  sub     x13, x13, x3
	   428    0x00 0x45 0xd2 0x13  srli    x4,  x11, 4
	   432    0x02 0xe5 0x01 0xb3  mul     x3,  x10, x14
	   436    0x01 0xc6 0x96 0x93  slli    x13, x13, 28
	   440    0x00 0xd2 0x66 0xb3  or      x13, x4,  x13
	   444    0x01 0xc5 0x95 0x93  slli    x11, x11, 28
	   448    0x02 0xe5 0x37 0x33  mulhu   x14, x10, x14
	   452    0x00 0x35 0xb2 0x33  sltu    x4,  x11, x3
	   456    0x40 0xe6 0x86 0xb3  sub     x13, x13, x14
	   460    0x40 0x46 0x86 0xb3  sub     x13, x13, x4
	   464    0x02 0xd6 0x36 0x33  mulhu   x12, x12, x13
	   468    0x00 0x46 0x06 0x13  addi    x12, x12, 4
	   472    0x01 0xc6 0x52 0x13  srli    x4,  x12, 28
	   476    0x40 0x35 0x85 0xb3  sub     x11, x11, x3
	   480    0x00 0x46 0x17 0x13  slli    x14, x12, 4
	   484    0x00 0xf2 0x07 0xb3  add     x15, x4,  x15
	   488    0x1f 0xf7 0x71 0x93  andi    x3,  x14, 511
	   492    0x04 0x00 0x02 0x13  li      x4,  64
	   496    0x08 0x41 0xf0 0x63  bgeu    x3,  x4,  128
	   500    0xff 0x86 0x76 0x13  andi    x12, x12, -8
	   504    0x00 0x16 0x16 0x13  slli    x12, x12, 1
	   508    0x02 0x16 0x02 0x33  mul     x4,  x12, x1
	   512    0x02 0x16 0x30 0xb3  mulhu   x1,  x12, x1
	   516    0x40 0x16 0x86 0xb3  sub     x13, x13, x1
	   520    0x00 0x45 0xb0 0xb3  sltu    x1,  x11, x4
	   524    0x40 0x45 0x81 0xb3  sub     x3,  x11, x4
	   528    0x40 0x16 0x86 0xb3  sub     x13, x13, x1
	   532    0x01 0xc1 0x95 0x93  slli    x11, x3,  28
	   536    0x02 0xa6 0x00 0xb3  mul     x1,  x12, x10
	   540    0x00 0x41 0xd1 0x93  srli    x3,  x3,  4
	   544    0x01 0xc6 0x96 0x93  slli    x13, x13, 28
	   548    0x02 0xa6 0x36 0x33  mulhu   x12, x12, x10
	   552    0x00 0x36 0xe6 0xb3  or      x13, x13, x3
	   556    0x40 0xc6 0x86 0x33  sub     x12, x13, x12
	   560    0x00 0x15 0xb5 0x33  sltu    x10, x11, x1
	   564    0x40 0xa6 0x06 0x33  sub     x12, x12, x10
	   568    0xf8 0x07 0x75 0x13  andi    x10, x14, -128
	   572    0x80 0x00 0x06 0xb7  lui     x13, -524288
	   576    0x40 0x15 0x87 0x33  sub     x14, x11, x1
	   580    0x00 0xd6 0x76 0xb3  and     x13, x12, x13
	   584    0x00 0xd0 0x1c 0x63  bnez    x13, 24
	   588    0x00 0xe6 0x66 0x33  or      x12, x12, x14
	   592    0x00 0xc0 0x04 0x63  beqz    x12, 8
	   596    0x00 0x15 0x65 0x13  ori     x10, x10, 1
	   600    0x00 0x05 0x07 0x13  mv      x14, x10
	   604    0x01 0x40 0x00 0x6f  j       20
	   608    0xf8 0x05 0x07 0x13  addi    x14, x10, -128
	   612    0xff 0xf7 0x86 0x13  addi    x12, x15, -1
	   616    0x00 0xa7 0x37 0xb3  sltu    x15, x14, x10
	   620    0x00 0xf6 0x07 0xb3  add     x15, x12, x15
	   624    0x00 0x01 0x20 0x83  lw      x1,  0(x2)
	   628    0x00 0xc1 0x26 0x83  lw      x13, 12(x2)
	   632    0x00 0x41 0x26 0x03  lw      x12, 4(x2)
	   636    0x04 0x81 0x01 0x13  addi    x2,  x2,  72
	   640    0x00 0x00 0x00 0x6f  j       softfloat_roundPackToF64
.label __ll3_f64_div
.call
	   644    0x00 0x00 0x00 0xef  call    softfloat_propagateNaNF64UI
	   648    0x03 0x00 0x00 0x6f  j       48
.label __ll4_f64_div
	   652    0x7f 0xf8 0x05 0xb7  lui     x11, 524160
	   656    0x02 0x80 0x00 0x6f  j       40
	   660    0x06 0x50 0x12 0x63  bnez    x5,  100
	   664    0x06 0x40 0x84 0x63  beq     x1,  x4,  104
	   668    0x00 0xb1 0x24 0x23  sw      x11, 8(x2)
.label __ll1_f64_div
	   672    0x00 0x81 0x26 0x03  lw      x12, 8(x2)
	   676    0x7f 0xf0 0x07 0xb7  lui     x15, 524032
	   680    0x00 0xf6 0x05 0xb3  add     x11, x12, x15
	   684    0x00 0x00 0x05 0x13  li      x10, 0
	   688    0x00 0x80 0x00 0x6f  j       8
.label __ll2_f64_div
	   692    0x00 0x00 0x05 0x13  li      x10, 0
.label __ll5_f64_div
	   696    0x00 0x01 0x26 0x03  lw      x12, 0(x2)
	   700    0x04 0x81 0x01 0x13  addi    x2,  x2,  72
.rts
	   704    0x00 0x06 0x00 0x67  jr      x12
	   708    0xfe 0xe0 0x08 0xe3  beqz    x14, -16
	   712    0x01 0x81 0x27 0x03  lw      x14, 24(x2)
	   716    0xfb 0x9f 0xf0 0x6f  j       -72
	   720    0x01 0xc1 0x26 0x03  lw      x12, 28(x2)
	   724    0x41 0xf6 0x57 0x93  srai    x15, x12, 31
	   728    0x01 0x01 0x26 0x83  lw      x13, 16(x2)
	   732    0x01 0x41 0x27 0x03  lw      x14, 20(x2)
	   736    0x00 0xe6 0x66 0x33  or      x12, x12, x14
	   740    0x00 0xf6 0xe7 0xb3  or      x15, x13, x15
	   744    0x00 0xf6 0x66 0x33  or      x12, x12, x15
	   748    0xfa 0xc0 0x1a 0xe3  bnez    x12, -76
	   752    0x00 0x00 0x05 0x13  li      x10, 0
	   756    0xf9 0x9f 0xf0 0x6f  j       -104
	   760    0x01 0x81 0x27 0x03  lw      x14, 24(x2)
	   764    0xf8 0x9f 0xf0 0x6f  j       -120
	   768    0x00 0xe0 0x06 0x63  beqz    x14, 12
	   772    0x01 0x81 0x27 0x03  lw      x14, 24(x2)
	   776    0xf7 0xdf 0xf0 0x6f  j       -132
	   780    0x00 0x00 0x05 0x13  li      x10, 0
.label f64_div__end last
	   784    0xf7 0xdf 0xf0 0x6f  j       -132

.undef global text softfloat_normSubnormalF64Sig

.undef global text softfloat_approxRecip32_1

.undef global text softfloat_roundPackToF64

.undef global text softfloat_propagateNaNF64UI

