
; File generated by darts version U-2022.12#33f3808fcb#221128, Thu Feb 29 16:36:15 2024
; Copyright 2014-2022 Synopsys, Inc. All rights reserved.
; darts -I.. -d -h -ISoftFloat-3e/source/include -ISoftFloat-3e/source/riscv -ISoftFloat-3e/build/chess -I../runtime/include -DCHESS_CXX_ATTRIBUTES -DSOFTFLOAT_NO_EXCEPTIONS -DINLINE_LEVEL=5 -DSOFTFLOAT_FAST_DIV32TO16 -D__tct_patch__=0 -L +Ihex Release/f64_to_ui64_r_minMag.o trv32p3_cnn

; Release: ipd U-2022.12
.undef global data softfloat_countLeadingZeros8

.text_segment_name
.text global 0 f64_to_ui64_r_minMag
	     0    0x01 0x46 0xd5 0x93  srli    x11, x13, 20
	     4    0x7f 0xf5 0xf7 0x13  andi    x14, x11, 2047
	     8    0x00 0x10 0x05 0x37  lui     x10, 256
	    12    0x43 0x30 0x05 0x93  li      x11, 1075
	    16    0xff 0xf5 0x05 0x13  addi    x10, x10, -1
	    20    0x40 0xe5 0x82 0x33  sub     x4,  x11, x14
	    24    0x00 0xd5 0x71 0xb3  and     x3,  x10, x13
	    28    0x00 0x00 0x05 0x93  li      x11, 0
	    32    0x03 0x50 0x02 0x93  li      x5,  53
	    36    0x00 0x00 0x05 0x13  li      x10, 0
	    40    0x0a 0x52 0x58 0x63  bge     x4,  x5,  176
	    44    0x01 0xf6 0xd6 0x93  srli    x13, x13, 31
	    48    0x08 0xd0 0x10 0x63  bnez    x13, 128
	    52    0x00 0x10 0x05 0xb7  lui     x11, 256
	    56    0x00 0xb1 0xe5 0xb3  or      x11, x3,  x11
	    60    0x02 0x40 0x5a 0x63  blez    x4,  52
	    64    0x06 0x40 0x04 0x63  beqz    x4,  104
	    68    0xfe 0x02 0x06 0x93  addi    x13, x4,  -32
	    72    0x00 0x06 0xc8 0x63  bltz    x13, 16
	    76    0x00 0xd5 0xd6 0x33  srl     x12, x11, x13
	    80    0x00 0x00 0x05 0x93  li      x11, 0
	    84    0x05 0x40 0x00 0x6f  j       84
	    88    0x40 0xd0 0x06 0xb3  neg     x13, x13
	    92    0x00 0xd5 0x96 0xb3  sll     x13, x11, x13
	    96    0x00 0x46 0x56 0x33  srl     x12, x12, x4
	   100    0x00 0x45 0xd5 0xb3  srl     x11, x11, x4
	   104    0x00 0xd6 0x66 0x33  or      x12, x12, x13
	   108    0x03 0xc0 0x00 0x6f  j       60
	   112    0xff 0x50 0x05 0x13  li      x10, -11
	   116    0x02 0xa2 0x4e 0x63  blt     x4,  x10, 60
	   120    0x40 0x40 0x06 0xb3  neg     x13, x4
	   124    0x02 0xd0 0x06 0x63  beqz    x13, 44
	   128    0xfe 0x06 0x85 0x13  addi    x10, x13, -32
	   132    0x00 0x05 0x48 0x63  bltz    x10, 16
	   136    0x00 0xa6 0x15 0xb3  sll     x11, x12, x10
	   140    0x00 0x00 0x06 0x13  li      x12, 0
	   144    0x01 0x80 0x00 0x6f  j       24
	   148    0x40 0xa0 0x05 0x33  neg     x10, x10
	   152    0x00 0xa6 0x55 0x33  srl     x10, x12, x10
	   156    0x00 0xd5 0x95 0xb3  sll     x11, x11, x13
	   160    0x00 0xd6 0x16 0x33  sll     x12, x12, x13
	   164    0x00 0xb5 0x65 0xb3  or      x11, x10, x11
	   168    0x00 0x06 0x05 0x13  mv      x10, x12
.rts
	   172    0x00 0x00 0x80 0x67  ret
.label __ll1_f64_to_ui64_r_minMag
	   176    0x7f 0xf0 0x05 0x93  li      x11, 2047
	   180    0x00 0xe5 0x96 0x63  bne     x11, x14, 12
	   184    0x00 0x36 0x66 0x33  or      x12, x12, x3
	   188    0x00 0xc0 0x1a 0x63  bnez    x12, 20
	   192    0x00 0x00 0x05 0x13  li      x10, 0
	   196    0x00 0xd0 0x18 0x63  bnez    x13, 16
	   200    0xff 0xf0 0x05 0x13  li      x10, -1
	   204    0x00 0x80 0x00 0x6f  j       8
	   208    0xff 0xf0 0x05 0x13  li      x10, -1
	   212    0x00 0x05 0x05 0x93  mv      x11, x10
.label f64_to_ui64_r_minMag__end last
.rts
	   216    0x00 0x00 0x80 0x67  ret

