
; File generated by darts version U-2022.12#33f3808fcb#221128, Sat Mar 16 14:39:38 2024
; Copyright 2014-2022 Synopsys, Inc. All rights reserved.
; darts -I.. -d -h -ISoftFloat-3e/source/include -ISoftFloat-3e/source/riscv -ISoftFloat-3e/build/chess -I../runtime/include -DCHESS_CXX_ATTRIBUTES -DSOFTFLOAT_NO_EXCEPTIONS -DINLINE_LEVEL=5 -DSOFTFLOAT_FAST_DIV32TO16 -D__tct_patch__=0 -L +Ihex Release/f64_le.o trv32p3_cnn

; Release: ipd U-2022.12
.undef global data softfloat_countLeadingZeros8

.text_segment_name
.text global 0 f64_le
	     0    0xff 0xf6 0x45 0x13  not     x10, x12
	     4    0x7f 0xf0 0x02 0x37  lui     x4,  524032
	     8    0x00 0xa2 0x72 0x33  and     x4,  x4,  x10
	    12    0x00 0x10 0x01 0xb7  lui     x3,  256
	    16    0x00 0x10 0x05 0x13  li      x10, 1
	    20    0xff 0xf1 0x81 0x93  addi    x3,  x3,  -1
	    24    0x00 0x40 0x18 0x63  bnez    x4,  16
	    28    0x00 0x36 0x72 0x33  and     x4,  x12, x3
	    32    0x00 0xb2 0x62 0x33  or      x4,  x4,  x11
	    36    0x08 0x40 0x12 0x63  bnez    x4,  132
	    40    0xff 0xf7 0x42 0x13  not     x4,  x14
	    44    0x7f 0xf0 0x02 0xb7  lui     x5,  524032
	    48    0x00 0x52 0x72 0x33  and     x4,  x4,  x5
	    52    0x00 0x40 0x18 0x63  bnez    x4,  16
	    56    0x00 0x37 0x71 0xb3  and     x3,  x14, x3
	    60    0x00 0x36 0xe1 0xb3  or      x3,  x13, x3
	    64    0x06 0x30 0x14 0x63  bnez    x3,  104
	    68    0x01 0xf6 0x51 0x93  srli    x3,  x12, 31
	    72    0x01 0xf7 0x52 0x93  srli    x5,  x14, 31
	    76    0x00 0x30 0x32 0x33  snez    x4,  x3
	    80    0x00 0x50 0x32 0xb3  snez    x5,  x5
	    84    0x02 0x42 0x9a 0x63  bne     x5,  x4,  52
	    88    0x00 0xc7 0x14 0x63  bne     x14, x12, 8
	    92    0x04 0xb6 0x88 0x63  beq     x13, x11, 80
	    96    0x00 0x10 0x01 0x93  li      x3,  1
	   100    0x00 0xe6 0x6c 0x63  bltu    x12, x14, 24
	   104    0x00 0x10 0x01 0x93  li      x3,  1
	   108    0x00 0xc7 0x16 0x63  bne     x14, x12, 12
	   112    0x00 0x10 0x01 0x93  li      x3,  1
	   116    0x00 0xd5 0xe4 0x63  bltu    x11, x13, 8
	   120    0x00 0x00 0x01 0x93  li      x3,  0
	   124    0x00 0x32 0x45 0xb3  xor     x11, x4,  x3
	   128    0x02 0xb0 0x16 0x63  bnez    x11, 44
	   132    0x02 0x40 0x00 0x6f  j       36
	   136    0x02 0x30 0x12 0x63  bnez    x3,  36
	   140    0x00 0xe6 0x66 0x33  or      x12, x12, x14
	   144    0x80 0x00 0x01 0xb7  lui     x3,  -524288
	   148    0x00 0xb6 0xe5 0xb3  or      x11, x13, x11
	   152    0xff 0xf1 0x87 0x13  addi    x14, x3,  -1
	   156    0x00 0xe6 0x76 0xb3  and     x13, x12, x14
	   160    0x00 0xb6 0xe5 0xb3  or      x11, x13, x11
	   164    0x00 0xb0 0x04 0x63  beqz    x11, 8
	   168    0x00 0x00 0x05 0x13  li      x10, 0
.label f64_le__end last
.rts
	   172    0x00 0x00 0x80 0x67  ret

