
; File generated by darts version U-2022.12#33f3808fcb#221128, Fri Mar 22 18:32:43 2024
; Copyright 2014-2022 Synopsys, Inc. All rights reserved.
; darts -I.. -d -h -ISoftFloat-3e/source/include -ISoftFloat-3e/source/riscv -ISoftFloat-3e/build/chess -I../runtime/include -DCHESS_CXX_ATTRIBUTES -DSOFTFLOAT_NO_EXCEPTIONS -DINLINE_LEVEL=5 -DSOFTFLOAT_FAST_DIV32TO16 -D__tct_patch__=0 -L +Ihex Release/f64_to_i64_r_minMag.o trv32p3_cnn

; Release: ipd U-2022.12
.undef global data softfloat_countLeadingZeros8

.text_segment_name
.text global 0 f64_to_i64_r_minMag
	     0    0x01 0x46 0xd5 0x13  srli    x10, x13, 20
	     4    0x00 0x10 0x05 0xb7  lui     x11, 256
	     8    0x7f 0xf5 0x72 0x13  andi    x4,  x10, 2047
	    12    0xff 0xf5 0x85 0x93  addi    x11, x11, -1
	    16    0x00 0xb6 0xf7 0x33  and     x14, x13, x11
	    20    0x00 0x06 0x05 0x13  mv      x10, x12
	    24    0x00 0x10 0x05 0xb7  lui     x11, 256
	    28    0x43 0x30 0x06 0x13  li      x12, 1075
	    32    0x00 0xb7 0x65 0xb3  or      x11, x14, x11
	    36    0x01 0xf6 0xd1 0x93  srli    x3,  x13, 31
	    40    0x40 0x46 0x06 0x33  sub     x12, x12, x4
	    44    0x02 0xc0 0x5e 0x63  blez    x12, 60
	    48    0x03 0x50 0x06 0x93  li      x13, 53
	    52    0x08 0xd6 0x52 0x63  bge     x12, x13, 132
	    56    0x06 0xc0 0x04 0x63  beqz    x12, 104
	    60    0xfe 0x06 0x06 0x93  addi    x13, x12, -32
	    64    0x00 0x06 0xc8 0x63  bltz    x13, 16
	    68    0x00 0xd5 0xd5 0x33  srl     x10, x11, x13
	    72    0x00 0x00 0x05 0x93  li      x11, 0
	    76    0x05 0x40 0x00 0x6f  j       84
	    80    0x40 0xd0 0x06 0xb3  neg     x13, x13
	    84    0x00 0xd5 0x96 0xb3  sll     x13, x11, x13
	    88    0x00 0xc5 0x55 0x33  srl     x10, x10, x12
	    92    0x00 0xc5 0xd5 0xb3  srl     x11, x11, x12
	    96    0x00 0xd5 0x65 0x33  or      x10, x10, x13
	   100    0x03 0xc0 0x00 0x6f  j       60
	   104    0xff 0x60 0x02 0x93  li      x5,  -10
	   108    0x04 0x56 0x4c 0x63  blt     x12, x5,  88
	   112    0x40 0xc0 0x06 0xb3  neg     x13, x12
	   116    0x02 0xd0 0x06 0x63  beqz    x13, 44
	   120    0xfe 0x06 0x86 0x13  addi    x12, x13, -32
	   124    0x00 0x06 0x48 0x63  bltz    x12, 16
	   128    0x00 0xc5 0x15 0xb3  sll     x11, x10, x12
	   132    0x00 0x00 0x05 0x13  li      x10, 0
	   136    0x01 0x80 0x00 0x6f  j       24
	   140    0x40 0xc0 0x06 0x33  neg     x12, x12
	   144    0x00 0xc5 0x56 0x33  srl     x12, x10, x12
	   148    0x00 0xd5 0x95 0xb3  sll     x11, x11, x13
	   152    0x00 0xd5 0x15 0x33  sll     x10, x10, x13
	   156    0x00 0xb6 0x65 0xb3  or      x11, x12, x11
	   160    0x00 0x30 0x0a 0x63  beqz    x3,  20
	   164    0x00 0xa0 0x36 0xb3  snez    x13, x10
	   168    0x40 0xb0 0x05 0xb3  neg     x11, x11
	   172    0x40 0xa0 0x05 0x33  neg     x10, x10
	   176    0x40 0xd5 0x85 0xb3  sub     x11, x11, x13
.rts
	   180    0x00 0x00 0x80 0x67  ret
	   184    0x00 0x00 0x05 0x93  li      x11, 0
	   188    0x00 0x00 0x05 0x13  li      x10, 0
.rts
	   192    0x00 0x00 0x80 0x67  ret
	   196    0xc3 0xe0 0x05 0xb7  lui     x11, -246272
	   200    0x00 0xd5 0x94 0x63  bne     x11, x13, 8
	   204    0x04 0xa0 0x00 0x63  beqz    x10, 64
	   208    0x80 0x00 0x05 0xb7  lui     x11, -524288
	   212    0x7f 0xf0 0x06 0x93  li      x13, 2047
	   216    0xff 0xf5 0x85 0x93  addi    x11, x11, -1
	   220    0x00 0x46 0x96 0x63  bne     x13, x4,  12
	   224    0x00 0xe5 0x65 0x33  or      x10, x10, x14
	   228    0x02 0xa0 0x10 0x63  bnez    x10, 32
	   232    0x00 0x00 0x05 0x13  li      x10, 0
	   236    0x80 0x00 0x06 0xb7  lui     x13, -524288
	   240    0x00 0x30 0x16 0x63  bnez    x3,  12
	   244    0xff 0xf0 0x05 0x13  li      x10, -1
	   248    0x00 0x05 0x86 0x93  mv      x13, x11
	   252    0x00 0x06 0x85 0x93  mv      x11, x13
.rts
	   256    0x00 0x00 0x80 0x67  ret
	   260    0xff 0xf0 0x05 0x13  li      x10, -1
.rts
	   264    0x00 0x00 0x80 0x67  ret
	   268    0x00 0x00 0x05 0x13  li      x10, 0
	   272    0x80 0x00 0x05 0xb7  lui     x11, -524288
.label f64_to_i64_r_minMag__end last
.rts
	   276    0x00 0x00 0x80 0x67  ret

