
; File generated by darts version U-2022.12#33f3808fcb#221128, Thu Feb 29 15:22:19 2024
; Copyright 2014-2022 Synopsys, Inc. All rights reserved.
; darts -I.. -d -h -ISoftFloat-3e/source/include -ISoftFloat-3e/source/riscv -ISoftFloat-3e/build/chess -I../runtime/include -DCHESS_CXX_ATTRIBUTES -DSOFTFLOAT_NO_EXCEPTIONS -DINLINE_LEVEL=5 -DSOFTFLOAT_FAST_DIV32TO16 -D__tct_patch__=0 -L +Ihex Release/f64_to_f32.o trv32p3_cnn

; Release: ipd U-2022.12
.undef global data softfloat_countLeadingZeros8

.text_segment_name
.text global 0 f64_to_f32
	     0    0x00 0x10 0x06 0xb7  lui     x13, 256
	     4    0x01 0xf6 0x55 0x13  srli    x10, x12, 31
	     8    0x01 0x46 0x51 0x93  srli    x3,  x12, 20
	    12    0xff 0xf6 0x86 0x93  addi    x13, x13, -1
	    16    0x00 0xd6 0x76 0x33  and     x12, x12, x13
	    20    0x80 0x00 0x06 0xb7  lui     x13, -524288
	    24    0x00 0xa0 0x14 0x63  bnez    x10, 8
	    28    0x00 0x00 0x06 0x93  li      x13, 0
	    32    0x7f 0xf1 0xf1 0x93  andi    x3,  x3,  2047
	    36    0x7f 0xf0 0x02 0x13  li      x4,  2047
	    40    0x02 0x32 0x0a 0x63  beq     x4,  x3,  52
	    44    0x00 0x40 0x02 0xb7  lui     x5,  1024
	    48    0x01 0x65 0xd2 0x13  srli    x4,  x11, 22
	    52    0xff 0xf2 0x82 0x93  addi    x5,  x5,  -1
	    56    0x00 0xb2 0xf5 0xb3  and     x11, x5,  x11
	    60    0x00 0xa6 0x16 0x13  slli    x12, x12, 10
	    64    0x00 0xb0 0x35 0xb3  snez    x11, x11
	    68    0x00 0xc2 0x66 0x33  or      x12, x4,  x12
	    72    0x00 0xb6 0x65 0xb3  or      x11, x12, x11
	    76    0x00 0xb1 0xe6 0x33  or      x12, x3,  x11
	    80    0x02 0xc0 0x12 0x63  bnez    x12, 36
	    84    0x00 0x06 0x85 0x13  mv      x10, x13
.rts
	    88    0x00 0x00 0x80 0x67  ret
	    92    0x00 0xb6 0x65 0xb3  or      x11, x12, x11
	    96    0x7f 0xc0 0x05 0x37  lui     x10, 523264
	   100    0x00 0xb0 0x16 0x63  bnez    x11, 12
	   104    0x7f 0x80 0x05 0xb7  lui     x11, 522240
	   108    0x00 0xb6 0x85 0x33  add     x10, x13, x11
.rts
	   112    0x00 0x00 0x80 0x67  ret
	   116    0x40 0x00 0x06 0x37  lui     x12, 262144
	   120    0x00 0xb6 0x66 0xb3  or      x13, x12, x11
	   124    0x00 0xa0 0x35 0xb3  snez    x11, x10
	   128    0xc7 0xf1 0x86 0x13  addi    x12, x3,  -897
.label f64_to_f32__end last
	   132    0x00 0x00 0x00 0x6f  j       softfloat_roundPackToF32

.undef global text softfloat_roundPackToF32

