
; File generated by darts version U-2022.12#33f3808fcb#221128, Thu Feb 29 16:36:15 2024
; Copyright 2014-2022 Synopsys, Inc. All rights reserved.
; darts -I.. -d -h -ISoftFloat-3e/source/include -ISoftFloat-3e/source/riscv -ISoftFloat-3e/build/chess -I../runtime/include -DCHESS_CXX_ATTRIBUTES -DSOFTFLOAT_NO_EXCEPTIONS -DINLINE_LEVEL=5 -DSOFTFLOAT_FAST_DIV32TO16 -D__tct_patch__=0 -L +Ihex Release/f64_to_i32_r_minMag.o trv32p3_cnn

; Release: ipd U-2022.12
.undef global data softfloat_countLeadingZeros8

.text_segment_name
.text global 0 f64_to_i32_r_minMag
	     0    0x01 0x46 0x55 0x13  srli    x10, x12, 20
	     4    0x7f 0xf5 0x71 0x93  andi    x3,  x10, 2047
	     8    0x00 0x10 0x06 0xb7  lui     x13, 256
	    12    0x43 0x30 0x05 0x13  li      x10, 1075
	    16    0xff 0xf6 0x86 0x93  addi    x13, x13, -1
	    20    0x00 0xd6 0x76 0xb3  and     x13, x12, x13
	    24    0x40 0x35 0x05 0x33  sub     x10, x10, x3
	    28    0x03 0x50 0x02 0x13  li      x4,  53
	    32    0x08 0x45 0x5c 0x63  bge     x10, x4,  152
	    36    0x01 0xf6 0x56 0x13  srli    x12, x12, 31
	    40    0x01 0x60 0x02 0x13  li      x4,  22
	    44    0x04 0x45 0x40 0x63  blt     x10, x4,  64
	    48    0x00 0x10 0x01 0xb7  lui     x3,  256
	    52    0x00 0x36 0xe6 0xb3  or      x13, x13, x3
	    56    0x02 0xa0 0x02 0x63  beqz    x10, 36
	    60    0xfe 0x05 0x01 0x93  addi    x3,  x10, -32
	    64    0x00 0x01 0xc6 0x63  bltz    x3,  12
	    68    0x00 0x36 0xd5 0xb3  srl     x11, x13, x3
	    72    0x01 0x40 0x00 0x6f  j       20
	    76    0x00 0xa5 0xd5 0xb3  srl     x11, x11, x10
	    80    0x40 0x30 0x01 0xb3  neg     x3,  x3
	    84    0x00 0x36 0x95 0x33  sll     x10, x13, x3
	    88    0x00 0xb5 0x65 0xb3  or      x11, x10, x11
	    92    0x00 0x05 0x85 0x13  mv      x10, x11
	    96    0x04 0xc0 0x0e 0x63  beqz    x12, 92
	   100    0x40 0xa0 0x05 0x33  neg     x10, x10
.rts
	   104    0x00 0x00 0x80 0x67  ret
	   108    0x00 0xc0 0x0c 0x63  beqz    x12, 24
	   112    0x41 0xe0 0x05 0x13  li      x10, 1054
	   116    0x00 0x35 0x18 0x63  bne     x10, x3,  16
	   120    0x00 0xd0 0x16 0x63  bnez    x13, 12
	   124    0x00 0x20 0x05 0x37  lui     x10, 512
	   128    0x02 0xa5 0xe8 0x63  bltu    x11, x10, 48
	   132    0x80 0x00 0x05 0x37  lui     x10, -524288
	   136    0x7f 0xf0 0x02 0x13  li      x4,  2047
	   140    0xff 0xf5 0x05 0x13  addi    x10, x10, -1
	   144    0x00 0x32 0x16 0x63  bne     x4,  x3,  12
	   148    0x00 0xb6 0xe5 0xb3  or      x11, x13, x11
	   152    0x02 0xb0 0x12 0x63  bnez    x11, 36
	   156    0x80 0x00 0x05 0xb7  lui     x11, -524288
	   160    0x00 0xc0 0x14 0x63  bnez    x12, 8
	   164    0x00 0x05 0x05 0x93  mv      x11, x10
	   168    0x00 0x05 0x85 0x13  mv      x10, x11
.rts
	   172    0x00 0x00 0x80 0x67  ret
	   176    0x80 0x00 0x05 0x37  lui     x10, -524288
.rts
	   180    0x00 0x00 0x80 0x67  ret
	   184    0x00 0x00 0x05 0x13  li      x10, 0
.label f64_to_i32_r_minMag__end last
.rts
	   188    0x00 0x00 0x80 0x67  ret

