
; File generated by darts version U-2022.12#33f3808fcb#221128, Thu Jan 25 16:07:14 2024
; Copyright 2014-2022 Synopsys, Inc. All rights reserved.
; darts -I.. -d -h -ISoftFloat-3e/source/include -ISoftFloat-3e/source/riscv -ISoftFloat-3e/build/chess -I../runtime/include -DCHESS_CXX_ATTRIBUTES -DSOFTFLOAT_NO_EXCEPTIONS -DINLINE_LEVEL=5 -DSOFTFLOAT_FAST_DIV32TO16 -D__tct_patch__=0 -L +Ihex Release/f64_to_ui32_r_minMag.o trv32p3_cnn

; Release: ipd U-2022.12
.undef global data softfloat_countLeadingZeros8

.text_segment_name
.text global 0 f64_to_ui32_r_minMag
	     0    0x01 0x46 0x56 0x93  srli    x13, x12, 20
	     4    0x7f 0xf6 0xf1 0x93  andi    x3,  x13, 2047
	     8    0x00 0x10 0x05 0x37  lui     x10, 256
	    12    0x43 0x30 0x06 0x93  li      x13, 1075
	    16    0xff 0xf5 0x05 0x13  addi    x10, x10, -1
	    20    0x00 0xa6 0x75 0x33  and     x10, x12, x10
	    24    0x40 0x36 0x86 0xb3  sub     x13, x13, x3
	    28    0x03 0x50 0x02 0x13  li      x4,  53
	    32    0x06 0x46 0xd8 0x63  bge     x13, x4,  112
	    36    0x01 0xf6 0x56 0x13  srli    x12, x12, 31
	    40    0x04 0xc0 0x10 0x63  bnez    x12, 64
	    44    0x01 0x50 0x02 0x13  li      x4,  21
	    48    0x02 0x46 0xcc 0x63  blt     x13, x4,  56
	    52    0x00 0x10 0x06 0x37  lui     x12, 256
	    56    0x00 0xa6 0x66 0x33  or      x12, x12, x10
	    60    0x02 0xd0 0x02 0x63  beqz    x13, 36
	    64    0xfe 0x06 0x85 0x13  addi    x10, x13, -32
	    68    0x00 0x05 0x46 0x63  bltz    x10, 12
	    72    0x00 0xa6 0x55 0xb3  srl     x11, x12, x10
	    76    0x01 0x40 0x00 0x6f  j       20
	    80    0x40 0xa0 0x05 0x33  neg     x10, x10
	    84    0x00 0xd5 0xd5 0xb3  srl     x11, x11, x13
	    88    0x00 0xa6 0x16 0x33  sll     x12, x12, x10
	    92    0x00 0xb6 0x65 0xb3  or      x11, x12, x11
	    96    0x00 0x05 0x85 0x13  mv      x10, x11
.rts
	   100    0x00 0x00 0x80 0x67  ret
	   104    0x7f 0xf0 0x06 0x93  li      x13, 2047
	   108    0x00 0x36 0x96 0x63  bne     x13, x3,  12
	   112    0x00 0xb5 0x65 0xb3  or      x11, x10, x11
	   116    0x00 0xb0 0x1a 0x63  bnez    x11, 20
	   120    0x00 0x00 0x05 0x13  li      x10, 0
	   124    0x00 0xc0 0x1c 0x63  bnez    x12, 24
	   128    0xff 0xf0 0x05 0x13  li      x10, -1
.rts
	   132    0x00 0x00 0x80 0x67  ret
	   136    0xff 0xf0 0x05 0x13  li      x10, -1
.rts
	   140    0x00 0x00 0x80 0x67  ret
	   144    0x00 0x00 0x05 0x13  li      x10, 0
.label f64_to_ui32_r_minMag__end last
.rts
	   148    0x00 0x00 0x80 0x67  ret

