
; File generated by darts version U-2022.12#33f3808fcb#221128, Thu Feb 29 15:22:18 2024
; Copyright 2014-2022 Synopsys, Inc. All rights reserved.
; darts -I.. -d -h -ISoftFloat-3e/source/include -ISoftFloat-3e/source/riscv -ISoftFloat-3e/build/chess -I../runtime/include -DCHESS_CXX_ATTRIBUTES -DSOFTFLOAT_NO_EXCEPTIONS -DINLINE_LEVEL=5 -DSOFTFLOAT_FAST_DIV32TO16 -D__tct_patch__=0 -L +Ihex Release/f64_mul.o trv32p3_cnn

; Release: ipd U-2022.12
.undef global data softfloat_countLeadingZeros8

.text_segment_name
.text global 0 f64_mul
	     0    0x01 0xf6 0xd5 0x93  srli    x11, x13, 31
	     4    0x01 0xf7 0xd1 0x93  srli    x3,  x15, 31
	     8    0xfa 0x81 0x01 0x13  addi    x2,  x2,  -88
	    12    0x00 0xb0 0x35 0xb3  snez    x11, x11
	    16    0x00 0x30 0x31 0xb3  snez    x3,  x3
	    20    0x00 0x10 0x05 0x37  lui     x10, 256
	    24    0x00 0xb1 0xc1 0xb3  xor     x3,  x3,  x11
	    28    0xff 0xf5 0x05 0x13  addi    x10, x10, -1
	    32    0x00 0xd5 0x75 0xb3  and     x11, x10, x13
	    36    0x01 0x46 0xd2 0x93  srli    x5,  x13, 20
	    40    0x00 0x30 0x31 0xb3  snez    x3,  x3
	    44    0x00 0xc1 0x2c 0x23  sw      x12, 24(x2)
	    48    0x7f 0xf2 0xf2 0x93  andi    x5,  x5,  2047
	    52    0x00 0xf5 0x75 0x33  and     x10, x10, x15
	    56    0x00 0xb6 0x66 0x33  or      x12, x12, x11
	    60    0x01 0x47 0xd2 0x13  srli    x4,  x15, 20
	    64    0x00 0x31 0x22 0x23  sw      x3,  4(x2)
	    68    0x02 0xb1 0x20 0x23  sw      x11, 32(x2)
	    72    0x00 0x11 0x20 0x23  sw      x1,  0(x2)
	    76    0x00 0xe5 0x65 0xb3  or      x11, x10, x14
	    80    0x7f 0xf2 0x72 0x13  andi    x4,  x4,  2047
	    84    0x01 0xf1 0x91 0x93  slli    x3,  x3,  31
	    88    0x00 0x51 0x24 0x23  sw      x5,  8(x2)
	    92    0x7f 0xf0 0x00 0x93  li      x1,  2047
	    96    0x02 0x50 0x84 0x63  beq     x1,  x5,  40
	   100    0x06 0x40 0x96 0x63  bne     x1,  x4,  108
	   104    0x02 0x01 0x26 0x03  lw      x12, 32(x2)
	   108    0x04 0xb0 0x1e 0x63  bnez    x11, 92
	   112    0x41 0xf2 0xd7 0x93  srai    x15, x5,  31
	   116    0x01 0x81 0x27 0x03  lw      x14, 24(x2)
	   120    0x00 0x57 0x67 0x33  or      x14, x14, x5
	   124    0x00 0xf6 0x67 0xb3  or      x15, x12, x15
	   128    0x00 0x00 0x05 0x13  li      x10, 0
	   132    0x02 0x40 0x00 0x6f  j       36
	   136    0x16 0xc0 0x16 0x63  bnez    x12, 364
	   140    0x7f 0xf0 0x06 0x13  li      x12, 2047
	   144    0x00 0x46 0x14 0x63  bne     x12, x4,  8
	   148    0x16 0xb0 0x10 0x63  bnez    x11, 352
	   152    0x41 0xf2 0x57 0x93  srai    x15, x4,  31
	   156    0x00 0xf5 0x67 0xb3  or      x15, x10, x15
	   160    0x00 0xe2 0x67 0x33  or      x14, x4,  x14
	   164    0x00 0x00 0x05 0x13  li      x10, 0
	   168    0x00 0xf7 0x67 0x33  or      x14, x14, x15
	   172    0x7f 0xf8 0x05 0xb7  lui     x11, 524160
	   176    0x00 0xe0 0x06 0x63  beqz    x14, 12
	   180    0x7f 0xf0 0x07 0x37  lui     x14, 524032
	   184    0x00 0x37 0x05 0xb3  add     x11, x14, x3
.label __ll2_f64_mul
.label __ll3_f64_mul
	   188    0x00 0x01 0x27 0x03  lw      x14, 0(x2)
	   192    0x05 0x81 0x01 0x13  addi    x2,  x2,  88
.rts
	   196    0x00 0x07 0x00 0x67  jr      x14
	   200    0x01 0x81 0x26 0x03  lw      x12, 24(x2)
	   204    0x12 0x00 0x00 0x6f  j       288
	   208    0x04 0x50 0x1c 0x63  bnez    x5,  88
	   212    0x00 0x31 0x24 0x23  sw      x3,  8(x2)
	   216    0x00 0xa1 0x26 0x23  sw      x10, 12(x2)
	   220    0x00 0xe1 0x28 0x23  sw      x14, 16(x2)
	   224    0x00 0xb1 0x2a 0x23  sw      x11, 20(x2)
	   228    0x00 0x41 0x2e 0x23  sw      x4,  28(x2)
	   232    0x10 0xc0 0x0a 0x63  beqz    x12, 276
	   236    0x02 0x01 0x26 0x03  lw      x12, 32(x2)
	   240    0x01 0x81 0x25 0x83  lw      x11, 24(x2)
	   244    0x03 0x41 0x05 0x13  addi    x10, x2,  52
.call
	   248    0x00 0x00 0x00 0xef  call    softfloat_normSubnormalF64Sig
	   252    0x03 0x41 0x27 0x83  lw      x15, 52(x2)
	   256    0x03 0x81 0x26 0x83  lw      x13, 56(x2)
	   260    0x03 0xc1 0x26 0x03  lw      x12, 60(x2)
	   264    0x00 0x81 0x21 0x83  lw      x3,  8(x2)
	   268    0x01 0x01 0x27 0x03  lw      x14, 16(x2)
	   272    0x01 0xc1 0x22 0x03  lw      x4,  28(x2)
	   276    0x00 0xc1 0x25 0x03  lw      x10, 12(x2)
	   280    0x01 0x41 0x25 0x83  lw      x11, 20(x2)
	   284    0x02 0xc1 0x20 0x23  sw      x12, 32(x2)
	   288    0x00 0xd1 0x2c 0x23  sw      x13, 24(x2)
	   292    0x00 0xf1 0x24 0x23  sw      x15, 8(x2)
	   296    0x02 0x40 0x12 0x63  bnez    x4,  36
	   300    0x0c 0xb0 0x0e 0x63  beqz    x11, 220
	   304    0x00 0x05 0x06 0x13  mv      x12, x10
	   308    0x00 0x07 0x05 0x93  mv      x11, x14
	   312    0x03 0x41 0x05 0x13  addi    x10, x2,  52
.call
	   316    0x00 0x00 0x00 0xef  call    softfloat_normSubnormalF64Sig
	   320    0x03 0x41 0x22 0x03  lw      x4,  52(x2)
	   324    0x03 0x81 0x27 0x03  lw      x14, 56(x2)
	   328    0x03 0xc1 0x25 0x03  lw      x10, 60(x2)
	   332    0x00 0x10 0x00 0xb7  lui     x1,  256
	   336    0x00 0x15 0x66 0xb3  or      x13, x10, x1
	   340    0x02 0x01 0x25 0x03  lw      x10, 32(x2)
	   344    0x00 0x15 0x65 0x33  or      x10, x10, x1
	   348    0x01 0x81 0x26 0x03  lw      x12, 24(x2)
	   352    0x00 0xa5 0x11 0x93  slli    x3,  x10, 10
	   356    0x00 0x81 0x27 0x83  lw      x15, 8(x2)
	   360    0x01 0x66 0x55 0x93  srli    x11, x12, 22
	   364    0x00 0xf2 0x07 0xb3  add     x15, x4,  x15
	   368    0x00 0xa6 0x15 0x13  slli    x10, x12, 10
	   372    0x01 0x57 0x50 0x93  srli    x1,  x14, 21
	   376    0xc0 0x17 0x87 0x93  addi    x15, x15, -1023
	   380    0x00 0xb7 0x16 0x13  slli    x12, x14, 11
	   384    0x00 0xb6 0x96 0x93  slli    x13, x13, 11
	   388    0x00 0xb1 0xe5 0xb3  or      x11, x3,  x11
	   392    0x00 0xd0 0xe6 0xb3  or      x13, x1,  x13
	   396    0x00 0xf1 0x24 0x23  sw      x15, 8(x2)
	   400    0x04 0x01 0x07 0x13  addi    x14, x2,  64
.call
	   404    0x00 0x00 0x00 0xef  call    softfloat_mul64To128M
	   408    0x04 0xc1 0x27 0x83  lw      x15, 76(x2)
	   412    0x04 0x81 0x27 0x03  lw      x14, 72(x2)
	   416    0x04 0x41 0x26 0x83  lw      x13, 68(x2)
	   420    0x00 0xd0 0x16 0x63  bnez    x13, 12
	   424    0x04 0x01 0x26 0x83  lw      x13, 64(x2)
	   428    0x00 0xd0 0x04 0x63  beqz    x13, 8
	   432    0x00 0x17 0x67 0x13  ori     x14, x14, 1
	   436    0x00 0x41 0x26 0x03  lw      x12, 4(x2)
	   440    0x40 0x00 0x06 0xb7  lui     x13, 262144
	   444    0x02 0xd7 0xf0 0x63  bgeu    x15, x13, 32
	   448    0x00 0x81 0x26 0x83  lw      x13, 8(x2)
	   452    0x01 0xf7 0x50 0x93  srli    x1,  x14, 31
	   456    0x00 0x17 0x97 0x93  slli    x15, x15, 1
	   460    0xff 0xf6 0x86 0x93  addi    x13, x13, -1
	   464    0x00 0x17 0x17 0x13  slli    x14, x14, 1
	   468    0x00 0xf0 0xe7 0xb3  or      x15, x1,  x15
	   472    0x00 0xd1 0x24 0x23  sw      x13, 8(x2)
	   476    0x00 0x01 0x20 0x83  lw      x1,  0(x2)
	   480    0x00 0x81 0x26 0x83  lw      x13, 8(x2)
	   484    0x05 0x81 0x01 0x13  addi    x2,  x2,  88
	   488    0x00 0x00 0x00 0x6f  j       softfloat_roundPackToF64
.label __ll1_f64_mul
.call
	   492    0x00 0x00 0x00 0xef  call    softfloat_propagateNaNF64UI
	   496    0xec 0xdf 0xf0 0x6f  j       -308
	   500    0x01 0x81 0x26 0x03  lw      x12, 24(x2)
	   504    0xff 0x5f 0xf0 0x6f  j       -12
	   508    0x00 0x81 0x25 0x83  lw      x11, 8(x2)
	   512    0x00 0x00 0x05 0x13  li      x10, 0
	   516    0xeb 0x9f 0xf0 0x6f  j       -328
	   520    0x00 0x00 0x05 0x13  li      x10, 0
	   524    0x00 0x01 0x85 0x93  mv      x11, x3
.label f64_mul__end last
	   528    0xea 0xdf 0xf0 0x6f  j       -340

.undef global text softfloat_normSubnormalF64Sig

.undef global text softfloat_mul64To128M

.undef global text softfloat_roundPackToF64

.undef global text softfloat_propagateNaNF64UI

