
; File generated by darts version U-2022.12#33f3808fcb#221128, Tue Mar 19 17:12:36 2024
; Copyright 2014-2022 Synopsys, Inc. All rights reserved.
; darts -I.. -d -h -ISoftFloat-3e/source/include -ISoftFloat-3e/source/riscv -ISoftFloat-3e/build/chess -I../runtime/include -DCHESS_CXX_ATTRIBUTES -DSOFTFLOAT_NO_EXCEPTIONS -DINLINE_LEVEL=5 -DSOFTFLOAT_FAST_DIV32TO16 -D__tct_patch__=0 -L +Ihex Release/f64_eq.o trv32p3_cnn

; Release: ipd U-2022.12
.undef global data softfloat_countLeadingZeros8

.text_segment_name
.text global 0 f64_eq
	     0    0xff 0xf6 0x45 0x13  not     x10, x12
	     4    0x7f 0xf0 0x02 0x37  lui     x4,  524032
	     8    0x00 0xa2 0x72 0x33  and     x4,  x4,  x10
	    12    0x00 0x10 0x01 0xb7  lui     x3,  256
	    16    0x00 0x10 0x05 0x13  li      x10, 1
	    20    0xff 0xf1 0x81 0x93  addi    x3,  x3,  -1
	    24    0x00 0x40 0x18 0x63  bnez    x4,  16
	    28    0x00 0x36 0x72 0x33  and     x4,  x12, x3
	    32    0x00 0xb2 0x62 0x33  or      x4,  x4,  x11
	    36    0x04 0x40 0x12 0x63  bnez    x4,  68
	    40    0xff 0xf7 0x42 0x13  not     x4,  x14
	    44    0x7f 0xf0 0x02 0xb7  lui     x5,  524032
	    48    0x00 0x52 0x72 0x33  and     x4,  x4,  x5
	    52    0x00 0x40 0x18 0x63  bnez    x4,  16
	    56    0x00 0x37 0x71 0xb3  and     x3,  x14, x3
	    60    0x00 0x36 0xe1 0xb3  or      x3,  x13, x3
	    64    0x02 0x30 0x14 0x63  bnez    x3,  40
	    68    0x00 0xc7 0x14 0x63  bne     x14, x12, 8
	    72    0x02 0xb6 0x82 0x63  beq     x13, x11, 36
	    76    0x00 0xe6 0x66 0x33  or      x12, x12, x14
	    80    0x80 0x00 0x01 0xb7  lui     x3,  -524288
	    84    0x00 0xb6 0xe5 0xb3  or      x11, x13, x11
	    88    0xff 0xf1 0x87 0x13  addi    x14, x3,  -1
	    92    0x00 0xe6 0x76 0xb3  and     x13, x12, x14
	    96    0x00 0xb6 0xe5 0xb3  or      x11, x13, x11
	   100    0x00 0xb0 0x04 0x63  beqz    x11, 8
	   104    0x00 0x00 0x05 0x13  li      x10, 0
.label f64_eq__end last
.rts
	   108    0x00 0x00 0x80 0x67  ret

