
; File generated by darts version U-2022.12#33f3808fcb#221128, Tue Mar 19 17:29:40 2024
; Copyright 2014-2022 Synopsys, Inc. All rights reserved.
; darts -I.. -d -h -ISoftFloat-3e/source/include -ISoftFloat-3e/source/riscv -ISoftFloat-3e/build/chess -I../runtime/include -DCHESS_CXX_ATTRIBUTES -DSOFTFLOAT_NO_EXCEPTIONS -DINLINE_LEVEL=5 -DSOFTFLOAT_FAST_DIV32TO16 -D__tct_patch__=0 -L +Ihex Release/f64_sqrt.o trv32p3_cnn

; Release: ipd U-2022.12
.undef global data softfloat_countLeadingZeros8

.text_segment_name
.text global 0 f64_sqrt
	     0    0x00 0x10 0x05 0x37  lui     x10, 256
	     4    0xff 0xf5 0x05 0x13  addi    x10, x10, -1
	     8    0x00 0xd5 0x75 0xb3  and     x11, x10, x13
	    12    0x01 0x46 0xd5 0x13  srli    x10, x13, 20
	    16    0xfc 0xc1 0x01 0x13  addi    x2,  x2,  -52
	    20    0x7f 0xf5 0x77 0x13  andi    x14, x10, 2047
	    24    0x00 0xb6 0x67 0xb3  or      x15, x12, x11
	    28    0x01 0xf6 0xd1 0x93  srli    x3,  x13, 31
	    32    0x00 0x11 0x20 0x23  sw      x1,  0(x2)
	    36    0x7f 0xf0 0x05 0x13  li      x10, 2047
	    40    0x02 0xe5 0x06 0x63  beq     x10, x14, 44
	    44    0x00 0x06 0x05 0x13  mv      x10, x12
	    48    0x04 0x30 0x06 0x63  beqz    x3,  76
	    52    0x41 0xf7 0x56 0x13  srai    x12, x14, 31
	    56    0x00 0xe5 0x60 0xb3  or      x1,  x10, x14
	    60    0x00 0xb6 0x66 0x33  or      x12, x12, x11
	    64    0x00 0x16 0x66 0x33  or      x12, x12, x1
	    68    0x00 0x01 0x20 0x83  lw      x1,  0(x2)
	    72    0x02 0xc0 0x04 0x63  beqz    x12, 40
	    76    0x00 0x00 0x05 0x13  li      x10, 0
	    80    0x01 0x40 0x00 0x6f  j       20
	    84    0x1a 0xf0 0x14 0x63  bnez    x15, 424
	    88    0x00 0x01 0x20 0x83  lw      x1,  0(x2)
	    92    0x1a 0x30 0x0a 0x63  beqz    x3,  436
	    96    0x00 0x00 0x05 0x13  li      x10, 0
	   100    0x7f 0xf8 0x05 0xb7  lui     x11, 524160
.label __ll1_f64_sqrt
	   104    0x03 0x41 0x01 0x13  addi    x2,  x2,  52
.rts
	   108    0x00 0x00 0x80 0x67  ret
	   112    0x03 0x41 0x01 0x13  addi    x2,  x2,  52
	   116    0x00 0x06 0x85 0x93  mv      x11, x13
.rts
	   120    0x00 0x00 0x80 0x67  ret
	   124    0x02 0xe0 0x16 0x63  bnez    x14, 44
	   128    0x1a 0xf0 0x00 0x63  beqz    x15, 416
	   132    0x00 0x05 0x86 0x13  mv      x12, x11
	   136    0x00 0x05 0x05 0x93  mv      x11, x10
	   140    0x02 0x01 0x05 0x13  addi    x10, x2,  32
.call
	   144    0x00 0x00 0x00 0xef  call    softfloat_normSubnormalF64Sig
	   148    0x02 0x41 0x25 0x03  lw      x10, 36(x2)
	   152    0x02 0x01 0x27 0x03  lw      x14, 32(x2)
	   156    0x02 0x81 0x25 0x83  lw      x11, 40(x2)
	   160    0x00 0xa1 0x22 0x23  sw      x10, 4(x2)
	   164    0x00 0x80 0x00 0x6f  j       8
	   168    0x00 0xa1 0x22 0x23  sw      x10, 4(x2)
	   172    0x00 0x10 0x06 0xb7  lui     x13, 256
	   176    0x00 0xb6 0xe6 0x33  or      x12, x13, x11
	   180    0xc0 0x17 0x06 0x93  addi    x13, x14, -1023
	   184    0x00 0xc1 0x24 0x23  sw      x12, 8(x2)
	   188    0x40 0x16 0xd6 0x93  srai    x13, x13, 1
	   192    0x00 0xb6 0x16 0x13  slli    x12, x12, 11
	   196    0x01 0x55 0x55 0x13  srli    x10, x10, 21
	   200    0x3f 0xe6 0x86 0x93  addi    x13, x13, 1022
	   204    0x00 0x17 0x75 0x93  andi    x11, x14, 1
	   208    0x00 0xa6 0x66 0x33  or      x12, x12, x10
	   212    0x00 0xc1 0x2a 0x23  sw      x12, 20(x2)
	   216    0x00 0xd1 0x26 0x23  sw      x13, 12(x2)
	   220    0x00 0xb1 0x28 0x23  sw      x11, 16(x2)
.call
	   224    0x00 0x00 0x00 0xef  call    softfloat_approxRecipSqrt32_1
	   228    0x01 0x41 0x26 0x83  lw      x13, 20(x2)
	   232    0x02 0xd5 0x36 0xb3  mulhu   x13, x10, x13
	   236    0x01 0x01 0x25 0x83  lw      x11, 16(x2)
	   240    0x00 0x81 0x20 0x83  lw      x1,  8(x2)
	   244    0x00 0x41 0x26 0x03  lw      x12, 4(x2)
	   248    0x00 0xb0 0x1c 0x63  bnez    x11, 24
	   252    0x01 0x76 0x55 0x93  srli    x11, x12, 23
	   256    0x00 0x90 0x90 0x93  slli    x1,  x1,  9
	   260    0x00 0x96 0x16 0x13  slli    x12, x12, 9
	   264    0x00 0xb0 0xe0 0xb3  or      x1,  x1,  x11
	   268    0x01 0x80 0x00 0x6f  j       24
	   272    0x01 0x86 0x55 0x93  srli    x11, x12, 24
	   276    0x00 0x80 0x90 0x93  slli    x1,  x1,  8
	   280    0x00 0x86 0x16 0x13  slli    x12, x12, 8
	   284    0x00 0x16 0xd6 0x93  srli    x13, x13, 1
	   288    0x00 0xb0 0xe0 0xb3  or      x1,  x1,  x11
	   292    0x02 0xd6 0x85 0xb3  mul     x11, x13, x13
	   296    0x02 0xd6 0xb7 0x33  mulhu   x14, x13, x13
	   300    0x00 0xb6 0x37 0xb3  sltu    x15, x12, x11
	   304    0x40 0xe0 0x80 0xb3  sub     x1,  x1,  x14
	   308    0x40 0xb6 0x05 0xb3  sub     x11, x12, x11
	   312    0x40 0xf0 0x80 0xb3  sub     x1,  x1,  x15
	   316    0x00 0x25 0xd5 0x93  srli    x11, x11, 2
	   320    0x01 0xe0 0x90 0x93  slli    x1,  x1,  30
	   324    0x00 0xb0 0xe0 0xb3  or      x1,  x1,  x11
	   328    0x02 0x15 0x35 0x33  mulhu   x10, x10, x1
	   332    0x00 0x35 0x10 0x93  slli    x1,  x10, 3
	   336    0x02 0x00 0x87 0x13  addi    x14, x1,  32
	   340    0x01 0xd5 0x55 0x13  srli    x10, x10, 29
	   344    0x00 0xd5 0x06 0xb3  add     x13, x10, x13
	   348    0x02 0x07 0x30 0x93  sltiu   x1,  x14, 32
	   352    0x00 0xd0 0x87 0xb3  add     x15, x1,  x13
	   356    0x1f 0xf7 0x75 0x13  andi    x10, x14, 511
	   360    0x02 0x20 0x06 0x93  li      x13, 34
	   364    0x06 0xd5 0x7e 0x63  bgeu    x10, x13, 124
	   368    0xfc 0x07 0x76 0x93  andi    x13, x14, -64
	   372    0x01 0xa7 0x95 0x13  slli    x10, x15, 26
	   376    0x00 0x66 0xd0 0x93  srli    x1,  x13, 6
	   380    0x00 0x15 0x65 0x33  or      x10, x10, x1
	   384    0x00 0x67 0xd5 0x93  srli    x11, x15, 6
	   388    0x02 0xa5 0x00 0xb3  mul     x1,  x10, x10
	   392    0x02 0xa5 0x37 0x33  mulhu   x14, x10, x10
	   396    0x02 0xb5 0x05 0x33  mul     x10, x10, x11
	   400    0x00 0xe5 0x05 0xb3  add     x11, x10, x14
	   404    0x00 0xb5 0x05 0x33  add     x10, x10, x11
	   408    0x01 0x46 0x16 0x13  slli    x12, x12, 20
	   412    0x40 0xa6 0x05 0x33  sub     x10, x12, x10
	   416    0x00 0x10 0x35 0xb3  snez    x11, x1
	   420    0x40 0xb5 0x05 0x33  sub     x10, x10, x11
	   424    0x80 0x00 0x06 0x37  lui     x12, -524288
	   428    0x40 0x10 0x00 0xb3  neg     x1,  x1
	   432    0x00 0xa6 0x76 0x33  and     x12, x12, x10
	   436    0x00 0xc0 0x1c 0x63  bnez    x12, 24
	   440    0x00 0x15 0x65 0x33  or      x10, x10, x1
	   444    0x00 0xa0 0x04 0x63  beqz    x10, 8
	   448    0x00 0x16 0xe6 0x93  ori     x13, x13, 1
	   452    0x00 0x06 0x87 0x13  mv      x14, x13
	   456    0x01 0x40 0x00 0x6f  j       20
	   460    0xff 0xf6 0x87 0x13  addi    x14, x13, -1
	   464    0xff 0xf7 0x85 0x13  addi    x10, x15, -1
	   468    0x00 0xd7 0x36 0xb3  sltu    x13, x14, x13
	   472    0x00 0xd5 0x07 0xb3  add     x15, x10, x13
	   476    0x00 0x01 0x20 0x83  lw      x1,  0(x2)
	   480    0x00 0xc1 0x26 0x83  lw      x13, 12(x2)
	   484    0x00 0xc0 0x00 0x6f  j       12
	   488    0x00 0x01 0x20 0x83  lw      x1,  0(x2)
	   492    0x00 0xc1 0x26 0x83  lw      x13, 12(x2)
	   496    0x03 0x41 0x01 0x13  addi    x2,  x2,  52
	   500    0x00 0x00 0x06 0x13  li      x12, 0
	   504    0x00 0x00 0x00 0x6f  j       softfloat_roundPackToF64
	   508    0x00 0x00 0x07 0x93  li      x15, 0
	   512    0x00 0x00 0x07 0x13  li      x14, 0
.call
	   516    0x00 0x00 0x00 0xef  call    softfloat_propagateNaNF64UI
	   520    0x00 0x01 0x20 0x83  lw      x1,  0(x2)
	   524    0xe5 0xdf 0xf0 0x6f  j       -420
	   528    0x03 0x41 0x01 0x13  addi    x2,  x2,  52
	   532    0x00 0x06 0x85 0x93  mv      x11, x13
	   536    0x00 0x06 0x05 0x13  mv      x10, x12
.rts
	   540    0x00 0x00 0x80 0x67  ret
	   544    0x00 0x06 0x85 0x93  mv      x11, x13
	   548    0x00 0x01 0x26 0x83  lw      x13, 0(x2)
	   552    0x03 0x41 0x01 0x13  addi    x2,  x2,  52
.label f64_sqrt__end last
.rts
	   556    0x00 0x06 0x80 0x67  jr      x13

.undef global text softfloat_propagateNaNF64UI

.undef global text softfloat_normSubnormalF64Sig

.undef global text softfloat_approxRecipSqrt32_1

.undef global text softfloat_roundPackToF64

