
; File generated by darts version U-2022.12#33f3808fcb#221128, Thu Feb 29 16:36:16 2024
; Copyright 2014-2022 Synopsys, Inc. All rights reserved.
; darts -I.. -d -h -ISoftFloat-3e/source/include -ISoftFloat-3e/source/riscv -ISoftFloat-3e/build/chess -I../runtime/include -DCHESS_CXX_ATTRIBUTES -DSOFTFLOAT_NO_EXCEPTIONS -DINLINE_LEVEL=5 -DSOFTFLOAT_FAST_DIV32TO16 -D__tct_patch__=0 -L +Ihex Release/i32_to_f64.o trv32p3_cnn

; Release: ipd U-2022.12
.undef global data softfloat_countLeadingZeros8

.text_segment_name
.text global 0 i32_to_f64
	     0    0x00 0x00 0x05 0x93  li      x11, 0
	     4    0x00 0x00 0x05 0x13  li      x10, 0
	     8    0x08 0xc0 0x0e 0x63  beqz    x12, 156
	    12    0x00 0x06 0x05 0x13  mv      x10, x12
	    16    0x00 0x06 0x54 0x63  bgez    x12, 8
	    20    0x40 0xc0 0x05 0x33  neg     x10, x12
	    24    0x00 0x01 0x02 0x37  lui     x4,  16
	    28    0x00 0x05 0x01 0x93  mv      x3,  x10
	    32    0x00 0x45 0x76 0x63  bgeu    x10, x4,  12
	    36    0x01 0x05 0x11 0x93  slli    x3,  x10, 16
	    40    0x01 0x00 0x05 0x93  li      x11, 16
	    44    0x01 0x00 0x02 0x37  lui     x4,  4096
	    48    0x00 0x41 0xf6 0x63  bgeu    x3,  x4,  12
	    52    0x00 0x85 0x85 0x93  addi    x11, x11, 8
	    56    0x00 0x81 0x91 0x93  slli    x3,  x3,  8
.rela 2 softfloat_countLeadingZeros8 2048
	    60    0x00 0x00 0x02 0x37  lui     x4,  0
	    64    0x01 0x81 0xd1 0x93  srli    x3,  x3,  24
.rela 3 softfloat_countLeadingZeros8 0
	    68    0x00 0x02 0x02 0x13  mv      x4,  x4
	    72    0x00 0x32 0x02 0x33  add     x4,  x4,  x3
	    76    0x43 0x20 0x01 0x93  li      x3,  1074
	    80    0x00 0x02 0x42 0x03  lbu     x4,  0(x4)
	    84    0x00 0xb2 0x05 0xb3  add     x11, x4,  x11
	    88    0x01 0x55 0x85 0x93  addi    x11, x11, 21
	    92    0x00 0x06 0x26 0x33  sltz    x12, x12
	    96    0x40 0xb1 0x81 0xb3  sub     x3,  x3,  x11
	   100    0x01 0xf6 0x16 0x13  slli    x12, x12, 31
	   104    0x01 0x41 0x91 0x93  slli    x3,  x3,  20
	   108    0x00 0x36 0x06 0x33  add     x12, x12, x3
	   112    0x02 0xb0 0x06 0x63  beqz    x11, 44
	   116    0xfe 0x05 0x81 0x93  addi    x3,  x11, -32
	   120    0x00 0x01 0xc8 0x63  bltz    x3,  16
	   124    0x00 0x35 0x11 0xb3  sll     x3,  x10, x3
	   128    0x00 0x00 0x05 0x93  li      x11, 0
	   132    0x01 0x00 0x00 0x6f  j       16
	   136    0x40 0x30 0x01 0xb3  neg     x3,  x3
	   140    0x00 0xb5 0x15 0xb3  sll     x11, x10, x11
	   144    0x00 0x35 0x51 0xb3  srl     x3,  x10, x3
	   148    0x00 0x05 0x85 0x13  mv      x10, x11
	   152    0x00 0x80 0x00 0x6f  j       8
	   156    0x00 0x00 0x01 0x93  li      x3,  0
	   160    0x00 0x36 0x05 0xb3  add     x11, x12, x3
.label i32_to_f64__end last
.rts
	   164    0x00 0x00 0x80 0x67  ret

.undef global data softfloat_countLeadingZeros8

