
; File generated by darts version U-2022.12#33f3808fcb#221128, Sat Mar 16 14:39:40 2024
; Copyright 2014-2022 Synopsys, Inc. All rights reserved.
; darts -I.. -d -h -ISoftFloat-3e/source/include -ISoftFloat-3e/source/riscv -ISoftFloat-3e/build/chess -I../runtime/include -DCHESS_CXX_ATTRIBUTES -DSOFTFLOAT_NO_EXCEPTIONS -DINLINE_LEVEL=5 -DSOFTFLOAT_FAST_DIV32TO16 -D__tct_patch__=0 -L +Ihex Release/i32_to_f32.o trv32p3_cnn

; Release: ipd U-2022.12
.undef global data softfloat_countLeadingZeros8

.text_segment_name
.text global 0 i32_to_f32
	     0    0x80 0x00 0x06 0xb7  lui     x13, -524288
	     4    0xff 0xf6 0x86 0x93  addi    x13, x13, -1
	     8    0x00 0xb6 0xf5 0x33  and     x10, x13, x11
	    12    0x00 0x05 0x86 0x93  mv      x13, x11
	    16    0x00 0xa0 0x0c 0x63  beqz    x10, 24
	    20    0x00 0x05 0xd4 0x63  bgez    x11, 8
	    24    0x40 0xb0 0x06 0xb3  neg     x13, x11
	    28    0x00 0x05 0xa5 0xb3  sltz    x11, x11
	    32    0x09 0xc0 0x06 0x13  li      x12, 156
	    36    0x00 0x00 0x00 0x6f  j       softfloat_normRoundPackToF32
	    40    0xcf 0x00 0x05 0x37  lui     x10, -200704
	    44    0x00 0x06 0xc4 0x63  bltz    x13, 8
	    48    0x00 0x00 0x05 0x13  li      x10, 0
.label i32_to_f32__end last
.rts
	    52    0x00 0x00 0x80 0x67  ret

.undef global text softfloat_normRoundPackToF32

