
; File generated by darts version U-2022.12#33f3808fcb#221128, Wed Apr 10 19:59:45 2024
; Copyright 2014-2022 Synopsys, Inc. All rights reserved.
; darts -I.. -d -h -ISoftFloat-3e/source/include -ISoftFloat-3e/source/riscv -ISoftFloat-3e/build/chess -I../runtime/include -DCHESS_CXX_ATTRIBUTES -DSOFTFLOAT_NO_EXCEPTIONS -DINLINE_LEVEL=5 -DSOFTFLOAT_FAST_DIV32TO16 -D__tct_patch__=0 -L +Ihex Release/i64_to_f64.o trv32p3_cnn

; Release: ipd U-2022.12
.undef global data softfloat_countLeadingZeros8

.text_segment_name
.text global 0 i64_to_f64
	     0    0x80 0x00 0x05 0xb7  lui     x11, -524288
	     4    0xff 0xf5 0x85 0x93  addi    x11, x11, -1
	     8    0x00 0xb6 0xf5 0xb3  and     x11, x13, x11
	    12    0x00 0xb6 0x65 0xb3  or      x11, x12, x11
	    16    0x02 0xb0 0x06 0x63  beqz    x11, 44
	    20    0x00 0x06 0x07 0x13  mv      x14, x12
	    24    0x00 0x06 0x87 0x93  mv      x15, x13
	    28    0x00 0x06 0xda 0x63  bgez    x13, 20
	    32    0x00 0xe0 0x36 0x33  snez    x12, x14
	    36    0x40 0xd0 0x05 0xb3  neg     x11, x13
	    40    0x40 0xe0 0x07 0x33  neg     x14, x14
	    44    0x40 0xc5 0x87 0xb3  sub     x15, x11, x12
	    48    0x00 0x06 0xa6 0x33  sltz    x12, x13
	    52    0x43 0xc0 0x06 0x93  li      x13, 1084
	    56    0x00 0x00 0x00 0x6f  j       softfloat_normRoundPackToF64
	    60    0xc3 0xe0 0x05 0xb7  lui     x11, -246272
	    64    0x00 0x00 0x05 0x13  li      x10, 0
	    68    0x00 0x06 0xc4 0x63  bltz    x13, 8
	    72    0x00 0x00 0x05 0x93  li      x11, 0
.label i64_to_f64__end last
.rts
	    76    0x00 0x00 0x80 0x67  ret

.undef global text softfloat_normRoundPackToF64

