
; File generated by darts version U-2022.12#33f3808fcb#221128, Wed Feb 21 13:34:36 2024
; Copyright 2014-2022 Synopsys, Inc. All rights reserved.
; darts -I.. -d -h -ISoftFloat-3e/source/include -ISoftFloat-3e/source/riscv -ISoftFloat-3e/build/chess -I../runtime/include -DCHESS_CXX_ATTRIBUTES -DSOFTFLOAT_NO_EXCEPTIONS -DINLINE_LEVEL=5 -DSOFTFLOAT_FAST_DIV32TO16 -D__tct_patch__=0 -L +Ihex Release/i64_to_f32.o trv32p3_cnn

; Release: ipd U-2022.12
.undef global data softfloat_countLeadingZeros8

.text_segment_name
.text global 0 i64_to_f32
	     0    0xfe 0xc1 0x01 0x13  addi    x2,  x2,  -20
	     4    0x00 0xc1 0x22 0x23  sw      x12, 4(x2)
	     8    0x00 0xb1 0x24 0x23  sw      x11, 8(x2)
	    12    0x00 0xc1 0x20 0x23  sw      x12, 0(x2)
	    16    0x00 0xb1 0x28 0x23  sw      x11, 16(x2)
	    20    0x00 0x11 0x26 0x23  sw      x1,  12(x2)
	    24    0x02 0x06 0x52 0x63  bgez    x12, 36
	    28    0x01 0x01 0x25 0x83  lw      x11, 16(x2)
	    32    0x00 0x01 0x26 0x03  lw      x12, 0(x2)
	    36    0x00 0xb0 0x30 0xb3  snez    x1,  x11
	    40    0x40 0xc0 0x06 0x33  neg     x12, x12
	    44    0x40 0xb0 0x05 0xb3  neg     x11, x11
	    48    0x40 0x16 0x06 0x33  sub     x12, x12, x1
	    52    0x00 0xc1 0x22 0x23  sw      x12, 4(x2)
	    56    0x00 0xb1 0x24 0x23  sw      x11, 8(x2)
.call
	    60    0x00 0x00 0x00 0xef  call    softfloat_countLeadingZeros64
	    64    0xfd 0x85 0x05 0x93  addi    x11, x10, -40
	    68    0x0a 0x05 0xd8 0x63  bgez    x11, 176
	    72    0x00 0x75 0x86 0x13  addi    x12, x11, 7
	    76    0x00 0x06 0x48 0x63  bltz    x12, 16
	    80    0x00 0x81 0x25 0x83  lw      x11, 8(x2)
	    84    0x00 0xc5 0x96 0xb3  sll     x13, x11, x12
	    88    0x08 0x00 0x00 0x6f  j       128
	    92    0x40 0xc0 0x05 0x33  neg     x10, x12
	    96    0xfe 0x05 0x01 0x93  addi    x3,  x10, -32
	   100    0x00 0x81 0x26 0x83  lw      x13, 8(x2)
	   104    0x40 0x30 0x02 0xb3  neg     x5,  x3
	   108    0x00 0x10 0x05 0x93  li      x11, 1
	   112    0x00 0x00 0x00 0x93  li      x1,  0
	   116    0x00 0x06 0x82 0x13  mv      x4,  x13
	   120    0x02 0xa0 0x0c 0x63  beqz    x10, 56
	   124    0x00 0x41 0x22 0x03  lw      x4,  4(x2)
	   128    0x00 0x01 0xc6 0x63  bltz    x3,  12
	   132    0x00 0x32 0x52 0x33  srl     x4,  x4,  x3
	   136    0x01 0x00 0x00 0x6f  j       16
	   140    0x00 0x52 0x12 0x33  sll     x4,  x4,  x5
	   144    0x00 0xa6 0xd3 0x33  srl     x6,  x13, x10
	   148    0x00 0x62 0x62 0x33  or      x4,  x4,  x6
	   152    0x00 0x01 0xc8 0x63  bltz    x3,  16
	   156    0x00 0x35 0x90 0xb3  sll     x1,  x11, x3
	   160    0x00 0x00 0x05 0x93  li      x11, 0
	   164    0x00 0xc0 0x00 0x6f  j       12
	   168    0x00 0x55 0xd0 0xb3  srl     x1,  x11, x5
	   172    0x00 0xa5 0x95 0xb3  sll     x11, x11, x10
	   176    0xff 0xf5 0x85 0x13  addi    x10, x11, -1
	   180    0x00 0xb5 0x35 0xb3  sltu    x11, x10, x11
	   184    0xff 0xf0 0x80 0x93  addi    x1,  x1,  -1
	   188    0x00 0xb0 0x85 0xb3  add     x11, x1,  x11
	   192    0x00 0x41 0x20 0x83  lw      x1,  4(x2)
	   196    0x00 0xd5 0x75 0x33  and     x10, x10, x13
	   200    0x00 0xb0 0xf5 0xb3  and     x11, x1,  x11
	   204    0x00 0xb5 0x65 0xb3  or      x11, x10, x11
	   208    0x00 0xb0 0x35 0xb3  snez    x11, x11
	   212    0x00 0xb2 0x66 0xb3  or      x13, x4,  x11
	   216    0x00 0x01 0x25 0x83  lw      x11, 0(x2)
	   220    0x00 0xc1 0x20 0x83  lw      x1,  12(x2)
	   224    0x09 0xc0 0x05 0x13  li      x10, 156
	   228    0x01 0x41 0x01 0x13  addi    x2,  x2,  20
	   232    0x00 0x05 0xa5 0xb3  sltz    x11, x11
	   236    0x40 0xc5 0x06 0x33  sub     x12, x10, x12
	   240    0x00 0x00 0x00 0x6f  j       softfloat_roundPackToF32
	   244    0x01 0x01 0x26 0x03  lw      x12, 16(x2)
	   248    0x00 0x01 0x20 0x83  lw      x1,  0(x2)
	   252    0x00 0x16 0x66 0x33  or      x12, x12, x1
	   256    0x02 0xc0 0x0a 0x63  beqz    x12, 52
	   260    0x80 0x00 0x06 0x37  lui     x12, -524288
	   264    0x00 0x00 0xc4 0x63  bltz    x1,  8
	   268    0x00 0x00 0x06 0x13  li      x12, 0
	   272    0x09 0x50 0x00 0x93  li      x1,  149
	   276    0x40 0xb0 0x80 0xb3  sub     x1,  x1,  x11
	   280    0x01 0x70 0x90 0x93  slli    x1,  x1,  23
	   284    0x00 0x81 0x25 0x03  lw      x10, 8(x2)
	   288    0x00 0xb5 0x15 0xb3  sll     x11, x10, x11
	   292    0x00 0x16 0x06 0x33  add     x12, x12, x1
	   296    0x00 0xb6 0x05 0x33  add     x10, x12, x11
	   300    0x00 0xc1 0x25 0x83  lw      x11, 12(x2)
	   304    0x00 0xc0 0x00 0x6f  j       12
	   308    0x00 0xc1 0x25 0x83  lw      x11, 12(x2)
	   312    0x00 0x00 0x05 0x13  li      x10, 0
	   316    0x01 0x41 0x01 0x13  addi    x2,  x2,  20
.label i64_to_f32__end last
.rts
	   320    0x00 0x05 0x80 0x67  jr      x11

.undef global text softfloat_countLeadingZeros64

.undef global text softfloat_roundPackToF32

