
; File generated by darts version U-2022.12#33f3808fcb#221128, Fri Mar  8 16:46:03 2024
; Copyright 2014-2022 Synopsys, Inc. All rights reserved.
; darts -I.. -d -h -ISoftFloat-3e/source/include -ISoftFloat-3e/source/riscv -ISoftFloat-3e/build/chess -I../runtime/include -DCHESS_CXX_ATTRIBUTES -DSOFTFLOAT_NO_EXCEPTIONS -DINLINE_LEVEL=5 -DSOFTFLOAT_FAST_DIV32TO16 -D__tct_patch__=0 -L +Ihex Release/s_addMagsF32.o trv32p3_cnn

; Release: ipd U-2022.12
.undef global data softfloat_countLeadingZeros8

.text_segment_name
.text global 0 softfloat_addMagsF32
	     0    0x01 0x76 0x51 0x93  srli    x3,  x12, 23
	     4    0x00 0x80 0x05 0x37  lui     x10, 2048
	     8    0x0f 0xf1 0xf3 0x13  zext.b  x6,  x3
	    12    0xff 0xf5 0x05 0x13  addi    x10, x10, -1
	    16    0x01 0x75 0xd2 0x13  srli    x4,  x11, 23
	    20    0x00 0xb5 0x71 0xb3  and     x3,  x10, x11
	    24    0x00 0xa6 0x76 0xb3  and     x13, x12, x10
	    28    0x0f 0xf2 0x72 0x13  zext.b  x4,  x4
	    32    0x01 0xf5 0xd5 0x13  srli    x10, x11, 31
	    36    0xff 0xc1 0x01 0x13  addi    x2,  x2,  -4
	    40    0x40 0x62 0x02 0xb3  sub     x5,  x4,  x6
	    44    0x80 0x00 0x03 0xb7  lui     x7,  -524288
	    48    0x00 0xa0 0x14 0x63  bnez    x10, 8
	    52    0x00 0x00 0x03 0x93  li      x7,  0
	    56    0x0a 0x50 0x0e 0x63  beqz    x5,  188
	    60    0x00 0x61 0x91 0x93  slli    x3,  x3,  6
	    64    0x00 0x66 0x96 0x93  slli    x13, x13, 6
	    68    0x0f 0xf0 0x04 0x13  li      x8,  255
	    72    0x04 0x02 0xc4 0x63  bltz    x5,  72
	    76    0x0e 0x44 0x0a 0x63  beq     x8,  x4,  244
	    80    0x20 0x00 0x05 0xb7  lui     x11, 131072
	    84    0x01 0xf0 0x06 0x13  li      x12, 31
	    88    0x20 0x00 0x03 0xb7  lui     x7,  131072
	    92    0x00 0x60 0x14 0x63  bnez    x6,  8
	    96    0x00 0x06 0x83 0x93  mv      x7,  x13
	   100    0x00 0x76 0x86 0xb3  add     x13, x13, x7
	   104    0x00 0xc2 0xe6 0x63  bltu    x5,  x12, 12
	   108    0x00 0xd0 0x36 0xb3  snez    x13, x13
	   112    0x06 0x80 0x00 0x6f  j       104
	   116    0x40 0x50 0x06 0x33  neg     x12, x5
	   120    0x01 0xf6 0x76 0x13  andi    x12, x12, 31
	   124    0x00 0xc6 0x96 0x33  sll     x12, x13, x12
	   128    0x00 0x56 0xd6 0xb3  srl     x13, x13, x5
	   132    0x00 0xc0 0x36 0x33  snez    x12, x12
	   136    0x00 0xd6 0x66 0xb3  or      x13, x12, x13
	   140    0x04 0xc0 0x00 0x6f  j       76
	   144    0x0c 0x64 0x02 0x63  beq     x8,  x6,  196
	   148    0x20 0x00 0x05 0xb7  lui     x11, 131072
	   152    0x20 0x00 0x06 0x37  lui     x12, 131072
	   156    0x00 0x40 0x14 0x63  bnez    x4,  8
	   160    0x00 0x01 0x86 0x13  mv      x12, x3
	   164    0x00 0x36 0x06 0x33  add     x12, x12, x3
	   168    0x40 0x50 0x01 0xb3  neg     x3,  x5
	   172    0x01 0xf0 0x02 0x93  li      x5,  31
	   176    0x00 0x03 0x02 0x13  mv      x4,  x6
	   180    0x00 0x51 0xe6 0x63  bltu    x3,  x5,  12
	   184    0x00 0xc0 0x31 0xb3  snez    x3,  x12
	   188    0x01 0xc0 0x00 0x6f  j       28
	   192    0x40 0x30 0x02 0xb3  neg     x5,  x3
	   196    0x01 0xf2 0xf2 0x93  andi    x5,  x5,  31
	   200    0x00 0x56 0x12 0xb3  sll     x5,  x12, x5
	   204    0x00 0x36 0x56 0x33  srl     x12, x12, x3
	   208    0x00 0x50 0x31 0xb3  snez    x3,  x5
	   212    0x00 0x36 0x61 0xb3  or      x3,  x12, x3
	   216    0x00 0xb1 0x85 0xb3  add     x11, x3,  x11
	   220    0x00 0xb6 0x86 0xb3  add     x13, x13, x11
	   224    0x40 0x00 0x05 0xb7  lui     x11, 262144
	   228    0x02 0xb6 0xfe 0x63  bgeu    x13, x11, 60
	   232    0xff 0xf2 0x02 0x13  addi    x4,  x4,  -1
	   236    0x00 0x16 0x96 0x93  slli    x13, x13, 1
	   240    0x03 0x00 0x00 0x6f  j       48
	   244    0x0f 0xf0 0x02 0x93  li      x5,  255
	   248    0x06 0x40 0x08 0x63  beqz    x4,  112
	   252    0x06 0x42 0x8c 0x63  beq     x5,  x4,  120
	   256    0x01 0x00 0x05 0xb7  lui     x11, 4096
	   260    0x00 0xb1 0x85 0xb3  add     x11, x3,  x11
	   264    0x00 0xb6 0x85 0xb3  add     x11, x13, x11
	   268    0x00 0x15 0xf6 0x13  andi    x12, x11, 1
	   272    0x00 0xc0 0x16 0x63  bnez    x12, 12
	   276    0x0f 0xe0 0x06 0x13  li      x12, 254
	   280    0x06 0xc2 0x4a 0x63  blt     x4,  x12, 116
	   284    0x00 0x65 0x96 0x93  slli    x13, x11, 6
	   288    0x00 0x41 0x01 0x13  addi    x2,  x2,  4
	   292    0x00 0xa0 0x35 0xb3  snez    x11, x10
	   296    0x00 0x02 0x06 0x13  mv      x12, x4
	   300    0x00 0x00 0x00 0x6f  j       softfloat_roundPackToF32
.label __ll1_softfloat_addMagsF32
.call
	   304    0x00 0x00 0x00 0xef  call    softfloat_propagateNaNF32UI
.label __ll2_softfloat_addMagsF32
	   308    0x00 0x01 0x20 0x83  lw      x1,  0(x2)
	   312    0x00 0x41 0x01 0x13  addi    x2,  x2,  4
.rts
	   316    0x00 0x00 0x80 0x67  ret
	   320    0x00 0x11 0x20 0x23  sw      x1,  0(x2)
	   324    0x00 0x30 0x04 0x63  beqz    x3,  8
	   328    0xfe 0x9f 0xf0 0x6f  j       -24
	   332    0x00 0x05 0x85 0x13  mv      x10, x11
	   336    0xfe 0x5f 0xf0 0x6f  j       -28
	   340    0x00 0x11 0x20 0x23  sw      x1,  0(x2)
	   344    0xfc 0xd0 0x1c 0xe3  bnez    x13, -40
	   348    0x7f 0x80 0x00 0xb7  lui     x1,  522240
	   352    0x00 0x70 0x85 0x33  add     x10, x1,  x7
	   356    0xfd 0x1f 0xf0 0x6f  j       -48
	   360    0x00 0xb6 0x85 0x33  add     x10, x13, x11
	   364    0x00 0x11 0x20 0x23  sw      x1,  0(x2)
	   368    0xfc 0x5f 0xf0 0x6f  j       -60
	   372    0x00 0x36 0xe5 0x33  or      x10, x13, x3
	   376    0x00 0x11 0x20 0x23  sw      x1,  0(x2)
	   380    0x00 0xa0 0x04 0x63  beqz    x10, 8
	   384    0xfb 0x1f 0xf0 0x6f  j       -80
	   388    0x00 0x05 0x85 0x13  mv      x10, x11
	   392    0xfa 0xdf 0xf0 0x6f  j       -84
	   396    0x01 0x72 0x16 0x13  slli    x12, x4,  23
	   400    0x00 0x15 0xd5 0x93  srli    x11, x11, 1
	   404    0x00 0x76 0x06 0x33  add     x12, x12, x7
	   408    0x00 0xb6 0x05 0x33  add     x10, x12, x11
	   412    0x00 0x11 0x20 0x23  sw      x1,  0(x2)
.label softfloat_addMagsF32__end last
	   416    0xf9 0x5f 0xf0 0x6f  j       -108

.undef global text softfloat_roundPackToF32

.undef global text softfloat_propagateNaNF32UI

