
; File generated by darts version U-2022.12#33f3808fcb#221128, Tue Mar 19 15:57:50 2024
; Copyright 2014-2022 Synopsys, Inc. All rights reserved.
; darts -I.. -d -h -ISoftFloat-3e/source/include -ISoftFloat-3e/source/riscv -ISoftFloat-3e/build/chess -I../runtime/include -DCHESS_CXX_ATTRIBUTES -DSOFTFLOAT_NO_EXCEPTIONS -DINLINE_LEVEL=5 -DSOFTFLOAT_FAST_DIV32TO16 -D__tct_patch__=0 -L +Ihex Release/s_addMagsF64.o trv32p3_cnn

; Release: ipd U-2022.12
.undef global data softfloat_countLeadingZeros8

.text_segment_name
.text global 0 softfloat_addMagsF64
	     0    0x00 0x10 0x05 0xb7  lui     x11, 256
	     4    0xff 0xf5 0x85 0x13  addi    x10, x11, -1
	     8    0x00 0xd5 0x72 0x33  and     x4,  x10, x13
	    12    0x01 0x46 0xd2 0x93  srli    x5,  x13, 20
	    16    0x00 0x06 0x85 0x93  mv      x11, x13
	    20    0x01 0x47 0xd1 0x93  srli    x3,  x15, 20
	    24    0x7f 0xf2 0xf6 0x93  andi    x13, x5,  2047
	    28    0x7f 0xf1 0xf2 0x93  andi    x5,  x3,  2047
	    32    0x00 0xf5 0x71 0xb3  and     x3,  x10, x15
	    36    0xff 0xc1 0x01 0x13  addi    x2,  x2,  -4
	    40    0x40 0x56 0x85 0x33  sub     x10, x13, x5
	    44    0x1c 0xa0 0x0c 0x63  beqz    x10, 472
	    48    0x01 0x77 0x53 0x93  srli    x7,  x14, 23
	    52    0x00 0x91 0x91 0x93  slli    x3,  x3,  9
	    56    0x01 0x76 0x54 0x93  srli    x9,  x12, 23
	    60    0x00 0x92 0x12 0x13  slli    x4,  x4,  9
	    64    0x00 0x71 0xe1 0xb3  or      x3,  x3,  x7
	    68    0x00 0x96 0x13 0x13  slli    x6,  x12, 9
	    72    0x00 0x97 0x14 0x13  slli    x8,  x14, 9
	    76    0x00 0x92 0x62 0x33  or      x4,  x4,  x9
	    80    0x7f 0xf0 0x03 0x93  li      x7,  2047
	    84    0x0a 0x05 0x4c 0x63  bltz    x10, 184
	    88    0x20 0xd3 0x80 0x63  beq     x7,  x13, 512
	    92    0x00 0x50 0x1e 0x63  bnez    x5,  28
	    96    0x01 0xf4 0x57 0x13  srli    x14, x8,  31
	   100    0x00 0x11 0x97 0x93  slli    x15, x3,  1
	   104    0x00 0xf7 0x67 0x33  or      x14, x14, x15
	   108    0x00 0x14 0x14 0x13  slli    x8,  x8,  1
	   112    0x03 0xf0 0x07 0x93  li      x15, 63
	   116    0x01 0x00 0x00 0x6f  j       16
	   120    0x20 0x00 0x07 0x37  lui     x14, 131072
	   124    0x00 0x37 0x07 0x33  add     x14, x14, x3
	   128    0x03 0xf0 0x07 0x93  li      x15, 63
	   132    0x00 0xf5 0x6a 0x63  bltu    x10, x15, 20
	   136    0x00 0xe4 0x67 0x33  or      x14, x8,  x14
	   140    0x00 0xe0 0x34 0x33  snez    x8,  x14
	   144    0x41 0xf4 0x51 0x93  srai    x3,  x8,  31
	   148    0x13 0x80 0x00 0x6f  j       312
	   152    0xfe 0x05 0x07 0x93  addi    x15, x10, -32
	   156    0x00 0x07 0xc8 0x63  bltz    x15, 16
	   160    0x00 0xf7 0x57 0xb3  srl     x15, x14, x15
	   164    0x00 0x00 0x05 0x93  li      x11, 0
	   168    0x01 0x80 0x00 0x6f  j       24
	   172    0x40 0xf0 0x07 0xb3  neg     x15, x15
	   176    0x00 0xa4 0x56 0x33  srl     x12, x8,  x10
	   180    0x00 0xf7 0x17 0xb3  sll     x15, x14, x15
	   184    0x00 0xa7 0x55 0xb3  srl     x11, x14, x10
	   188    0x00 0xf6 0x67 0xb3  or      x15, x12, x15
	   192    0x40 0xa0 0x06 0x33  neg     x12, x10
	   196    0x03 0xf6 0x76 0x13  andi    x12, x12, 63
	   200    0x02 0xc0 0x06 0x63  beqz    x12, 44
	   204    0xfe 0x06 0x05 0x13  addi    x10, x12, -32
	   208    0x00 0x05 0x48 0x63  bltz    x10, 16
	   212    0x00 0xa4 0x17 0x33  sll     x14, x8,  x10
	   216    0x00 0x00 0x04 0x13  li      x8,  0
	   220    0x01 0x80 0x00 0x6f  j       24
	   224    0x40 0xa0 0x05 0x33  neg     x10, x10
	   228    0x00 0xa4 0x55 0x33  srl     x10, x8,  x10
	   232    0x00 0xc7 0x17 0x33  sll     x14, x14, x12
	   236    0x00 0xc4 0x14 0x33  sll     x8,  x8,  x12
	   240    0x00 0xe5 0x67 0x33  or      x14, x10, x14
	   244    0x00 0xe4 0x67 0x33  or      x14, x8,  x14
	   248    0x00 0xe0 0x37 0x33  snez    x14, x14
	   252    0x41 0xf7 0x56 0x13  srai    x12, x14, 31
	   256    0x00 0xf7 0x64 0x33  or      x8,  x14, x15
	   260    0x00 0xb6 0x61 0xb3  or      x3,  x12, x11
	   264    0x0c 0x40 0x00 0x6f  j       196
	   268    0x16 0x53 0x82 0x63  beq     x7,  x5,  356
	   272    0x00 0xd0 0x1c 0x63  bnez    x13, 24
	   276    0x01 0xf3 0x56 0x93  srli    x13, x6,  31
	   280    0x00 0x12 0x17 0x13  slli    x14, x4,  1
	   284    0x00 0x13 0x13 0x13  slli    x6,  x6,  1
	   288    0x00 0xd7 0x67 0x33  or      x14, x14, x13
	   292    0x00 0xc0 0x00 0x6f  j       12
	   296    0x20 0x00 0x06 0xb7  lui     x13, 131072
	   300    0x00 0xd2 0x07 0x33  add     x14, x4,  x13
	   304    0x40 0xa0 0x05 0xb3  neg     x11, x10
	   308    0x03 0xf0 0x07 0x93  li      x15, 63
	   312    0x00 0x02 0x86 0x93  mv      x13, x5
	   316    0x00 0xf5 0xea 0x63  bltu    x11, x15, 20
	   320    0x00 0xe3 0x67 0x33  or      x14, x6,  x14
	   324    0x00 0xe0 0x33 0x33  snez    x6,  x14
	   328    0x41 0xf3 0x52 0x13  srai    x4,  x6,  31
	   332    0x08 0x00 0x00 0x6f  j       128
	   336    0x00 0x03 0x07 0x93  mv      x15, x6
	   340    0x00 0x07 0x06 0x13  mv      x12, x14
	   344    0x02 0xb0 0x06 0x63  beqz    x11, 44
	   348    0xfe 0x05 0x87 0x93  addi    x15, x11, -32
	   352    0x00 0x07 0xc8 0x63  bltz    x15, 16
	   356    0x00 0xf7 0x57 0xb3  srl     x15, x14, x15
	   360    0x00 0x00 0x06 0x13  li      x12, 0
	   364    0x01 0x80 0x00 0x6f  j       24
	   368    0x40 0xf0 0x07 0xb3  neg     x15, x15
	   372    0x00 0xb3 0x55 0x33  srl     x10, x6,  x11
	   376    0x00 0xf7 0x17 0xb3  sll     x15, x14, x15
	   380    0x00 0xb7 0x56 0x33  srl     x12, x14, x11
	   384    0x00 0xf5 0x67 0xb3  or      x15, x10, x15
	   388    0x40 0xb0 0x05 0xb3  neg     x11, x11
	   392    0x03 0xf5 0xf5 0x93  andi    x11, x11, 63
	   396    0x02 0xb0 0x06 0x63  beqz    x11, 44
	   400    0xfe 0x05 0x85 0x13  addi    x10, x11, -32
	   404    0x00 0x05 0x48 0x63  bltz    x10, 16
	   408    0x00 0xa3 0x17 0x33  sll     x14, x6,  x10
	   412    0x00 0x00 0x03 0x13  li      x6,  0
	   416    0x01 0x80 0x00 0x6f  j       24
	   420    0x40 0xa0 0x05 0x33  neg     x10, x10
	   424    0x00 0xa3 0x55 0x33  srl     x10, x6,  x10
	   428    0x00 0xb7 0x17 0x33  sll     x14, x14, x11
	   432    0x00 0xb3 0x13 0x33  sll     x6,  x6,  x11
	   436    0x00 0xe5 0x67 0x33  or      x14, x10, x14
	   440    0x00 0xe3 0x67 0x33  or      x14, x6,  x14
	   444    0x00 0xe0 0x37 0x33  snez    x14, x14
	   448    0x41 0xf7 0x55 0x93  srai    x11, x14, 31
	   452    0x00 0xf7 0x63 0x33  or      x6,  x14, x15
	   456    0x00 0xb6 0x62 0x33  or      x4,  x12, x11
	   460    0x20 0x00 0x07 0x37  lui     x14, 131072
	   464    0x00 0xe2 0x07 0xb3  add     x15, x4,  x14
	   468    0x00 0x64 0x07 0x33  add     x14, x8,  x6
	   472    0x00 0xf1 0x87 0xb3  add     x15, x3,  x15
	   476    0x00 0x67 0x35 0xb3  sltu    x11, x14, x6
	   480    0x00 0xf5 0x87 0xb3  add     x15, x11, x15
	   484    0x40 0x00 0x05 0xb7  lui     x11, 262144
	   488    0x04 0xb7 0xf8 0x63  bgeu    x15, x11, 80
	   492    0x01 0xf7 0x55 0x93  srli    x11, x14, 31
	   496    0x00 0x17 0x97 0x93  slli    x15, x15, 1
	   500    0xff 0xf6 0x86 0x93  addi    x13, x13, -1
	   504    0x00 0x17 0x17 0x13  slli    x14, x14, 1
	   508    0x00 0xf5 0xe7 0xb3  or      x15, x11, x15
	   512    0x03 0x80 0x00 0x6f  j       56
	   516    0x00 0xe6 0x05 0x33  add     x10, x12, x14
	   520    0x00 0xc5 0x32 0xb3  sltu    x5,  x10, x12
	   524    0x7f 0xf0 0x03 0x13  li      x6,  2047
	   528    0x08 0xd0 0x02 0x63  beqz    x13, 132
	   532    0x08 0xd3 0x08 0x63  beq     x6,  x13, 144
	   536    0x00 0x20 0x07 0x37  lui     x14, 512
	   540    0x00 0xe2 0x07 0x33  add     x14, x4,  x14
	   544    0x00 0x37 0x07 0x33  add     x14, x14, x3
	   548    0x00 0x57 0x07 0x33  add     x14, x14, x5
	   552    0x00 0x97 0x15 0x93  slli    x11, x14, 9
	   556    0x01 0x75 0x57 0x93  srli    x15, x10, 23
	   560    0x00 0x95 0x17 0x13  slli    x14, x10, 9
	   564    0x00 0xf5 0xe7 0xb3  or      x15, x11, x15
	   568    0x00 0x41 0x01 0x13  addi    x2,  x2,  4
	   572    0x00 0x08 0x06 0x13  mv      x12, x16
	   576    0x00 0x00 0x00 0x6f  j       softfloat_roundPackToF64
.label __ll1_softfloat_addMagsF64
	   580    0x00 0x05 0x86 0x93  mv      x13, x11
.call
	   584    0x00 0x00 0x00 0xef  call    softfloat_propagateNaNF64UI
.label __ll2_softfloat_addMagsF64
	   588    0x00 0x01 0x20 0x83  lw      x1,  0(x2)
	   592    0x00 0x41 0x01 0x13  addi    x2,  x2,  4
.rts
	   596    0x00 0x00 0x80 0x67  ret
	   600    0x00 0x62 0x68 0x33  or      x16, x4,  x6
	   604    0x00 0x11 0x20 0x23  sw      x1,  0(x2)
	   608    0x01 0x00 0x04 0x63  beqz    x16, 8
	   612    0xfe 0x1f 0xf0 0x6f  j       -32
	   616    0x00 0x06 0x05 0x13  mv      x10, x12
	   620    0xfe 0x1f 0xf0 0x6f  j       -32
	   624    0x00 0x34 0x66 0xb3  or      x13, x8,  x3
	   628    0x00 0x11 0x20 0x23  sw      x1,  0(x2)
	   632    0xfc 0xd0 0x16 0xe3  bnez    x13, -52
	   636    0x00 0x00 0x05 0x13  li      x10, 0
	   640    0x01 0x00 0x30 0xb3  snez    x1,  x16
	   644    0x01 0xf0 0x90 0x93  slli    x1,  x1,  31
	   648    0x7f 0xf0 0x08 0x37  lui     x16, 524032
	   652    0x00 0x18 0x05 0xb3  add     x11, x16, x1
	   656    0xfb 0xdf 0xf0 0x6f  j       -68
	   660    0x00 0xb1 0x88 0x33  add     x16, x3,  x11
	   664    0x00 0x58 0x05 0xb3  add     x11, x16, x5
	   668    0x00 0x11 0x20 0x23  sw      x1,  0(x2)
	   672    0xfa 0xdf 0xf0 0x6f  j       -84
	   676    0x00 0xe6 0x68 0x33  or      x16, x12, x14
	   680    0x00 0x32 0x66 0xb3  or      x13, x4,  x3
	   684    0x00 0xd8 0x68 0x33  or      x16, x16, x13
	   688    0x00 0x11 0x20 0x23  sw      x1,  0(x2)
	   692    0x01 0x00 0x04 0x63  beqz    x16, 8
	   696    0xf8 0xdf 0xf0 0x6f  j       -116
	   700    0x00 0x06 0x05 0x13  mv      x10, x12
.label softfloat_addMagsF64__end last
	   704    0xf8 0xdf 0xf0 0x6f  j       -116

.undef global text softfloat_roundPackToF64

.undef global text softfloat_propagateNaNF64UI

