
; File generated by darts version U-2022.12#33f3808fcb#221128, Wed Feb  7 12:34:11 2024
; Copyright 2014-2022 Synopsys, Inc. All rights reserved.
; darts -I.. -d -h -ISoftFloat-3e/source/include -ISoftFloat-3e/source/riscv -ISoftFloat-3e/build/chess -I../runtime/include -DCHESS_CXX_ATTRIBUTES -DSOFTFLOAT_NO_EXCEPTIONS -DINLINE_LEVEL=5 -DSOFTFLOAT_FAST_DIV32TO16 -D__tct_patch__=0 -L +Ihex Release/s_approxRecipSqrt_1Ks.o trv32p3_cnn

; Release: ipd U-2022.12
.data_segment_name
.rodata global 2 softfloat_approxRecipSqrt_1k0s DMb
	0xc9
	0xb4
	0xab
	0xff
	0x7d
	0xaa
	0x1c
	0xf1
	0xc5
	0xa1
	0xc7
	0xe4
	0x43
	0x9a
	0x29
	0xda
	0xb5
	0x93
	0xe5
	0xd0
	0xed
	0x8d
	0xb7
	0xc8
	0xc6
	0x88
	0x6d
	0xc1
	0x24
	0x84
	0xe1
	0xba

.data_segment_name
.rodata global 2 softfloat_approxRecipSqrt_1k1s DMb
	0xa5
	0xa5
	0x42
	0xea
	0x21
	0x8c
	0x2d
	0xc6
	0x8f
	0x78
	0x7f
	0xaa
	0x28
	0x69
	0xb6
	0x94
	0xc7
	0x5c
	0x35
	0x83
	0xa6
	0x52
	0xe2
	0x74
	0x3e
	0x4a
	0xfe
	0x68
	0x2b
	0x43
	0xfd
	0x5e

.undef global data softfloat_countLeadingZeros8

