
; File generated by darts version U-2022.12#33f3808fcb#221128, Thu Feb 29 17:31:59 2024
; Copyright 2014-2022 Synopsys, Inc. All rights reserved.
; darts -I.. -d -h -ISoftFloat-3e/source/include -ISoftFloat-3e/source/riscv -ISoftFloat-3e/build/chess -I../runtime/include -DCHESS_CXX_ATTRIBUTES -DSOFTFLOAT_NO_EXCEPTIONS -DINLINE_LEVEL=5 -DSOFTFLOAT_FAST_DIV32TO16 -D__tct_patch__=0 -L +Ihex Release/s_approxRecipSqrt32_1.o trv32p3_cnn

; Release: ipd U-2022.12
.undef global data softfloat_approxRecipSqrt_1k0s

.undef global data softfloat_approxRecipSqrt_1k1s

.text_segment_name
.text global 0 softfloat_approxRecipSqrt32_1
	     0    0x01 0xb6 0x55 0x13  srli    x10, x12, 27
	     4    0x00 0xe5 0x75 0x13  andi    x10, x10, 14
	     8    0xff 0xc1 0x01 0x13  addi    x2,  x2,  -4
	    12    0x00 0xb5 0x05 0x33  add     x10, x10, x11
	    16    0x00 0xc6 0x51 0x93  srli    x3,  x12, 12
	    20    0x00 0x15 0x15 0x13  slli    x10, x10, 1
	    24    0x00 0x31 0x10 0x23  sh      x3,  0(x2)
	    28    0x00 0x05 0x51 0x83  lhu     x3,  softfloat_approxRecipSqrt_1k1s(x10)
	    32    0x00 0x01 0x52 0x03  lhu     x4,  0(x2)
	    36    0x02 0x32 0x01 0xb3  mul     x3,  x4,  x3
	    40    0x00 0x05 0x55 0x03  lhu     x10, softfloat_approxRecipSqrt_1k0s(x10)
	    44    0x01 0x41 0xd1 0x93  srli    x3,  x3,  20
	    48    0x40 0x35 0x05 0x33  sub     x10, x10, x3
	    52    0x00 0xa1 0x10 0x23  sh      x10, 0(x2)
	    56    0x00 0x01 0x55 0x03  lhu     x10, 0(x2)
	    60    0x02 0xa5 0x01 0xb3  mul     x3,  x10, x10
	    64    0x00 0xb0 0x14 0x63  bnez    x11, 8
	    68    0x00 0x11 0x91 0x93  slli    x3,  x3,  1
	    72    0x02 0x36 0x35 0xb3  mulhu   x11, x12, x3
	    76    0x02 0x36 0x06 0x33  mul     x12, x12, x3
	    80    0x00 0x95 0x95 0x93  slli    x11, x11, 9
	    84    0x01 0x76 0x56 0x13  srli    x12, x12, 23
	    88    0x00 0xb6 0x66 0x33  or      x12, x12, x11
	    92    0xff 0xf6 0x46 0x13  not     x12, x12
	    96    0x02 0xa6 0x05 0xb3  mul     x11, x12, x10
	   100    0x02 0xa6 0x31 0xb3  mulhu   x3,  x12, x10
	   104    0x00 0x71 0x91 0x93  slli    x3,  x3,  7
	   108    0x01 0x95 0xd5 0x93  srli    x11, x11, 25
	   112    0x01 0x05 0x12 0x13  slli    x4,  x10, 16
	   116    0x00 0xb1 0xe5 0xb3  or      x11, x3,  x11
	   120    0x00 0xb2 0x05 0xb3  add     x11, x4,  x11
	   124    0x00 0x15 0xd1 0x93  srli    x3,  x11, 1
	   128    0x00 0x35 0xd2 0x13  srli    x4,  x11, 3
	   132    0x00 0xe5 0x15 0x13  slli    x10, x10, 14
	   136    0x00 0x32 0x01 0xb3  add     x3,  x4,  x3
	   140    0x02 0xc6 0x36 0x33  mulhu   x12, x12, x12
	   144    0x40 0xa1 0x85 0x33  sub     x10, x3,  x10
	   148    0x02 0xa6 0x36 0x33  mulhu   x12, x12, x10
	   152    0x01 0x06 0x56 0x13  srli    x12, x12, 16
	   156    0x00 0xb6 0x05 0x33  add     x10, x12, x11
	   160    0x80 0x00 0x06 0x37  lui     x12, -524288
	   164    0x00 0xa6 0x75 0xb3  and     x11, x12, x10
	   168    0x00 0xb0 0x14 0x63  bnez    x11, 8
	   172    0x80 0x00 0x05 0x37  lui     x10, -524288
	   176    0x00 0x41 0x01 0x13  addi    x2,  x2,  4
.label softfloat_approxRecipSqrt32_1__end last
.rts
	   180    0x00 0x00 0x80 0x67  ret

.undef global data softfloat_approxRecipSqrt_1k0s

.undef global data softfloat_approxRecipSqrt_1k1s

