
; File generated by darts version U-2022.12#33f3808fcb#221128, Thu Feb 29 15:22:22 2024
; Copyright 2014-2022 Synopsys, Inc. All rights reserved.
; darts -I.. -d -h -ISoftFloat-3e/source/include -ISoftFloat-3e/source/riscv -ISoftFloat-3e/build/chess -I../runtime/include -DCHESS_CXX_ATTRIBUTES -DSOFTFLOAT_NO_EXCEPTIONS -DINLINE_LEVEL=5 -DSOFTFLOAT_FAST_DIV32TO16 -D__tct_patch__=0 -L +Ihex Release/s_approxRecip32_1.o trv32p3_cnn

; Release: ipd U-2022.12
.undef global data softfloat_approxRecip_1k0s

.undef global data softfloat_approxRecip_1k1s

.text_segment_name
.text global 0 softfloat_approxRecip32_1
	     0    0x01 0xb5 0xd5 0x13  srli    x10, x11, 27
	     4    0x00 0xf5 0x75 0x13  andi    x10, x10, 15
	     8    0xff 0xc1 0x01 0x13  addi    x2,  x2,  -4
.rela 2 softfloat_approxRecip_1k1s 2048
	    12    0x00 0x00 0x01 0xb7  lui     x3,  0
	    16    0x00 0xb5 0xd2 0x13  srli    x4,  x11, 11
	    20    0x00 0x15 0x15 0x13  slli    x10, x10, 1
.rela 3 softfloat_approxRecip_1k1s 0
	    24    0x00 0x01 0x81 0x93  mv      x3,  x3
	    28    0x00 0x35 0x01 0xb3  add     x3,  x10, x3
	    32    0x00 0x41 0x10 0x23  sh      x4,  0(x2)
.rela 2 softfloat_approxRecip_1k0s 2048
	    36    0x00 0x00 0x02 0xb7  lui     x5,  0
.rela 3 softfloat_approxRecip_1k0s 0
	    40    0x00 0x02 0x82 0x13  mv      x4,  x5
	    44    0x00 0x01 0xd1 0x83  lhu     x3,  0(x3)
	    48    0x00 0x01 0x52 0x83  lhu     x5,  0(x2)
	    52    0x00 0xa2 0x05 0x33  add     x10, x4,  x10
	    56    0x02 0x32 0x81 0xb3  mul     x3,  x5,  x3
	    60    0x00 0x05 0x55 0x03  lhu     x10, 0(x10)
	    64    0x01 0x41 0xd1 0x93  srli    x3,  x3,  20
	    68    0x40 0x35 0x05 0x33  sub     x10, x10, x3
	    72    0x00 0xa1 0x10 0x23  sh      x10, 0(x2)
	    76    0x00 0x01 0x55 0x03  lhu     x10, 0(x2)
	    80    0x02 0xb5 0x31 0xb3  mulhu   x3,  x10, x11
	    84    0x02 0xb5 0x05 0xb3  mul     x11, x10, x11
	    88    0x01 0x91 0x91 0x93  slli    x3,  x3,  25
	    92    0x00 0x75 0xd5 0x93  srli    x11, x11, 7
	    96    0x00 0xb1 0xe5 0xb3  or      x11, x3,  x11
	   100    0xff 0xf5 0xc5 0x93  not     x11, x11
	   104    0x02 0xb5 0x01 0xb3  mul     x3,  x10, x11
	   108    0x02 0xb5 0x32 0x33  mulhu   x4,  x10, x11
	   112    0x00 0x82 0x12 0x13  slli    x4,  x4,  8
	   116    0x01 0x81 0xd1 0x93  srli    x3,  x3,  24
	   120    0x01 0x05 0x15 0x13  slli    x10, x10, 16
	   124    0x00 0x32 0x61 0xb3  or      x3,  x4,  x3
	   128    0x02 0xb5 0xb5 0xb3  mulhu   x11, x11, x11
	   132    0x00 0x35 0x05 0x33  add     x10, x10, x3
	   136    0x02 0xb5 0x35 0xb3  mulhu   x11, x10, x11
	   140    0x01 0x05 0xd5 0x93  srli    x11, x11, 16
	   144    0x00 0x41 0x01 0x13  addi    x2,  x2,  4
	   148    0x00 0xb5 0x05 0x33  add     x10, x10, x11
.label softfloat_approxRecip32_1__end last
.rts
	   152    0x00 0x00 0x80 0x67  ret

.undef global data softfloat_approxRecip_1k0s

.undef global data softfloat_approxRecip_1k1s

