
; File generated by darts version U-2022.12#33f3808fcb#221128, Fri Mar  8 12:18:28 2024
; Copyright 2014-2022 Synopsys, Inc. All rights reserved.
; darts -I.. -d -h -ISoftFloat-3e/source/include -ISoftFloat-3e/source/riscv -ISoftFloat-3e/build/chess -I../runtime/include -DCHESS_CXX_ATTRIBUTES -DSOFTFLOAT_NO_EXCEPTIONS -DINLINE_LEVEL=5 -DSOFTFLOAT_FAST_DIV32TO16 -D__tct_patch__=0 -L +Ihex Release/s_countLeadingZeros64.o trv32p3_cnn

; Release: ipd U-2022.12
.undef global data softfloat_countLeadingZeros8

.text_segment_name
.text global 0 softfloat_countLeadingZeros64
	     0    0x00 0x00 0x05 0x13  li      x10, 0
	     4    0x00 0xc0 0x16 0x63  bnez    x12, 12
	     8    0x02 0x00 0x05 0x13  li      x10, 32
	    12    0x00 0x05 0x86 0x13  mv      x12, x11
	    16    0x00 0x01 0x05 0xb7  lui     x11, 16
	    20    0x00 0xb6 0x76 0x63  bgeu    x12, x11, 12
	    24    0x01 0x05 0x05 0x13  addi    x10, x10, 16
	    28    0x01 0x06 0x16 0x13  slli    x12, x12, 16
	    32    0x01 0x00 0x05 0xb7  lui     x11, 4096
	    36    0x00 0xb6 0x76 0x63  bgeu    x12, x11, 12
	    40    0x00 0x85 0x05 0x13  addi    x10, x10, 8
	    44    0x00 0x86 0x16 0x13  slli    x12, x12, 8
.rela 2 softfloat_countLeadingZeros8 2048
	    48    0x00 0x00 0x05 0xb7  lui     x11, 0
	    52    0x01 0x86 0x56 0x13  srli    x12, x12, 24
.rela 3 softfloat_countLeadingZeros8 0
	    56    0x00 0x05 0x85 0x93  mv      x11, x11
	    60    0x00 0xb6 0x06 0x33  add     x12, x12, x11
	    64    0x00 0x06 0x46 0x03  lbu     x12, 0(x12)
	    68    0x00 0xa6 0x05 0x33  add     x10, x12, x10
.label softfloat_countLeadingZeros64__end last
.rts
	    72    0x00 0x00 0x80 0x67  ret

.undef global data softfloat_countLeadingZeros8

