
; File generated by darts version U-2022.12#33f3808fcb#221128, Fri Mar 22 17:52:30 2024
; Copyright 2014-2022 Synopsys, Inc. All rights reserved.
; darts -I.. -d -h -ISoftFloat-3e/source/include -ISoftFloat-3e/source/riscv -ISoftFloat-3e/build/chess -I../runtime/include -DCHESS_CXX_ATTRIBUTES -DSOFTFLOAT_NO_EXCEPTIONS -DINLINE_LEVEL=5 -DSOFTFLOAT_FAST_DIV32TO16 -D__tct_patch__=0 -L +Ihex Release/s_mul64To128M.o trv32p3_cnn

; Release: ipd U-2022.12
.text_segment_name
.text global 0 softfloat_mul64To128M
	     0    0x02 0xd5 0x33 0xb3  mulhu   x7,  x10, x13
	     4    0x02 0xb6 0x33 0x33  mulhu   x6,  x12, x11
	     8    0x02 0xb6 0x02 0x33  mul     x4,  x12, x11
	    12    0x02 0xd5 0x01 0xb3  mul     x3,  x10, x13
	    16    0x00 0x73 0x04 0x33  add     x8,  x6,  x7
	    20    0x02 0xa6 0x02 0xb3  mul     x5,  x12, x10
	    24    0x00 0x32 0x01 0xb3  add     x3,  x4,  x3
	    28    0x02 0xb6 0xb3 0xb3  mulhu   x7,  x13, x11
	    32    0x02 0xa6 0x35 0x33  mulhu   x10, x12, x10
	    36    0x02 0xb6 0x85 0xb3  mul     x11, x13, x11
	    40    0x00 0x41 0xb4 0xb3  sltu    x9,  x3,  x4
	    44    0x00 0x94 0x06 0xb3  add     x13, x8,  x9
	    48    0x00 0x10 0x06 0x13  li      x12, 1
	    52    0x00 0x66 0xe8 0x63  bltu    x13, x6,  16
	    56    0x00 0xd3 0x14 0x63  bne     x6,  x13, 8
	    60    0x00 0x41 0xe4 0x63  bltu    x3,  x4,  8
	    64    0x00 0x00 0x06 0x13  li      x12, 0
	    68    0x00 0x35 0x05 0x33  add     x10, x10, x3
	    72    0x00 0xa7 0x22 0x23  sw      x10, 4(x14)
	    76    0x00 0xb6 0x86 0xb3  add     x13, x13, x11
	    80    0x00 0x35 0x35 0x33  sltu    x10, x10, x3
	    84    0x00 0xb6 0xb5 0xb3  sltu    x11, x13, x11
	    88    0x00 0xd5 0x01 0xb3  add     x3,  x10, x13
	    92    0x00 0x76 0x06 0x33  add     x12, x12, x7
	    96    0x00 0xb6 0x05 0xb3  add     x11, x12, x11
	   100    0x41 0xf5 0x55 0x13  srai    x10, x10, 31
	   104    0x00 0xd1 0xb6 0xb3  sltu    x13, x3,  x13
	   108    0x00 0xb5 0x05 0xb3  add     x11, x10, x11
	   112    0x00 0x57 0x20 0x23  sw      x5,  0(x14)
	   116    0x00 0xb6 0x85 0xb3  add     x11, x13, x11
	   120    0x00 0xb7 0x26 0x23  sw      x11, 12(x14)
	   124    0x00 0x37 0x24 0x23  sw      x3,  8(x14)
.label softfloat_mul64To128M__end last
.rts
	   128    0x00 0x00 0x80 0x67  ret

