
; File generated by darts version U-2022.12#33f3808fcb#221128, Thu Jan 25 16:07:18 2024
; Copyright 2014-2022 Synopsys, Inc. All rights reserved.
; darts -I.. -d -h -ISoftFloat-3e/source/include -ISoftFloat-3e/source/riscv -ISoftFloat-3e/build/chess -I../runtime/include -DCHESS_CXX_ATTRIBUTES -DSOFTFLOAT_NO_EXCEPTIONS -DINLINE_LEVEL=5 -DSOFTFLOAT_FAST_DIV32TO16 -D__tct_patch__=0 -L +Ihex Release/s_normRoundPackToF64.o trv32p3_cnn

; Release: ipd U-2022.12
.undef global data softfloat_countLeadingZeros8

.text_segment_name
.text global 0 softfloat_normRoundPackToF64
	     0    0xfe 0xc1 0x01 0x13  addi    x2,  x2,  -20
	     4    0x00 0x07 0x05 0x93  mv      x11, x14
	     8    0x00 0xc1 0x22 0x23  sw      x12, 4(x2)
	    12    0x00 0xf1 0x20 0x23  sw      x15, 0(x2)
	    16    0x00 0xe1 0x24 0x23  sw      x14, 8(x2)
	    20    0x00 0xd1 0x28 0x23  sw      x13, 16(x2)
	    24    0x00 0x11 0x26 0x23  sw      x1,  12(x2)
	    28    0x00 0x07 0x86 0x13  mv      x12, x15
.call
	    32    0x00 0x00 0x00 0xef  call    softfloat_countLeadingZeros64
	    36    0xff 0xf5 0x07 0x13  addi    x14, x10, -1
	    40    0x01 0x01 0x27 0x83  lw      x15, 16(x2)
	    44    0x40 0xe7 0x86 0xb3  sub     x13, x15, x14
	    48    0x00 0x81 0x25 0x03  lw      x10, 8(x2)
	    52    0x00 0x01 0x27 0x83  lw      x15, 0(x2)
	    56    0x00 0x41 0x26 0x03  lw      x12, 4(x2)
	    60    0x00 0xa0 0x00 0x93  li      x1,  10
	    64    0x00 0x17 0x46 0x63  blt     x14, x1,  12
	    68    0x7f 0xd0 0x00 0x93  li      x1,  2045
	    72    0x04 0x16 0xe6 0x63  bltu    x13, x1,  76
	    76    0x02 0xe0 0x0c 0x63  beqz    x14, 56
	    80    0xfe 0x07 0x00 0x93  addi    x1,  x14, -32
	    84    0x00 0x00 0xca 0x63  bltz    x1,  20
	    88    0x00 0x15 0x17 0xb3  sll     x15, x10, x1
	    92    0x00 0xc1 0x20 0x83  lw      x1,  12(x2)
	    96    0x00 0x00 0x07 0x13  li      x14, 0
	   100    0x02 0x80 0x00 0x6f  j       40
	   104    0x40 0x10 0x00 0xb3  neg     x1,  x1
	   108    0x00 0xe7 0x97 0xb3  sll     x15, x15, x14
	   112    0x00 0x15 0x50 0xb3  srl     x1,  x10, x1
	   116    0x00 0xf0 0xe7 0xb3  or      x15, x1,  x15
	   120    0x00 0xe5 0x17 0x33  sll     x14, x10, x14
	   124    0x00 0xc1 0x20 0x83  lw      x1,  12(x2)
	   128    0x00 0xc0 0x00 0x6f  j       12
	   132    0x00 0xc1 0x20 0x83  lw      x1,  12(x2)
	   136    0x00 0x05 0x07 0x13  mv      x14, x10
	   140    0x01 0x41 0x01 0x13  addi    x2,  x2,  20
	   144    0x00 0x00 0x00 0x6f  j       softfloat_roundPackToF64
	   148    0x00 0xc0 0x36 0x33  snez    x12, x12
	   152    0x00 0xf5 0x60 0xb3  or      x1,  x10, x15
	   156    0x01 0xf6 0x16 0x13  slli    x12, x12, 31
	   160    0x00 0x10 0x14 0x63  bnez    x1,  8
	   164    0x00 0x00 0x06 0x93  li      x13, 0
	   168    0x01 0x46 0x96 0x93  slli    x13, x13, 20
	   172    0x00 0xd6 0x06 0xb3  add     x13, x12, x13
	   176    0xff 0x67 0x06 0x13  addi    x12, x14, -10
	   180    0x02 0xc0 0x06 0x63  beqz    x12, 44
	   184    0xfe 0x06 0x07 0x13  addi    x14, x12, -32
	   188    0x00 0x07 0x48 0x63  bltz    x14, 16
	   192    0x00 0xe5 0x17 0xb3  sll     x15, x10, x14
	   196    0x00 0x00 0x05 0x13  li      x10, 0
	   200    0x01 0x80 0x00 0x6f  j       24
	   204    0x40 0xe0 0x07 0x33  neg     x14, x14
	   208    0x00 0xe5 0x57 0x33  srl     x14, x10, x14
	   212    0x00 0xc7 0x97 0xb3  sll     x15, x15, x12
	   216    0x00 0xc5 0x15 0x33  sll     x10, x10, x12
	   220    0x00 0xf7 0x67 0xb3  or      x15, x14, x15
	   224    0x00 0xf6 0x85 0xb3  add     x11, x13, x15
	   228    0x00 0xc1 0x27 0x83  lw      x15, 12(x2)
	   232    0x01 0x41 0x01 0x13  addi    x2,  x2,  20
.label softfloat_normRoundPackToF64__end last
.rts
	   236    0x00 0x07 0x80 0x67  jr      x15

.undef global text softfloat_countLeadingZeros64

.undef global text softfloat_roundPackToF64

