
; File generated by darts version U-2022.12#33f3808fcb#221128, Thu Feb 29 17:32:00 2024
; Copyright 2014-2022 Synopsys, Inc. All rights reserved.
; darts -I.. -d -h -ISoftFloat-3e/source/include -ISoftFloat-3e/source/riscv -ISoftFloat-3e/build/chess -I../runtime/include -DCHESS_CXX_ATTRIBUTES -DSOFTFLOAT_NO_EXCEPTIONS -DINLINE_LEVEL=5 -DSOFTFLOAT_FAST_DIV32TO16 -D__tct_patch__=0 -L +Ihex Release/s_normRoundPackToF32.o trv32p3_cnn

; Release: ipd U-2022.12
.undef global data softfloat_countLeadingZeros8

.text_segment_name
.text global 0 softfloat_normRoundPackToF32
	     0    0x00 0x01 0x02 0x37  lui     x4,  16
	     4    0x00 0x00 0x05 0x13  li      x10, 0
	     8    0x00 0x06 0x81 0x93  mv      x3,  x13
	    12    0x00 0x46 0xf6 0x63  bgeu    x13, x4,  12
	    16    0x01 0x06 0x91 0x93  slli    x3,  x13, 16
	    20    0x01 0x00 0x05 0x13  li      x10, 16
	    24    0x01 0x00 0x02 0x37  lui     x4,  4096
	    28    0x00 0x41 0xf6 0x63  bgeu    x3,  x4,  12
	    32    0x00 0x85 0x05 0x13  addi    x10, x10, 8
	    36    0x00 0x81 0x91 0x93  slli    x3,  x3,  8
	    40    0x01 0x81 0xd2 0x13  srli    x4,  x3,  24
	    44    0x00 0x70 0x01 0x93  li      x3,  7
	    48    0x00 0x02 0x42 0x03  lbu     x4,  softfloat_countLeadingZeros8(x4)
	    52    0x00 0xa2 0x05 0x33  add     x10, x4,  x10
	    56    0xff 0xf5 0x05 0x13  addi    x10, x10, -1
	    60    0x40 0xa6 0x06 0x33  sub     x12, x12, x10
	    64    0x00 0x35 0x46 0x63  blt     x10, x3,  12
	    68    0x0f 0xd0 0x01 0x93  li      x3,  253
	    72    0x00 0x36 0x66 0x63  bltu    x12, x3,  12
	    76    0x00 0xa6 0x96 0xb3  sll     x13, x13, x10
	    80    0x00 0x00 0x00 0x6f  j       softfloat_roundPackToF32
	    84    0x80 0x00 0x01 0xb7  lui     x3,  -524288
	    88    0x00 0xb0 0x14 0x63  bnez    x11, 8
	    92    0x00 0x00 0x01 0x93  li      x3,  0
	    96    0x00 0xd0 0x14 0x63  bnez    x13, 8
	   100    0x00 0x00 0x06 0x13  li      x12, 0
	   104    0x01 0x76 0x16 0x13  slli    x12, x12, 23
	   108    0xff 0x95 0x05 0x93  addi    x11, x10, -7
	   112    0x00 0x36 0x06 0x33  add     x12, x12, x3
	   116    0x00 0xb6 0x96 0xb3  sll     x13, x13, x11
	   120    0x00 0xd6 0x05 0x33  add     x10, x12, x13
.label softfloat_normRoundPackToF32__end last
.rts
	   124    0x00 0x00 0x80 0x67  ret

.undef global data softfloat_countLeadingZeros8

.undef global text softfloat_roundPackToF32

