
; File generated by darts version U-2022.12#33f3808fcb#221128, Fri Mar 22 18:32:48 2024
; Copyright 2014-2022 Synopsys, Inc. All rights reserved.
; darts -I.. -d -h -ISoftFloat-3e/source/include -ISoftFloat-3e/source/riscv -ISoftFloat-3e/build/chess -I../runtime/include -DCHESS_CXX_ATTRIBUTES -DSOFTFLOAT_NO_EXCEPTIONS -DINLINE_LEVEL=5 -DSOFTFLOAT_FAST_DIV32TO16 -D__tct_patch__=0 -L +Ihex Release/s_normSubnormalF64Sig.o trv32p3_cnn

; Release: ipd U-2022.12
.undef global data softfloat_countLeadingZeros8

.text_segment_name
.text global 0 softfloat_normSubnormalF64Sig
	     0    0xff 0x01 0x01 0x13  addi    x2,  x2,  -16
	     4    0x00 0xc1 0x22 0x23  sw      x12, 4(x2)
	     8    0x00 0xb1 0x26 0x23  sw      x11, 12(x2)
	    12    0x00 0xa1 0x20 0x23  sw      x10, 0(x2)
	    16    0x00 0x11 0x24 0x23  sw      x1,  8(x2)
.call
	    20    0x00 0x00 0x00 0xef  call    softfloat_countLeadingZeros64
	    24    0xff 0x55 0x06 0x13  addi    x12, x10, -11
	    28    0x00 0x10 0x05 0x93  li      x11, 1
	    32    0x40 0xc5 0x85 0x33  sub     x10, x11, x12
	    36    0x02 0xc0 0x0c 0x63  beqz    x12, 56
	    40    0xfe 0x06 0x05 0x93  addi    x11, x12, -32
	    44    0x00 0xc1 0x20 0x83  lw      x1,  12(x2)
	    48    0x00 0x05 0xc8 0x63  bltz    x11, 16
	    52    0x00 0xb0 0x95 0xb3  sll     x11, x1,  x11
	    56    0x00 0x00 0x06 0x13  li      x12, 0
	    60    0x02 0x80 0x00 0x6f  j       40
	    64    0x00 0x41 0x21 0x83  lw      x3,  4(x2)
	    68    0x40 0xb0 0x05 0xb3  neg     x11, x11
	    72    0x00 0xc1 0x91 0xb3  sll     x3,  x3,  x12
	    76    0x00 0xb0 0xd5 0xb3  srl     x11, x1,  x11
	    80    0x00 0xc0 0x96 0x33  sll     x12, x1,  x12
	    84    0x00 0xb1 0xe5 0xb3  or      x11, x3,  x11
	    88    0x00 0xc0 0x00 0x6f  j       12
	    92    0x00 0xc1 0x26 0x03  lw      x12, 12(x2)
	    96    0x00 0x41 0x25 0x83  lw      x11, 4(x2)
	   100    0x00 0x01 0x20 0x83  lw      x1,  0(x2)
	   104    0x00 0x81 0x21 0x83  lw      x3,  8(x2)
	   108    0x00 0xa0 0xa0 0x23  sw      x10, 0(x1)
	   112    0x00 0xc0 0xa2 0x23  sw      x12, 4(x1)
	   116    0x01 0x01 0x01 0x13  addi    x2,  x2,  16
	   120    0x00 0xb0 0xa4 0x23  sw      x11, 8(x1)
.label softfloat_normSubnormalF64Sig__end last
.rts
	   124    0x00 0x01 0x80 0x67  jr      x3

.undef global text softfloat_countLeadingZeros64

