
; File generated by darts version U-2022.12#33f3808fcb#221128, Thu Feb 29 17:32:01 2024
; Copyright 2014-2022 Synopsys, Inc. All rights reserved.
; darts -I.. -d -h -ISoftFloat-3e/source/include -ISoftFloat-3e/source/riscv -ISoftFloat-3e/build/chess -I../runtime/include -DCHESS_CXX_ATTRIBUTES -DSOFTFLOAT_NO_EXCEPTIONS -DINLINE_LEVEL=5 -DSOFTFLOAT_FAST_DIV32TO16 -D__tct_patch__=0 -L +Ihex Release/s_normSubnormalF32Sig.o trv32p3_cnn

; Release: ipd U-2022.12
.undef global data softfloat_countLeadingZeros8

.text_segment_name
.text global 0 softfloat_normSubnormalF32Sig
	     0    0x00 0x00 0x01 0x93  li      x3,  0
	     4    0x00 0x01 0x02 0xb7  lui     x5,  16
	     8    0x00 0x05 0x82 0x13  mv      x4,  x11
	    12    0x00 0x55 0xf6 0x63  bgeu    x11, x5,  12
	    16    0x01 0x05 0x92 0x13  slli    x4,  x11, 16
	    20    0x01 0x00 0x01 0x93  li      x3,  16
	    24    0x01 0x00 0x02 0xb7  lui     x5,  4096
	    28    0x00 0x52 0x76 0x63  bgeu    x4,  x5,  12
	    32    0x00 0x81 0x81 0x93  addi    x3,  x3,  8
	    36    0x00 0x82 0x12 0x13  slli    x4,  x4,  8
	    40    0x01 0x82 0x52 0x93  srli    x5,  x4,  24
	    44    0x00 0x10 0x02 0x13  li      x4,  1
	    48    0x00 0x02 0xc2 0x83  lbu     x5,  softfloat_countLeadingZeros8(x5)
	    52    0x00 0x32 0x81 0xb3  add     x3,  x5,  x3
	    56    0xff 0x81 0x81 0x93  addi    x3,  x3,  -8
	    60    0x40 0x32 0x02 0x33  sub     x4,  x4,  x3
	    64    0x00 0x35 0x95 0xb3  sll     x11, x11, x3
	    68    0x00 0x45 0x20 0x23  sw      x4,  0(x10)
	    72    0x00 0xb5 0x22 0x23  sw      x11, 4(x10)
.label softfloat_normSubnormalF32Sig__end last
.rts
	    76    0x00 0x00 0x80 0x67  ret

.undef global data softfloat_countLeadingZeros8

