
; File generated by darts version U-2022.12#33f3808fcb#221128, Fri Mar 22 18:32:48 2024
; Copyright 2014-2022 Synopsys, Inc. All rights reserved.
; darts -I.. -d -h -ISoftFloat-3e/source/include -ISoftFloat-3e/source/riscv -ISoftFloat-3e/build/chess -I../runtime/include -DCHESS_CXX_ATTRIBUTES -DSOFTFLOAT_NO_EXCEPTIONS -DINLINE_LEVEL=5 -DSOFTFLOAT_FAST_DIV32TO16 -D__tct_patch__=0 -L +Ihex Release/s_roundPackToF32.o trv32p3_cnn

; Release: ipd U-2022.12
.undef global data softfloat_countLeadingZeros8

.text_segment_name
.text global 0 softfloat_roundPackToF32
	     0    0x07 0xf6 0xf5 0x13  andi    x10, x13, 127
	     4    0x80 0x00 0x01 0xb7  lui     x3,  -524288
	     8    0x00 0xb0 0x14 0x63  bnez    x11, 8
	    12    0x00 0x00 0x01 0x93  li      x3,  0
	    16    0x0f 0xd0 0x05 0x93  li      x11, 253
	    20    0x04 0xb6 0x68 0x63  bltu    x12, x11, 80
	    24    0x00 0x06 0x4c 0x63  bltz    x12, 24
	    28    0x06 0xc5 0xce 0x63  blt     x11, x12, 124
	    32    0x04 0x06 0x85 0x93  addi    x11, x13, 64
	    36    0x80 0x00 0x02 0x37  lui     x4,  -524288
	    40    0x06 0x45 0xf8 0x63  bgeu    x11, x4,  112
	    44    0x03 0x80 0x00 0x6f  j       56
	    48    0x40 0xc0 0x06 0x33  neg     x12, x12
	    52    0x01 0xf0 0x05 0x13  li      x10, 31
	    56    0x00 0xa6 0x66 0x63  bltu    x12, x10, 12
	    60    0x00 0xd0 0x36 0xb3  snez    x13, x13
	    64    0x01 0xc0 0x00 0x6f  j       28
	    68    0x40 0xc0 0x05 0x33  neg     x10, x12
	    72    0x01 0xf5 0x75 0x13  andi    x10, x10, 31
	    76    0x00 0xc6 0xd6 0x33  srl     x12, x13, x12
	    80    0x00 0xa6 0x95 0x33  sll     x10, x13, x10
	    84    0x00 0xa0 0x36 0xb3  snez    x13, x10
	    88    0x00 0xd6 0x66 0xb3  or      x13, x12, x13
	    92    0x07 0xf6 0xf5 0x13  andi    x10, x13, 127
	    96    0x00 0x00 0x06 0x13  li      x12, 0
	   100    0x04 0x05 0x45 0x93  xori    x11, x10, 64
	   104    0x04 0x06 0x86 0x93  addi    x13, x13, 64
	   108    0x00 0x76 0xd6 0x93  srli    x13, x13, 7
	   112    0xff 0xe0 0x05 0x13  li      x10, -2
	   116    0x00 0xb0 0x04 0x63  beqz    x11, 8
	   120    0xff 0xf0 0x05 0x13  li      x10, -1
	   124    0x00 0xd5 0x76 0xb3  and     x13, x10, x13
	   128    0x00 0xd0 0x14 0x63  bnez    x13, 8
	   132    0x00 0x00 0x06 0x13  li      x12, 0
	   136    0x01 0x76 0x16 0x13  slli    x12, x12, 23
	   140    0x00 0x36 0x06 0x33  add     x12, x12, x3
	   144    0x00 0xd6 0x05 0x33  add     x10, x12, x13
.rts
	   148    0x00 0x00 0x80 0x67  ret
	   152    0x7f 0x80 0x06 0x37  lui     x12, 522240
	   156    0x00 0x36 0x05 0x33  add     x10, x12, x3
.label softfloat_roundPackToF32__end last
.rts
	   160    0x00 0x00 0x80 0x67  ret

