
; File generated by darts version U-2022.12#33f3808fcb#221128, Sat Mar 16 14:39:45 2024
; Copyright 2014-2022 Synopsys, Inc. All rights reserved.
; darts -I.. -d -h -ISoftFloat-3e/source/include -ISoftFloat-3e/source/riscv -ISoftFloat-3e/build/chess -I../runtime/include -DCHESS_CXX_ATTRIBUTES -DSOFTFLOAT_NO_EXCEPTIONS -DINLINE_LEVEL=5 -DSOFTFLOAT_FAST_DIV32TO16 -D__tct_patch__=0 -L +Ihex Release/s_roundPackToF64.o trv32p3_cnn

; Release: ipd U-2022.12
.undef global data softfloat_countLeadingZeros8

.text_segment_name
.text global 0 softfloat_roundPackToF64
	     0    0xff 0xc1 0x01 0x13  addi    x2,  x2,  -4
	     4    0x00 0xc0 0x35 0xb3  snez    x11, x12
	     8    0x00 0xd1 0x10 0x23  sh      x13, 0(x2)
	    12    0x3f 0xf7 0x75 0x13  andi    x10, x14, 1023
	    16    0x01 0xf5 0x95 0x93  slli    x11, x11, 31
	    20    0x00 0x01 0x51 0x83  lhu     x3,  0(x2)
	    24    0x7f 0xd0 0x06 0x13  li      x12, 2045
	    28    0x0c 0xc1 0xc6 0x63  blt     x3,  x12, 204
	    32    0x02 0x06 0xc4 0x63  bltz    x13, 40
	    36    0x12 0xd6 0x40 0x63  blt     x12, x13, 288
	    40    0x20 0x07 0x06 0x13  addi    x12, x14, 512
	    44    0x00 0x07 0x81 0x93  mv      x3,  x15
	    48    0x00 0xe6 0x36 0x33  sltu    x12, x12, x14
	    52    0x00 0x36 0x06 0x33  add     x12, x12, x3
	    56    0x80 0x00 0x01 0xb7  lui     x3,  -524288
	    60    0x10 0xc1 0xe4 0x63  bltu    x3,  x12, 264
	    64    0x10 0xc1 0x82 0x63  beq     x3,  x12, 260
	    68    0x0a 0x40 0x00 0x6f  j       164
	    72    0x40 0xd0 0x05 0x33  neg     x10, x13
	    76    0x03 0xf0 0x06 0x93  li      x13, 63
	    80    0x00 0x07 0x86 0x13  mv      x12, x15
	    84    0x00 0xd5 0x6a 0x63  bltu    x10, x13, 20
	    88    0x00 0xf7 0x66 0xb3  or      x13, x14, x15
	    92    0x00 0xd0 0x37 0x33  snez    x14, x13
	    96    0x41 0xf7 0x57 0x93  srai    x15, x14, 31
	   100    0x07 0xc0 0x00 0x6f  j       124
	   104    0x00 0x07 0x06 0x93  mv      x13, x14
	   108    0x02 0xa0 0x06 0x63  beqz    x10, 44
	   112    0xfe 0x05 0x06 0x93  addi    x13, x10, -32
	   116    0x00 0x06 0xc8 0x63  bltz    x13, 16
	   120    0x00 0xd6 0x56 0xb3  srl     x13, x12, x13
	   124    0x00 0x00 0x07 0x93  li      x15, 0
	   128    0x01 0x80 0x00 0x6f  j       24
	   132    0x40 0xd0 0x06 0xb3  neg     x13, x13
	   136    0x00 0xa7 0x51 0xb3  srl     x3,  x14, x10
	   140    0x00 0xd6 0x16 0xb3  sll     x13, x12, x13
	   144    0x00 0xa6 0x57 0xb3  srl     x15, x12, x10
	   148    0x00 0x36 0xe6 0xb3  or      x13, x13, x3
	   152    0x40 0xa0 0x05 0x33  neg     x10, x10
	   156    0x03 0xf5 0x75 0x13  andi    x10, x10, 63
	   160    0x02 0xa0 0x06 0x63  beqz    x10, 44
	   164    0xfe 0x05 0x01 0x93  addi    x3,  x10, -32
	   168    0x00 0x01 0xc8 0x63  bltz    x3,  16
	   172    0x00 0x37 0x16 0x33  sll     x12, x14, x3
	   176    0x00 0x00 0x07 0x13  li      x14, 0
	   180    0x01 0x80 0x00 0x6f  j       24
	   184    0x40 0x30 0x01 0xb3  neg     x3,  x3
	   188    0x00 0x37 0x51 0xb3  srl     x3,  x14, x3
	   192    0x00 0xa6 0x16 0x33  sll     x12, x12, x10
	   196    0x00 0xa7 0x17 0x33  sll     x14, x14, x10
	   200    0x00 0x36 0x66 0x33  or      x12, x12, x3
	   204    0x00 0xe6 0x67 0x33  or      x14, x12, x14
	   208    0x00 0xe0 0x37 0x33  snez    x14, x14
	   212    0x41 0xf7 0x55 0x13  srai    x10, x14, 31
	   216    0x00 0xd7 0x67 0x33  or      x14, x14, x13
	   220    0x00 0xf5 0x67 0xb3  or      x15, x10, x15
	   224    0x3f 0xf7 0x75 0x13  andi    x10, x14, 1023
	   228    0x00 0x00 0x06 0x93  li      x13, 0
	   232    0x20 0x07 0x06 0x13  addi    x12, x14, 512
	   236    0x00 0xe6 0x37 0x33  sltu    x14, x12, x14
	   240    0x00 0x07 0x87 0x93  mv      x15, x15
	   244    0x20 0x05 0x45 0x13  xori    x10, x10, 512
	   248    0x00 0xf7 0x07 0xb3  add     x15, x14, x15
	   252    0x00 0x15 0x35 0x13  seqz    x10, x10
	   256    0x41 0xf5 0x57 0x13  srai    x14, x10, 31
	   260    0x01 0x67 0x91 0x93  slli    x3,  x15, 22
	   264    0x00 0xa6 0x56 0x13  srli    x12, x12, 10
	   268    0xff 0xf5 0x45 0x13  not     x10, x10
	   272    0x00 0xa7 0xd7 0x93  srli    x15, x15, 10
	   276    0xff 0xf7 0x47 0x13  not     x14, x14
	   280    0x00 0x36 0x66 0x33  or      x12, x12, x3
	   284    0x00 0xa6 0x75 0x33  and     x10, x12, x10
	   288    0x00 0xf7 0x77 0xb3  and     x15, x14, x15
	   292    0x00 0xf5 0x67 0x33  or      x14, x10, x15
	   296    0x00 0xe0 0x14 0x63  bnez    x14, 8
	   300    0x00 0x00 0x06 0x93  li      x13, 0
	   304    0x01 0x46 0x96 0x93  slli    x13, x13, 20
	   308    0x00 0xb6 0x86 0xb3  add     x13, x13, x11
	   312    0x00 0xf6 0x85 0xb3  add     x11, x13, x15
.label __ll1_softfloat_roundPackToF64
	   316    0x00 0x41 0x01 0x13  addi    x2,  x2,  4
.rts
	   320    0x00 0x00 0x80 0x67  ret
	   324    0x7f 0xf0 0x06 0xb7  lui     x13, 524032
	   328    0x00 0xb6 0x85 0xb3  add     x11, x13, x11
	   332    0x00 0x00 0x05 0x13  li      x10, 0
.label softfloat_roundPackToF64__end last
	   336    0xfe 0xdf 0xf0 0x6f  j       -20

