
; File generated by darts version U-2022.12#33f3808fcb#221128, Fri Mar 22 18:32:49 2024
; Copyright 2014-2022 Synopsys, Inc. All rights reserved.
; darts -I.. -d -h -ISoftFloat-3e/source/include -ISoftFloat-3e/source/riscv -ISoftFloat-3e/build/chess -I../runtime/include -DCHESS_CXX_ATTRIBUTES -DSOFTFLOAT_NO_EXCEPTIONS -DINLINE_LEVEL=5 -DSOFTFLOAT_FAST_DIV32TO16 -D__tct_patch__=0 -L +Ihex Release/s_subMagsF64.o trv32p3_cnn

; Release: ipd U-2022.12
.undef global data softfloat_countLeadingZeros8

.text_segment_name
.text global 0 softfloat_subMagsF64
	     0    0x00 0x10 0x05 0xb7  lui     x11, 256
	     4    0x01 0x46 0xd2 0x13  srli    x4,  x13, 20
	     8    0x01 0x47 0xd1 0x93  srli    x3,  x15, 20
	    12    0xff 0xf5 0x85 0x93  addi    x11, x11, -1
	    16    0x00 0xf5 0xf5 0x33  and     x10, x11, x15
	    20    0x7f 0xf2 0x72 0x13  andi    x4,  x4,  2047
	    24    0x7f 0xf1 0xf2 0x93  andi    x5,  x3,  2047
	    28    0x00 0xb6 0xf5 0xb3  and     x11, x13, x11
	    32    0xfe 0xc1 0x01 0x13  addi    x2,  x2,  -20
	    36    0x40 0x52 0x01 0xb3  sub     x3,  x4,  x5
	    40    0x1e 0x30 0x0e 0x63  beqz    x3,  508
	    44    0x01 0x66 0x54 0x93  srli    x9,  x12, 22
	    48    0x00 0xa5 0x95 0x93  slli    x11, x11, 10
	    52    0x01 0x67 0x54 0x13  srli    x8,  x14, 22
	    56    0x00 0xa5 0x15 0x13  slli    x10, x10, 10
	    60    0x00 0xb4 0xe5 0xb3  or      x11, x9,  x11
	    64    0x00 0xa6 0x13 0x13  slli    x6,  x12, 10
	    68    0x00 0xa7 0x13 0x93  slli    x7,  x14, 10
	    72    0x00 0xa4 0x65 0x33  or      x10, x8,  x10
	    76    0x7f 0xf0 0x04 0x93  li      x9,  2047
	    80    0x0c 0x01 0xce 0x63  bltz    x3,  220
	    84    0x00 0x00 0x04 0x13  li      x8,  0
	    88    0x2c 0x44 0x88 0x63  beq     x9,  x4,  720
	    92    0x40 0x00 0x06 0x37  lui     x12, 262144
	    96    0x40 0x00 0x07 0x37  lui     x14, 262144
	   100    0x00 0x50 0x16 0x63  bnez    x5,  12
	   104    0x00 0x05 0x07 0x13  mv      x14, x10
	   108    0x00 0x03 0x84 0x13  mv      x8,  x7
	   112    0x00 0x74 0x07 0xb3  add     x15, x8,  x7
	   116    0x00 0xe5 0x07 0x33  add     x14, x10, x14
	   120    0x00 0x77 0xb6 0xb3  sltu    x13, x15, x7
	   124    0x00 0xd7 0x07 0x33  add     x14, x14, x13
	   128    0x03 0xf0 0x06 0x93  li      x13, 63
	   132    0x00 0xd1 0xea 0x63  bltu    x3,  x13, 20
	   136    0x00 0xf7 0x67 0x33  or      x14, x14, x15
	   140    0x00 0xe0 0x37 0x33  snez    x14, x14
	   144    0x41 0xf7 0x57 0x93  srai    x15, x14, 31
	   148    0x07 0x40 0x00 0x6f  j       116
	   152    0xfe 0x01 0x86 0x93  addi    x13, x3,  -32
	   156    0x00 0x06 0xc8 0x63  bltz    x13, 16
	   160    0x00 0xd7 0x56 0xb3  srl     x13, x14, x13
	   164    0x00 0x00 0x05 0x13  li      x10, 0
	   168    0x01 0x80 0x00 0x6f  j       24
	   172    0x40 0xd0 0x06 0xb3  neg     x13, x13
	   176    0x00 0x37 0xd2 0xb3  srl     x5,  x15, x3
	   180    0x00 0xd7 0x16 0xb3  sll     x13, x14, x13
	   184    0x00 0x37 0x55 0x33  srl     x10, x14, x3
	   188    0x00 0xd2 0xe6 0xb3  or      x13, x5,  x13
	   192    0x40 0x30 0x01 0xb3  neg     x3,  x3
	   196    0x03 0xf1 0xf1 0x93  andi    x3,  x3,  63
	   200    0x02 0x30 0x06 0x63  beqz    x3,  44
	   204    0xfe 0x01 0x82 0x93  addi    x5,  x3,  -32
	   208    0x00 0x02 0xc8 0x63  bltz    x5,  16
	   212    0x00 0x57 0x97 0x33  sll     x14, x15, x5
	   216    0x00 0x00 0x07 0x93  li      x15, 0
	   220    0x01 0x80 0x00 0x6f  j       24
	   224    0x40 0x50 0x02 0xb3  neg     x5,  x5
	   228    0x00 0x57 0xd2 0xb3  srl     x5,  x15, x5
	   232    0x00 0x37 0x17 0x33  sll     x14, x14, x3
	   236    0x00 0x37 0x97 0xb3  sll     x15, x15, x3
	   240    0x00 0x57 0x67 0x33  or      x14, x14, x5
	   244    0x00 0xf7 0x67 0x33  or      x14, x14, x15
	   248    0x00 0xe0 0x37 0x33  snez    x14, x14
	   252    0x41 0xf7 0x57 0x93  srai    x15, x14, 31
	   256    0x00 0xd7 0x67 0x33  or      x14, x14, x13
	   260    0x00 0xf5 0x67 0xb3  or      x15, x10, x15
	   264    0x00 0xb6 0x66 0x33  or      x12, x12, x11
	   268    0x00 0xe3 0x36 0xb3  sltu    x13, x6,  x14
	   272    0x40 0xf6 0x06 0x33  sub     x12, x12, x15
	   276    0x40 0xd6 0x07 0xb3  sub     x15, x12, x13
	   280    0x40 0xe3 0x07 0x33  sub     x14, x6,  x14
	   284    0x00 0x10 0x06 0x13  li      x12, 1
	   288    0x00 0x02 0x02 0x93  mv      x5,  x4
	   292    0x0f 0x00 0x16 0x63  bnez    x16, 236
	   296    0x0e 0x40 0x00 0x6f  j       228
	   300    0x00 0x00 0x04 0x13  li      x8,  0
	   304    0x20 0x54 0x8a 0x63  beq     x9,  x5,  532
	   308    0x40 0x00 0x06 0x37  lui     x12, 262144
	   312    0x40 0x00 0x07 0x37  lui     x14, 262144
	   316    0x00 0x40 0x16 0x63  bnez    x4,  12
	   320    0x00 0x03 0x04 0x13  mv      x8,  x6
	   324    0x00 0x05 0x87 0x13  mv      x14, x11
	   328    0x00 0x64 0x07 0xb3  add     x15, x8,  x6
	   332    0x00 0xb7 0x07 0x33  add     x14, x14, x11
	   336    0x00 0x67 0xb6 0xb3  sltu    x13, x15, x6
	   340    0x00 0xd7 0x07 0x33  add     x14, x14, x13
	   344    0x40 0x30 0x05 0xb3  neg     x11, x3
	   348    0x03 0xf0 0x06 0x93  li      x13, 63
	   352    0x00 0xd5 0xea 0x63  bltu    x11, x13, 20
	   356    0x00 0xf7 0x67 0x33  or      x14, x14, x15
	   360    0x00 0xe0 0x37 0x33  snez    x14, x14
	   364    0x41 0xf7 0x57 0x93  srai    x15, x14, 31
	   368    0x08 0x00 0x00 0x6f  j       128
	   372    0x00 0x07 0x86 0x93  mv      x13, x15
	   376    0x00 0x07 0x01 0x93  mv      x3,  x14
	   380    0x02 0xb0 0x06 0x63  beqz    x11, 44
	   384    0xfe 0x05 0x86 0x93  addi    x13, x11, -32
	   388    0x00 0x06 0xc8 0x63  bltz    x13, 16
	   392    0x00 0xd7 0x56 0xb3  srl     x13, x14, x13
	   396    0x00 0x00 0x01 0x93  li      x3,  0
	   400    0x01 0x80 0x00 0x6f  j       24
	   404    0x40 0xd0 0x06 0xb3  neg     x13, x13
	   408    0x00 0xb7 0xd2 0x33  srl     x4,  x15, x11
	   412    0x00 0xd7 0x16 0xb3  sll     x13, x14, x13
	   416    0x00 0xb7 0x51 0xb3  srl     x3,  x14, x11
	   420    0x00 0xd2 0x66 0xb3  or      x13, x4,  x13
	   424    0x40 0xb0 0x05 0xb3  neg     x11, x11
	   428    0x03 0xf5 0xf5 0x93  andi    x11, x11, 63
	   432    0x02 0xb0 0x06 0x63  beqz    x11, 44
	   436    0xfe 0x05 0x82 0x13  addi    x4,  x11, -32
	   440    0x00 0x02 0x48 0x63  bltz    x4,  16
	   444    0x00 0x47 0x97 0x33  sll     x14, x15, x4
	   448    0x00 0x00 0x07 0x93  li      x15, 0
	   452    0x01 0x80 0x00 0x6f  j       24
	   456    0x40 0x40 0x02 0x33  neg     x4,  x4
	   460    0x00 0x47 0xd2 0x33  srl     x4,  x15, x4
	   464    0x00 0xb7 0x17 0x33  sll     x14, x14, x11
	   468    0x00 0xb7 0x97 0xb3  sll     x15, x15, x11
	   472    0x00 0xe2 0x67 0x33  or      x14, x4,  x14
	   476    0x00 0xf7 0x67 0x33  or      x14, x14, x15
	   480    0x00 0xe0 0x37 0x33  snez    x14, x14
	   484    0x41 0xf7 0x57 0x93  srai    x15, x14, 31
	   488    0x00 0xd7 0x67 0x33  or      x14, x14, x13
	   492    0x00 0xf1 0xe7 0xb3  or      x15, x3,  x15
	   496    0x00 0xa6 0x66 0x33  or      x12, x12, x10
	   500    0x00 0xe3 0xb6 0xb3  sltu    x13, x7,  x14
	   504    0x40 0xf6 0x06 0x33  sub     x12, x12, x15
	   508    0x40 0xd6 0x07 0xb3  sub     x15, x12, x13
	   512    0x40 0xe3 0x87 0x33  sub     x14, x7,  x14
	   516    0x00 0x10 0x06 0x13  li      x12, 1
	   520    0x01 0x00 0x04 0x63  beqz    x16, 8
	   524    0x00 0x00 0x06 0x13  li      x12, 0
	   528    0x01 0x41 0x01 0x13  addi    x2,  x2,  20
	   532    0xff 0xf2 0x86 0x93  addi    x13, x5,  -1
	   536    0x00 0x00 0x00 0x6f  j       softfloat_normRoundPackToF64
.label __ll1_softfloat_subMagsF64
.call
	   540    0x00 0x00 0x00 0xef  call    softfloat_propagateNaNF64UI
	   544    0x0f 0xc0 0x00 0x6f  j       252
	   548    0x00 0x11 0x20 0x23  sw      x1,  0(x2)
	   552    0x00 0x41 0x26 0x23  sw      x4,  12(x2)
	   556    0x7f 0xf0 0x00 0x93  li      x1,  2047
	   560    0x12 0x40 0x8c 0x63  beq     x1,  x4,  312
	   564    0x40 0xa5 0x87 0xb3  sub     x15, x11, x10
	   568    0x40 0xe6 0x05 0xb3  sub     x11, x12, x14
	   572    0x00 0xe6 0x30 0xb3  sltu    x1,  x12, x14
	   576    0x40 0x17 0x86 0x33  sub     x12, x15, x1
	   580    0x00 0xb6 0x60 0xb3  or      x1,  x12, x11
	   584    0x14 0x10 0x00 0x63  beqz    x1,  320
	   588    0x00 0x40 0x08 0x63  beqz    x4,  16
	   592    0x00 0xc1 0x20 0x83  lw      x1,  12(x2)
	   596    0xff 0xf0 0x80 0x93  addi    x1,  x1,  -1
	   600    0x00 0x11 0x26 0x23  sw      x1,  12(x2)
	   604    0x02 0x06 0x56 0x63  bgez    x12, 44
	   608    0x00 0xb0 0x30 0xb3  snez    x1,  x11
	   612    0x40 0xc0 0x06 0x33  neg     x12, x12
	   616    0x40 0x16 0x06 0x33  sub     x12, x12, x1
	   620    0x40 0xb0 0x05 0xb3  neg     x11, x11
	   624    0x00 0x10 0x00 0x93  li      x1,  1
	   628    0x00 0xc1 0x22 0x23  sw      x12, 4(x2)
	   632    0x00 0xb1 0x24 0x23  sw      x11, 8(x2)
	   636    0x03 0x00 0x00 0x63  beqz    x16, 32
	   640    0x00 0x00 0x00 0x93  li      x1,  0
	   644    0x01 0x80 0x00 0x6f  j       24
	   648    0x00 0x10 0x00 0x93  li      x1,  1
	   652    0x00 0xc1 0x22 0x23  sw      x12, 4(x2)
	   656    0x00 0xb1 0x24 0x23  sw      x11, 8(x2)
	   660    0x01 0x00 0x14 0x63  bnez    x16, 8
	   664    0x00 0x00 0x00 0x93  li      x1,  0
	   668    0x00 0x11 0x28 0x23  sw      x1,  16(x2)
.call
	   672    0x00 0x00 0x00 0xef  call    softfloat_countLeadingZeros64
	   676    0xff 0x55 0x00 0x93  addi    x1,  x10, -11
	   680    0x00 0xc1 0x26 0x03  lw      x12, 12(x2)
	   684    0x40 0x16 0x08 0x33  sub     x16, x12, x1
	   688    0x01 0x01 0x27 0x03  lw      x14, 16(x2)
	   692    0x00 0x08 0x56 0x63  bgez    x16, 12
	   696    0x00 0x00 0x08 0x13  li      x16, 0
	   700    0x00 0x06 0x00 0x93  mv      x1,  x12
	   704    0x80 0x00 0x06 0x37  lui     x12, -524288
	   708    0x00 0xe0 0x14 0x63  bnez    x14, 8
	   712    0x00 0x00 0x06 0x13  li      x12, 0
	   716    0x01 0x48 0x18 0x13  slli    x16, x16, 20
	   720    0x00 0xc8 0x08 0x33  add     x16, x16, x12
	   724    0x02 0x10 0x0e 0x63  beqz    x1,  60
	   728    0xfe 0x00 0x86 0x13  addi    x12, x1,  -32
	   732    0x00 0x41 0x27 0x03  lw      x14, 4(x2)
	   736    0x00 0x06 0x4a 0x63  bltz    x12, 20
	   740    0x00 0x81 0x20 0x83  lw      x1,  8(x2)
	   744    0x00 0xc0 0x96 0x33  sll     x12, x1,  x12
	   748    0x00 0x00 0x05 0x13  li      x10, 0
	   752    0x02 0x80 0x00 0x6f  j       40
	   756    0x00 0x81 0x27 0x83  lw      x15, 8(x2)
	   760    0x40 0xc0 0x06 0x33  neg     x12, x12
	   764    0x00 0x17 0x17 0x33  sll     x14, x14, x1
	   768    0x00 0xc7 0xd6 0x33  srl     x12, x15, x12
	   772    0x00 0x17 0x95 0x33  sll     x10, x15, x1
	   776    0x00 0xe6 0x66 0x33  or      x12, x12, x14
	   780    0x00 0xc0 0x00 0x6f  j       12
	   784    0x00 0x41 0x26 0x03  lw      x12, 4(x2)
	   788    0x00 0x81 0x25 0x03  lw      x10, 8(x2)
	   792    0x00 0xc8 0x05 0xb3  add     x11, x16, x12
.label __ll2_softfloat_subMagsF64
	   796    0x00 0x01 0x28 0x03  lw      x16, 0(x2)
	   800    0x01 0x41 0x01 0x13  addi    x2,  x2,  20
.rts
	   804    0x00 0x08 0x00 0x67  jr      x16
	   808    0x00 0xb3 0x68 0x33  or      x16, x6,  x11
	   812    0x00 0x11 0x20 0x23  sw      x1,  0(x2)
	   816    0x01 0x00 0x04 0x63  beqz    x16, 8
	   820    0xee 0x9f 0xf0 0x6f  j       -280
	   824    0x00 0x06 0x05 0x13  mv      x10, x12
	   828    0x00 0x06 0x85 0x93  mv      x11, x13
	   832    0xfd 0xdf 0xf0 0x6f  j       -36
	   836    0x00 0x75 0x65 0xb3  or      x11, x10, x7
	   840    0x00 0x11 0x20 0x23  sw      x1,  0(x2)
	   844    0xec 0xb0 0x18 0xe3  bnez    x11, -304
	   848    0x00 0x00 0x05 0x13  li      x10, 0
	   852    0x00 0x18 0x38 0x13  seqz    x16, x16
	   856    0x01 0xf8 0x18 0x13  slli    x16, x16, 31
	   860    0x7f 0xf0 0x06 0x37  lui     x12, 524032
	   864    0x00 0xc8 0x05 0xb3  add     x11, x16, x12
	   868    0xfb 0x9f 0xf0 0x6f  j       -72
	   872    0x00 0xe6 0x68 0x33  or      x16, x12, x14
	   876    0x00 0xb5 0x60 0xb3  or      x1,  x10, x11
	   880    0x00 0x18 0x68 0x33  or      x16, x16, x1
	   884    0x01 0x00 0x04 0x63  beqz    x16, 8
	   888    0xea 0x5f 0xf0 0x6f  j       -348
	   892    0x00 0x00 0x05 0x13  li      x10, 0
	   896    0x7f 0xf8 0x05 0xb7  lui     x11, 524160
	   900    0xf9 0x9f 0xf0 0x6f  j       -104
	   904    0x00 0x00 0x05 0x93  li      x11, 0
	   908    0x00 0x00 0x05 0x13  li      x10, 0
.label softfloat_subMagsF64__end last
	   912    0xf8 0xdf 0xf0 0x6f  j       -116

.undef global text softfloat_countLeadingZeros64

.undef global text softfloat_normRoundPackToF64

.undef global text softfloat_propagateNaNF64UI

