
; File generated by darts version U-2022.12#33f3808fcb#221128, Fri Mar  8 12:18:30 2024
; Copyright 2014-2022 Synopsys, Inc. All rights reserved.
; darts -I.. -d -h -ISoftFloat-3e/source/include -ISoftFloat-3e/source/riscv -ISoftFloat-3e/build/chess -I../runtime/include -DCHESS_CXX_ATTRIBUTES -DSOFTFLOAT_NO_EXCEPTIONS -DINLINE_LEVEL=5 -DSOFTFLOAT_FAST_DIV32TO16 -D__tct_patch__=0 -L +Ihex Release/s_subMagsF32.o trv32p3_cnn

; Release: ipd U-2022.12
.undef global data softfloat_countLeadingZeros8

.text_segment_name
.text global 0 softfloat_subMagsF32
	     0    0x01 0x75 0xd1 0x93  srli    x3,  x11, 23
	     4    0x00 0x80 0x06 0xb7  lui     x13, 2048
	     8    0x0f 0xf1 0xf3 0x13  zext.b  x6,  x3
	    12    0xff 0xf6 0x86 0x93  addi    x13, x13, -1
	    16    0x01 0x76 0x55 0x13  srli    x10, x12, 23
	    20    0x00 0xb6 0xf1 0xb3  and     x3,  x13, x11
	    24    0x00 0xd6 0x72 0x33  and     x4,  x12, x13
	    28    0x0f 0xf5 0x75 0x13  zext.b  x10, x10
	    32    0xff 0xf3 0x04 0x13  addi    x8,  x6,  -1
	    36    0x01 0xf5 0xd6 0x93  srli    x13, x11, 31
	    40    0xff 0xc1 0x01 0x13  addi    x2,  x2,  -4
	    44    0x40 0xa3 0x02 0xb3  sub     x5,  x6,  x10
	    48    0x0a 0x50 0x02 0x63  beqz    x5,  164
	    52    0x00 0x71 0x91 0x93  slli    x3,  x3,  7
	    56    0x00 0x72 0x12 0x13  slli    x4,  x4,  7
	    60    0x0f 0xf0 0x03 0x93  li      x7,  255
	    64    0x02 0x02 0xc6 0x63  bltz    x5,  44
	    68    0x40 0x00 0x04 0xb7  lui     x9,  262144
	    72    0x14 0x63 0x82 0x63  beq     x7,  x6,  324
	    76    0x00 0x04 0x06 0x13  mv      x12, x8
	    80    0x00 0x34 0xe3 0xb3  or      x7,  x9,  x3
	    84    0x00 0xa0 0x14 0x63  bnez    x10, 8
	    88    0x00 0x02 0x04 0x93  mv      x9,  x4
	    92    0x00 0x92 0x01 0xb3  add     x3,  x4,  x9
	    96    0x00 0x10 0x05 0x93  li      x11, 1
	   100    0x02 0xd0 0x1a 0x63  bnez    x13, 52
	   104    0x02 0xc0 0x00 0x6f  j       44
	   108    0x40 0x00 0x04 0x37  lui     x8,  262144
	   112    0x12 0xa3 0x88 0x63  beq     x7,  x10, 304
	   116    0x00 0x44 0x63 0xb3  or      x7,  x8,  x4
	   120    0x00 0x60 0x14 0x63  bnez    x6,  8
	   124    0x00 0x01 0x84 0x13  mv      x8,  x3
	   128    0x00 0x34 0x01 0xb3  add     x3,  x8,  x3
	   132    0x40 0x50 0x02 0xb3  neg     x5,  x5
	   136    0xff 0xf5 0x06 0x13  addi    x12, x10, -1
	   140    0x00 0x10 0x05 0x93  li      x11, 1
	   144    0x00 0xd0 0x04 0x63  beqz    x13, 8
	   148    0x00 0x00 0x05 0x93  li      x11, 0
	   152    0x01 0xf0 0x05 0x13  li      x10, 31
	   156    0x00 0xa2 0xe6 0x63  bltu    x5,  x10, 12
	   160    0x00 0x30 0x35 0x33  snez    x10, x3
	   164    0x01 0xc0 0x00 0x6f  j       28
	   168    0x40 0x50 0x05 0x33  neg     x10, x5
	   172    0x01 0xf5 0x75 0x13  andi    x10, x10, 31
	   176    0x00 0xa1 0x95 0x33  sll     x10, x3,  x10
	   180    0x00 0x51 0xd6 0xb3  srl     x13, x3,  x5
	   184    0x00 0xa0 0x35 0x33  snez    x10, x10
	   188    0x00 0xd5 0x65 0x33  or      x10, x10, x13
	   192    0x00 0x41 0x01 0x13  addi    x2,  x2,  4
	   196    0x40 0xa3 0x86 0xb3  sub     x13, x7,  x10
	   200    0x00 0x00 0x00 0x6f  j       softfloat_normRoundPackToF32
.label __ll1_softfloat_subMagsF32
.call
	   204    0x00 0x00 0x00 0xef  call    softfloat_propagateNaNF32UI
	   208    0x0b 0x00 0x00 0x6f  j       176
	   212    0x00 0x11 0x20 0x23  sw      x1,  0(x2)
	   216    0x0f 0xf0 0x00 0x93  li      x1,  255
	   220    0x0c 0x60 0x8e 0x63  beq     x1,  x6,  220
	   224    0x40 0x41 0x86 0x33  sub     x12, x3,  x4
	   228    0x0e 0xc0 0x04 0x63  beqz    x12, 232
	   232    0x00 0x60 0x04 0x63  beqz    x6,  8
	   236    0x00 0x04 0x03 0x13  mv      x6,  x8
	   240    0x00 0x10 0x05 0x93  li      x11, 1
	   244    0x00 0x06 0x5a 0x63  bgez    x12, 20
	   248    0x40 0xc0 0x06 0x33  neg     x12, x12
	   252    0x00 0xd0 0x0a 0x63  beqz    x13, 20
	   256    0x00 0x00 0x05 0x93  li      x11, 0
	   260    0x00 0xc0 0x00 0x6f  j       12
	   264    0x00 0xd0 0x14 0x63  bnez    x13, 8
	   268    0x00 0x00 0x05 0x93  li      x11, 0
	   272    0x00 0x01 0x06 0xb7  lui     x13, 16
	   276    0x00 0x00 0x00 0x93  li      x1,  0
	   280    0x00 0x06 0x05 0x13  mv      x10, x12
	   284    0x00 0xd6 0x76 0x63  bgeu    x12, x13, 12
	   288    0x01 0x06 0x15 0x13  slli    x10, x12, 16
	   292    0x01 0x00 0x00 0x93  li      x1,  16
	   296    0x01 0x00 0x06 0xb7  lui     x13, 4096
	   300    0x00 0xd5 0x76 0x63  bgeu    x10, x13, 12
	   304    0x00 0x80 0x80 0x93  addi    x1,  x1,  8
	   308    0x00 0x85 0x15 0x13  slli    x10, x10, 8
.rela 2 softfloat_countLeadingZeros8 2048
	   312    0x00 0x00 0x06 0xb7  lui     x13, 0
	   316    0x01 0x85 0x55 0x13  srli    x10, x10, 24
.rela 3 softfloat_countLeadingZeros8 0
	   320    0x00 0x06 0x86 0x93  mv      x13, x13
	   324    0x00 0xd5 0x05 0x33  add     x10, x10, x13
	   328    0x00 0x05 0x45 0x03  lbu     x10, 0(x10)
	   332    0x00 0x15 0x00 0xb3  add     x1,  x10, x1
	   336    0xff 0x80 0x80 0x93  addi    x1,  x1,  -8
	   340    0x40 0x13 0x05 0x33  sub     x10, x6,  x1
	   344    0x00 0x05 0x56 0x63  bgez    x10, 12
	   348    0x00 0x00 0x05 0x13  li      x10, 0
	   352    0x00 0x03 0x00 0x93  mv      x1,  x6
	   356    0x80 0x00 0x06 0xb7  lui     x13, -524288
	   360    0x00 0xb0 0x14 0x63  bnez    x11, 8
	   364    0x00 0x00 0x06 0x93  li      x13, 0
	   368    0x01 0x75 0x15 0x93  slli    x11, x10, 23
	   372    0x00 0x16 0x16 0x33  sll     x12, x12, x1
	   376    0x00 0xb6 0x85 0xb3  add     x11, x13, x11
	   380    0x00 0xb6 0x05 0x33  add     x10, x12, x11
.label __ll2_softfloat_subMagsF32
	   384    0x00 0x01 0x26 0x03  lw      x12, 0(x2)
	   388    0x00 0x41 0x01 0x13  addi    x2,  x2,  4
.rts
	   392    0x00 0x06 0x00 0x67  jr      x12
	   396    0x00 0x11 0x20 0x23  sw      x1,  0(x2)
	   400    0x00 0x30 0x04 0x63  beqz    x3,  8
	   404    0xf3 0x9f 0xf0 0x6f  j       -200
	   408    0x00 0x05 0x85 0x13  mv      x10, x11
	   412    0xfe 0x5f 0xf0 0x6f  j       -28
	   416    0x00 0x11 0x20 0x23  sw      x1,  0(x2)
	   420    0xf2 0x40 0x14 0xe3  bnez    x4,  -216
	   424    0xff 0x80 0x05 0x37  lui     x10, -2048
	   428    0xfc 0xd0 0x0a 0xe3  beqz    x13, -44
	   432    0x7f 0x80 0x05 0x37  lui     x10, 522240
	   436    0xfc 0xdf 0xf0 0x6f  j       -52
	   440    0x00 0x32 0x60 0xb3  or      x1,  x4,  x3
	   444    0x00 0x10 0x04 0x63  beqz    x1,  8
	   448    0xf0 0xdf 0xf0 0x6f  j       -244
	   452    0x7f 0xc0 0x05 0x37  lui     x10, 523264
	   456    0xfb 0x9f 0xf0 0x6f  j       -72
	   460    0x00 0x00 0x05 0x13  li      x10, 0
.label softfloat_subMagsF32__end last
	   464    0xfb 0x1f 0xf0 0x6f  j       -80

.undef global data softfloat_countLeadingZeros8

.undef global text softfloat_normRoundPackToF32

.undef global text softfloat_propagateNaNF32UI

