
; File generated by darts version U-2022.12#33f3808fcb#221128, Sat Mar 16 14:39:46 2024
; Copyright 2014-2022 Synopsys, Inc. All rights reserved.
; darts -I.. -d -h -ISoftFloat-3e/source/include -ISoftFloat-3e/source/riscv -ISoftFloat-3e/build/chess -I../runtime/include -DCHESS_CXX_ATTRIBUTES -DSOFTFLOAT_NO_EXCEPTIONS -DINLINE_LEVEL=5 -DSOFTFLOAT_FAST_DIV32TO16 -D__tct_patch__=0 -L +Ihex Release/ui32_to_f64.o trv32p3_cnn

; Release: ipd U-2022.12
.undef global data softfloat_countLeadingZeros8

.text_segment_name
.text global 0 ui32_to_f64
	     0    0x00 0x00 0x05 0x93  li      x11, 0
	     4    0x00 0x00 0x05 0x13  li      x10, 0
	     8    0x08 0xc0 0x04 0x63  beqz    x12, 136
	    12    0x00 0x01 0x01 0xb7  lui     x3,  16
	    16    0x00 0x00 0x05 0x13  li      x10, 0
	    20    0x00 0x06 0x05 0x93  mv      x11, x12
	    24    0x00 0x36 0x76 0x63  bgeu    x12, x3,  12
	    28    0x01 0x06 0x15 0x93  slli    x11, x12, 16
	    32    0x01 0x00 0x05 0x13  li      x10, 16
	    36    0x01 0x00 0x01 0xb7  lui     x3,  4096
	    40    0x00 0x35 0xf6 0x63  bgeu    x11, x3,  12
	    44    0x00 0x85 0x05 0x13  addi    x10, x10, 8
	    48    0x00 0x85 0x95 0x93  slli    x11, x11, 8
.rela 2 softfloat_countLeadingZeros8 2048
	    52    0x00 0x00 0x01 0xb7  lui     x3,  0
	    56    0x01 0x85 0xd5 0x93  srli    x11, x11, 24
.rela 3 softfloat_countLeadingZeros8 0
	    60    0x00 0x01 0x81 0x93  mv      x3,  x3
	    64    0x00 0xb1 0x81 0xb3  add     x3,  x3,  x11
	    68    0x43 0x20 0x05 0x93  li      x11, 1074
	    72    0x00 0x01 0xc1 0x83  lbu     x3,  0(x3)
	    76    0x00 0x35 0x05 0x33  add     x10, x10, x3
	    80    0x01 0x55 0x05 0x13  addi    x10, x10, 21
	    84    0x40 0xa5 0x85 0xb3  sub     x11, x11, x10
	    88    0x01 0x45 0x95 0x93  slli    x11, x11, 20
	    92    0x02 0xa0 0x04 0x63  beqz    x10, 40
	    96    0xfe 0x05 0x01 0x93  addi    x3,  x10, -32
	   100    0x00 0x01 0xc8 0x63  bltz    x3,  16
	   104    0x00 0x36 0x16 0x33  sll     x12, x12, x3
	   108    0x00 0x00 0x05 0x13  li      x10, 0
	   112    0x01 0xc0 0x00 0x6f  j       28
	   116    0x00 0xa6 0x15 0x33  sll     x10, x12, x10
	   120    0x40 0x30 0x01 0xb3  neg     x3,  x3
	   124    0x00 0x36 0x56 0x33  srl     x12, x12, x3
	   128    0x00 0xc0 0x00 0x6f  j       12
	   132    0x00 0x06 0x05 0x13  mv      x10, x12
	   136    0x00 0x00 0x06 0x13  li      x12, 0
	   140    0x00 0xb6 0x05 0xb3  add     x11, x12, x11
.label ui32_to_f64__end last
.rts
	   144    0x00 0x00 0x80 0x67  ret

.undef global data softfloat_countLeadingZeros8

