
; File generated by darts version U-2022.12#33f3808fcb#221128, Wed Feb 21 16:32:38 2024
; Copyright 2014-2022 Synopsys, Inc. All rights reserved.
; darts -I.. -d -h -ISoftFloat-3e/source/include -ISoftFloat-3e/source/riscv -ISoftFloat-3e/build/chess -I../runtime/include -DCHESS_CXX_ATTRIBUTES -DSOFTFLOAT_NO_EXCEPTIONS -DINLINE_LEVEL=5 -DSOFTFLOAT_FAST_DIV32TO16 -D__tct_patch__=0 -L +Ihex Release/ui32_to_f32.o trv32p3_cnn

; Release: ipd U-2022.12
.undef global data softfloat_countLeadingZeros8

.text_segment_name
.text global 0 ui32_to_f32
	     0    0x02 0xb0 0x0c 0x63  beqz    x11, 56
	     4    0x80 0x00 0x05 0x37  lui     x10, -524288
	     8    0x00 0xb5 0x75 0x33  and     x10, x10, x11
	    12    0x00 0xa0 0x1a 0x63  bnez    x10, 20
	    16    0x00 0x05 0x86 0x93  mv      x13, x11
	    20    0x00 0x00 0x05 0x93  li      x11, 0
	    24    0x09 0xc0 0x06 0x13  li      x12, 156
	    28    0x00 0x00 0x00 0x6f  j       softfloat_normRoundPackToF32
	    32    0x00 0x15 0xf5 0x13  andi    x10, x11, 1
	    36    0x00 0x15 0xd5 0x93  srli    x11, x11, 1
	    40    0x00 0xb5 0x66 0xb3  or      x13, x10, x11
	    44    0x00 0x00 0x05 0x93  li      x11, 0
	    48    0x09 0xd0 0x06 0x13  li      x12, 157
	    52    0x00 0x00 0x00 0x6f  j       softfloat_roundPackToF32
	    56    0x00 0x00 0x05 0x13  li      x10, 0
.label ui32_to_f32__end last
.rts
	    60    0x00 0x00 0x80 0x67  ret

.undef global text softfloat_roundPackToF32

.undef global text softfloat_normRoundPackToF32

