
; File generated by darts version U-2022.12#33f3808fcb#221128, Sat Mar 16 14:39:46 2024
; Copyright 2014-2022 Synopsys, Inc. All rights reserved.
; darts -I.. -d -h -ISoftFloat-3e/source/include -ISoftFloat-3e/source/riscv -ISoftFloat-3e/build/chess -I../runtime/include -DCHESS_CXX_ATTRIBUTES -DSOFTFLOAT_NO_EXCEPTIONS -DINLINE_LEVEL=5 -DSOFTFLOAT_FAST_DIV32TO16 -D__tct_patch__=0 -L +Ihex Release/ui64_to_f32.o trv32p3_cnn

; Release: ipd U-2022.12
.undef global data softfloat_countLeadingZeros8

.text_segment_name
.text global 0 ui64_to_f32
	     0    0xff 0x41 0x01 0x13  addi    x2,  x2,  -12
	     4    0x00 0xc1 0x20 0x23  sw      x12, 0(x2)
	     8    0x00 0xb1 0x24 0x23  sw      x11, 8(x2)
	    12    0x00 0x11 0x22 0x23  sw      x1,  4(x2)
.call
	    16    0x00 0x00 0x00 0xef  call    softfloat_countLeadingZeros64
	    20    0xfd 0x85 0x06 0x13  addi    x12, x10, -40
	    24    0x0a 0x06 0x56 0x63  bgez    x12, 172
	    28    0x00 0x76 0x06 0x13  addi    x12, x12, 7
	    32    0x00 0x06 0x48 0x63  bltz    x12, 16
	    36    0x00 0x81 0x20 0x83  lw      x1,  8(x2)
	    40    0x00 0xc0 0x96 0xb3  sll     x13, x1,  x12
	    44    0x08 0x00 0x00 0x6f  j       128
	    48    0x40 0xc0 0x05 0x33  neg     x10, x12
	    52    0xfe 0x05 0x06 0x93  addi    x13, x10, -32
	    56    0x00 0x81 0x25 0x83  lw      x11, 8(x2)
	    60    0x40 0xd0 0x02 0x33  neg     x4,  x13
	    64    0x00 0x10 0x00 0x93  li      x1,  1
	    68    0x00 0x00 0x02 0x93  li      x5,  0
	    72    0x00 0x05 0x81 0x93  mv      x3,  x11
	    76    0x02 0xa0 0x0c 0x63  beqz    x10, 56
	    80    0x00 0x01 0x21 0x83  lw      x3,  0(x2)
	    84    0x00 0x06 0xc6 0x63  bltz    x13, 12
	    88    0x00 0xd1 0xd1 0xb3  srl     x3,  x3,  x13
	    92    0x01 0x00 0x00 0x6f  j       16
	    96    0x00 0x41 0x91 0xb3  sll     x3,  x3,  x4
	   100    0x00 0xa5 0xd2 0xb3  srl     x5,  x11, x10
	   104    0x00 0x32 0xe1 0xb3  or      x3,  x5,  x3
	   108    0x00 0x06 0xc8 0x63  bltz    x13, 16
	   112    0x00 0xd0 0x92 0xb3  sll     x5,  x1,  x13
	   116    0x00 0x00 0x00 0x93  li      x1,  0
	   120    0x00 0xc0 0x00 0x6f  j       12
	   124    0x00 0x40 0xd2 0xb3  srl     x5,  x1,  x4
	   128    0x00 0xa0 0x90 0xb3  sll     x1,  x1,  x10
	   132    0xff 0xf0 0x85 0x13  addi    x10, x1,  -1
	   136    0xff 0xf2 0x86 0x93  addi    x13, x5,  -1
	   140    0x00 0x15 0x30 0xb3  sltu    x1,  x10, x1
	   144    0x00 0xd0 0x80 0xb3  add     x1,  x1,  x13
	   148    0x00 0x01 0x26 0x83  lw      x13, 0(x2)
	   152    0x00 0xb5 0x75 0xb3  and     x11, x10, x11
	   156    0x00 0xd0 0xf0 0xb3  and     x1,  x1,  x13
	   160    0x00 0xb0 0xe0 0xb3  or      x1,  x1,  x11
	   164    0x00 0x10 0x30 0xb3  snez    x1,  x1
	   168    0x00 0x30 0xe6 0xb3  or      x13, x1,  x3
	   172    0x09 0xc0 0x05 0x93  li      x11, 156
	   176    0x40 0xc5 0x86 0x33  sub     x12, x11, x12
	   180    0x00 0x41 0x20 0x83  lw      x1,  4(x2)
	   184    0x00 0xc1 0x01 0x13  addi    x2,  x2,  12
	   188    0x00 0x00 0x05 0x93  li      x11, 0
	   192    0x00 0x00 0x00 0x6f  j       softfloat_roundPackToF32
	   196    0x00 0x81 0x20 0x83  lw      x1,  8(x2)
	   200    0x00 0x01 0x25 0x83  lw      x11, 0(x2)
	   204    0x00 0xb0 0xe5 0xb3  or      x11, x1,  x11
	   208    0x02 0xb0 0x00 0x63  beqz    x11, 32
	   212    0x09 0x50 0x05 0x93  li      x11, 149
	   216    0x40 0xc5 0x85 0xb3  sub     x11, x11, x12
	   220    0x00 0xc0 0x96 0x33  sll     x12, x1,  x12
	   224    0x01 0x75 0x90 0x93  slli    x1,  x11, 23
	   228    0x00 0x16 0x05 0x33  add     x10, x12, x1
	   232    0x00 0x41 0x26 0x03  lw      x12, 4(x2)
	   236    0x00 0xc0 0x00 0x6f  j       12
	   240    0x00 0x41 0x26 0x03  lw      x12, 4(x2)
	   244    0x00 0x00 0x05 0x13  li      x10, 0
	   248    0x00 0xc1 0x01 0x13  addi    x2,  x2,  12
.label ui64_to_f32__end last
.rts
	   252    0x00 0x06 0x00 0x67  jr      x12

.undef global text softfloat_countLeadingZeros64

.undef global text softfloat_roundPackToF32

