
; File generated by darts version U-2022.12#33f3808fcb#221128, Tue Mar 19 15:57:55 2024
; Copyright 2014-2022 Synopsys, Inc. All rights reserved.
; darts -I.. -d -h -ISoftFloat-3e/source/include -ISoftFloat-3e/source/riscv -ISoftFloat-3e/build/chess -I../runtime/include -DCHESS_CXX_ATTRIBUTES -DSOFTFLOAT_NO_EXCEPTIONS -DINLINE_LEVEL=5 -DSOFTFLOAT_FAST_DIV32TO16 -D__tct_patch__=0 -L +Ihex Release/ui64_to_f64.o trv32p3_cnn

; Release: ipd U-2022.12
.undef global data softfloat_countLeadingZeros8

.text_segment_name
.text global 0 ui64_to_f64
	     0    0x00 0xd6 0x65 0xb3  or      x11, x12, x13
	     4    0x04 0xb0 0x0a 0x63  beqz    x11, 84
	     8    0x80 0x00 0x05 0xb7  lui     x11, -524288
	    12    0x00 0xb6 0xf5 0xb3  and     x11, x13, x11
	    16    0x00 0xb0 0x1c 0x63  bnez    x11, 24
	    20    0x00 0x06 0x87 0x93  mv      x15, x13
	    24    0x00 0x06 0x07 0x13  mv      x14, x12
	    28    0x00 0x00 0x06 0x13  li      x12, 0
	    32    0x43 0xc0 0x06 0x93  li      x13, 1084
	    36    0x00 0x00 0x00 0x6f  j       softfloat_normRoundPackToF64
	    40    0x00 0x16 0x75 0x93  andi    x11, x12, 1
	    44    0x01 0xf6 0x97 0x13  slli    x14, x13, 31
	    48    0x00 0xb0 0x35 0xb3  snez    x11, x11
	    52    0x00 0x16 0x56 0x13  srli    x12, x12, 1
	    56    0x00 0x16 0xd6 0x93  srli    x13, x13, 1
	    60    0x00 0xe6 0x66 0x33  or      x12, x12, x14
	    64    0x41 0xf5 0xd7 0x93  srai    x15, x11, 31
	    68    0x00 0xb6 0x67 0x33  or      x14, x12, x11
	    72    0x00 0xf6 0xe7 0xb3  or      x15, x13, x15
	    76    0x00 0x00 0x06 0x13  li      x12, 0
	    80    0x43 0xd0 0x06 0x93  li      x13, 1085
	    84    0x00 0x00 0x00 0x6f  j       softfloat_roundPackToF64
	    88    0x00 0x00 0x05 0x93  li      x11, 0
	    92    0x00 0x00 0x05 0x13  li      x10, 0
.label ui64_to_f64__end last
.rts
	    96    0x00 0x00 0x80 0x67  ret

.undef global text softfloat_roundPackToF64

.undef global text softfloat_normRoundPackToF64

