
; File generated by darts version U-2022.12#33f3808fcb#221128, Thu Feb 29 17:32:09 2024
; Copyright 2014-2022 Synopsys, Inc. All rights reserved.
; darts -I.. -d -h -I../runtime/include -DCHESS_CXX_ATTRIBUTES -DNDEBUG -D__tct_patch__=0 -L +Ihex Release/atexit.o trv32p3_cnn

; Release: ipd U-2022.12
.data_segment_name
.bss local 4 _ZL7atexits DMb 512

.data_segment_name
.data local 4 _ZL10atexit_nxt DMb_stat
.rela 9 _ZL7atexits 0
	0x0
	0x0
	0x0
	0x0

.undef local data _ZL10atexit_nxt

.undef local data _ZL7atexits

.undef local data _ZL10atexit_nxt

.undef local data _ZL7atexits

.text_segment_name
.text global 0 __cxa_atexit
	     0    0x00 0x00 0x25 0x03  lw      x10, _ZL10atexit_nxt(x0)
	     4    0x20 0x00 0x06 0x93  li      x13, (_ZL7atexits + 512)
	     8    0x00 0xa6 0x8e 0x63  beq     x13, x10, 28
	    12    0x00 0xc5 0x22 0x23  sw      x12, 4(x10)
	    16    0x00 0x85 0x06 0x13  addi    x12, x10, 8
	    20    0x00 0xb5 0x20 0x23  sw      x11, 0(x10)
	    24    0x00 0xc0 0x20 0x23  sw      x12, _ZL10atexit_nxt(x0)
	    28    0x00 0x00 0x05 0x13  li      x10, 0
.rts
	    32    0x00 0x00 0x80 0x67  ret
	    36    0xff 0xf0 0x05 0x13  li      x10, -1
.label __cxa_atexit__end last
.rts
	    40    0x00 0x00 0x80 0x67  ret

.text_segment_name
.text global 0 __cxa_finalize
	     0    0xff 0xc1 0x01 0x13  addi    x2,  x2,  -4
	     4    0x00 0x00 0x25 0x03  lw      x10, _ZL10atexit_nxt(x0)
	     8    0x00 0x11 0x20 0x23  sw      x1,  0(x2)
	    12    0x00 0x00 0x00 0x93  li      x1,  _ZL7atexits
	    16    0x02 0xa0 0x84 0x63  beq     x1,  x10, 40
	    20    0x00 0x00 0x25 0x03  lw      x10, _ZL10atexit_nxt(x0)
	    24    0xff 0x85 0x00 0x93  addi    x1,  x10, -8
	    28    0x00 0x10 0x20 0x23  sw      x1,  _ZL10atexit_nxt(x0)
	    32    0x00 0x00 0xa0 0x83  lw      x1,  0(x1)
	    36    0xff 0xc5 0x25 0x03  lw      x10, -4(x10)
.call
	    40    0x00 0x00 0x80 0xe7  call    x1
	    44    0x00 0x00 0x25 0x03  lw      x10, _ZL10atexit_nxt(x0)
	    48    0x00 0x00 0x00 0x93  li      x1,  _ZL7atexits
	    52    0xfe 0xa0 0x90 0xe3  bne     x1,  x10, -32
	    56    0x00 0x01 0x25 0x03  lw      x10, 0(x2)
	    60    0x00 0x41 0x01 0x13  addi    x2,  x2,  4
.label __cxa_finalize__end last
.rts
	    64    0x00 0x05 0x00 0x67  jr      x10



.direct_eval +,-,(,)
