
; File generated by darts version U-2022.12#33f3808fcb#221128, Tue Mar 19 17:12:50 2024
; Copyright 2014-2022 Synopsys, Inc. All rights reserved.
; darts -I.. -d -h -I../runtime/include -DCHESS_CXX_ATTRIBUTES -DNDEBUG -D__tct_patch__=0 -L +Ihex Release/clib_inline.o trv32p3_cnn

; Release: ipd U-2022.12
.undef global data stdin

.undef global data stdout

.undef global data _ct_code

.text_segment_name
.text global 0 strcoll
.label strcoll__end last
	     0    0x00 0x00 0x00 0x6f  j       strcmp

.undef global text strcmp

.text_segment_name
.text global 0 atoi
	     0    0x00 0x00 0x06 0x13  li      x12, 0
	     4    0x00 0xa0 0x06 0x93  li      x13, 10
.label atoi__end last
	     8    0x00 0x00 0x00 0x6f  j       strtol

.undef global text strtol

.text_segment_name
.text global 0 atol
	     0    0x00 0x00 0x06 0x13  li      x12, 0
	     4    0x00 0xa0 0x06 0x93  li      x13, 10
.label atol__end last
	     8    0x00 0x00 0x00 0x6f  j       strtol

.undef global text strtol

.text_segment_name
.text global 0 exit
	     0    0xff 0xc1 0x01 0x13  addi    x2,  x2,  -4
	     4    0x00 0xa1 0x20 0x23  sw      x10, 0(x2)
	     8    0x00 0x00 0x05 0x13  li      x10, 0
.call
	    12    0x00 0x00 0x00 0xef  call    __cxa_finalize
	    16    0x00 0x01 0x25 0x03  lw      x10, 0(x2)
	    20    0x00 0x00 0x00 0x33  nop
.label exit__end last
	    24    0x00 0x00 0x00 0x6f  j       0

.undef global text __cxa_finalize

.text_segment_name
.text global 0 abort
	     0    0x07 0xf0 0x05 0x13  li      x10, 127
	     4    0x00 0x00 0x00 0x33  nop
.label abort__end last
	     8    0x00 0x00 0x00 0x6f  j       0

.text_segment_name
.text global 0 _Exit
	     0    0x00 0x00 0x00 0x33  nop
.label _Exit__end last
	     4    0x00 0x00 0x00 0x6f  j       0

.text_segment_name
.text global 0 atexit
	     0    0x00 0x00 0x06 0x93  li      x13, 0
	     4    0x00 0x00 0x06 0x13  li      x12, 0
.label atexit__end last
	     8    0x00 0x00 0x00 0x6f  j       __cxa_atexit

.undef global text __cxa_atexit

.text_segment_name
.text global 0 vprintf
	     0    0x00 0x06 0x06 0x93  mv      x13, x12
	     4    0x00 0x05 0x86 0x13  mv      x12, x11
	     8    0x00 0x00 0x25 0x83  lw      x11, stdout(x0)
.label vprintf__end last
	    12    0x00 0x00 0x00 0x6f  j       vfprintf

.undef global data stdout

.undef global text vfprintf

.text_segment_name
.text global 0 vscanf
	     0    0x00 0x06 0x06 0x93  mv      x13, x12
	     4    0x00 0x05 0x86 0x13  mv      x12, x11
	     8    0x00 0x00 0x25 0x83  lw      x11, stdin(x0)
.label vscanf__end last
	    12    0x00 0x00 0x00 0x6f  j       vfscanf

.undef global data stdin

.undef global text vfscanf

.text_segment_name
.text global 0 putc
.label putc__end last
	     0    0x00 0x00 0x00 0x6f  j       fputc

.undef global text fputc

.text_segment_name
.text global 0 putchar
	     0    0x00 0x00 0x26 0x03  lw      x12, stdout(x0)
.label putchar__end last
	     4    0x00 0x00 0x00 0x6f  j       fputc

.undef global data stdout

.undef global text fputc

.text_segment_name
.text global 0 puts
	     0    0xff 0xc1 0x01 0x13  addi    x2,  x2,  -4
	     4    0x00 0x00 0x26 0x03  lw      x12, stdout(x0)
	     8    0x00 0x11 0x20 0x23  sw      x1,  0(x2)
.call
	    12    0x00 0x00 0x00 0xef  call    fputs
	    16    0x00 0x05 0x4c 0x63  bltz    x10, 24
	    20    0x00 0x01 0x20 0x83  lw      x1,  0(x2)
	    24    0x00 0x00 0x26 0x03  lw      x12, stdout(x0)
	    28    0x00 0x41 0x01 0x13  addi    x2,  x2,  4
	    32    0x00 0xa0 0x05 0x93  li      x11, 10
	    36    0x00 0x00 0x00 0x6f  j       fputc
	    40    0x00 0x01 0x25 0x83  lw      x11, 0(x2)
	    44    0x00 0x41 0x01 0x13  addi    x2,  x2,  4
.label puts__end last
.rts
	    48    0x00 0x05 0x80 0x67  jr      x11

.undef global data stdout

.undef global text fputs

.undef global text fputc

.text_segment_name
.text global 0 getc
.label getc__end last
	     0    0x00 0x00 0x00 0x6f  j       fgetc

.undef global text fgetc

.text_segment_name
.text global 0 getchar
	     0    0x00 0x00 0x25 0x83  lw      x11, stdin(x0)
.label getchar__end last
	     4    0x00 0x00 0x00 0x6f  j       fgetc

.undef global data stdin

.undef global text fgetc

.text_segment_name
.text global 0 rewind
	     0    0x00 0x00 0x06 0x93  li      x13, 0
	     4    0x00 0x05 0x05 0x93  mv      x11, x10
	     8    0x00 0x00 0x06 0x13  li      x12, 0
.label rewind__end last
	    12    0x00 0x00 0x00 0x6f  j       fseek

.undef global text fseek

.text_segment_name
.text global 0 isalnum
.rela 2 _ct_code 2048
	     0    0x00 0x00 0x05 0x37  lui     x10, 0
	     4    0x0f 0xf5 0xf5 0x93  zext.b  x11, x11
.rela 3 _ct_code 0
	     8    0x00 0x05 0x05 0x13  mv      x10, x10
	    12    0x00 0xb5 0x05 0x33  add     x10, x10, x11
	    16    0x00 0x05 0x45 0x03  lbu     x10, 0(x10)
	    20    0x00 0x75 0x75 0x13  andi    x10, x10, 7
.label isalnum__end last
.rts
	    24    0x00 0x00 0x80 0x67  ret

.undef global data _ct_code

.text_segment_name
.text global 0 isalpha
.rela 2 _ct_code 2048
	     0    0x00 0x00 0x05 0x37  lui     x10, 0
	     4    0x0f 0xf5 0xf5 0x93  zext.b  x11, x11
.rela 3 _ct_code 0
	     8    0x00 0x05 0x05 0x13  mv      x10, x10
	    12    0x00 0xb5 0x05 0x33  add     x10, x10, x11
	    16    0x00 0x05 0x45 0x03  lbu     x10, 0(x10)
	    20    0x00 0x35 0x75 0x13  andi    x10, x10, 3
.label isalpha__end last
.rts
	    24    0x00 0x00 0x80 0x67  ret

.undef global data _ct_code

.text_segment_name
.text global 0 isblank
.rela 2 _ct_code 2048
	     0    0x00 0x00 0x05 0x37  lui     x10, 0
	     4    0x0f 0xf5 0xf5 0x93  zext.b  x11, x11
.rela 3 _ct_code 0
	     8    0x00 0x05 0x05 0x13  mv      x10, x10
	    12    0x00 0xb5 0x05 0x33  add     x10, x10, x11
	    16    0x00 0x05 0x45 0x03  lbu     x10, 0(x10)
	    20    0x08 0x05 0x75 0x13  andi    x10, x10, 128
.label isblank__end last
.rts
	    24    0x00 0x00 0x80 0x67  ret

.undef global data _ct_code

.text_segment_name
.text global 0 iscntrl
.rela 2 _ct_code 2048
	     0    0x00 0x00 0x05 0x37  lui     x10, 0
	     4    0x0f 0xf5 0xf5 0x93  zext.b  x11, x11
.rela 3 _ct_code 0
	     8    0x00 0x05 0x05 0x13  mv      x10, x10
	    12    0x00 0xb5 0x05 0x33  add     x10, x10, x11
	    16    0x00 0x05 0x45 0x03  lbu     x10, 0(x10)
	    20    0x02 0x05 0x75 0x13  andi    x10, x10, 32
.label iscntrl__end last
.rts
	    24    0x00 0x00 0x80 0x67  ret

.undef global data _ct_code

.text_segment_name
.text global 0 isdigit
.rela 2 _ct_code 2048
	     0    0x00 0x00 0x05 0x37  lui     x10, 0
	     4    0x0f 0xf5 0xf5 0x93  zext.b  x11, x11
.rela 3 _ct_code 0
	     8    0x00 0x05 0x05 0x13  mv      x10, x10
	    12    0x00 0xb5 0x05 0x33  add     x10, x10, x11
	    16    0x00 0x05 0x45 0x03  lbu     x10, 0(x10)
	    20    0x00 0x45 0x75 0x13  andi    x10, x10, 4
.label isdigit__end last
.rts
	    24    0x00 0x00 0x80 0x67  ret

.undef global data _ct_code

.text_segment_name
.text global 0 isgraph
.rela 2 _ct_code 2048
	     0    0x00 0x00 0x05 0x37  lui     x10, 0
	     4    0x0f 0xf5 0xf5 0x93  zext.b  x11, x11
.rela 3 _ct_code 0
	     8    0x00 0x05 0x05 0x13  mv      x10, x10
	    12    0x00 0xb5 0x05 0x33  add     x10, x10, x11
	    16    0x00 0x05 0x45 0x03  lbu     x10, 0(x10)
	    20    0x01 0x75 0x75 0x13  andi    x10, x10, 23
.label isgraph__end last
.rts
	    24    0x00 0x00 0x80 0x67  ret

.undef global data _ct_code

.text_segment_name
.text global 0 islower
.rela 2 _ct_code 2048
	     0    0x00 0x00 0x05 0x37  lui     x10, 0
	     4    0x0f 0xf5 0xf5 0x93  zext.b  x11, x11
.rela 3 _ct_code 0
	     8    0x00 0x05 0x05 0x13  mv      x10, x10
	    12    0x00 0xb5 0x05 0x33  add     x10, x10, x11
	    16    0x00 0x05 0x45 0x03  lbu     x10, 0(x10)
	    20    0x00 0x15 0x75 0x13  andi    x10, x10, 1
.label islower__end last
.rts
	    24    0x00 0x00 0x80 0x67  ret

.undef global data _ct_code

.text_segment_name
.text global 0 isprint
.rela 2 _ct_code 2048
	     0    0x00 0x00 0x05 0x37  lui     x10, 0
	     4    0x0f 0xf5 0xf1 0x93  zext.b  x3,  x11
.rela 3 _ct_code 0
	     8    0x00 0x05 0x05 0x13  mv      x10, x10
	    12    0x00 0x35 0x05 0x33  add     x10, x10, x3
	    16    0x00 0x05 0x45 0x03  lbu     x10, 0(x10)
	    20    0x09 0x75 0x71 0x93  andi    x3,  x10, 151
	    24    0x00 0x10 0x05 0x13  li      x10, 1
	    28    0x00 0x30 0x06 0x63  beqz    x3,  12
	    32    0x00 0x90 0x01 0x93  li      x3,  9
	    36    0x00 0xb1 0x94 0x63  bne     x3,  x11, 8
	    40    0x00 0x00 0x05 0x13  li      x10, 0
.label isprint__end last
.rts
	    44    0x00 0x00 0x80 0x67  ret

.undef global data _ct_code

.text_segment_name
.text global 0 ispunct
.rela 2 _ct_code 2048
	     0    0x00 0x00 0x05 0x37  lui     x10, 0
	     4    0x0f 0xf5 0xf5 0x93  zext.b  x11, x11
.rela 3 _ct_code 0
	     8    0x00 0x05 0x05 0x13  mv      x10, x10
	    12    0x00 0xb5 0x05 0x33  add     x10, x10, x11
	    16    0x00 0x05 0x45 0x03  lbu     x10, 0(x10)
	    20    0x01 0x05 0x75 0x13  andi    x10, x10, 16
.label ispunct__end last
.rts
	    24    0x00 0x00 0x80 0x67  ret

.undef global data _ct_code

.text_segment_name
.text global 0 isspace
.rela 2 _ct_code 2048
	     0    0x00 0x00 0x05 0x37  lui     x10, 0
	     4    0x0f 0xf5 0xf5 0x93  zext.b  x11, x11
.rela 3 _ct_code 0
	     8    0x00 0x05 0x05 0x13  mv      x10, x10
	    12    0x00 0xb5 0x05 0x33  add     x10, x10, x11
	    16    0x00 0x05 0x45 0x03  lbu     x10, 0(x10)
	    20    0x04 0x05 0x75 0x13  andi    x10, x10, 64
.label isspace__end last
.rts
	    24    0x00 0x00 0x80 0x67  ret

.undef global data _ct_code

.text_segment_name
.text global 0 isupper
.rela 2 _ct_code 2048
	     0    0x00 0x00 0x05 0x37  lui     x10, 0
	     4    0x0f 0xf5 0xf5 0x93  zext.b  x11, x11
.rela 3 _ct_code 0
	     8    0x00 0x05 0x05 0x13  mv      x10, x10
	    12    0x00 0xb5 0x05 0x33  add     x10, x10, x11
	    16    0x00 0x05 0x45 0x03  lbu     x10, 0(x10)
	    20    0x00 0x25 0x75 0x13  andi    x10, x10, 2
.label isupper__end last
.rts
	    24    0x00 0x00 0x80 0x67  ret

.undef global data _ct_code

.text_segment_name
.text global 0 isxdigit
.rela 2 _ct_code 2048
	     0    0x00 0x00 0x05 0x37  lui     x10, 0
	     4    0x0f 0xf5 0xf5 0x93  zext.b  x11, x11
.rela 3 _ct_code 0
	     8    0x00 0x05 0x05 0x13  mv      x10, x10
	    12    0x00 0xb5 0x05 0x33  add     x10, x10, x11
	    16    0x00 0x05 0x45 0x03  lbu     x10, 0(x10)
	    20    0x00 0x85 0x75 0x13  andi    x10, x10, 8
.label isxdigit__end last
.rts
	    24    0x00 0x00 0x80 0x67  ret

.undef global data _ct_code

.text_segment_name
.text global 0 tolower
	     0    0x00 0x05 0x85 0x13  mv      x10, x11
.rela 2 _ct_code 2048
	     4    0x00 0x00 0x05 0xb7  lui     x11, 0
	     8    0x0f 0xf5 0x71 0x93  zext.b  x3,  x10
.rela 3 _ct_code 0
	    12    0x00 0x05 0x85 0x93  mv      x11, x11
	    16    0x00 0xb1 0x85 0xb3  add     x11, x3,  x11
	    20    0x00 0x05 0xc5 0x83  lbu     x11, 0(x11)
	    24    0x00 0x25 0xf5 0x93  andi    x11, x11, 2
	    28    0x00 0xb0 0x04 0x63  beqz    x11, 8
	    32    0x02 0x05 0x05 0x13  addi    x10, x10, 32
.label tolower__end last
.rts
	    36    0x00 0x00 0x80 0x67  ret

.undef global data _ct_code

.text_segment_name
.text global 0 toupper
	     0    0x00 0x05 0x85 0x13  mv      x10, x11
.rela 2 _ct_code 2048
	     4    0x00 0x00 0x05 0xb7  lui     x11, 0
	     8    0x0f 0xf5 0x71 0x93  zext.b  x3,  x10
.rela 3 _ct_code 0
	    12    0x00 0x05 0x85 0x93  mv      x11, x11
	    16    0x00 0xb1 0x85 0xb3  add     x11, x3,  x11
	    20    0x00 0x05 0xc5 0x83  lbu     x11, 0(x11)
	    24    0x00 0x15 0xf5 0x93  andi    x11, x11, 1
	    28    0x00 0xb0 0x04 0x63  beqz    x11, 8
	    32    0xfe 0x05 0x05 0x13  addi    x10, x10, -32
.label toupper__end last
.rts
	    36    0x00 0x00 0x80 0x67  ret

.undef global data _ct_code

