
; File generated by darts version U-2022.12#33f3808fcb#221128, Thu Feb 29 17:32:08 2024
; Copyright 2014-2022 Synopsys, Inc. All rights reserved.
; darts -I.. -d -h -I../runtime/include -DCHESS_CXX_ATTRIBUTES -DNDEBUG -D__tct_patch__=0 -L +Ihex Release/crt0.o trv32p3_cnn

; Release: ipd U-2022.12
.text_segment_name
.text local 0 _fini
	     0    0xff 0x81 0x01 0x13  addi    x2,  x2,  -8
	     4    0x00 0x00 0x01 0x93  li      x3,  _dtors_start
	     8    0x00 0x11 0x20 0x23  sw      x1,  0(x2)
	    12    0x00 0x00 0x00 0x93  li      x1,  _dtors_end
	    16    0x02 0x11 0x80 0x63  beq     x3,  x1,  32
	    20    0x00 0x01 0xa0 0x83  lw      x1,  0(x3)
	    24    0x00 0x41 0x81 0x93  addi    x3,  x3,  4
	    28    0x00 0x31 0x22 0x23  sw      x3,  4(x2)
.call
	    32    0x00 0x00 0x80 0xe7  call    x1
	    36    0x00 0x41 0x21 0x83  lw      x3,  4(x2)
	    40    0x00 0x00 0x00 0x93  li      x1,  _dtors_end
	    44    0xfe 0x30 0x94 0xe3  bne     x1,  x3,  -24
	    48    0x00 0x01 0x20 0x83  lw      x1,  0(x2)
	    52    0x00 0x81 0x01 0x13  addi    x2,  x2,  8
.label _fini__end last
.rts
	    56    0x00 0x00 0x80 0x67  ret

.undef local text _fini

.undef global data _ctors_start

.undef global data _ctors_end

.undef global data _dtors_start

.undef global data _dtors_end

.undef global data _dtors_start

.undef global data _dtors_end

.text_segment_name
.text global 0 _start
	     0    0xff 0x01 0x01 0x13  addi    x2,  x2,  -16
	     4    0x00 0x00 0x06 0x93  li      x13, 0
	     8    0x00 0xc1 0x22 0x23  sw      x12, 4(x2)
	    12    0x00 0xb1 0x20 0x23  sw      x11, 0(x2)
	    16    0x00 0x00 0x05 0x93  li      x11, _fini
	    20    0x00 0x00 0x06 0x13  li      x12, 0
.call
	    24    0x00 0x00 0x00 0xef  call    __cxa_atexit
	    28    0x00 0x00 0x05 0x93  li      x11, _ctors_start
	    32    0x00 0x00 0x06 0x13  li      x12, _ctors_end
	    36    0x02 0xb6 0x06 0x63  beq     x12, x11, 44
	    40    0xff 0xc0 0x05 0x93  li      x11, (_ctors_end - 4)
	    44    0xff 0xc5 0x86 0x13  addi    x12, x11, -4
	    48    0x00 0xb1 0x24 0x23  sw      x11, 8(x2)
	    52    0x00 0x05 0xa5 0x83  lw      x11, 0(x11)
	    56    0x00 0xc1 0x26 0x23  sw      x12, 12(x2)
.call
	    60    0x00 0x05 0x80 0xe7  call    x11
	    64    0x00 0x81 0x26 0x03  lw      x12, 8(x2)
	    68    0x00 0xc1 0x25 0x83  lw      x11, 12(x2)
	    72    0x00 0x00 0x05 0x13  li      x10, _ctors_start
	    76    0xfe 0xc5 0x10 0xe3  bne     x10, x12, -32
	    80    0x00 0x41 0x26 0x03  lw      x12, 4(x2)
	    84    0x00 0x01 0x25 0x83  lw      x11, 0(x2)
.call
	    88    0x00 0x00 0x00 0xef  call    _main
	    92    0x00 0xa1 0x20 0x23  sw      x10, 0(x2)
	    96    0x00 0x00 0x05 0x13  li      x10, 0
.call
	   100    0x00 0x00 0x00 0xef  call    __cxa_finalize
	   104    0x00 0x01 0x25 0x03  lw      x10, 0(x2)
	   108    0x00 0x00 0x00 0x33  nop
.label _start__end last
	   112    0x00 0x00 0x00 0x6f  j       0

.undef global data _ctors_end

.undef global data _ctors_start

.undef global text __cxa_atexit

.undef global text _main

.undef global text __cxa_finalize



.direct_eval +,-,(,)
