
; File generated by darts version U-2022.12#33f3808fcb#221128, Fri Mar 22 17:52:34 2024
; Copyright 2014-2022 Synopsys, Inc. All rights reserved.
; darts -I.. -d -h -I../runtime/include -DCHESS_CXX_ATTRIBUTES -DNDEBUG -D__tct_patch__=0 -L +Ihex Release/ctype.o trv32p3_cnn

; Release: ipd U-2022.12
.data_segment_name
.rodata global 1 _ct_code DMb
	0x20
	0x20
	0x20
	0x20
	0x20
	0x20
	0x20
	0x20
	0x20
	0xe0
	0x60
	0x60
	0x60
	0x60
	0x20
	0x20
	0x20
	0x20
	0x20
	0x20
	0x20
	0x20
	0x20
	0x20
	0x20
	0x20
	0x20
	0x20
	0x20
	0x20
	0x20
	0x20
	0xc0
	0x10
	0x10
	0x10
	0x10
	0x10
	0x10
	0x10
	0x10
	0x10
	0x10
	0x10
	0x10
	0x10
	0x10
	0x10
	0xc
	0xc
	0xc
	0xc
	0xc
	0xc
	0xc
	0xc
	0xc
	0xc
	0x10
	0x10
	0x10
	0x10
	0x10
	0x10
	0x10
	0xa
	0xa
	0xa
	0xa
	0xa
	0xa
	0x2
	0x2
	0x2
	0x2
	0x2
	0x2
	0x2
	0x2
	0x2
	0x2
	0x2
	0x2
	0x2
	0x2
	0x2
	0x2
	0x2
	0x2
	0x2
	0x2
	0x10
	0x10
	0x10
	0x10
	0x10
	0x10
	0x9
	0x9
	0x9
	0x9
	0x9
	0x9
	0x1
	0x1
	0x1
	0x1
	0x1
	0x1
	0x1
	0x1
	0x1
	0x1
	0x1
	0x1
	0x1
	0x1
	0x1
	0x1
	0x1
	0x1
	0x1
	0x1
	0x10
	0x10
	0x10
	0x10
	0x20
	0x0
	0x0
	0x0
	0x0
	0x0
	0x0
	0x0
	0x0
	0x0
	0x0
	0x0
	0x0
	0x0
	0x0
	0x0
	0x0
	0x0
	0x0
	0x0
	0x0
	0x0
	0x0
	0x0
	0x0
	0x0
	0x0
	0x0
	0x0
	0x0
	0x0
	0x0
	0x0
	0x0
	0x0
	0x0
	0x0
	0x0
	0x0
	0x0
	0x0
	0x0
	0x0
	0x0
	0x0
	0x0
	0x0
	0x0
	0x0
	0x0
	0x0
	0x0
	0x0
	0x0
	0x0
	0x0
	0x0
	0x0
	0x0
	0x0
	0x0
	0x0
	0x0
	0x0
	0x0
	0x0
	0x0
	0x0
	0x0
	0x0
	0x0
	0x0
	0x0
	0x0
	0x0
	0x0
	0x0
	0x0
	0x0
	0x0
	0x0
	0x0
	0x0
	0x0
	0x0
	0x0
	0x0
	0x0
	0x0
	0x0
	0x0
	0x0
	0x0
	0x0
	0x0
	0x0
	0x0
	0x0
	0x0
	0x0
	0x0
	0x0
	0x0
	0x0
	0x0
	0x0
	0x0
	0x0
	0x0
	0x0
	0x0
	0x0
	0x0
	0x0
	0x0
	0x0
	0x0
	0x0
	0x0
	0x0
	0x0
	0x0
	0x0
	0x0
	0x0
	0x0
	0x0
	0x0
	0x0

