
; File generated by darts version U-2022.12#33f3808fcb#221128, Thu Feb 29 17:32:08 2024
; Copyright 2014-2022 Synopsys, Inc. All rights reserved.
; darts -I.. -d -h -I../runtime/include -DCHESS_CXX_ATTRIBUTES -DNDEBUG -D__tct_patch__=0 -L +Ihex Release/malloc.o trv32p3_cnn

; Release: ipd U-2022.12
.data_segment_name
.bss local 4 _ZL4pool DMb 262160

.data_segment_name
.bss local 4 _ZL8sentinel DMb_stat 4

.text_segment_name
.text local 0 init
.rela 2 _ZL4pool 264192
	     0    0x40 0x00 0x01 0xb7  lui     x3,  262144
.rela 3 _ZL4pool 262144
	     4    0x00 0x01 0x81 0x93  mv      x3,  x3
	     8    0x80 0x00 0x02 0x37  lui     x4,  -524288
	    12    0x00 0x41 0xa0 0x23  sw      x4,  0(x3)
	    16    0x00 0x31 0xa2 0x23  sw      x3,  4(x3)
	    20    0x00 0x30 0x20 0x23  sw      x3,  _ZL8sentinel(x0)
	    24    0x00 0x31 0xa4 0x23  sw      x3,  8(x3)
	    28    0xff 0xfc 0x02 0x37  lui     x4,  -64
	    32    0x00 0x04 0x02 0xb7  lui     x5,  64
	    36    0x00 0x32 0x01 0xb3  add     x3,  x4,  x3
	    40    0x00 0x42 0x82 0x93  addi    x5,  x5,  4
	    44    0x00 0x32 0x82 0xb3  add     x5,  x5,  x3
	    48    0x00 0x52 0x02 0x33  add     x4,  x4,  x5
	    52    0x00 0x02 0xa3 0x83  lw      x7,  0(x5)
	    56    0x00 0x04 0x03 0x37  lui     x6,  64
	    60    0x00 0x33 0xa4 0x23  sw      x3,  8(x7)
	    64    0x00 0x02 0xa2 0x83  lw      x5,  0(x5)
	    68    0x00 0x52 0x20 0x23  sw      x5,  0(x4)
	    72    0xff 0xc3 0x02 0x93  addi    x5,  x6,  -4
	    76    0xff 0xfc 0x03 0x37  lui     x6,  -64
	    80    0x00 0x52 0x02 0x33  add     x4,  x4,  x5
	    84    0x00 0x83 0x03 0x13  addi    x6,  x6,  8
	    88    0x00 0x62 0x03 0x33  add     x6,  x4,  x6
	    92    0x00 0x53 0x02 0xb3  add     x5,  x6,  x5
	    96    0x00 0x43 0x20 0x23  sw      x4,  0(x6)
	   100    0xff 0x83 0x02 0x13  addi    x4,  x6,  -8
	   104    0x00 0x00 0x43 0x37  lui     x6,  4
	   108    0x00 0x61 0xa0 0x23  sw      x6,  0(x3)
	   112    0x00 0x42 0xa0 0x23  sw      x4,  0(x5)
.label init__end last
.rts
	   116    0x00 0x00 0x80 0x67  ret

.undef local data _ZL8sentinel

.undef local data _ZL4pool

.undef local data _ZL8sentinel

.undef local data _ZL8sentinel

.undef local text init

.text_segment_name
.text global 0 free
	     0    0x02 0xa0 0x0c 0x63  beqz    x10, 56
	     4    0xff 0xc5 0x05 0x13  addi    x10, x10, -4
	     8    0x80 0x00 0x01 0xb7  lui     x3,  -524288
	    12    0x00 0x05 0x22 0x03  lw      x4,  0(x10)
	    16    0xff 0xf1 0x81 0x93  addi    x3,  x3,  -1
	    20    0x00 0x32 0x71 0xb3  and     x3,  x4,  x3
	    24    0x00 0x35 0x20 0x23  sw      x3,  0(x10)
	    28    0x00 0x00 0x21 0x83  lw      x3,  _ZL8sentinel(x0)
	    32    0x00 0x41 0xa2 0x03  lw      x4,  4(x3)
	    36    0x00 0xa2 0x24 0x23  sw      x10, 8(x4)
	    40    0x00 0x41 0xa2 0x03  lw      x4,  4(x3)
	    44    0x00 0x45 0x22 0x23  sw      x4,  4(x10)
	    48    0x00 0x35 0x24 0x23  sw      x3,  8(x10)
	    52    0x00 0xa1 0xa2 0x23  sw      x10, 4(x3)
.label free__end last
.rts
	    56    0x00 0x00 0x80 0x67  ret

.text_segment_name
.text global 0 malloc
	     0    0x00 0x00 0x25 0x03  lw      x10, _ZL8sentinel(x0)
	     4    0x00 0x00 0x84 0x13  mv      x8,  x1
	     8    0x00 0xa0 0x14 0x63  bnez    x10, 8
.call
	    12    0x00 0x00 0x00 0xef  call    init
	    16    0x80 0x00 0x01 0xb7  lui     x3,  -524288
	    20    0x01 0x35 0x85 0x13  addi    x10, x11, 19
	    24    0x00 0x00 0x22 0x03  lw      x4,  _ZL8sentinel(x0)
	    28    0xff 0xf1 0x82 0x93  addi    x5,  x3,  -1
	    32    0x00 0x45 0x55 0x93  srli    x11, x10, 4
	    36    0x00 0x02 0x01 0x93  mv      x3,  x4
	    40    0x80 0x00 0x00 0xb7  lui     x1,  -524288
	    44    0x00 0x00 0x05 0x13  li      x10, 0
	    48    0x00 0x41 0xa1 0x83  lw      x3,  4(x3)
	    52    0x0a 0x32 0x00 0x63  beq     x4,  x3,  160
	    56    0x00 0x01 0xa3 0x03  lw      x6,  0(x3)
	    60    0x00 0x53 0x73 0x33  and     x6,  x6,  x5
	    64    0x00 0x43 0x13 0x93  slli    x7,  x6,  4
	    68    0x00 0x71 0x83 0xb3  add     x7,  x3,  x7
	    72    0x00 0x03 0xa4 0x83  lw      x9,  0(x7)
	    76    0x00 0x90 0xf6 0x33  and     x12, x1,  x9
	    80    0x02 0xc0 0x16 0x63  bnez    x12, 44
	    84    0x00 0x83 0xa6 0x03  lw      x12, 8(x7)
	    88    0x00 0x43 0xa6 0x83  lw      x13, 4(x7)
	    92    0x00 0xd6 0x22 0x23  sw      x13, 4(x12)
	    96    0x00 0x54 0xf6 0x33  and     x12, x9,  x5
	   100    0x00 0x43 0xa4 0x83  lw      x9,  4(x7)
	   104    0x00 0x66 0x03 0x33  add     x6,  x12, x6
	   108    0x00 0x83 0xa3 0x83  lw      x7,  8(x7)
	   112    0x00 0x61 0xa0 0x23  sw      x6,  0(x3)
	   116    0x00 0x74 0xa4 0x23  sw      x7,  8(x9)
	   120    0xfc 0x9f 0xf0 0x6f  j       -56
.label __ll1_malloc
	   124    0xfa 0xb3 0x6a 0xe3  bltu    x6,  x11, -76
	   128    0x02 0x65 0xf6 0x63  bgeu    x11, x6,  44
	   132    0x00 0x45 0x95 0x13  slli    x10, x11, 4
	   136    0x00 0x42 0x22 0x83  lw      x5,  4(x4)
	   140    0x00 0x35 0x05 0x33  add     x10, x10, x3
	   144    0x00 0xa2 0xa4 0x23  sw      x10, 8(x5)
	   148    0x00 0x42 0x22 0x83  lw      x5,  4(x4)
	   152    0x00 0x55 0x22 0x23  sw      x5,  4(x10)
	   156    0x40 0xb3 0x03 0x33  sub     x6,  x6,  x11
	   160    0x00 0x45 0x24 0x23  sw      x4,  8(x10)
	   164    0x00 0x65 0x20 0x23  sw      x6,  0(x10)
	   168    0x00 0xa2 0x22 0x23  sw      x10, 4(x4)
	   172    0x00 0x41 0x85 0x13  addi    x10, x3,  4
	   176    0x00 0x81 0xa2 0x03  lw      x4,  8(x3)
	   180    0x00 0xb0 0xe5 0xb3  or      x11, x1,  x11
	   184    0x00 0x05 0x22 0x83  lw      x5,  0(x10)
	   188    0x00 0x52 0x22 0x23  sw      x5,  4(x4)
	   192    0x00 0xb1 0xa0 0x23  sw      x11, 0(x3)
	   196    0x00 0x05 0x25 0x83  lw      x11, 0(x10)
	   200    0x00 0x81 0xa0 0x83  lw      x1,  8(x3)
	   204    0x00 0x15 0xa4 0x23  sw      x1,  8(x11)
.rts
	   208    0x00 0x04 0x00 0x67  jr      x8
.label malloc__end last
.rts
	   212    0x00 0x04 0x00 0x67  jr      x8

.text_segment_name
.text global 0 calloc
	     0    0xff 0x81 0x01 0x13  addi    x2,  x2,  -8
	     4    0x02 0xb6 0x05 0xb3  mul     x11, x12, x11
	     8    0x00 0x11 0x20 0x23  sw      x1,  0(x2)
	    12    0x00 0x05 0x87 0x13  mv      x14, x11
.call
	    16    0x00 0x00 0x00 0xef  call    malloc
	    20    0x00 0xa1 0x22 0x23  sw      x10, 4(x2)
	    24    0x00 0xa0 0x0a 0x63  beqz    x10, 20
	    28    0x00 0x00 0x06 0x13  li      x12, 0
	    32    0x00 0x07 0x06 0x93  mv      x13, x14
	    36    0x00 0x41 0x25 0x83  lw      x11, 4(x2)
.call
	    40    0x00 0x00 0x00 0xef  call    memset
	    44    0x00 0x01 0x25 0x83  lw      x11, 0(x2)
	    48    0x00 0x41 0x25 0x03  lw      x10, 4(x2)
	    52    0x00 0x81 0x01 0x13  addi    x2,  x2,  8
.label calloc__end last
.rts
	    56    0x00 0x05 0x80 0x67  jr      x11

.undef global text malloc

.undef global text memset

.text_segment_name
.text global 0 realloc
	     0    0xff 0x41 0x01 0x13  addi    x2,  x2,  -12
	     4    0x00 0x05 0x87 0x13  mv      x14, x11
	     8    0x00 0x11 0x20 0x23  sw      x1,  0(x2)
	    12    0x00 0x06 0x05 0x93  mv      x11, x12
	    16    0x00 0xe0 0x18 0x63  bnez    x14, 16
	    20    0x00 0x01 0x20 0x83  lw      x1,  0(x2)
	    24    0x00 0xc1 0x01 0x13  addi    x2,  x2,  12
	    28    0x00 0x00 0x00 0x6f  j       malloc
	    32    0x04 0xb0 0x08 0x63  beqz    x11, 80
	    36    0x00 0x05 0x87 0x93  mv      x15, x11
.call
	    40    0x00 0x00 0x00 0xef  call    malloc
	    44    0x00 0xe1 0x24 0x23  sw      x14, 8(x2)
	    48    0x00 0xa1 0x22 0x23  sw      x10, 4(x2)
	    52    0x04 0xa0 0x04 0x63  beqz    x10, 72
	    56    0x80 0x00 0x05 0xb7  lui     x11, -524288
	    60    0xff 0xc7 0x20 0x83  lw      x1,  -4(x14)
	    64    0xff 0xf5 0x85 0x93  addi    x11, x11, -1
	    68    0x00 0xb0 0xf5 0xb3  and     x11, x1,  x11
	    72    0x00 0x45 0x95 0x93  slli    x11, x11, 4
	    76    0xff 0xc5 0x86 0x93  addi    x13, x11, -4
	    80    0x00 0xf6 0xe4 0x63  bltu    x13, x15, 8
	    84    0x00 0x07 0x86 0x93  mv      x13, x15
	    88    0x00 0x41 0x25 0x83  lw      x11, 4(x2)
	    92    0x00 0x81 0x26 0x03  lw      x12, 8(x2)
.call
	    96    0x00 0x00 0x00 0xef  call    memcpy
	   100    0x00 0x81 0x25 0x03  lw      x10, 8(x2)
.call
	   104    0x00 0x00 0x00 0xef  call    free
	   108    0x01 0x00 0x00 0x6f  j       16
	   112    0x00 0x07 0x05 0x13  mv      x10, x14
.call
	   116    0x00 0x00 0x00 0xef  call    free
	   120    0x00 0x01 0x22 0x23  sw      x0,  4(x2)
	   124    0x00 0x01 0x25 0x83  lw      x11, 0(x2)
	   128    0x00 0x41 0x25 0x03  lw      x10, 4(x2)
	   132    0x00 0xc1 0x01 0x13  addi    x2,  x2,  12
.label realloc__end last
.rts
	   136    0x00 0x05 0x80 0x67  jr      x11

.undef global text free

.undef global text malloc

.undef global text memcpy

