
; File generated by darts version U-2022.12#33f3808fcb#221128, Fri Mar 22 18:54:35 2024
; Copyright 2014-2022 Synopsys, Inc. All rights reserved.
; darts -I.. -d -h -I../runtime/include -DCHESS_CXX_ATTRIBUTES -DNDEBUG -D__tct_patch__=0 -L +Ihex Release/mlib_inline.o trv32p3_cnn

; Release: ipd U-2022.12
.text_segment_name
.text global 0 fabsf
	     0    0x80 0x00 0x05 0x37  lui     x10, -524288
	     4    0xff 0xf5 0x05 0x13  addi    x10, x10, -1
	     8    0x00 0xb5 0x75 0x33  and     x10, x10, x11
.label fabsf__end last
.rts
	    12    0x00 0x00 0x80 0x67  ret

.text_segment_name
.text global 0 copysignf
	     0    0x80 0x00 0x05 0x37  lui     x10, -524288
	     4    0x80 0x00 0x01 0xb7  lui     x3,  -524288
	     8    0xff 0xf5 0x05 0x13  addi    x10, x10, -1
	    12    0x00 0xb5 0x75 0xb3  and     x11, x10, x11
	    16    0x00 0x36 0x76 0x33  and     x12, x12, x3
	    20    0x00 0xb6 0x65 0x33  or      x10, x12, x11
.label copysignf__end last
.rts
	    24    0x00 0x00 0x80 0x67  ret

.text_segment_name
.text global 0 fabs
	     0    0x80 0x00 0x05 0xb7  lui     x11, -524288
	     4    0xff 0xf5 0x85 0x93  addi    x11, x11, -1
	     8    0x00 0xb6 0xf5 0xb3  and     x11, x13, x11
	    12    0x00 0x06 0x05 0x13  mv      x10, x12
.label fabs__end last
.rts
	    16    0x00 0x00 0x80 0x67  ret

.text_segment_name
.text global 0 copysign
	     0    0x80 0x00 0x05 0xb7  lui     x11, -524288
	     4    0x00 0x06 0x05 0x13  mv      x10, x12
	     8    0x80 0x00 0x06 0x37  lui     x12, -524288
	    12    0xff 0xf5 0x85 0x93  addi    x11, x11, -1
	    16    0x00 0xb6 0xf6 0xb3  and     x13, x13, x11
	    20    0x00 0xf6 0x77 0xb3  and     x15, x12, x15
	    24    0x00 0xf6 0xe5 0xb3  or      x11, x13, x15
.label copysign__end last
.rts
	    28    0x00 0x00 0x80 0x67  ret

.text_segment_name
.text global 0 truncf
	     0    0xff 0x81 0x01 0x13  addi    x2,  x2,  -8
	     4    0x00 0x05 0x86 0x13  mv      x12, x11
	     8    0x00 0xb1 0x20 0x23  sw      x11, 0(x2)
	    12    0x00 0x11 0x22 0x23  sw      x1,  4(x2)
.call
	    16    0x00 0x00 0x00 0xef  call    f32_to_f64
	    20    0x00 0x05 0x86 0x13  mv      x12, x11
	    24    0x00 0x00 0x07 0x13  li      x14, 0
	    28    0x00 0x05 0x05 0x93  mv      x11, x10
	    32    0x00 0x00 0x06 0x93  li      x13, 0
.call
	    36    0x00 0x00 0x00 0xef  call    f64_lt
	    40    0x00 0x41 0x20 0x83  lw      x1,  4(x2)
	    44    0x00 0x01 0x25 0x83  lw      x11, 0(x2)
	    48    0x00 0xa0 0x16 0x63  bnez    x10, 12
	    52    0x00 0x81 0x01 0x13  addi    x2,  x2,  8
	    56    0x00 0x00 0x00 0x6f  j       floorf
	    60    0x00 0x81 0x01 0x13  addi    x2,  x2,  8
.label truncf__end last
	    64    0x00 0x00 0x00 0x6f  j       ceilf

.undef global text ceilf

.undef global text floorf

.undef global text f64_lt

.undef global text f32_to_f64

.text_segment_name
.text global 0 trunc
	     0    0xff 0x41 0x01 0x13  addi    x2,  x2,  -12
	     4    0x00 0x06 0x05 0x93  mv      x11, x12
	     8    0x00 0x06 0x86 0x13  mv      x12, x13
	    12    0x00 0xc1 0x22 0x23  sw      x12, 4(x2)
	    16    0x00 0xb1 0x20 0x23  sw      x11, 0(x2)
	    20    0x00 0x11 0x24 0x23  sw      x1,  8(x2)
	    24    0x00 0x00 0x06 0x93  li      x13, 0
	    28    0x00 0x00 0x07 0x13  li      x14, 0
.call
	    32    0x00 0x00 0x00 0xef  call    f64_lt
	    36    0x00 0x81 0x20 0x83  lw      x1,  8(x2)
	    40    0x00 0x41 0x26 0x83  lw      x13, 4(x2)
	    44    0x00 0x01 0x26 0x03  lw      x12, 0(x2)
	    48    0x00 0xa0 0x16 0x63  bnez    x10, 12
	    52    0x00 0xc1 0x01 0x13  addi    x2,  x2,  12
	    56    0x00 0x00 0x00 0x6f  j       floor
	    60    0x00 0xc1 0x01 0x13  addi    x2,  x2,  12
.label trunc__end last
	    64    0x00 0x00 0x00 0x6f  j       ceil

.undef global text ceil

.undef global text floor

.undef global text f64_lt

.text_segment_name
.text global 0 frexpf
	     0    0xff 0x41 0x01 0x13  addi    x2,  x2,  -12
	     4    0x00 0xc1 0x20 0x23  sw      x12, 0(x2)
	     8    0x00 0xb1 0x24 0x23  sw      x11, 8(x2)
	    12    0x00 0x11 0x22 0x23  sw      x1,  4(x2)
	    16    0x00 0x00 0x06 0x13  li      x12, 0
.call
	    20    0x00 0x00 0x00 0xef  call    f32_eq
	    24    0x00 0x81 0x25 0x83  lw      x11, 8(x2)
	    28    0x02 0xa0 0x14 0x63  bnez    x10, 40
	    32    0x41 0x75 0xd6 0x13  srai    x12, x11, 23
	    36    0x00 0x01 0x25 0x03  lw      x10, 0(x2)
	    40    0x0f 0xf6 0x76 0x13  zext.b  x12, x12
	    44    0xf8 0x26 0x06 0x13  addi    x12, x12, -126
	    48    0x00 0xc5 0x20 0x23  sw      x12, 0(x10)
	    52    0x00 0x41 0x20 0x83  lw      x1,  4(x2)
	    56    0x00 0xc1 0x01 0x13  addi    x2,  x2,  12
	    60    0x40 0xc0 0x06 0x33  neg     x12, x12
	    64    0x00 0x00 0x00 0x6f  j       ldexpf
	    68    0x00 0x01 0x25 0x03  lw      x10, 0(x2)
	    72    0x00 0x41 0x26 0x03  lw      x12, 4(x2)
	    76    0x00 0x05 0x20 0x23  sw      x0,  0(x10)
	    80    0x00 0x05 0x85 0x13  mv      x10, x11
	    84    0x00 0xc1 0x01 0x13  addi    x2,  x2,  12
.label frexpf__end last
.rts
	    88    0x00 0x06 0x00 0x67  jr      x12

.undef global text ldexpf

.undef global text f32_eq

.text_segment_name
.text global 0 frexp
	     0    0xff 0x01 0x01 0x13  addi    x2,  x2,  -16
	     4    0x00 0x06 0x05 0x93  mv      x11, x12
	     8    0x00 0x06 0x86 0x13  mv      x12, x13
	    12    0x00 0xe1 0x22 0x23  sw      x14, 4(x2)
	    16    0x00 0xc1 0x26 0x23  sw      x12, 12(x2)
	    20    0x00 0xb1 0x20 0x23  sw      x11, 0(x2)
	    24    0x00 0x11 0x24 0x23  sw      x1,  8(x2)
	    28    0x00 0x00 0x06 0x93  li      x13, 0
	    32    0x00 0x00 0x07 0x13  li      x14, 0
.call
	    36    0x00 0x00 0x00 0xef  call    f64_eq
	    40    0x00 0xc1 0x26 0x83  lw      x13, 12(x2)
	    44    0x02 0xa0 0x16 0x63  bnez    x10, 44
	    48    0x41 0x46 0xd5 0x93  srai    x11, x13, 20
	    52    0x7f 0xf5 0xf5 0x93  andi    x11, x11, 2047
	    56    0x00 0x41 0x26 0x03  lw      x12, 4(x2)
	    60    0xc0 0x25 0x85 0x93  addi    x11, x11, -1022
	    64    0x00 0xb6 0x20 0x23  sw      x11, 0(x12)
	    68    0x00 0x81 0x20 0x83  lw      x1,  8(x2)
	    72    0x00 0x01 0x26 0x03  lw      x12, 0(x2)
	    76    0x01 0x01 0x01 0x13  addi    x2,  x2,  16
	    80    0x40 0xb0 0x07 0x33  neg     x14, x11
	    84    0x00 0x00 0x00 0x6f  j       ldexp
	    88    0x00 0x41 0x25 0x83  lw      x11, 4(x2)
	    92    0x00 0x81 0x26 0x03  lw      x12, 8(x2)
	    96    0x00 0x05 0xa0 0x23  sw      x0,  0(x11)
	   100    0x00 0x01 0x25 0x03  lw      x10, 0(x2)
	   104    0x00 0x06 0x85 0x93  mv      x11, x13
	   108    0x01 0x01 0x01 0x13  addi    x2,  x2,  16
.label frexp__end last
.rts
	   112    0x00 0x06 0x00 0x67  jr      x12

.undef global text ldexp

.undef global text f64_eq

