
; File generated by darts version U-2022.12#33f3808fcb#221128, Thu Feb 29 15:22:30 2024
; Copyright 2014-2022 Synopsys, Inc. All rights reserved.
; darts -I.. -d -h -I../runtime/include -DCHESS_CXX_ATTRIBUTES -DNDEBUG -D__tct_patch__=0 -L +Ihex Release/qsort.o trv32p3_cnn

; Release: ipd U-2022.12
.text_segment_name
.text local 0 med3
	     0    0xfe 0xc1 0x01 0x13  addi    x2,  x2,  -20
	     4    0x00 0xe1 0x24 0x23  sw      x14, 8(x2)
	     8    0x00 0xd1 0x20 0x23  sw      x13, 0(x2)
	    12    0x00 0xc1 0x26 0x23  sw      x12, 12(x2)
	    16    0x00 0xb1 0x22 0x23  sw      x11, 4(x2)
	    20    0x00 0x11 0x28 0x23  sw      x1,  16(x2)
.call
	    24    0x00 0x07 0x00 0xe7  call    x14
	    28    0x00 0x81 0x27 0x03  lw      x14, 8(x2)
	    32    0x00 0x01 0x26 0x03  lw      x12, 0(x2)
	    36    0x00 0xc1 0x25 0x83  lw      x11, 12(x2)
	    40    0x02 0x05 0x4a 0x63  bltz    x10, 52
.call
	    44    0x00 0x07 0x00 0xe7  call    x14
	    48    0x00 0x01 0x26 0x03  lw      x12, 0(x2)
	    52    0x02 0xa0 0x40 0x63  bgtz    x10, 32
	    56    0x00 0x81 0x25 0x03  lw      x10, 8(x2)
	    60    0x00 0x41 0x25 0x83  lw      x11, 4(x2)
.call
	    64    0x00 0x05 0x00 0xe7  call    x10
	    68    0x00 0x41 0x26 0x03  lw      x12, 4(x2)
	    72    0x04 0x05 0x40 0x63  bltz    x10, 64
	    76    0x00 0x01 0x26 0x03  lw      x12, 0(x2)
	    80    0x03 0x80 0x00 0x6f  j       56
	    84    0x00 0xc1 0x26 0x03  lw      x12, 12(x2)
	    88    0x03 0x00 0x00 0x6f  j       48
.call
	    92    0x00 0x07 0x00 0xe7  call    x14
	    96    0x00 0x01 0x26 0x03  lw      x12, 0(x2)
	   100    0x02 0x05 0x40 0x63  bltz    x10, 32
	   104    0x00 0x81 0x25 0x03  lw      x10, 8(x2)
	   108    0x00 0x41 0x25 0x83  lw      x11, 4(x2)
.call
	   112    0x00 0x05 0x00 0xe7  call    x10
	   116    0x00 0x01 0x26 0x03  lw      x12, 0(x2)
	   120    0x00 0x05 0x48 0x63  bltz    x10, 16
	   124    0x00 0x41 0x26 0x03  lw      x12, 4(x2)
	   128    0x00 0x80 0x00 0x6f  j       8
	   132    0x00 0xc1 0x26 0x03  lw      x12, 12(x2)
	   136    0x00 0x06 0x05 0x13  mv      x10, x12
	   140    0x01 0x01 0x26 0x03  lw      x12, 16(x2)
	   144    0x01 0x41 0x01 0x13  addi    x2,  x2,  20
.label med3__end last
.rts
	   148    0x00 0x06 0x00 0x67  jr      x12

.undef local text med3

.text_segment_name
.text global 0 qsort
	     0    0xfc 0x81 0x01 0x13  addi    x2,  x2,  -56
	     4    0x00 0x06 0x87 0x13  mv      x14, x13
	     8    0x00 0x11 0x20 0x23  sw      x1,  0(x2)
.label __ll1_qsort
	    12    0x00 0x20 0x06 0x93  li      x13, 2
	    16    0x00 0x35 0x70 0x93  andi    x1,  x10, 3
	    20    0x00 0xd1 0x28 0x23  sw      x13, 16(x2)
	    24    0x00 0xe1 0x22 0x23  sw      x14, 4(x2)
	    28    0x00 0xc1 0x24 0x23  sw      x12, 8(x2)
	    32    0x00 0xa1 0x2a 0x23  sw      x10, 20(x2)
	    36    0x00 0x10 0x1c 0x63  bnez    x1,  24
	    40    0x00 0x36 0x70 0x93  andi    x1,  x12, 3
	    44    0x00 0x10 0x18 0x63  bnez    x1,  16
	    48    0xff 0xc6 0x00 0x93  addi    x1,  x12, -4
	    52    0x00 0x10 0x30 0xb3  snez    x1,  x1
	    56    0x00 0x11 0x28 0x23  sw      x1,  16(x2)
	    60    0x00 0xa6 0x06 0xb3  add     x13, x12, x10
	    64    0x02 0xb6 0x00 0xb3  mul     x1,  x12, x11
	    68    0x40 0xc6 0x81 0xb3  sub     x3,  x13, x12
	    72    0x00 0x15 0x00 0xb3  add     x1,  x10, x1
	    76    0x02 0xd1 0x20 0x23  sw      x13, 32(x2)
	    80    0x00 0x26 0x56 0x93  srli    x13, x12, 2
	    84    0x00 0x11 0x26 0x23  sw      x1,  12(x2)
	    88    0x00 0x31 0x2c 0x23  sw      x3,  24(x2)
	    92    0x00 0xd1 0x2e 0x23  sw      x13, 28(x2)
	    96    0x00 0x70 0x00 0x93  li      x1,  7
	   100    0x66 0x15 0xe2 0x63  bltu    x11, x1,  1636
	   104    0xff 0xf5 0x86 0x93  addi    x13, x11, -1
	   108    0x02 0xd6 0x06 0xb3  mul     x13, x12, x13
	   112    0x00 0x15 0xd1 0x93  srli    x3,  x11, 1
	   116    0x02 0x36 0x06 0x33  mul     x12, x12, x3
	   120    0x00 0xd5 0x06 0xb3  add     x13, x10, x13
	   124    0x00 0xa6 0x01 0xb3  add     x3,  x12, x10
	   128    0x02 0xd1 0x22 0x23  sw      x13, 36(x2)
	   132    0x08 0xb0 0xfe 0x63  bgeu    x1,  x11, 156
	   136    0x02 0x80 0x06 0x13  li      x12, 40
	   140    0x06 0xb6 0x7e 0x63  bgeu    x12, x11, 124
	   144    0x00 0x81 0x26 0x03  lw      x12, 8(x2)
	   148    0x00 0x35 0xd5 0x93  srli    x11, x11, 3
	   152    0x02 0xb6 0x06 0x33  mul     x12, x12, x11
	   156    0x00 0x16 0x15 0x13  slli    x10, x12, 1
	   160    0x01 0x41 0x25 0x83  lw      x11, 20(x2)
	   164    0x02 0xc1 0x28 0x23  sw      x12, 48(x2)
	   168    0x00 0xb6 0x06 0x33  add     x12, x12, x11
	   172    0x00 0xb5 0x06 0xb3  add     x13, x10, x11
	   176    0x02 0xa1 0x26 0x23  sw      x10, 44(x2)
	   180    0x02 0x31 0x2a 0x23  sw      x3,  52(x2)
.call
	   184    0x00 0x00 0x00 0xef  call    med3
	   188    0x03 0x41 0x26 0x03  lw      x12, 52(x2)
	   192    0x03 0x01 0x25 0x83  lw      x11, 48(x2)
	   196    0x00 0xb6 0x06 0xb3  add     x13, x12, x11
	   200    0x40 0xb6 0x05 0xb3  sub     x11, x12, x11
	   204    0x00 0x41 0x27 0x03  lw      x14, 4(x2)
	   208    0x02 0xa1 0x2a 0x23  sw      x10, 52(x2)
.call
	   212    0x00 0x00 0x00 0xef  call    med3
	   216    0x02 0x41 0x26 0x83  lw      x13, 36(x2)
	   220    0x02 0xc1 0x25 0x83  lw      x11, 44(x2)
	   224    0x03 0x01 0x26 0x03  lw      x12, 48(x2)
	   228    0x40 0xb6 0x85 0xb3  sub     x11, x13, x11
	   232    0x40 0xc6 0x86 0x33  sub     x12, x13, x12
	   236    0x00 0x41 0x27 0x03  lw      x14, 4(x2)
	   240    0x02 0xa1 0x26 0x23  sw      x10, 44(x2)
.call
	   244    0x00 0x00 0x00 0xef  call    med3
	   248    0x00 0x05 0x06 0x93  mv      x13, x10
	   252    0x00 0x41 0x27 0x03  lw      x14, 4(x2)
	   256    0x02 0xc1 0x21 0x83  lw      x3,  44(x2)
	   260    0x03 0x41 0x25 0x03  lw      x10, 52(x2)
	   264    0x00 0x05 0x05 0x93  mv      x11, x10
	   268    0x00 0x01 0x86 0x13  mv      x12, x3
.call
	   272    0x00 0x00 0x00 0xef  call    med3
	   276    0x01 0x01 0x20 0x83  lw      x1,  16(x2)
	   280    0x00 0x05 0x01 0x93  mv      x3,  x10
	   284    0x00 0x80 0x00 0x6f  j       8
	   288    0x01 0x01 0x20 0x83  lw      x1,  16(x2)
	   292    0x00 0x10 0x02 0x13  li      x4,  1
	   296    0x06 0x10 0x0a 0x63  beqz    x1,  116
	   300    0x01 0x41 0x26 0x03  lw      x12, 20(x2)
	   304    0x02 0x12 0x5c 0x63  bge     x4,  x1,  56
	   308    0x00 0x06 0x05 0x13  mv      x10, x12
	   312    0x00 0x81 0x27 0x03  lw      x14, 8(x2)
	   316    0x02 0x01 0x26 0x83  lw      x13, 32(x2)
	   320    0x00 0x81 0x25 0x83  lw      x11, 8(x2)
	   324    0x00 0x05 0x02 0x83  lb      x5,  0(x10)
	   328    0x00 0x01 0x83 0x03  lb      x6,  0(x3)
	   332    0x00 0x65 0x00 0x23  sb      x6,  0(x10)
	   336    0x00 0x51 0x80 0x23  sb      x5,  0(x3)
	   340    0x00 0x15 0x05 0x13  addi    x10, x10, 1
	   344    0x00 0x11 0x81 0x93  addi    x3,  x3,  1
	   348    0xff 0xf5 0x85 0x93  addi    x11, x11, -1
	   352    0xfe 0xb0 0x42 0xe3  bgtz    x11, -28
	   356    0x05 0x40 0x00 0x6f  j       84
	   360    0x00 0x06 0x05 0x13  mv      x10, x12
	   364    0x00 0x81 0x27 0x03  lw      x14, 8(x2)
	   368    0x02 0x01 0x26 0x83  lw      x13, 32(x2)
	   372    0x01 0xc1 0x25 0x83  lw      x11, 28(x2)
	   376    0x00 0x05 0x22 0x83  lw      x5,  0(x10)
	   380    0x00 0x01 0xa3 0x03  lw      x6,  0(x3)
	   384    0x00 0x65 0x20 0x23  sw      x6,  0(x10)
	   388    0x00 0x51 0xa0 0x23  sw      x5,  0(x3)
	   392    0x00 0x45 0x05 0x13  addi    x10, x10, 4
	   396    0x00 0x41 0x81 0x93  addi    x3,  x3,  4
	   400    0xff 0xf5 0x85 0x93  addi    x11, x11, -1
	   404    0xfe 0xb0 0x42 0xe3  bgtz    x11, -28
	   408    0x02 0x00 0x00 0x6f  j       32
	   412    0x01 0x41 0x26 0x03  lw      x12, 20(x2)
	   416    0x00 0x01 0xa5 0x83  lw      x11, 0(x3)
	   420    0x00 0x06 0x25 0x03  lw      x10, 0(x12)
	   424    0x00 0xb6 0x20 0x23  sw      x11, 0(x12)
	   428    0x00 0xa1 0xa0 0x23  sw      x10, 0(x3)
	   432    0x00 0x81 0x27 0x03  lw      x14, 8(x2)
	   436    0x02 0x01 0x26 0x83  lw      x13, 32(x2)
	   440    0x02 0x81 0x25 0x03  lw      x10, 40(x2)
	   444    0x02 0x41 0x25 0x83  lw      x11, 36(x2)
	   448    0x02 0xb1 0x24 0x23  sw      x11, 40(x2)
	   452    0x00 0x00 0x03 0x13  li      x6,  0
	   456    0x02 0x01 0x22 0x83  lw      x5,  32(x2)
	   460    0x10 0xd5 0xe4 0x63  bltu    x11, x13, 264
	   464    0x00 0x06 0x85 0x93  mv      x11, x13
	   468    0x00 0x41 0x25 0x03  lw      x10, 4(x2)
	   472    0x02 0x51 0x28 0x23  sw      x5,  48(x2)
	   476    0x02 0x61 0x26 0x23  sw      x6,  44(x2)
	   480    0x02 0xb1 0x2a 0x23  sw      x11, 52(x2)
.call
	   484    0x00 0x05 0x00 0xe7  call    x10
	   488    0x03 0x41 0x26 0x83  lw      x13, 52(x2)
	   492    0x00 0x81 0x27 0x03  lw      x14, 8(x2)
	   496    0x02 0x41 0x25 0x83  lw      x11, 36(x2)
	   500    0x03 0x01 0x22 0x83  lw      x5,  48(x2)
	   504    0x01 0x01 0x20 0x83  lw      x1,  16(x2)
	   508    0x02 0xc1 0x23 0x03  lw      x6,  44(x2)
	   512    0x01 0x41 0x26 0x03  lw      x12, 20(x2)
	   516    0x00 0x10 0x02 0x13  li      x4,  1
	   520    0x0c 0xa0 0x46 0x63  bgtz    x10, 204
	   524    0x08 0xa0 0x12 0x63  bnez    x10, 132
	   528    0x06 0x10 0x04 0x63  beqz    x1,  104
	   532    0x02 0x12 0x5a 0x63  bge     x4,  x1,  52
	   536    0x00 0x02 0x83 0x93  mv      x7,  x5
	   540    0x00 0x06 0x83 0x13  mv      x6,  x13
	   544    0x00 0x81 0x24 0x03  lw      x8,  8(x2)
	   548    0x00 0x03 0x84 0x83  lb      x9,  0(x7)
	   552    0x00 0x03 0x07 0x83  lb      x15, 0(x6)
	   556    0x00 0xf3 0x80 0x23  sb      x15, 0(x7)
	   560    0x00 0x93 0x00 0x23  sb      x9,  0(x6)
	   564    0x00 0x13 0x83 0x93  addi    x7,  x7,  1
	   568    0x00 0x13 0x03 0x13  addi    x6,  x6,  1
	   572    0xff 0xf4 0x04 0x13  addi    x8,  x8,  -1
	   576    0xfe 0x80 0x42 0xe3  bgtz    x8,  -28
	   580    0x04 0x40 0x00 0x6f  j       68
	   584    0x00 0x02 0x83 0x93  mv      x7,  x5
	   588    0x00 0x06 0x83 0x13  mv      x6,  x13
	   592    0x01 0xc1 0x24 0x03  lw      x8,  28(x2)
	   596    0x00 0x03 0xa4 0x83  lw      x9,  0(x7)
	   600    0x00 0x03 0x27 0x83  lw      x15, 0(x6)
	   604    0x00 0xf3 0xa0 0x23  sw      x15, 0(x7)
	   608    0x00 0x93 0x20 0x23  sw      x9,  0(x6)
	   612    0x00 0x43 0x83 0x93  addi    x7,  x7,  4
	   616    0x00 0x43 0x03 0x13  addi    x6,  x6,  4
	   620    0xff 0xf4 0x04 0x13  addi    x8,  x8,  -1
	   624    0xfe 0x80 0x42 0xe3  bgtz    x8,  -28
	   628    0x01 0x40 0x00 0x6f  j       20
	   632    0x00 0x02 0xa3 0x03  lw      x6,  0(x5)
	   636    0x00 0x06 0xa3 0x83  lw      x7,  0(x13)
	   640    0x00 0x72 0xa0 0x23  sw      x7,  0(x5)
	   644    0x00 0x66 0xa0 0x23  sw      x6,  0(x13)
	   648    0x00 0x57 0x02 0xb3  add     x5,  x14, x5
	   652    0x00 0x10 0x03 0x13  li      x6,  1
	   656    0x00 0xd7 0x06 0xb3  add     x13, x14, x13
	   660    0x04 0xd5 0xe0 0x63  bltu    x11, x13, 64
	   664    0x00 0x06 0x85 0x93  mv      x11, x13
	   668    0x00 0x41 0x25 0x03  lw      x10, 4(x2)
	   672    0x02 0x51 0x28 0x23  sw      x5,  48(x2)
	   676    0x02 0x61 0x26 0x23  sw      x6,  44(x2)
	   680    0x02 0xb1 0x2a 0x23  sw      x11, 52(x2)
.call
	   684    0x00 0x05 0x00 0xe7  call    x10
	   688    0x00 0x81 0x27 0x03  lw      x14, 8(x2)
	   692    0x02 0x41 0x25 0x83  lw      x11, 36(x2)
	   696    0x03 0x41 0x26 0x83  lw      x13, 52(x2)
	   700    0x03 0x01 0x22 0x83  lw      x5,  48(x2)
	   704    0x01 0x01 0x20 0x83  lw      x1,  16(x2)
	   708    0x02 0xc1 0x23 0x03  lw      x6,  44(x2)
	   712    0x01 0x41 0x26 0x03  lw      x12, 20(x2)
	   716    0x00 0x10 0x02 0x13  li      x4,  1
	   720    0xf2 0xa0 0x5e 0xe3  blez    x10, -196
	   724    0x02 0x81 0x23 0x83  lw      x7,  40(x2)
	   728    0x02 0xd1 0x24 0x23  sw      x13, 40(x2)
	   732    0x02 0x51 0x22 0x23  sw      x5,  36(x2)
	   736    0x10 0xd5 0xe0 0x63  bltu    x11, x13, 256
	   740    0x00 0x41 0x25 0x03  lw      x10, 4(x2)
	   744    0x02 0x71 0x26 0x23  sw      x7,  44(x2)
	   748    0x02 0x61 0x28 0x23  sw      x6,  48(x2)
	   752    0x02 0xb1 0x2a 0x23  sw      x11, 52(x2)
.call
	   756    0x00 0x05 0x00 0xe7  call    x10
	   760    0x02 0x81 0x26 0x83  lw      x13, 40(x2)
	   764    0x00 0x81 0x27 0x03  lw      x14, 8(x2)
	   768    0x03 0x41 0x25 0x83  lw      x11, 52(x2)
	   772    0x01 0x01 0x20 0x83  lw      x1,  16(x2)
	   776    0x03 0x01 0x23 0x03  lw      x6,  48(x2)
	   780    0x01 0x41 0x26 0x03  lw      x12, 20(x2)
	   784    0x02 0xc1 0x23 0x83  lw      x7,  44(x2)
	   788    0x00 0x10 0x02 0x13  li      x4,  1
	   792    0x0c 0x05 0x44 0x63  bltz    x10, 200
	   796    0x08 0xa0 0x12 0x63  bnez    x10, 132
	   800    0x06 0x10 0x04 0x63  beqz    x1,  104
	   804    0x02 0x12 0x5a 0x63  bge     x4,  x1,  52
	   808    0x00 0x05 0x83 0x13  mv      x6,  x11
	   812    0x00 0x03 0x82 0x93  mv      x5,  x7
	   816    0x00 0x81 0x24 0x03  lw      x8,  8(x2)
	   820    0x00 0x03 0x04 0x83  lb      x9,  0(x6)
	   824    0x00 0x02 0x87 0x83  lb      x15, 0(x5)
	   828    0x00 0xf3 0x00 0x23  sb      x15, 0(x6)
	   832    0x00 0x92 0x80 0x23  sb      x9,  0(x5)
	   836    0x00 0x13 0x03 0x13  addi    x6,  x6,  1
	   840    0x00 0x12 0x82 0x93  addi    x5,  x5,  1
	   844    0xff 0xf4 0x04 0x13  addi    x8,  x8,  -1
	   848    0xfe 0x80 0x42 0xe3  bgtz    x8,  -28
	   852    0x04 0x40 0x00 0x6f  j       68
	   856    0x00 0x05 0x83 0x13  mv      x6,  x11
	   860    0x00 0x03 0x82 0x93  mv      x5,  x7
	   864    0x01 0xc1 0x24 0x03  lw      x8,  28(x2)
	   868    0x00 0x03 0x24 0x83  lw      x9,  0(x6)
	   872    0x00 0x02 0xa7 0x83  lw      x15, 0(x5)
	   876    0x00 0xf3 0x20 0x23  sw      x15, 0(x6)
	   880    0x00 0x92 0xa0 0x23  sw      x9,  0(x5)
	   884    0x00 0x43 0x03 0x13  addi    x6,  x6,  4
	   888    0x00 0x42 0x82 0x93  addi    x5,  x5,  4
	   892    0xff 0xf4 0x04 0x13  addi    x8,  x8,  -1
	   896    0xfe 0x80 0x42 0xe3  bgtz    x8,  -28
	   900    0x01 0x40 0x00 0x6f  j       20
	   904    0x00 0x05 0xa2 0x83  lw      x5,  0(x11)
	   908    0x00 0x03 0xa3 0x03  lw      x6,  0(x7)
	   912    0x00 0x65 0xa0 0x23  sw      x6,  0(x11)
	   916    0x00 0x53 0xa0 0x23  sw      x5,  0(x7)
	   920    0x40 0xe3 0x83 0xb3  sub     x7,  x7,  x14
	   924    0x00 0x10 0x03 0x13  li      x6,  1
	   928    0x40 0xe5 0x85 0xb3  sub     x11, x11, x14
	   932    0x02 0xd5 0xee 0x63  bltu    x11, x13, 60
	   936    0x00 0x41 0x25 0x03  lw      x10, 4(x2)
	   940    0x02 0x71 0x28 0x23  sw      x7,  48(x2)
	   944    0x02 0x61 0x26 0x23  sw      x6,  44(x2)
	   948    0x02 0xb1 0x2a 0x23  sw      x11, 52(x2)
.call
	   952    0x00 0x05 0x00 0xe7  call    x10
	   956    0x00 0x81 0x27 0x03  lw      x14, 8(x2)
	   960    0x02 0x81 0x26 0x83  lw      x13, 40(x2)
	   964    0x03 0x41 0x25 0x83  lw      x11, 52(x2)
	   968    0x03 0x01 0x23 0x83  lw      x7,  48(x2)
	   972    0x01 0x01 0x20 0x83  lw      x1,  16(x2)
	   976    0x02 0xc1 0x23 0x03  lw      x6,  44(x2)
	   980    0x01 0x41 0x26 0x03  lw      x12, 20(x2)
	   984    0x00 0x10 0x02 0x13  li      x4,  1
	   988    0xf4 0x05 0x50 0xe3  bgez    x10, -192
	   992    0x02 0x71 0x24 0x23  sw      x7,  40(x2)
	   996    0x08 0xd5 0xee 0x63  bltu    x11, x13, 156
	  1000    0x06 0x10 0x08 0x63  beqz    x1,  112
	  1004    0x02 0x12 0x5c 0x63  bge     x4,  x1,  56
	  1008    0x00 0x06 0x83 0x93  mv      x7,  x13
	  1012    0x02 0x41 0x22 0x83  lw      x5,  36(x2)
	  1016    0x00 0x05 0x83 0x13  mv      x6,  x11
	  1020    0x00 0x81 0x24 0x03  lw      x8,  8(x2)
	  1024    0x00 0x03 0x84 0x83  lb      x9,  0(x7)
	  1028    0x00 0x03 0x07 0x83  lb      x15, 0(x6)
	  1032    0x00 0xf3 0x80 0x23  sb      x15, 0(x7)
	  1036    0x00 0x93 0x00 0x23  sb      x9,  0(x6)
	  1040    0x00 0x13 0x83 0x93  addi    x7,  x7,  1
	  1044    0x00 0x13 0x03 0x13  addi    x6,  x6,  1
	  1048    0xff 0xf4 0x04 0x13  addi    x8,  x8,  -1
	  1052    0xfe 0x80 0x42 0xe3  bgtz    x8,  -28
	  1056    0x04 0xc0 0x00 0x6f  j       76
	  1060    0x00 0x06 0x83 0x93  mv      x7,  x13
	  1064    0x02 0x41 0x22 0x83  lw      x5,  36(x2)
	  1068    0x00 0x05 0x83 0x13  mv      x6,  x11
	  1072    0x01 0xc1 0x24 0x03  lw      x8,  28(x2)
	  1076    0x00 0x03 0xa4 0x83  lw      x9,  0(x7)
	  1080    0x00 0x03 0x27 0x83  lw      x15, 0(x6)
	  1084    0x00 0xf3 0xa0 0x23  sw      x15, 0(x7)
	  1088    0x00 0x93 0x20 0x23  sw      x9,  0(x6)
	  1092    0x00 0x43 0x83 0x93  addi    x7,  x7,  4
	  1096    0x00 0x43 0x03 0x13  addi    x6,  x6,  4
	  1100    0xff 0xf4 0x04 0x13  addi    x8,  x8,  -1
	  1104    0xfe 0x80 0x42 0xe3  bgtz    x8,  -28
	  1108    0x01 0x80 0x00 0x6f  j       24
	  1112    0x00 0x06 0xa2 0x83  lw      x5,  0(x13)
	  1116    0x00 0x05 0xa3 0x03  lw      x6,  0(x11)
	  1120    0x00 0x66 0xa0 0x23  sw      x6,  0(x13)
	  1124    0x00 0x55 0xa0 0x23  sw      x5,  0(x11)
	  1128    0x02 0x41 0x22 0x83  lw      x5,  36(x2)
	  1132    0x40 0xe5 0x85 0xb3  sub     x11, x11, x14
	  1136    0x00 0xd7 0x06 0xb3  add     x13, x14, x13
	  1140    0x02 0xb1 0x22 0x23  sw      x11, 36(x2)
	  1144    0x00 0x10 0x03 0x13  li      x6,  1
	  1148    0xd5 0x1f 0xf0 0x6f  j       -688
.label __ll2_qsort
	  1152    0x02 0x41 0x25 0x03  lw      x10, 36(x2)
	  1156    0x12 0x60 0x08 0x63  beqz    x6,  304
	  1160    0x40 0xc5 0x02 0xb3  sub     x5,  x10, x12
	  1164    0x40 0xa6 0x81 0xb3  sub     x3,  x13, x10
	  1168    0x00 0x32 0xc4 0x63  blt     x5,  x3,  8
	  1172    0x00 0x01 0x82 0x93  mv      x5,  x3
	  1176    0x06 0x50 0x58 0x63  blez    x5,  112
	  1180    0x40 0x56 0x83 0xb3  sub     x7,  x13, x5
	  1184    0x02 0x12 0x5a 0x63  bge     x4,  x1,  52
	  1188    0x00 0x06 0x04 0x13  mv      x8,  x12
	  1192    0x00 0xc1 0x25 0x03  lw      x10, 12(x2)
	  1196    0x02 0x81 0x23 0x03  lw      x6,  40(x2)
	  1200    0x00 0x04 0x04 0x83  lb      x9,  0(x8)
	  1204    0x00 0x03 0x87 0x83  lb      x15, 0(x7)
	  1208    0x00 0xf4 0x00 0x23  sb      x15, 0(x8)
	  1212    0x00 0x93 0x80 0x23  sb      x9,  0(x7)
	  1216    0x00 0x14 0x04 0x13  addi    x8,  x8,  1
	  1220    0x00 0x13 0x83 0x93  addi    x7,  x7,  1
	  1224    0xff 0xf2 0x82 0x93  addi    x5,  x5,  -1
	  1228    0xfe 0x50 0x42 0xe3  bgtz    x5,  -28
	  1232    0x04 0x00 0x00 0x6f  j       64
	  1236    0x00 0x06 0x04 0x13  mv      x8,  x12
	  1240    0x00 0x22 0xd2 0x93  srli    x5,  x5,  2
	  1244    0x00 0xc1 0x25 0x03  lw      x10, 12(x2)
	  1248    0x02 0x81 0x23 0x03  lw      x6,  40(x2)
	  1252    0x00 0x04 0x24 0x83  lw      x9,  0(x8)
	  1256    0x00 0x03 0xa7 0x83  lw      x15, 0(x7)
	  1260    0x00 0xf4 0x20 0x23  sw      x15, 0(x8)
	  1264    0x00 0x93 0xa0 0x23  sw      x9,  0(x7)
	  1268    0x00 0x44 0x04 0x13  addi    x8,  x8,  4
	  1272    0x00 0x43 0x83 0x93  addi    x7,  x7,  4
	  1276    0xff 0xf2 0x82 0x93  addi    x5,  x5,  -1
	  1280    0xfe 0x50 0x42 0xe3  bgtz    x5,  -28
	  1284    0x00 0xc0 0x00 0x6f  j       12
	  1288    0x00 0xc1 0x25 0x03  lw      x10, 12(x2)
	  1292    0x02 0x81 0x23 0x03  lw      x6,  40(x2)
	  1296    0x40 0xb3 0x05 0xb3  sub     x11, x6,  x11
	  1300    0x40 0x65 0x02 0xb3  sub     x5,  x10, x6
	  1304    0x40 0xe2 0x82 0xb3  sub     x5,  x5,  x14
	  1308    0x02 0xb1 0x24 0x23  sw      x11, 40(x2)
	  1312    0x00 0x55 0xc4 0x63  blt     x11, x5,  8
	  1316    0x00 0x02 0x85 0x93  mv      x11, x5
	  1320    0x04 0xb0 0x5a 0x63  blez    x11, 84
	  1324    0x40 0xb5 0x05 0x33  sub     x10, x10, x11
	  1328    0x02 0x12 0x54 0x63  bge     x4,  x1,  40
	  1332    0x00 0x06 0x80 0x83  lb      x1,  0(x13)
	  1336    0x00 0x05 0x02 0x03  lb      x4,  0(x10)
	  1340    0x00 0x46 0x80 0x23  sb      x4,  0(x13)
	  1344    0x00 0x15 0x00 0x23  sb      x1,  0(x10)
	  1348    0x00 0x16 0x86 0x93  addi    x13, x13, 1
	  1352    0x00 0x15 0x05 0x13  addi    x10, x10, 1
	  1356    0xff 0xf5 0x85 0x93  addi    x11, x11, -1
	  1360    0xfe 0xb0 0x42 0xe3  bgtz    x11, -28
	  1364    0x02 0x80 0x00 0x6f  j       40
	  1368    0x00 0x25 0xd5 0x93  srli    x11, x11, 2
	  1372    0x00 0x06 0xa0 0x83  lw      x1,  0(x13)
	  1376    0x00 0x05 0x22 0x03  lw      x4,  0(x10)
	  1380    0x00 0x46 0xa0 0x23  sw      x4,  0(x13)
	  1384    0x00 0x15 0x20 0x23  sw      x1,  0(x10)
	  1388    0x00 0x46 0x86 0x93  addi    x13, x13, 4
	  1392    0x00 0x45 0x05 0x13  addi    x10, x10, 4
	  1396    0xff 0xf5 0x85 0x93  addi    x11, x11, -1
	  1400    0xfe 0xb0 0x42 0xe3  bgtz    x11, -28
	  1404    0x02 0x37 0x52 0x63  bge     x14, x3,  36
	  1408    0x00 0x06 0x05 0x13  mv      x10, x12
	  1412    0x02 0xe1 0xd5 0xb3  divu    x11, x3,  x14
	  1416    0x00 0x41 0x26 0x83  lw      x13, 4(x2)
	  1420    0x00 0x81 0x26 0x03  lw      x12, 8(x2)
.call
	  1424    0x00 0x00 0x00 0xef  call    qsort
	  1428    0x00 0x81 0x26 0x03  lw      x12, 8(x2)
	  1432    0x02 0x81 0x25 0x03  lw      x10, 40(x2)
	  1436    0x00 0xc0 0x00 0x6f  j       12
	  1440    0x02 0x81 0x25 0x03  lw      x10, 40(x2)
	  1444    0x00 0x07 0x06 0x13  mv      x12, x14
	  1448    0x24 0xa6 0x44 0x63  blt     x12, x10, 584
	  1452    0x00 0x01 0x25 0x83  lw      x11, 0(x2)
	  1456    0x23 0x80 0x00 0x6f  j       568
	  1460    0x02 0x01 0x25 0x83  lw      x11, 32(x2)
	  1464    0x00 0xc1 0x25 0x03  lw      x10, 12(x2)
	  1468    0x10 0xa5 0xf2 0x63  bgeu    x11, x10, 260
	  1472    0x00 0x06 0x06 0x93  mv      x13, x12
	  1476    0x00 0x05 0x86 0x13  mv      x12, x11
	  1480    0x01 0x81 0x25 0x83  lw      x11, 24(x2)
	  1484    0x02 0xc1 0x20 0x23  sw      x12, 32(x2)
	  1488    0x0c 0xc6 0xfa 0x63  bgeu    x13, x12, 212
	  1492    0x00 0x41 0x25 0x03  lw      x10, 4(x2)
.call
	  1496    0x00 0x05 0x00 0xe7  call    x10
	  1500    0x00 0x81 0x27 0x03  lw      x14, 8(x2)
	  1504    0x01 0x01 0x20 0x83  lw      x1,  16(x2)
	  1508    0x01 0x41 0x26 0x83  lw      x13, 20(x2)
	  1512    0x02 0x01 0x26 0x03  lw      x12, 32(x2)
	  1516    0x01 0x81 0x25 0x83  lw      x11, 24(x2)
	  1520    0x00 0x10 0x02 0x13  li      x4,  1
	  1524    0x0a 0xa0 0x58 0x63  blez    x10, 176
	  1528    0x40 0xe6 0x05 0x33  sub     x10, x12, x14
	  1532    0x40 0xe5 0x85 0xb3  sub     x11, x11, x14
	  1536    0x06 0x10 0x00 0x63  beqz    x1,  96
	  1540    0x02 0x12 0x58 0x63  bge     x4,  x1,  48
	  1544    0x00 0x05 0x02 0x93  mv      x5,  x10
	  1548    0x00 0x81 0x23 0x03  lw      x6,  8(x2)
	  1552    0x00 0x06 0x03 0x83  lb      x7,  0(x12)
	  1556    0x00 0x02 0x84 0x03  lb      x8,  0(x5)
	  1560    0x00 0x86 0x00 0x23  sb      x8,  0(x12)
	  1564    0x00 0x72 0x80 0x23  sb      x7,  0(x5)
	  1568    0x00 0x16 0x06 0x13  addi    x12, x12, 1
	  1572    0x00 0x12 0x82 0x93  addi    x5,  x5,  1
	  1576    0xff 0xf3 0x03 0x13  addi    x6,  x6,  -1
	  1580    0xfe 0x60 0x42 0xe3  bgtz    x6,  -28
	  1584    0x04 0x00 0x00 0x6f  j       64
	  1588    0x00 0x05 0x02 0x93  mv      x5,  x10
	  1592    0x01 0xc1 0x23 0x03  lw      x6,  28(x2)
	  1596    0x00 0x06 0x23 0x83  lw      x7,  0(x12)
	  1600    0x00 0x02 0xa4 0x03  lw      x8,  0(x5)
	  1604    0x00 0x86 0x20 0x23  sw      x8,  0(x12)
	  1608    0x00 0x72 0xa0 0x23  sw      x7,  0(x5)
	  1612    0x00 0x46 0x06 0x13  addi    x12, x12, 4
	  1616    0x00 0x42 0x82 0x93  addi    x5,  x5,  4
	  1620    0xff 0xf3 0x03 0x13  addi    x6,  x6,  -1
	  1624    0xfe 0x60 0x42 0xe3  bgtz    x6,  -28
	  1628    0x01 0x40 0x00 0x6f  j       20
	  1632    0x00 0x06 0x22 0x83  lw      x5,  0(x12)
	  1636    0x00 0x05 0x23 0x03  lw      x6,  0(x10)
	  1640    0x00 0x66 0x20 0x23  sw      x6,  0(x12)
	  1644    0x00 0x55 0x20 0x23  sw      x5,  0(x10)
	  1648    0x00 0x05 0x06 0x13  mv      x12, x10
	  1652    0x02 0xc6 0xf8 0x63  bgeu    x13, x12, 48
	  1656    0x00 0x41 0x25 0x03  lw      x10, 4(x2)
	  1660    0x02 0xc1 0x24 0x23  sw      x12, 40(x2)
	  1664    0x02 0xb1 0x22 0x23  sw      x11, 36(x2)
.call
	  1668    0x00 0x05 0x00 0xe7  call    x10
	  1672    0x02 0x41 0x25 0x83  lw      x11, 36(x2)
	  1676    0x02 0x81 0x26 0x03  lw      x12, 40(x2)
	  1680    0x00 0x81 0x27 0x03  lw      x14, 8(x2)
	  1684    0x01 0x01 0x20 0x83  lw      x1,  16(x2)
	  1688    0x01 0x41 0x26 0x83  lw      x13, 20(x2)
	  1692    0x00 0x10 0x02 0x13  li      x4,  1
	  1696    0xf4 0xa0 0x4c 0xe3  bgtz    x10, -168
	  1700    0x01 0x81 0x25 0x83  lw      x11, 24(x2)
	  1704    0x00 0xb7 0x05 0xb3  add     x11, x14, x11
	  1708    0x02 0x01 0x26 0x03  lw      x12, 32(x2)
	  1712    0x00 0xe6 0x06 0x33  add     x12, x12, x14
	  1716    0x00 0xb1 0x2c 0x23  sw      x11, 24(x2)
	  1720    0x00 0xc1 0x25 0x03  lw      x10, 12(x2)
	  1724    0xf0 0xa6 0x68 0xe3  bltu    x12, x10, -240
	  1728    0x00 0x01 0x25 0x83  lw      x11, 0(x2)
	  1732    0x12 0x40 0x00 0x6f  j       292
	  1736    0x01 0x01 0x27 0x03  lw      x14, 16(x2)
	  1740    0x02 0x01 0x20 0x83  lw      x1,  32(x2)
	  1744    0x01 0x81 0x25 0x83  lw      x11, 24(x2)
	  1748    0x00 0xc1 0x26 0x83  lw      x13, 12(x2)
	  1752    0x00 0x10 0x01 0x93  li      x3,  1
	  1756    0x10 0xd0 0xf4 0x63  bgeu    x1,  x13, 264
	  1760    0x00 0x00 0x86 0x13  mv      x12, x1
	  1764    0x00 0x81 0x20 0x83  lw      x1,  8(x2)
	  1768    0x02 0xc1 0x20 0x23  sw      x12, 32(x2)
	  1772    0x0c 0xc5 0x7e 0x63  bgeu    x10, x12, 220
	  1776    0x00 0x41 0x25 0x03  lw      x10, 4(x2)
.call
	  1780    0x00 0x05 0x00 0xe7  call    x10
	  1784    0x00 0x05 0x02 0x13  mv      x4,  x10
	  1788    0x00 0x81 0x20 0x83  lw      x1,  8(x2)
	  1792    0x01 0x01 0x27 0x03  lw      x14, 16(x2)
	  1796    0x01 0x41 0x25 0x03  lw      x10, 20(x2)
	  1800    0x02 0x01 0x26 0x03  lw      x12, 32(x2)
	  1804    0x01 0x81 0x25 0x83  lw      x11, 24(x2)
	  1808    0x00 0x10 0x01 0x93  li      x3,  1
	  1812    0x0a 0x40 0x5a 0x63  blez    x4,  180
	  1816    0x40 0x16 0x02 0x33  sub     x4,  x12, x1
	  1820    0x40 0x15 0x85 0xb3  sub     x11, x11, x1
	  1824    0x06 0xe0 0x00 0x63  beqz    x14, 96
	  1828    0x02 0xe1 0xd8 0x63  bge     x3,  x14, 48
	  1832    0x00 0x02 0x02 0x93  mv      x5,  x4
	  1836    0x00 0x81 0x23 0x03  lw      x6,  8(x2)
	  1840    0x00 0x06 0x03 0x83  lb      x7,  0(x12)
	  1844    0x00 0x02 0x84 0x03  lb      x8,  0(x5)
	  1848    0x00 0x86 0x00 0x23  sb      x8,  0(x12)
	  1852    0x00 0x72 0x80 0x23  sb      x7,  0(x5)
	  1856    0x00 0x16 0x06 0x13  addi    x12, x12, 1
	  1860    0x00 0x12 0x82 0x93  addi    x5,  x5,  1
	  1864    0xff 0xf3 0x03 0x13  addi    x6,  x6,  -1
	  1868    0xfe 0x60 0x42 0xe3  bgtz    x6,  -28
	  1872    0x04 0x00 0x00 0x6f  j       64
	  1876    0x00 0x02 0x02 0x93  mv      x5,  x4
	  1880    0x01 0xc1 0x23 0x03  lw      x6,  28(x2)
	  1884    0x00 0x06 0x23 0x83  lw      x7,  0(x12)
	  1888    0x00 0x02 0xa4 0x03  lw      x8,  0(x5)
	  1892    0x00 0x86 0x20 0x23  sw      x8,  0(x12)
	  1896    0x00 0x72 0xa0 0x23  sw      x7,  0(x5)
	  1900    0x00 0x46 0x06 0x13  addi    x12, x12, 4
	  1904    0x00 0x42 0x82 0x93  addi    x5,  x5,  4
	  1908    0xff 0xf3 0x03 0x13  addi    x6,  x6,  -1
	  1912    0xfe 0x60 0x42 0xe3  bgtz    x6,  -28
	  1916    0x01 0x40 0x00 0x6f  j       20
	  1920    0x00 0x06 0x22 0x83  lw      x5,  0(x12)
	  1924    0x00 0x02 0x23 0x03  lw      x6,  0(x4)
	  1928    0x00 0x66 0x20 0x23  sw      x6,  0(x12)
	  1932    0x00 0x52 0x20 0x23  sw      x5,  0(x4)
	  1936    0x00 0x02 0x06 0x13  mv      x12, x4
	  1940    0x02 0xc5 0x7a 0x63  bgeu    x10, x12, 52
	  1944    0x00 0x41 0x25 0x03  lw      x10, 4(x2)
	  1948    0x02 0xc1 0x22 0x23  sw      x12, 36(x2)
	  1952    0x02 0xb1 0x24 0x23  sw      x11, 40(x2)
.call
	  1956    0x00 0x05 0x00 0xe7  call    x10
	  1960    0x00 0x05 0x02 0x13  mv      x4,  x10
	  1964    0x02 0x81 0x25 0x83  lw      x11, 40(x2)
	  1968    0x02 0x41 0x26 0x03  lw      x12, 36(x2)
	  1972    0x00 0x81 0x20 0x83  lw      x1,  8(x2)
	  1976    0x01 0x01 0x27 0x03  lw      x14, 16(x2)
	  1980    0x01 0x41 0x25 0x03  lw      x10, 20(x2)
	  1984    0x00 0x10 0x01 0x93  li      x3,  1
	  1988    0xf4 0x40 0x4a 0xe3  bgtz    x4,  -172
	  1992    0x01 0x81 0x25 0x83  lw      x11, 24(x2)
	  1996    0x00 0xb0 0x85 0xb3  add     x11, x1,  x11
	  2000    0x02 0x01 0x26 0x03  lw      x12, 32(x2)
	  2004    0x00 0x16 0x06 0x33  add     x12, x12, x1
	  2008    0x00 0xb1 0x2c 0x23  sw      x11, 24(x2)
	  2012    0x00 0xc1 0x22 0x03  lw      x4,  12(x2)
	  2016    0xf0 0x46 0x64 0xe3  bltu    x12, x4,  -248
	  2020    0x00 0x01 0x25 0x83  lw      x11, 0(x2)
	  2024    0x03 0x81 0x01 0x13  addi    x2,  x2,  56
.rts
	  2028    0x00 0x05 0x80 0x67  jr      x11
	  2032    0x02 0xc5 0x55 0xb3  divu    x11, x10, x12
	  2036    0x00 0xc1 0x27 0x03  lw      x14, 12(x2)
	  2040    0x40 0xa7 0x05 0x33  sub     x10, x14, x10
	  2044    0x00 0x41 0x27 0x03  lw      x14, 4(x2)
.label qsort__end last
	  2048    0x80 0xdf 0xf0 0x6f  j       -2036

