
; File generated by darts version U-2022.12#33f3808fcb#221128, Fri Mar  8 16:46:10 2024
; Copyright 2014-2022 Synopsys, Inc. All rights reserved.
; darts -I.. -d -h -I../runtime/include -DCHESS_CXX_ATTRIBUTES -DNDEBUG -D__tct_patch__=0 -L +Ihex Release/rand.o trv32p3_cnn

; Release: ipd U-2022.12
.data_segment_name
.data local 4 _ZL4next DMb_stat
	0x1
	0x0
	0x0
	0x0

.undef local data _ZL4next

.undef local data _ZL4next

.text_segment_name
.text global 0 rand
	     0    0x41 0xc6 0x55 0x37  lui     x10, 269413
	     4    0x00 0x00 0x21 0x83  lw      x3,  _ZL4next(x0)
	     8    0xe6 0xd5 0x05 0x13  addi    x10, x10, -403
	    12    0x02 0x35 0x05 0x33  mul     x10, x10, x3
	    16    0x00 0x00 0x32 0x37  lui     x4,  3
	    20    0x03 0x92 0x01 0x93  addi    x3,  x4,  57
	    24    0x00 0x35 0x05 0x33  add     x10, x10, x3
	    28    0x00 0xa0 0x20 0x23  sw      x10, _ZL4next(x0)
	    32    0x00 0x00 0x81 0xb7  lui     x3,  8
	    36    0x01 0x05 0x55 0x13  srli    x10, x10, 16
	    40    0xff 0xf1 0x81 0x93  addi    x3,  x3,  -1
	    44    0x00 0x35 0x75 0x33  and     x10, x10, x3
.label rand__end last
.rts
	    48    0x00 0x00 0x80 0x67  ret

.text_segment_name
.text global 0 srand
	     0    0x00 0xa0 0x20 0x23  sw      x10, _ZL4next(x0)
.label srand__end last
.rts
	     4    0x00 0x00 0x80 0x67  ret

