
; File generated by darts version U-2022.12#33f3808fcb#221128, Fri Mar  8 16:46:09 2024
; Copyright 2014-2022 Synopsys, Inc. All rights reserved.
; darts -I.. -d -h -I../runtime/include -DCHESS_CXX_ATTRIBUTES -DNDEBUG -D__tct_patch__=0 -L +Ihex Release/stdio.o trv32p3_cnn

; Release: ipd U-2022.12
.data_segment_name
.bss local 4 _ZL18_hosted_clib_files DMb 128

.data_segment_name
.data local 4 _ZL6_stdin DMb
	0x0
	0x0
	0x0
	0x0
	0x1
	0x0
	0x0
	0x0

.data_segment_name
.data local 4 _ZL7_stdout DMb
	0x1
	0x0
	0x0
	0x0
	0x1
	0x0
	0x0
	0x0

.data_segment_name
.data local 4 _ZL7_stderr DMb
	0x2
	0x0
	0x0
	0x0
	0x1
	0x0
	0x0
	0x0

.data_segment_name
.rodata local 1 _ZL13__strc60893a8 DMb
	0x44
	0x4d
	0x62
	0x0

.text_segment_name
.text local 0 clib_hosted_io
.label clib_hosted_io__end last
.rts
	     0    0x00 0x00 0x80 0x67  ret

.undef local data _ZL18_hosted_clib_files

.undef local text clib_hosted_io

.undef local text clib_hosted_io

.undef local text clib_hosted_io

.undef local text clib_hosted_io

.undef local text clib_hosted_io

.undef local text clib_hosted_io

.undef local text clib_hosted_io

.undef local text clib_hosted_io

.undef local text clib_hosted_io

.undef local text clib_hosted_io

.undef local text clib_hosted_io

.undef local text clib_hosted_io

.undef local text clib_hosted_io

.undef local text clib_hosted_io

.undef local text clib_hosted_io

.undef local text clib_hosted_io

.undef local text clib_hosted_io

.undef local text clib_hosted_io

.undef local text clib_hosted_io

.undef local text clib_hosted_io

.undef local data _ZL13__strc60893a8

.undef local text clib_hosted_io

.undef local data _ZL13__strc60893a8

.undef local text clib_hosted_io

.undef local data _ZL13__strc60893a8

.undef local text clib_hosted_io

.undef local data _ZL13__strc60893a8

.undef local text clib_hosted_io

.undef local text clib_hosted_io

.undef local text clib_hosted_io

.undef local data _ZL18_hosted_clib_files

.undef local text clib_hosted_io

.undef local text clib_hosted_io

.undef local data _ZL18_hosted_clib_files

.undef local text clib_hosted_io

.undef local text clib_hosted_io

.undef local text clib_hosted_io

.undef local text clib_hosted_io

.undef local text clib_hosted_io

.undef local text clib_hosted_io

.undef local text clib_hosted_io

.undef local text clib_hosted_io

.data_segment_name
.data global 4 stdin DMb_stat
.rela 9 _ZL6_stdin 0
	0x0
	0x0
	0x0
	0x0

.data_segment_name
.data global 4 stdout DMb_stat
.rela 9 _ZL7_stdout 0
	0x0
	0x0
	0x0
	0x0

.data_segment_name
.data global 4 stderr DMb_stat
.rela 9 _ZL7_stderr 0
	0x0
	0x0
	0x0
	0x0

.undef global data errno

.text_segment_name
.text global 0 fopen
.rela 2 _ZL18_hosted_clib_files 2052
	     0    0x00 0x00 0x45 0x37  lui     x10, 4
	     4    0x00 0x00 0x81 0x93  mv      x3,  x1
.rela 3 _ZL18_hosted_clib_files 4
	     8    0x00 0x45 0x00 0x93  addi    x1,  x10, 4
	    12    0xfb 0xc1 0x01 0x13  addi    x2,  x2,  -68
	    16    0x00 0x00 0x02 0x13  li      x4,  0
	    20    0x01 0x00 0x05 0x13  li      x10, 16
	    24    0x00 0x00 0x02 0x93  li      x5,  0
	    28    0x00 0x00 0xa3 0x03  lw      x6,  0(x1)
	    32    0x00 0x80 0x80 0x93  addi    x1,  x1,  8
	    36    0x00 0x60 0x06 0x63  beqz    x6,  12
	    40    0x00 0x12 0x82 0x93  addi    x5,  x5,  1
	    44    0xfe 0xa2 0xc8 0xe3  blt     x5,  x10, -16
.label __ll1_fopen
	    48    0x04 0xa2 0xda 0x63  bge     x5,  x10, 84
	    52    0x00 0x90 0x05 0x13  li      x10, 9
	    56    0x00 0xa1 0x24 0x23  sw      x10, 8(x2)
	    60    0x00 0xb1 0x26 0x23  sw      x11, 12(x2)
	    64    0x00 0xc1 0x28 0x23  sw      x12, 16(x2)
	    68    0x00 0x01 0x20 0x23  sw      x0,  0(x2)
	    72    0x00 0x01 0x05 0x13  mv      x10, x2
.call
	    76    0x00 0x00 0x00 0xef  call    clib_hosted_io
	    80    0x00 0x81 0x26 0x03  lw      x12, 8(x2)
	    84    0x02 0xc0 0x14 0x63  bnez    x12, 40
.rela 2 _ZL18_hosted_clib_files 2048
	    88    0x00 0x00 0x06 0x37  lui     x12, 0
	    92    0x00 0x32 0x95 0x93  slli    x11, x5,  3
.rela 3 _ZL18_hosted_clib_files 0
	    96    0x00 0x06 0x06 0x13  mv      x12, x12
	   100    0x00 0xb6 0x02 0x33  add     x4,  x12, x11
	   104    0x00 0x41 0x26 0x03  lw      x12, 4(x2)
	   108    0x00 0x10 0x05 0x93  li      x11, 1
	   112    0x00 0xc2 0x20 0x23  sw      x12, 0(x4)
	   116    0x00 0xb2 0x22 0x23  sw      x11, 4(x4)
	   120    0x01 0x40 0x00 0x6f  j       20
	   124    0x00 0xc0 0x20 0x23  sw      x12, errno(x0)
	   128    0x00 0xc0 0x00 0x6f  j       12
	   132    0x01 0x80 0x06 0x13  li      x12, 24
	   136    0x00 0xc0 0x20 0x23  sw      x12, errno(x0)
	   140    0x04 0x41 0x01 0x13  addi    x2,  x2,  68
	   144    0x00 0x02 0x05 0x13  mv      x10, x4
.label fopen__end last
.rts
	   148    0x00 0x01 0x80 0x67  jr      x3

.undef global data errno

.text_segment_name
.text global 0 fclose
	     0    0x00 0x00 0x81 0x93  mv      x3,  x1
	     4    0xfb 0xc1 0x01 0x13  addi    x2,  x2,  -68
	     8    0x00 0x45 0xa5 0x03  lw      x10, 4(x11)
	    12    0x00 0x90 0x00 0x93  li      x1,  9
	    16    0x04 0xa0 0x00 0x63  beqz    x10, 64
	    20    0x00 0x05 0xa2 0x23  sw      x0,  4(x11)
	    24    0x00 0x05 0xa5 0x83  lw      x11, 0(x11)
	    28    0x00 0x10 0x02 0x93  li      x5,  1
	    32    0x00 0x01 0x05 0x13  mv      x10, x2
	    36    0x00 0x51 0x20 0x23  sw      x5,  0(x2)
	    40    0x00 0x11 0x24 0x23  sw      x1,  8(x2)
	    44    0x00 0xb1 0x22 0x23  sw      x11, 4(x2)
.call
	    48    0x00 0x00 0x00 0xef  call    clib_hosted_io
	    52    0x00 0x81 0x25 0x03  lw      x10, 8(x2)
	    56    0x00 0xa0 0x08 0x63  beqz    x10, 16
	    60    0x00 0xa0 0x20 0x23  sw      x10, errno(x0)
	    64    0xff 0xf0 0x05 0x13  li      x10, -1
	    68    0x01 0x40 0x00 0x6f  j       20
	    72    0x00 0x00 0x05 0x13  li      x10, 0
	    76    0x00 0xc0 0x00 0x6f  j       12
	    80    0x00 0x10 0x20 0x23  sw      x1,  errno(x0)
	    84    0xff 0xf0 0x05 0x13  li      x10, -1
	    88    0x04 0x41 0x01 0x13  addi    x2,  x2,  68
.label fclose__end last
.rts
	    92    0x00 0x01 0x80 0x67  jr      x3

.undef global data errno

.text_segment_name
.text global 0 freopen
	     0    0xfb 0xc1 0x01 0x13  addi    x2,  x2,  -68
	     4    0x00 0x01 0x05 0x13  mv      x10, x2
	     8    0x00 0x06 0xa2 0x83  lw      x5,  0(x13)
	    12    0x00 0xc1 0x28 0x23  sw      x12, 16(x2)
	    16    0x00 0x90 0x01 0x93  li      x3,  9
	    20    0x01 0xa0 0x02 0x13  li      x4,  26
	    24    0x00 0xb1 0x26 0x23  sw      x11, 12(x2)
	    28    0x00 0x51 0x22 0x23  sw      x5,  4(x2)
	    32    0x00 0x31 0x24 0x23  sw      x3,  8(x2)
	    36    0x00 0x45 0x20 0x23  sw      x4,  0(x10)
	    40    0x00 0x00 0x86 0x13  mv      x12, x1
.call
	    44    0x00 0x00 0x00 0xef  call    clib_hosted_io
	    48    0x00 0x81 0x25 0x03  lw      x10, 8(x2)
	    52    0x00 0xa0 0x1e 0x63  bnez    x10, 28
	    56    0x00 0x10 0x05 0x13  li      x10, 1
	    60    0x00 0x41 0x20 0x83  lw      x1,  4(x2)
	    64    0x00 0xa6 0xa2 0x23  sw      x10, 4(x13)
	    68    0x00 0x16 0xa0 0x23  sw      x1,  0(x13)
	    72    0x00 0x06 0x85 0x13  mv      x10, x13
	    76    0x00 0xc0 0x00 0x6f  j       12
	    80    0x00 0xa0 0x20 0x23  sw      x10, errno(x0)
	    84    0x00 0x00 0x05 0x13  li      x10, 0
	    88    0x04 0x41 0x01 0x13  addi    x2,  x2,  68
.label freopen__end last
.rts
	    92    0x00 0x06 0x00 0x67  jr      x12

.undef global data errno

.text_segment_name
.text global 0 fflush
	     0    0xfb 0xc1 0x01 0x13  addi    x2,  x2,  -68
	     4    0x00 0x00 0x81 0x93  mv      x3,  x1
	     8    0x00 0xb0 0x08 0x63  beqz    x11, 16
	    12    0x00 0x05 0xa5 0x03  lw      x10, 0(x11)
	    16    0x00 0xa1 0x22 0x23  sw      x10, 4(x2)
	    20    0x00 0xc0 0x00 0x6f  j       12
	    24    0xff 0xf0 0x05 0x13  li      x10, -1
	    28    0x00 0xa1 0x22 0x23  sw      x10, 4(x2)
	    32    0x00 0x90 0x05 0x13  li      x10, 9
	    36    0x00 0xa1 0x20 0x23  sw      x10, 0(x2)
	    40    0x00 0xa1 0x24 0x23  sw      x10, 8(x2)
	    44    0x00 0x01 0x05 0x13  mv      x10, x2
.call
	    48    0x00 0x00 0x00 0xef  call    clib_hosted_io
	    52    0x00 0x81 0x25 0x83  lw      x11, 8(x2)
	    56    0xff 0xf0 0x05 0x13  li      x10, -1
	    60    0x00 0xb0 0x06 0x63  beqz    x11, 12
	    64    0x00 0xb0 0x20 0x23  sw      x11, errno(x0)
	    68    0x00 0x80 0x00 0x6f  j       8
	    72    0x00 0x00 0x05 0x13  li      x10, 0
	    76    0x04 0x41 0x01 0x13  addi    x2,  x2,  68
.label fflush__end last
.rts
	    80    0x00 0x01 0x80 0x67  jr      x3

.undef global data errno

.text_segment_name
.text global 0 fseek
	     0    0xfb 0xc1 0x01 0x13  addi    x2,  x2,  -68
	     4    0x00 0x05 0xa2 0x03  lw      x4,  0(x11)
	     8    0x00 0x01 0x05 0x13  mv      x10, x2
	    12    0x00 0xd1 0x2e 0x23  sw      x13, 28(x2)
	    16    0x00 0x90 0x05 0x93  li      x11, 9
	    20    0x00 0x40 0x01 0x93  li      x3,  4
	    24    0x00 0x41 0x22 0x23  sw      x4,  4(x2)
	    28    0x00 0xc1 0x2c 0x23  sw      x12, 24(x2)
	    32    0x00 0xb1 0x24 0x23  sw      x11, 8(x2)
	    36    0x00 0x35 0x20 0x23  sw      x3,  0(x10)
	    40    0x00 0x00 0x86 0x93  mv      x13, x1
.call
	    44    0x00 0x00 0x00 0xef  call    clib_hosted_io
	    48    0x00 0x81 0x25 0x03  lw      x10, 8(x2)
	    52    0x00 0xa0 0x06 0x63  beqz    x10, 12
	    56    0x00 0xa0 0x20 0x23  sw      x10, errno(x0)
	    60    0xff 0xf0 0x05 0x13  li      x10, -1
	    64    0x04 0x41 0x01 0x13  addi    x2,  x2,  68
.label fseek__end last
.rts
	    68    0x00 0x06 0x80 0x67  jr      x13

.undef global data errno

.text_segment_name
.text global 0 ftell
	     0    0xfb 0xc1 0x01 0x13  addi    x2,  x2,  -68
	     4    0x00 0x05 0xa2 0x03  lw      x4,  0(x11)
	     8    0xff 0xf0 0x05 0x93  li      x11, -1
	    12    0x00 0x01 0x05 0x13  mv      x10, x2
	    16    0x00 0xb1 0x2c 0x23  sw      x11, 24(x2)
	    20    0x00 0x90 0x01 0x93  li      x3,  9
	    24    0x00 0x50 0x02 0x93  li      x5,  5
	    28    0x00 0x41 0x22 0x23  sw      x4,  4(x2)
	    32    0x00 0x31 0x24 0x23  sw      x3,  8(x2)
	    36    0x00 0x55 0x20 0x23  sw      x5,  0(x10)
	    40    0x00 0x00 0x85 0x93  mv      x11, x1
.call
	    44    0x00 0x00 0x00 0xef  call    clib_hosted_io
	    48    0x01 0x81 0x25 0x03  lw      x10, 24(x2)
	    52    0x00 0x05 0x58 0x63  bgez    x10, 16
	    56    0x00 0x81 0x25 0x03  lw      x10, 8(x2)
	    60    0x00 0xa0 0x20 0x23  sw      x10, errno(x0)
	    64    0xff 0xf0 0x05 0x13  li      x10, -1
	    68    0x04 0x41 0x01 0x13  addi    x2,  x2,  68
.label ftell__end last
.rts
	    72    0x00 0x05 0x80 0x67  jr      x11

.undef global data errno

.text_segment_name
.text global 0 feof
	     0    0xfb 0xc1 0x01 0x13  addi    x2,  x2,  -68
	     4    0x00 0x05 0xa2 0x03  lw      x4,  0(x11)
	     8    0xff 0xf0 0x05 0x93  li      x11, -1
	    12    0x00 0x01 0x05 0x13  mv      x10, x2
	    16    0x02 0xb1 0x20 0x23  sw      x11, 32(x2)
	    20    0x00 0x90 0x01 0x93  li      x3,  9
	    24    0x00 0x60 0x02 0x93  li      x5,  6
	    28    0x00 0x41 0x22 0x23  sw      x4,  4(x2)
	    32    0x00 0x31 0x24 0x23  sw      x3,  8(x2)
	    36    0x00 0x55 0x20 0x23  sw      x5,  0(x10)
	    40    0x00 0x00 0x85 0x93  mv      x11, x1
.call
	    44    0x00 0x00 0x00 0xef  call    clib_hosted_io
	    48    0x02 0x01 0x25 0x03  lw      x10, 32(x2)
	    52    0x00 0x05 0x58 0x63  bgez    x10, 16
	    56    0x00 0x81 0x25 0x03  lw      x10, 8(x2)
	    60    0x00 0xa0 0x20 0x23  sw      x10, errno(x0)
	    64    0xff 0xf0 0x05 0x13  li      x10, -1
	    68    0x04 0x41 0x01 0x13  addi    x2,  x2,  68
.label feof__end last
.rts
	    72    0x00 0x05 0x80 0x67  jr      x11

.undef global data errno

.text_segment_name
.text global 0 ferror
	     0    0xfb 0xc1 0x01 0x13  addi    x2,  x2,  -68
	     4    0x00 0x05 0xa2 0x03  lw      x4,  0(x11)
	     8    0x00 0x90 0x05 0x93  li      x11, 9
	    12    0x00 0x01 0x05 0x13  mv      x10, x2
	    16    0x00 0xb1 0x24 0x23  sw      x11, 8(x2)
	    20    0x00 0xe0 0x01 0x93  li      x3,  14
	    24    0x00 0x41 0x22 0x23  sw      x4,  4(x2)
	    28    0x00 0x35 0x20 0x23  sw      x3,  0(x10)
	    32    0x00 0x00 0x85 0x93  mv      x11, x1
.call
	    36    0x00 0x00 0x00 0xef  call    clib_hosted_io
	    40    0x00 0x81 0x25 0x03  lw      x10, 8(x2)
	    44    0x04 0x41 0x01 0x13  addi    x2,  x2,  68
.label ferror__end last
.rts
	    48    0x00 0x05 0x80 0x67  jr      x11

.text_segment_name
.text global 0 clearerr
	     0    0x00 0x05 0x01 0x93  mv      x3,  x10
	     4    0xfb 0xc1 0x01 0x13  addi    x2,  x2,  -68
	     8    0x00 0x01 0xa2 0x03  lw      x4,  0(x3)
	    12    0x00 0x01 0x05 0x13  mv      x10, x2
	    16    0x00 0xf0 0x01 0x93  li      x3,  15
	    20    0x00 0x35 0x20 0x23  sw      x3,  0(x10)
	    24    0x00 0x41 0x22 0x23  sw      x4,  4(x2)
	    28    0x00 0x00 0x81 0x93  mv      x3,  x1
.call
	    32    0x00 0x00 0x00 0xef  call    clib_hosted_io
	    36    0x04 0x41 0x01 0x13  addi    x2,  x2,  68
.label clearerr__end last
.rts
	    40    0x00 0x01 0x80 0x67  jr      x3

.text_segment_name
.text global 0 perror
	     0    0xfb 0xc1 0x01 0x13  addi    x2,  x2,  -68
	     4    0x00 0x05 0x02 0x93  mv      x5,  x10
	     8    0x00 0x00 0x21 0x83  lw      x3,  errno(x0)
	    12    0x00 0x01 0x05 0x13  mv      x10, x2
	    16    0x02 0x31 0x22 0x23  sw      x3,  36(x2)
	    20    0x01 0xc0 0x02 0x13  li      x4,  28
	    24    0x02 0x51 0x24 0x23  sw      x5,  40(x2)
	    28    0x00 0x45 0x20 0x23  sw      x4,  0(x10)
	    32    0x00 0x00 0x81 0x93  mv      x3,  x1
.call
	    36    0x00 0x00 0x00 0xef  call    clib_hosted_io
	    40    0x04 0x41 0x01 0x13  addi    x2,  x2,  68
.label perror__end last
.rts
	    44    0x00 0x01 0x80 0x67  jr      x3

.undef global data errno

.text_segment_name
.text global 0 vfprintf
	     0    0xfb 0xc1 0x01 0x13  addi    x2,  x2,  -68
	     4    0x00 0x05 0xa2 0x03  lw      x4,  0(x11)
	     8    0x00 0x01 0x05 0x13  mv      x10, x2
	    12    0x04 0xd1 0x20 0x23  sw      x13, 64(x2)
	    16    0xff 0xf0 0x05 0x93  li      x11, -1
	    20    0x00 0x20 0x01 0x93  li      x3,  2
	    24    0x00 0x41 0x22 0x23  sw      x4,  4(x2)
	    28    0x00 0xc1 0x2a 0x23  sw      x12, 20(x2)
	    32    0x00 0xb1 0x24 0x23  sw      x11, 8(x2)
	    36    0x00 0x35 0x20 0x23  sw      x3,  0(x10)
	    40    0x00 0x00 0x86 0x93  mv      x13, x1
.call
	    44    0x00 0x00 0x00 0xef  call    clib_hosted_io
	    48    0x00 0x81 0x25 0x03  lw      x10, 8(x2)
	    52    0x04 0x41 0x01 0x13  addi    x2,  x2,  68
.label vfprintf__end last
.rts
	    56    0x00 0x06 0x80 0x67  jr      x13

.text_segment_name
.text global 0 fprintf
	     0    0xfb 0xc1 0x01 0x13  addi    x2,  x2,  -68
	     4    0x00 0x05 0xa2 0x83  lw      x5,  0(x11)
	     8    0x00 0x01 0x05 0x13  mv      x10, x2
	    12    0x00 0xc1 0x2a 0x23  sw      x12, 20(x2)
	    16    0xff 0xf0 0x01 0x93  li      x3,  -1
	    20    0x04 0x41 0x05 0x93  addi    x11, x2,  68
	    24    0x00 0x20 0x02 0x13  li      x4,  2
	    28    0x00 0x51 0x22 0x23  sw      x5,  4(x2)
	    32    0x00 0x31 0x24 0x23  sw      x3,  8(x2)
	    36    0x04 0xb1 0x20 0x23  sw      x11, 64(x2)
	    40    0x00 0x45 0x20 0x23  sw      x4,  0(x10)
	    44    0x00 0x00 0x86 0x13  mv      x12, x1
.call
	    48    0x00 0x00 0x00 0xef  call    clib_hosted_io
	    52    0x00 0x81 0x25 0x03  lw      x10, 8(x2)
	    56    0x04 0x41 0x01 0x13  addi    x2,  x2,  68
.label fprintf__end last
.rts
	    60    0x00 0x06 0x00 0x67  jr      x12

.text_segment_name
.text global 0 printf
	     0    0x00 0x05 0x86 0x13  mv      x12, x11
	     4    0x00 0x00 0x25 0x83  lw      x11, stdout(x0)
	     8    0x00 0x01 0x06 0x93  mv      x13, x2
.label printf__end last
	    12    0x00 0x00 0x00 0x6f  j       vfprintf

.undef global data stdout

.undef global text vfprintf

.text_segment_name
.text global 0 vfscanf
	     0    0xfb 0xc1 0x01 0x13  addi    x2,  x2,  -68
	     4    0x00 0x05 0xa2 0x03  lw      x4,  0(x11)
	     8    0x00 0x01 0x05 0x13  mv      x10, x2
	    12    0x04 0xd1 0x20 0x23  sw      x13, 64(x2)
	    16    0xff 0xf0 0x05 0x93  li      x11, -1
	    20    0x00 0x30 0x01 0x93  li      x3,  3
	    24    0x00 0x41 0x22 0x23  sw      x4,  4(x2)
	    28    0x00 0xc1 0x2a 0x23  sw      x12, 20(x2)
	    32    0x00 0xb1 0x24 0x23  sw      x11, 8(x2)
	    36    0x00 0x35 0x20 0x23  sw      x3,  0(x10)
	    40    0x00 0x00 0x86 0x93  mv      x13, x1
.call
	    44    0x00 0x00 0x00 0xef  call    clib_hosted_io
	    48    0x00 0x81 0x25 0x03  lw      x10, 8(x2)
	    52    0x04 0x41 0x01 0x13  addi    x2,  x2,  68
.label vfscanf__end last
.rts
	    56    0x00 0x06 0x80 0x67  jr      x13

.text_segment_name
.text global 0 fscanf
	     0    0xfb 0xc1 0x01 0x13  addi    x2,  x2,  -68
	     4    0x00 0x05 0xa2 0x83  lw      x5,  0(x11)
	     8    0x00 0x01 0x05 0x13  mv      x10, x2
	    12    0x00 0xc1 0x2a 0x23  sw      x12, 20(x2)
	    16    0xff 0xf0 0x01 0x93  li      x3,  -1
	    20    0x04 0x41 0x05 0x93  addi    x11, x2,  68
	    24    0x00 0x30 0x02 0x13  li      x4,  3
	    28    0x00 0x51 0x22 0x23  sw      x5,  4(x2)
	    32    0x00 0x31 0x24 0x23  sw      x3,  8(x2)
	    36    0x04 0xb1 0x20 0x23  sw      x11, 64(x2)
	    40    0x00 0x45 0x20 0x23  sw      x4,  0(x10)
	    44    0x00 0x00 0x86 0x13  mv      x12, x1
.call
	    48    0x00 0x00 0x00 0xef  call    clib_hosted_io
	    52    0x00 0x81 0x25 0x03  lw      x10, 8(x2)
	    56    0x04 0x41 0x01 0x13  addi    x2,  x2,  68
.label fscanf__end last
.rts
	    60    0x00 0x06 0x00 0x67  jr      x12

.text_segment_name
.text global 0 scanf
	     0    0x00 0x05 0x86 0x13  mv      x12, x11
	     4    0x00 0x00 0x25 0x83  lw      x11, stdin(x0)
	     8    0x00 0x01 0x06 0x93  mv      x13, x2
.label scanf__end last
	    12    0x00 0x00 0x00 0x6f  j       vfscanf

.undef global data stdin

.undef global text vfscanf

.text_segment_name
.text global 0 fputc
	     0    0xfb 0xc1 0x01 0x13  addi    x2,  x2,  -68
	     4    0x00 0x06 0x22 0x03  lw      x4,  0(x12)
	     8    0x00 0x01 0x05 0x13  mv      x10, x2
	    12    0x02 0xb1 0x22 0x23  sw      x11, 36(x2)
	    16    0xff 0xf0 0x06 0x13  li      x12, -1
	    20    0x00 0x70 0x01 0x93  li      x3,  7
	    24    0x00 0x41 0x22 0x23  sw      x4,  4(x2)
	    28    0x00 0xc1 0x24 0x23  sw      x12, 8(x2)
	    32    0x00 0x35 0x20 0x23  sw      x3,  0(x10)
	    36    0x00 0x00 0x85 0x93  mv      x11, x1
.call
	    40    0x00 0x00 0x00 0xef  call    clib_hosted_io
	    44    0x00 0x81 0x25 0x03  lw      x10, 8(x2)
	    48    0x04 0x41 0x01 0x13  addi    x2,  x2,  68
.label fputc__end last
.rts
	    52    0x00 0x05 0x80 0x67  jr      x11

.text_segment_name
.text global 0 ungetc
	     0    0xfb 0xc1 0x01 0x13  addi    x2,  x2,  -68
	     4    0x00 0x06 0x22 0x03  lw      x4,  0(x12)
	     8    0x00 0x01 0x05 0x13  mv      x10, x2
	    12    0x02 0xb1 0x22 0x23  sw      x11, 36(x2)
	    16    0xff 0xf0 0x06 0x13  li      x12, -1
	    20    0x01 0xb0 0x01 0x93  li      x3,  27
	    24    0x00 0x41 0x22 0x23  sw      x4,  4(x2)
	    28    0x00 0xc1 0x24 0x23  sw      x12, 8(x2)
	    32    0x00 0x35 0x20 0x23  sw      x3,  0(x10)
	    36    0x00 0x00 0x85 0x93  mv      x11, x1
.call
	    40    0x00 0x00 0x00 0xef  call    clib_hosted_io
	    44    0x00 0x81 0x25 0x03  lw      x10, 8(x2)
	    48    0x04 0x41 0x01 0x13  addi    x2,  x2,  68
.label ungetc__end last
.rts
	    52    0x00 0x05 0x80 0x67  jr      x11

.text_segment_name
.text global 0 fputs
	     0    0xfb 0xc1 0x01 0x13  addi    x2,  x2,  -68
	     4    0x00 0x06 0x22 0x03  lw      x4,  0(x12)
	     8    0x00 0x01 0x05 0x13  mv      x10, x2
	    12    0x02 0xb1 0x24 0x23  sw      x11, 40(x2)
	    16    0xff 0xf0 0x06 0x13  li      x12, -1
	    20    0x00 0xa0 0x01 0x93  li      x3,  10
	    24    0x00 0x41 0x22 0x23  sw      x4,  4(x2)
	    28    0x00 0xc1 0x24 0x23  sw      x12, 8(x2)
	    32    0x00 0x35 0x20 0x23  sw      x3,  0(x10)
	    36    0x00 0x00 0x85 0x93  mv      x11, x1
.call
	    40    0x00 0x00 0x00 0xef  call    clib_hosted_io
	    44    0x00 0x81 0x25 0x03  lw      x10, 8(x2)
	    48    0x04 0x41 0x01 0x13  addi    x2,  x2,  68
.label fputs__end last
.rts
	    52    0x00 0x05 0x80 0x67  jr      x11

.text_segment_name
.text global 0 fgetc
	     0    0xfb 0xc1 0x01 0x13  addi    x2,  x2,  -68
	     4    0x00 0x05 0xa2 0x03  lw      x4,  0(x11)
	     8    0xff 0xf0 0x05 0x93  li      x11, -1
	    12    0x00 0x01 0x05 0x13  mv      x10, x2
	    16    0x00 0xb1 0x24 0x23  sw      x11, 8(x2)
	    20    0x00 0x80 0x01 0x93  li      x3,  8
	    24    0x00 0x41 0x22 0x23  sw      x4,  4(x2)
	    28    0x00 0x35 0x20 0x23  sw      x3,  0(x10)
	    32    0x00 0x00 0x85 0x93  mv      x11, x1
.call
	    36    0x00 0x00 0x00 0xef  call    clib_hosted_io
	    40    0x00 0x81 0x25 0x03  lw      x10, 8(x2)
	    44    0x04 0x41 0x01 0x13  addi    x2,  x2,  68
.label fgetc__end last
.rts
	    48    0x00 0x05 0x80 0x67  jr      x11

.text_segment_name
.text global 0 fgets
	     0    0xfb 0xc1 0x01 0x13  addi    x2,  x2,  -68
	     4    0x00 0x06 0xa2 0x03  lw      x4,  0(x13)
	     8    0x00 0x01 0x05 0x13  mv      x10, x2
	    12    0x02 0xc1 0x28 0x23  sw      x12, 48(x2)
	    16    0x00 0x90 0x06 0x93  li      x13, 9
	    20    0x00 0xb0 0x01 0x93  li      x3,  11
	    24    0x00 0x41 0x22 0x23  sw      x4,  4(x2)
	    28    0x02 0xb1 0x26 0x23  sw      x11, 44(x2)
	    32    0x00 0xd1 0x24 0x23  sw      x13, 8(x2)
	    36    0x00 0x35 0x20 0x23  sw      x3,  0(x10)
	    40    0x00 0x00 0x86 0x13  mv      x12, x1
.call
	    44    0x00 0x00 0x00 0xef  call    clib_hosted_io
	    48    0x00 0x81 0x20 0x83  lw      x1,  8(x2)
	    52    0x00 0x00 0x05 0x13  li      x10, 0
	    56    0x00 0x10 0x14 0x63  bnez    x1,  8
	    60    0x00 0x05 0x85 0x13  mv      x10, x11
	    64    0x04 0x41 0x01 0x13  addi    x2,  x2,  68
.label fgets__end last
.rts
	    68    0x00 0x06 0x00 0x67  jr      x12

.text_segment_name
.text global 0 gets
	     0    0xfb 0xc1 0x01 0x13  addi    x2,  x2,  -68
	     4    0x00 0x90 0x01 0x93  li      x3,  9
	     8    0x00 0x01 0x05 0x13  mv      x10, x2
	    12    0x00 0x31 0x24 0x23  sw      x3,  8(x2)
	    16    0x01 0xd0 0x02 0x13  li      x4,  29
	    20    0x02 0xb1 0x26 0x23  sw      x11, 44(x2)
	    24    0x00 0x45 0x20 0x23  sw      x4,  0(x10)
	    28    0x00 0x00 0x81 0x93  mv      x3,  x1
.call
	    32    0x00 0x00 0x00 0xef  call    clib_hosted_io
	    36    0x00 0x81 0x20 0x83  lw      x1,  8(x2)
	    40    0x00 0x00 0x05 0x13  li      x10, 0
	    44    0x00 0x10 0x14 0x63  bnez    x1,  8
	    48    0x00 0x05 0x85 0x13  mv      x10, x11
	    52    0x04 0x41 0x01 0x13  addi    x2,  x2,  68
.label gets__end last
.rts
	    56    0x00 0x01 0x80 0x67  jr      x3

.text_segment_name
.text global 0 fwrite
	     0    0xfb 0xc1 0x01 0x13  addi    x2,  x2,  -68
	     4    0x00 0x07 0x22 0x03  lw      x4,  0(x14)
.rela 2 _ZL13__strc60893a8 2048
	     8    0x00 0x00 0x01 0xb7  lui     x3,  0
	    12    0x00 0x01 0x05 0x13  mv      x10, x2
	    16    0x02 0xd1 0x2a 0x23  sw      x13, 52(x2)
	    20    0x00 0xd0 0x07 0x13  li      x14, 13
.rela 3 _ZL13__strc60893a8 0
	    24    0x00 0x01 0x81 0x93  mv      x3,  x3
	    28    0x00 0x41 0x22 0x23  sw      x4,  4(x2)
	    32    0x02 0xb1 0x2c 0x23  sw      x11, 56(x2)
	    36    0x02 0xc1 0x28 0x23  sw      x12, 48(x2)
	    40    0x00 0x01 0x24 0x23  sw      x0,  8(x2)
	    44    0x00 0x31 0x26 0x23  sw      x3,  12(x2)
	    48    0x00 0xe5 0x20 0x23  sw      x14, 0(x10)
	    52    0x00 0x00 0x86 0x93  mv      x13, x1
.call
	    56    0x00 0x00 0x00 0xef  call    clib_hosted_io
	    60    0x00 0x81 0x25 0x03  lw      x10, 8(x2)
	    64    0x04 0x41 0x01 0x13  addi    x2,  x2,  68
.label fwrite__end last
.rts
	    68    0x00 0x06 0x80 0x67  jr      x13

.text_segment_name
.text global 0 fread
	     0    0xfb 0xc1 0x01 0x13  addi    x2,  x2,  -68
	     4    0x00 0x07 0x22 0x03  lw      x4,  0(x14)
.rela 2 _ZL13__strc60893a8 2048
	     8    0x00 0x00 0x01 0xb7  lui     x3,  0
	    12    0x00 0x01 0x05 0x13  mv      x10, x2
	    16    0x02 0xd1 0x2a 0x23  sw      x13, 52(x2)
	    20    0x00 0xc0 0x07 0x13  li      x14, 12
.rela 3 _ZL13__strc60893a8 0
	    24    0x00 0x01 0x81 0x93  mv      x3,  x3
	    28    0x00 0x41 0x22 0x23  sw      x4,  4(x2)
	    32    0x02 0xb1 0x2e 0x23  sw      x11, 60(x2)
	    36    0x02 0xc1 0x28 0x23  sw      x12, 48(x2)
	    40    0x00 0x01 0x24 0x23  sw      x0,  8(x2)
	    44    0x00 0x31 0x26 0x23  sw      x3,  12(x2)
	    48    0x00 0xe5 0x20 0x23  sw      x14, 0(x10)
	    52    0x00 0x00 0x86 0x93  mv      x13, x1
.call
	    56    0x00 0x00 0x00 0xef  call    clib_hosted_io
	    60    0x00 0x81 0x25 0x03  lw      x10, 8(x2)
	    64    0x04 0x41 0x01 0x13  addi    x2,  x2,  68
.label fread__end last
.rts
	    68    0x00 0x06 0x80 0x67  jr      x13

.text_segment_name
.text global 0 fwrite_word
	     0    0xfb 0xc1 0x01 0x13  addi    x2,  x2,  -68
	     4    0x00 0x07 0xa2 0x03  lw      x4,  0(x15)
.rela 2 _ZL13__strc60893a8 2048
	     8    0x00 0x00 0x01 0xb7  lui     x3,  0
	    12    0x00 0x01 0x05 0x13  mv      x10, x2
	    16    0x00 0xe1 0x2e 0x23  sw      x14, 28(x2)
	    20    0x01 0x20 0x07 0x93  li      x15, 18
.rela 3 _ZL13__strc60893a8 0
	    24    0x00 0x01 0x81 0x93  mv      x3,  x3
	    28    0x00 0x41 0x22 0x23  sw      x4,  4(x2)
	    32    0x02 0xb1 0x2c 0x23  sw      x11, 56(x2)
	    36    0x02 0xc1 0x28 0x23  sw      x12, 48(x2)
	    40    0x02 0xd1 0x2a 0x23  sw      x13, 52(x2)
	    44    0x00 0x01 0x24 0x23  sw      x0,  8(x2)
	    48    0x00 0x31 0x26 0x23  sw      x3,  12(x2)
	    52    0x00 0xf5 0x20 0x23  sw      x15, 0(x10)
	    56    0x00 0x00 0x87 0x13  mv      x14, x1
.call
	    60    0x00 0x00 0x00 0xef  call    clib_hosted_io
	    64    0x00 0x81 0x25 0x03  lw      x10, 8(x2)
	    68    0x04 0x41 0x01 0x13  addi    x2,  x2,  68
.label fwrite_word__end last
.rts
	    72    0x00 0x07 0x00 0x67  jr      x14

.text_segment_name
.text global 0 fread_word
	     0    0xfb 0xc1 0x01 0x13  addi    x2,  x2,  -68
	     4    0x00 0x07 0xa2 0x03  lw      x4,  0(x15)
.rela 2 _ZL13__strc60893a8 2048
	     8    0x00 0x00 0x01 0xb7  lui     x3,  0
	    12    0x00 0x01 0x05 0x13  mv      x10, x2
	    16    0x00 0xe1 0x2e 0x23  sw      x14, 28(x2)
	    20    0x01 0x10 0x07 0x93  li      x15, 17
.rela 3 _ZL13__strc60893a8 0
	    24    0x00 0x01 0x81 0x93  mv      x3,  x3
	    28    0x00 0x41 0x22 0x23  sw      x4,  4(x2)
	    32    0x02 0xb1 0x2e 0x23  sw      x11, 60(x2)
	    36    0x02 0xc1 0x28 0x23  sw      x12, 48(x2)
	    40    0x02 0xd1 0x2a 0x23  sw      x13, 52(x2)
	    44    0x00 0x01 0x24 0x23  sw      x0,  8(x2)
	    48    0x00 0x31 0x26 0x23  sw      x3,  12(x2)
	    52    0x00 0xf5 0x20 0x23  sw      x15, 0(x10)
	    56    0x00 0x00 0x87 0x13  mv      x14, x1
.call
	    60    0x00 0x00 0x00 0xef  call    clib_hosted_io
	    64    0x00 0x81 0x25 0x03  lw      x10, 8(x2)
	    68    0x04 0x41 0x01 0x13  addi    x2,  x2,  68
.label fread_word__end last
.rts
	    72    0x00 0x07 0x00 0x67  jr      x14

.text_segment_name
.text global 0 remove
	     0    0xfb 0xc1 0x01 0x13  addi    x2,  x2,  -68
	     4    0x00 0x01 0x05 0x13  mv      x10, x2
	     8    0x00 0xb1 0x26 0x23  sw      x11, 12(x2)
	    12    0x01 0x30 0x01 0x93  li      x3,  19
	    16    0x00 0x01 0x24 0x23  sw      x0,  8(x2)
	    20    0x00 0x35 0x20 0x23  sw      x3,  0(x10)
	    24    0x00 0x00 0x85 0x93  mv      x11, x1
.call
	    28    0x00 0x00 0x00 0xef  call    clib_hosted_io
	    32    0x00 0x81 0x20 0x83  lw      x1,  8(x2)
	    36    0x00 0x00 0x05 0x13  li      x10, 0
	    40    0x00 0x10 0x06 0x63  beqz    x1,  12
	    44    0x00 0x10 0x20 0x23  sw      x1,  errno(x0)
	    48    0xff 0xf0 0x05 0x13  li      x10, -1
	    52    0x04 0x41 0x01 0x13  addi    x2,  x2,  68
.label remove__end last
.rts
	    56    0x00 0x05 0x80 0x67  jr      x11

.undef global data errno

.text_segment_name
.text global 0 rename
	     0    0xfb 0xc1 0x01 0x13  addi    x2,  x2,  -68
	     4    0x00 0x01 0x05 0x13  mv      x10, x2
	     8    0x00 0xb1 0x28 0x23  sw      x11, 16(x2)
	    12    0x01 0x40 0x01 0x93  li      x3,  20
	    16    0x00 0xc1 0x26 0x23  sw      x12, 12(x2)
	    20    0x00 0x01 0x24 0x23  sw      x0,  8(x2)
	    24    0x00 0x35 0x20 0x23  sw      x3,  0(x10)
	    28    0x00 0x00 0x85 0x93  mv      x11, x1
.call
	    32    0x00 0x00 0x00 0xef  call    clib_hosted_io
	    36    0x00 0x81 0x20 0x83  lw      x1,  8(x2)
	    40    0x00 0x00 0x05 0x13  li      x10, 0
	    44    0x00 0x10 0x06 0x63  beqz    x1,  12
	    48    0x00 0x10 0x20 0x23  sw      x1,  errno(x0)
	    52    0xff 0xf0 0x05 0x13  li      x10, -1
	    56    0x04 0x41 0x01 0x13  addi    x2,  x2,  68
.label rename__end last
.rts
	    60    0x00 0x05 0x80 0x67  jr      x11

.undef global data errno

.text_segment_name
.text global 0 tmpfile
.rela 2 _ZL18_hosted_clib_files 2052
	     0    0x00 0x00 0x45 0x37  lui     x10, 4
	     4    0x00 0x00 0x81 0x93  mv      x3,  x1
.rela 3 _ZL18_hosted_clib_files 4
	     8    0x00 0x45 0x00 0x93  addi    x1,  x10, 4
	    12    0xfb 0xc1 0x01 0x13  addi    x2,  x2,  -68
	    16    0x00 0x00 0x02 0x13  li      x4,  0
	    20    0x01 0x00 0x05 0x13  li      x10, 16
	    24    0x00 0x00 0x02 0x93  li      x5,  0
	    28    0x00 0x00 0xa3 0x03  lw      x6,  0(x1)
	    32    0x00 0x80 0x80 0x93  addi    x1,  x1,  8
	    36    0x00 0x60 0x06 0x63  beqz    x6,  12
	    40    0x00 0x12 0x82 0x93  addi    x5,  x5,  1
	    44    0xfe 0xa2 0xc8 0xe3  blt     x5,  x10, -16
.label __ll1_tmpfile
	    48    0x04 0xa2 0xd8 0x63  bge     x5,  x10, 80
	    52    0x01 0x50 0x05 0x13  li      x10, 21
	    56    0x00 0xa1 0x20 0x23  sw      x10, 0(x2)
	    60    0x00 0x90 0x00 0x93  li      x1,  9
	    64    0x00 0x11 0x24 0x23  sw      x1,  8(x2)
	    68    0x00 0x01 0x05 0x13  mv      x10, x2
.call
	    72    0x00 0x00 0x00 0xef  call    clib_hosted_io
	    76    0x00 0x81 0x25 0x03  lw      x10, 8(x2)
	    80    0x02 0xa0 0x14 0x63  bnez    x10, 40
.rela 2 _ZL18_hosted_clib_files 2048
	    84    0x00 0x00 0x05 0x37  lui     x10, 0
	    88    0x00 0x32 0x90 0x93  slli    x1,  x5,  3
.rela 3 _ZL18_hosted_clib_files 0
	    92    0x00 0x05 0x05 0x13  mv      x10, x10
	    96    0x00 0x15 0x02 0x33  add     x4,  x10, x1
	   100    0x00 0x41 0x25 0x03  lw      x10, 4(x2)
	   104    0x00 0x10 0x00 0x93  li      x1,  1
	   108    0x00 0xa2 0x20 0x23  sw      x10, 0(x4)
	   112    0x00 0x12 0x22 0x23  sw      x1,  4(x4)
	   116    0x01 0x40 0x00 0x6f  j       20
	   120    0x00 0xa0 0x20 0x23  sw      x10, errno(x0)
	   124    0x00 0xc0 0x00 0x6f  j       12
	   128    0x01 0x80 0x05 0x13  li      x10, 24
	   132    0x00 0xa0 0x20 0x23  sw      x10, errno(x0)
	   136    0x04 0x41 0x01 0x13  addi    x2,  x2,  68
	   140    0x00 0x02 0x05 0x13  mv      x10, x4
.label tmpfile__end last
.rts
	   144    0x00 0x01 0x80 0x67  jr      x3

.undef global data errno

.text_segment_name
.text global 0 mkstemp
	     0    0xfb 0xc1 0x01 0x13  addi    x2,  x2,  -68
	     4    0x00 0x01 0x05 0x13  mv      x10, x2
	     8    0x02 0xb1 0x24 0x23  sw      x11, 40(x2)
	    12    0x02 0xb1 0x26 0x23  sw      x11, 44(x2)
	    16    0x01 0xe0 0x01 0x93  li      x3,  30
	    20    0x00 0x01 0x24 0x23  sw      x0,  8(x2)
	    24    0x00 0x35 0x20 0x23  sw      x3,  0(x10)
	    28    0x00 0x00 0x85 0x93  mv      x11, x1
.call
	    32    0x00 0x00 0x00 0xef  call    clib_hosted_io
	    36    0x00 0x81 0x25 0x03  lw      x10, 8(x2)
	    40    0x04 0x41 0x01 0x13  addi    x2,  x2,  68
.label mkstemp__end last
.rts
	    44    0x00 0x05 0x80 0x67  jr      x11

.text_segment_name
.text global 0 fdopen
.rela 2 _ZL18_hosted_clib_files 2052
	     0    0x00 0x00 0x45 0x37  lui     x10, 4
	     4    0x00 0x00 0x81 0x93  mv      x3,  x1
.rela 3 _ZL18_hosted_clib_files 4
	     8    0x00 0x45 0x00 0x93  addi    x1,  x10, 4
	    12    0xfb 0xc1 0x01 0x13  addi    x2,  x2,  -68
	    16    0x00 0x00 0x02 0x13  li      x4,  0
	    20    0x01 0x00 0x05 0x13  li      x10, 16
	    24    0x00 0x00 0x02 0x93  li      x5,  0
	    28    0x00 0x00 0xa3 0x03  lw      x6,  0(x1)
	    32    0x00 0x80 0x80 0x93  addi    x1,  x1,  8
	    36    0x00 0x60 0x06 0x63  beqz    x6,  12
	    40    0x00 0x12 0x82 0x93  addi    x5,  x5,  1
	    44    0xfe 0xa2 0xc8 0xe3  blt     x5,  x10, -16
.label __ll1_fdopen
	    48    0x04 0xa2 0xda 0x63  bge     x5,  x10, 84
	    52    0x01 0xf0 0x05 0x13  li      x10, 31
	    56    0x00 0xa1 0x20 0x23  sw      x10, 0(x2)
	    60    0x00 0xb1 0x22 0x23  sw      x11, 4(x2)
	    64    0x00 0xc1 0x28 0x23  sw      x12, 16(x2)
	    68    0x00 0x01 0x24 0x23  sw      x0,  8(x2)
	    72    0x00 0x01 0x05 0x13  mv      x10, x2
.call
	    76    0x00 0x00 0x00 0xef  call    clib_hosted_io
	    80    0x00 0x81 0x26 0x03  lw      x12, 8(x2)
	    84    0x02 0xc0 0x14 0x63  bnez    x12, 40
.rela 2 _ZL18_hosted_clib_files 2048
	    88    0x00 0x00 0x06 0x37  lui     x12, 0
	    92    0x00 0x32 0x95 0x93  slli    x11, x5,  3
.rela 3 _ZL18_hosted_clib_files 0
	    96    0x00 0x06 0x06 0x13  mv      x12, x12
	   100    0x00 0xb6 0x02 0x33  add     x4,  x12, x11
	   104    0x00 0x41 0x26 0x03  lw      x12, 4(x2)
	   108    0x00 0x10 0x05 0x93  li      x11, 1
	   112    0x00 0xc2 0x20 0x23  sw      x12, 0(x4)
	   116    0x00 0xb2 0x22 0x23  sw      x11, 4(x4)
	   120    0x01 0x40 0x00 0x6f  j       20
	   124    0x00 0xc0 0x20 0x23  sw      x12, errno(x0)
	   128    0x00 0xc0 0x00 0x6f  j       12
	   132    0x01 0x80 0x06 0x13  li      x12, 24
	   136    0x00 0xc0 0x20 0x23  sw      x12, errno(x0)
	   140    0x04 0x41 0x01 0x13  addi    x2,  x2,  68
	   144    0x00 0x02 0x05 0x13  mv      x10, x4
.label fdopen__end last
.rts
	   148    0x00 0x01 0x80 0x67  jr      x3

.undef global data errno

.text_segment_name
.text global 0 close
	     0    0xfb 0xc1 0x01 0x13  addi    x2,  x2,  -68
	     4    0x00 0x01 0x05 0x13  mv      x10, x2
	     8    0x00 0xb1 0x22 0x23  sw      x11, 4(x2)
	    12    0x02 0x00 0x01 0x93  li      x3,  32
	    16    0x00 0x01 0x24 0x23  sw      x0,  8(x2)
	    20    0x00 0x35 0x20 0x23  sw      x3,  0(x10)
	    24    0x00 0x00 0x85 0x93  mv      x11, x1
.call
	    28    0x00 0x00 0x00 0xef  call    clib_hosted_io
	    32    0x00 0x81 0x20 0x83  lw      x1,  8(x2)
	    36    0x00 0x00 0x05 0x13  li      x10, 0
	    40    0x00 0x10 0x06 0x63  beqz    x1,  12
	    44    0x00 0x10 0x20 0x23  sw      x1,  errno(x0)
	    48    0xff 0xf0 0x05 0x13  li      x10, -1
	    52    0x04 0x41 0x01 0x13  addi    x2,  x2,  68
.label close__end last
.rts
	    56    0x00 0x05 0x80 0x67  jr      x11

.undef global data errno

.text_segment_name
.text global 0 sprintf
	     0    0xfb 0xc1 0x01 0x13  addi    x2,  x2,  -68
	     4    0x00 0x01 0x05 0x13  mv      x10, x2
	     8    0x00 0xc1 0x2a 0x23  sw      x12, 20(x2)
	    12    0xff 0xf0 0x02 0x93  li      x5,  -1
	    16    0x04 0x41 0x01 0x93  addi    x3,  x2,  68
	    20    0x01 0x70 0x02 0x13  li      x4,  23
	    24    0x02 0xb1 0x26 0x23  sw      x11, 44(x2)
	    28    0x00 0x51 0x24 0x23  sw      x5,  8(x2)
	    32    0x04 0x31 0x20 0x23  sw      x3,  64(x2)
	    36    0x00 0x45 0x20 0x23  sw      x4,  0(x10)
	    40    0x00 0x00 0x86 0x13  mv      x12, x1
.call
	    44    0x00 0x00 0x00 0xef  call    clib_hosted_io
	    48    0x00 0x81 0x25 0x03  lw      x10, 8(x2)
	    52    0x04 0x41 0x01 0x13  addi    x2,  x2,  68
.label sprintf__end last
.rts
	    56    0x00 0x06 0x00 0x67  jr      x12

.text_segment_name
.text global 0 snprintf
	     0    0xfb 0xc1 0x01 0x13  addi    x2,  x2,  -68
	     4    0x00 0x01 0x05 0x13  mv      x10, x2
	     8    0x00 0xd1 0x2a 0x23  sw      x13, 20(x2)
	    12    0xff 0xf0 0x02 0x93  li      x5,  -1
	    16    0x04 0x41 0x01 0x93  addi    x3,  x2,  68
	    20    0x01 0x80 0x02 0x13  li      x4,  24
	    24    0x02 0xb1 0x26 0x23  sw      x11, 44(x2)
	    28    0x02 0xc1 0x28 0x23  sw      x12, 48(x2)
	    32    0x00 0x51 0x24 0x23  sw      x5,  8(x2)
	    36    0x04 0x31 0x20 0x23  sw      x3,  64(x2)
	    40    0x00 0x45 0x20 0x23  sw      x4,  0(x10)
	    44    0x00 0x00 0x86 0x93  mv      x13, x1
.call
	    48    0x00 0x00 0x00 0xef  call    clib_hosted_io
	    52    0x00 0x81 0x25 0x03  lw      x10, 8(x2)
	    56    0x04 0x41 0x01 0x13  addi    x2,  x2,  68
.label snprintf__end last
.rts
	    60    0x00 0x06 0x80 0x67  jr      x13

.text_segment_name
.text global 0 vsprintf
	     0    0xfb 0xc1 0x01 0x13  addi    x2,  x2,  -68
	     4    0x00 0x01 0x05 0x13  mv      x10, x2
	     8    0x04 0xd1 0x20 0x23  sw      x13, 64(x2)
	    12    0xff 0xf0 0x01 0x93  li      x3,  -1
	    16    0x01 0x70 0x02 0x13  li      x4,  23
	    20    0x02 0xb1 0x26 0x23  sw      x11, 44(x2)
	    24    0x00 0xc1 0x2a 0x23  sw      x12, 20(x2)
	    28    0x00 0x31 0x24 0x23  sw      x3,  8(x2)
	    32    0x00 0x45 0x20 0x23  sw      x4,  0(x10)
	    36    0x00 0x00 0x86 0x93  mv      x13, x1
.call
	    40    0x00 0x00 0x00 0xef  call    clib_hosted_io
	    44    0x00 0x81 0x25 0x03  lw      x10, 8(x2)
	    48    0x04 0x41 0x01 0x13  addi    x2,  x2,  68
.label vsprintf__end last
.rts
	    52    0x00 0x06 0x80 0x67  jr      x13

.text_segment_name
.text global 0 vsnprintf
	     0    0xfb 0xc1 0x01 0x13  addi    x2,  x2,  -68
	     4    0x00 0x01 0x05 0x13  mv      x10, x2
	     8    0x04 0xe1 0x20 0x23  sw      x14, 64(x2)
	    12    0xff 0xf0 0x02 0x13  li      x4,  -1
	    16    0x01 0x80 0x01 0x93  li      x3,  24
	    20    0x02 0xb1 0x26 0x23  sw      x11, 44(x2)
	    24    0x02 0xc1 0x28 0x23  sw      x12, 48(x2)
	    28    0x00 0xd1 0x2a 0x23  sw      x13, 20(x2)
	    32    0x00 0x41 0x24 0x23  sw      x4,  8(x2)
	    36    0x00 0x35 0x20 0x23  sw      x3,  0(x10)
	    40    0x00 0x00 0x87 0x13  mv      x14, x1
.call
	    44    0x00 0x00 0x00 0xef  call    clib_hosted_io
	    48    0x00 0x81 0x25 0x03  lw      x10, 8(x2)
	    52    0x04 0x41 0x01 0x13  addi    x2,  x2,  68
.label vsnprintf__end last
.rts
	    56    0x00 0x07 0x00 0x67  jr      x14

.text_segment_name
.text global 0 sscanf
	     0    0xfb 0xc1 0x01 0x13  addi    x2,  x2,  -68
	     4    0x00 0x01 0x05 0x13  mv      x10, x2
	     8    0x00 0xc1 0x2a 0x23  sw      x12, 20(x2)
	    12    0xff 0xf0 0x02 0x93  li      x5,  -1
	    16    0x04 0x41 0x01 0x93  addi    x3,  x2,  68
	    20    0x01 0x90 0x02 0x13  li      x4,  25
	    24    0x02 0xb1 0x24 0x23  sw      x11, 40(x2)
	    28    0x00 0x51 0x24 0x23  sw      x5,  8(x2)
	    32    0x04 0x31 0x20 0x23  sw      x3,  64(x2)
	    36    0x00 0x45 0x20 0x23  sw      x4,  0(x10)
	    40    0x00 0x00 0x86 0x13  mv      x12, x1
.call
	    44    0x00 0x00 0x00 0xef  call    clib_hosted_io
	    48    0x00 0x81 0x25 0x03  lw      x10, 8(x2)
	    52    0x04 0x41 0x01 0x13  addi    x2,  x2,  68
.label sscanf__end last
.rts
	    56    0x00 0x06 0x00 0x67  jr      x12

.text_segment_name
.text global 0 vsscanf
	     0    0xfb 0xc1 0x01 0x13  addi    x2,  x2,  -68
	     4    0x00 0x01 0x05 0x13  mv      x10, x2
	     8    0x04 0xd1 0x20 0x23  sw      x13, 64(x2)
	    12    0xff 0xf0 0x01 0x93  li      x3,  -1
	    16    0x01 0x90 0x02 0x13  li      x4,  25
	    20    0x02 0xb1 0x24 0x23  sw      x11, 40(x2)
	    24    0x00 0xc1 0x2a 0x23  sw      x12, 20(x2)
	    28    0x00 0x31 0x24 0x23  sw      x3,  8(x2)
	    32    0x00 0x45 0x20 0x23  sw      x4,  0(x10)
	    36    0x00 0x00 0x86 0x93  mv      x13, x1
.call
	    40    0x00 0x00 0x00 0xef  call    clib_hosted_io
	    44    0x00 0x81 0x25 0x03  lw      x10, 8(x2)
	    48    0x04 0x41 0x01 0x13  addi    x2,  x2,  68
.label vsscanf__end last
.rts
	    52    0x00 0x06 0x80 0x67  jr      x13

