
; File generated by darts version U-2022.12#33f3808fcb#221128, Thu Feb 29 17:32:05 2024
; Copyright 2014-2022 Synopsys, Inc. All rights reserved.
; darts -I.. -d -h -I../runtime/include -DCHESS_CXX_ATTRIBUTES -DNDEBUG -D__tct_patch__=0 -L +Ihex Release/string.o trv32p3_cnn

; Release: ipd U-2022.12
.data_segment_name
.bss local 4 _ZZ6strtokPcPKcE4last DMb_stat 4

.data_segment_name
.robss local 1 _ZL13__str0001003f DMb 1

.undef local data strtok__end

.undef local data _ZZ6strtokPcPKcE4last

.undef local data _ZL13__str0001003f

.undef global data strtok

.text_segment_name
.text global 0 memcpy
	     0    0x00 0x05 0x85 0x13  mv      x10, x11
	     4    0x02 0xd0 0x02 0x63  beqz    x13, 36
	     8    0x00 0x00 0x05 0x93  li      x11, 0
	    12    0x00 0x05 0x01 0x93  mv      x3,  x10
	    16    0x00 0x06 0x02 0x03  lb      x4,  0(x12)
	    20    0x00 0x41 0x80 0x23  sb      x4,  0(x3)
	    24    0x00 0x16 0x06 0x13  addi    x12, x12, 1
	    28    0x00 0x11 0x81 0x93  addi    x3,  x3,  1
	    32    0x00 0x15 0x85 0x93  addi    x11, x11, 1
	    36    0xfe 0xd5 0xe6 0xe3  bltu    x11, x13, -20
.label memcpy__end last
.rts
	    40    0x00 0x00 0x80 0x67  ret

.text_segment_name
.text global 0 memmove
	     0    0x00 0x05 0x85 0x13  mv      x10, x11
	     4    0x02 0xa6 0x78 0x63  bgeu    x12, x10, 48
	     8    0xff 0xf6 0x86 0x93  addi    x13, x13, -1
	    12    0x04 0x06 0xc6 0x63  bltz    x13, 76
	    16    0x00 0xd6 0x06 0x33  add     x12, x12, x13
	    20    0x00 0xd5 0x05 0xb3  add     x11, x10, x13
	    24    0x00 0x06 0x01 0x83  lb      x3,  0(x12)
	    28    0x00 0x35 0x80 0x23  sb      x3,  0(x11)
	    32    0xff 0xf6 0x06 0x13  addi    x12, x12, -1
	    36    0xff 0xf5 0x85 0x93  addi    x11, x11, -1
	    40    0xff 0xf6 0x86 0x93  addi    x13, x13, -1
	    44    0xfe 0x06 0xd6 0xe3  bgez    x13, -20
.rts
	    48    0x00 0x00 0x80 0x67  ret
	    52    0x02 0xd0 0x02 0x63  beqz    x13, 36
	    56    0x00 0x00 0x05 0x93  li      x11, 0
	    60    0x00 0x05 0x01 0x93  mv      x3,  x10
	    64    0x00 0x06 0x02 0x03  lb      x4,  0(x12)
	    68    0x00 0x41 0x80 0x23  sb      x4,  0(x3)
	    72    0x00 0x16 0x06 0x13  addi    x12, x12, 1
	    76    0x00 0x11 0x81 0x93  addi    x3,  x3,  1
	    80    0x00 0x15 0x85 0x93  addi    x11, x11, 1
	    84    0xfe 0xd5 0xe6 0xe3  bltu    x11, x13, -20
.label memmove__end last
.rts
	    88    0x00 0x00 0x80 0x67  ret

.text_segment_name
.text global 0 strcpy
	     0    0x00 0x06 0x02 0x03  lb      x4,  0(x12)
	     4    0x00 0x45 0x80 0x23  sb      x4,  0(x11)
	     8    0x00 0x16 0x06 0x13  addi    x12, x12, 1
	    12    0x00 0x15 0x81 0x93  addi    x3,  x11, 1
	    16    0x00 0x05 0x85 0x13  mv      x10, x11
	    20    0x00 0x40 0x0c 0x63  beqz    x4,  24
	    24    0x00 0x06 0x05 0x83  lb      x11, 0(x12)
	    28    0x00 0xb1 0x80 0x23  sb      x11, 0(x3)
	    32    0x00 0x16 0x06 0x13  addi    x12, x12, 1
	    36    0x00 0x11 0x81 0x93  addi    x3,  x3,  1
	    40    0xfe 0xb0 0x18 0xe3  bnez    x11, -16
.label strcpy__end last
.rts
	    44    0x00 0x00 0x80 0x67  ret

.text_segment_name
.text global 0 strncpy
	     0    0x00 0x05 0x85 0x13  mv      x10, x11
	     4    0xff 0xf6 0x81 0x93  addi    x3,  x13, -1
	     8    0x02 0xd0 0x0c 0x63  beqz    x13, 56
	    12    0x00 0x06 0x06 0x83  lb      x13, 0(x12)
	    16    0x00 0x15 0x05 0x93  addi    x11, x10, 1
	    20    0x00 0x16 0x06 0x13  addi    x12, x12, 1
	    24    0x00 0xd5 0x00 0x23  sb      x13, 0(x10)
	    28    0x02 0xd0 0x02 0x63  beqz    x13, 36
	    32    0x00 0x01 0x86 0x93  mv      x13, x3
	    36    0xff 0xf1 0x81 0x93  addi    x3,  x3,  -1
	    40    0x00 0xd0 0x0c 0x63  beqz    x13, 24
	    44    0x00 0x06 0x06 0x83  lb      x13, 0(x12)
	    48    0x00 0xd5 0x80 0x23  sb      x13, 0(x11)
	    52    0x00 0x15 0x85 0x93  addi    x11, x11, 1
	    56    0x00 0x16 0x06 0x13  addi    x12, x12, 1
	    60    0xfe 0xd0 0x12 0xe3  bnez    x13, -28
	    64    0xff 0xf1 0x86 0x13  addi    x12, x3,  -1
	    68    0x00 0x30 0x5c 0x63  blez    x3,  24
	    72    0x00 0x06 0x06 0x93  mv      x13, x12
	    76    0x00 0x05 0x80 0x23  sb      x0,  0(x11)
	    80    0x00 0x15 0x85 0x93  addi    x11, x11, 1
	    84    0xff 0xf6 0x06 0x13  addi    x12, x12, -1
	    88    0xfe 0xd0 0x48 0xe3  bgtz    x13, -16
.label strncpy__end last
.rts
	    92    0x00 0x00 0x80 0x67  ret

.text_segment_name
.text global 0 strcat
	     0    0x00 0x05 0x82 0x03  lb      x4,  0(x11)
	     4    0x00 0x15 0x81 0x93  addi    x3,  x11, 1
	     8    0x00 0x05 0x85 0x13  mv      x10, x11
	    12    0x00 0x40 0x08 0x63  beqz    x4,  16
	    16    0x00 0x01 0x85 0x83  lb      x11, 0(x3)
	    20    0x00 0x11 0x81 0x93  addi    x3,  x3,  1
	    24    0xfe 0xb0 0x1c 0xe3  bnez    x11, -8
	    28    0xff 0xf1 0x85 0x93  addi    x11, x3,  -1
	    32    0x00 0x06 0x01 0x83  lb      x3,  0(x12)
	    36    0x00 0x35 0x80 0x23  sb      x3,  0(x11)
	    40    0x00 0x16 0x06 0x13  addi    x12, x12, 1
	    44    0x00 0x15 0x85 0x93  addi    x11, x11, 1
	    48    0x00 0x30 0x0c 0x63  beqz    x3,  24
	    52    0x00 0x06 0x01 0x83  lb      x3,  0(x12)
	    56    0x00 0x35 0x80 0x23  sb      x3,  0(x11)
	    60    0x00 0x16 0x06 0x13  addi    x12, x12, 1
	    64    0x00 0x15 0x85 0x93  addi    x11, x11, 1
	    68    0xfe 0x30 0x18 0xe3  bnez    x3,  -16
.label strcat__end last
.rts
	    72    0x00 0x00 0x80 0x67  ret

.text_segment_name
.text global 0 strncat
	     0    0x00 0x05 0x82 0x03  lb      x4,  0(x11)
	     4    0x00 0x15 0x81 0x93  addi    x3,  x11, 1
	     8    0x00 0x05 0x85 0x13  mv      x10, x11
	    12    0x00 0x40 0x08 0x63  beqz    x4,  16
	    16    0x00 0x01 0x85 0x83  lb      x11, 0(x3)
	    20    0x00 0x11 0x81 0x93  addi    x3,  x3,  1
	    24    0xfe 0xb0 0x1c 0xe3  bnez    x11, -8
	    28    0xff 0xf1 0x85 0x93  addi    x11, x3,  -1
	    32    0xff 0xf6 0x81 0x93  addi    x3,  x13, -1
	    36    0x02 0xd0 0x08 0x63  beqz    x13, 48
	    40    0x00 0x06 0x06 0x83  lb      x13, 0(x12)
	    44    0x00 0x16 0x06 0x13  addi    x12, x12, 1
	    48    0x02 0xd0 0x02 0x63  beqz    x13, 36
	    52    0x00 0x01 0x82 0x13  mv      x4,  x3
	    56    0x00 0xd5 0x80 0x23  sb      x13, 0(x11)
	    60    0x00 0x15 0x85 0x93  addi    x11, x11, 1
	    64    0xff 0xf1 0x81 0x93  addi    x3,  x3,  -1
	    68    0x00 0x40 0x08 0x63  beqz    x4,  16
	    72    0x00 0x06 0x06 0x83  lb      x13, 0(x12)
	    76    0x00 0x16 0x06 0x13  addi    x12, x12, 1
	    80    0xfe 0xd0 0x12 0xe3  bnez    x13, -28
	    84    0x00 0x05 0x80 0x23  sb      x0,  0(x11)
.label strncat__end last
.rts
	    88    0x00 0x00 0x80 0x67  ret

.text_segment_name
.text global 0 memcmp
	     0    0xff 0xf6 0x85 0x13  addi    x10, x13, -1
	     4    0x02 0xd0 0x02 0x63  beqz    x13, 36
	     8    0x00 0x05 0x86 0x83  lb      x13, 0(x11)
	    12    0x00 0x06 0x01 0x83  lb      x3,  0(x12)
	    16    0x00 0x15 0x85 0x93  addi    x11, x11, 1
	    20    0x00 0x16 0x06 0x13  addi    x12, x12, 1
	    24    0x00 0xd1 0x9c 0x63  bne     x3,  x13, 24
	    28    0x00 0x05 0x06 0x93  mv      x13, x10
	    32    0xff 0xf6 0x85 0x13  addi    x10, x13, -1
	    36    0xfe 0xd0 0x12 0xe3  bnez    x13, -28
	    40    0x00 0x00 0x05 0x13  li      x10, 0
.rts
	    44    0x00 0x00 0x80 0x67  ret
	    48    0x0f 0xf6 0xf5 0x93  zext.b  x11, x13
	    52    0x0f 0xf1 0xf6 0x13  zext.b  x12, x3
	    56    0x40 0xc5 0x85 0x33  sub     x10, x11, x12
.label memcmp__end last
.rts
	    60    0x00 0x00 0x80 0x67  ret

.text_segment_name
.text global 0 strcmp
	     0    0x00 0x05 0x85 0x03  lb      x10, 0(x11)
	     4    0x00 0x06 0x01 0x83  lb      x3,  0(x12)
	     8    0x00 0x15 0x85 0x93  addi    x11, x11, 1
	    12    0x00 0x16 0x06 0x13  addi    x12, x12, 1
	    16    0x00 0xa1 0x94 0x63  bne     x3,  x10, 8
	    20    0xfe 0xa0 0x16 0xe3  bnez    x10, -20
	    24    0x0f 0xf5 0x75 0x93  zext.b  x11, x10
	    28    0x0f 0xf1 0xf6 0x13  zext.b  x12, x3
	    32    0x40 0xc5 0x85 0x33  sub     x10, x11, x12
.label strcmp__end last
.rts
	    36    0x00 0x00 0x80 0x67  ret

.text_segment_name
.text global 0 strncmp
	     0    0xff 0xf6 0x85 0x13  addi    x10, x13, -1
	     4    0x02 0xd0 0x04 0x63  beqz    x13, 40
	     8    0x00 0x05 0x86 0x83  lb      x13, 0(x11)
	    12    0x00 0x06 0x01 0x83  lb      x3,  0(x12)
	    16    0x00 0x15 0x85 0x93  addi    x11, x11, 1
	    20    0x00 0x16 0x06 0x13  addi    x12, x12, 1
	    24    0x00 0xd1 0x9e 0x63  bne     x3,  x13, 28
	    28    0x00 0xd0 0x0c 0x63  beqz    x13, 24
	    32    0x00 0x05 0x06 0x93  mv      x13, x10
	    36    0xff 0xf6 0x85 0x13  addi    x10, x13, -1
	    40    0xfe 0xd0 0x10 0xe3  bnez    x13, -32
	    44    0x00 0x00 0x05 0x13  li      x10, 0
.rts
	    48    0x00 0x00 0x80 0x67  ret
	    52    0x0f 0xf6 0xf5 0x93  zext.b  x11, x13
	    56    0x0f 0xf1 0xf6 0x13  zext.b  x12, x3
	    60    0x40 0xc5 0x85 0x33  sub     x10, x11, x12
.label strncmp__end last
.rts
	    64    0x00 0x00 0x80 0x67  ret

.text_segment_name
.text global 0 strxfrm
	     0    0x00 0x05 0x82 0x93  mv      x5,  x11
	     4    0x00 0x00 0x82 0x13  mv      x4,  x1
	     8    0x00 0x06 0x05 0x93  mv      x11, x12
.call
	    12    0x00 0x00 0x00 0xef  call    strlen
	    16    0x02 0xd5 0x70 0x63  bgeu    x10, x13, 32
	    20    0x00 0x00 0x06 0x93  li      x13, 0
	    24    0x00 0x06 0x00 0x83  lb      x1,  0(x12)
	    28    0x00 0x12 0x80 0x23  sb      x1,  0(x5)
	    32    0x00 0x16 0x06 0x13  addi    x12, x12, 1
	    36    0x00 0x12 0x82 0x93  addi    x5,  x5,  1
	    40    0x00 0x16 0x86 0x93  addi    x13, x13, 1
	    44    0xfe 0xd5 0x76 0xe3  bgeu    x10, x13, -20
.label strxfrm__end last
.rts
	    48    0x00 0x02 0x00 0x67  jr      x4

.undef global text strlen

.text_segment_name
.text global 0 memchr
	     0    0xff 0xf6 0x81 0x93  addi    x3,  x13, -1
	     4    0x02 0xd0 0x02 0x63  beqz    x13, 36
	     8    0x0f 0xf6 0x76 0x13  zext.b  x12, x12
	    12    0x00 0x05 0xc6 0x83  lbu     x13, 0(x11)
	    16    0x00 0x05 0x85 0x13  mv      x10, x11
	    20    0x00 0x15 0x85 0x93  addi    x11, x11, 1
	    24    0x00 0xd6 0x0c 0x63  beq     x12, x13, 24
	    28    0x00 0x01 0x85 0x13  mv      x10, x3
	    32    0xff 0xf5 0x01 0x93  addi    x3,  x10, -1
	    36    0xfe 0xa0 0x14 0xe3  bnez    x10, -24
	    40    0x00 0x00 0x05 0x13  li      x10, 0
.rts
	    44    0x00 0x00 0x80 0x67  ret
.label memchr__end last
.rts
	    48    0x00 0x00 0x80 0x67  ret

.text_segment_name
.text global 0 strchr
	     0    0xff 0xc1 0x01 0x13  addi    x2,  x2,  -4
	     4    0x00 0xc1 0x00 0x23  sb      x12, 0(x2)
	     8    0x00 0x01 0x06 0x03  lb      x12, 0(x2)
	    12    0x00 0x05 0x81 0x83  lb      x3,  0(x11)
	    16    0x00 0x05 0x85 0x13  mv      x10, x11
	    20    0x00 0x15 0x85 0x93  addi    x11, x11, 1
	    24    0x00 0x36 0x0a 0x63  beq     x12, x3,  20
	    28    0xfe 0x30 0x18 0xe3  bnez    x3,  -16
	    32    0x00 0x41 0x01 0x13  addi    x2,  x2,  4
	    36    0x00 0x00 0x05 0x13  li      x10, 0
.rts
	    40    0x00 0x00 0x80 0x67  ret
	    44    0x00 0x41 0x01 0x13  addi    x2,  x2,  4
.label strchr__end last
.rts
	    48    0x00 0x00 0x80 0x67  ret

.text_segment_name
.text global 0 strcspn
	     0    0xff 0xf0 0x05 0x13  li      x10, -1
	     4    0x00 0x05 0x81 0x83  lb      x3,  0(x11)
	     8    0x00 0x06 0x02 0x13  mv      x4,  x12
	    12    0x00 0x15 0x05 0x13  addi    x10, x10, 1
	    16    0x00 0x15 0x85 0x93  addi    x11, x11, 1
	    20    0x00 0x02 0x02 0x83  lb      x5,  0(x4)
	    24    0x00 0x12 0x02 0x13  addi    x4,  x4,  1
	    28    0x00 0x32 0x86 0x63  beq     x5,  x3,  12
	    32    0xfe 0x50 0x1a 0xe3  bnez    x5,  -12
	    36    0xfe 0x1f 0xf0 0x6f  j       -32
.label strcspn__end last
.rts
	    40    0x00 0x00 0x80 0x67  ret

.text_segment_name
.text global 0 strpbrk
	     0    0x00 0x05 0x81 0x83  lb      x3,  0(x11)
	     4    0x00 0x15 0x85 0x93  addi    x11, x11, 1
	     8    0x02 0x30 0x04 0x63  beqz    x3,  40
	    12    0x00 0x06 0x02 0x13  mv      x4,  x12
	    16    0xff 0xf5 0x85 0x13  addi    x10, x11, -1
	    20    0x00 0x02 0x02 0x83  lb      x5,  0(x4)
	    24    0x00 0x12 0x02 0x13  addi    x4,  x4,  1
	    28    0x00 0x32 0x8e 0x63  beq     x5,  x3,  28
	    32    0xfe 0x50 0x1a 0xe3  bnez    x5,  -12
	    36    0x00 0x05 0x81 0x83  lb      x3,  0(x11)
	    40    0x00 0x15 0x85 0x93  addi    x11, x11, 1
	    44    0xfe 0x30 0x10 0xe3  bnez    x3,  -32
	    48    0x00 0x00 0x05 0x13  li      x10, 0
.rts
	    52    0x00 0x00 0x80 0x67  ret
.label strpbrk__end last
.rts
	    56    0x00 0x00 0x80 0x67  ret

.text_segment_name
.text global 0 strrchr
	     0    0xff 0xc1 0x01 0x13  addi    x2,  x2,  -4
	     4    0x00 0x00 0x05 0x13  li      x10, 0
	     8    0x00 0xc1 0x00 0x23  sb      x12, 0(x2)
	    12    0x00 0x01 0x06 0x03  lb      x12, 0(x2)
	    16    0x00 0x05 0x81 0x83  lb      x3,  0(x11)
	    20    0x00 0x15 0x82 0x13  addi    x4,  x11, 1
	    24    0x00 0x36 0x14 0x63  bne     x12, x3,  8
	    28    0x00 0x05 0x85 0x13  mv      x10, x11
	    32    0x00 0x02 0x05 0x93  mv      x11, x4
	    36    0xfe 0x30 0x16 0xe3  bnez    x3,  -20
	    40    0x00 0x41 0x01 0x13  addi    x2,  x2,  4
.label strrchr__end last
.rts
	    44    0x00 0x00 0x80 0x67  ret

.text_segment_name
.text global 0 strspn
	     0    0x00 0x05 0x81 0x83  lb      x3,  0(x11)
	     4    0x00 0x15 0x85 0x13  addi    x10, x11, 1
	     8    0x02 0x30 0x04 0x63  beqz    x3,  40
	    12    0x00 0x06 0x02 0x13  mv      x4,  x12
	    16    0x00 0x02 0x02 0x83  lb      x5,  0(x4)
	    20    0x00 0x12 0x02 0x13  addi    x4,  x4,  1
	    24    0x00 0x32 0x84 0x63  beq     x5,  x3,  8
	    28    0xfe 0x50 0x1a 0xe3  bnez    x5,  -12
.label __ll1_strspn
	    32    0x00 0x50 0x08 0x63  beqz    x5,  16
	    36    0x00 0x05 0x01 0x83  lb      x3,  0(x10)
	    40    0x00 0x15 0x05 0x13  addi    x10, x10, 1
	    44    0xfe 0x30 0x10 0xe3  bnez    x3,  -32
.label __ll2_strspn
	    48    0xff 0xf5 0x06 0x13  addi    x12, x10, -1
	    52    0x40 0xb6 0x05 0x33  sub     x10, x12, x11
.label strspn__end last
.rts
	    56    0x00 0x00 0x80 0x67  ret

.text_segment_name
.text global 0 strstr
	     0    0x00 0x00 0x05 0x13  li      x10, 0
	     4    0x00 0x06 0x02 0x13  mv      x4,  x12
	     8    0x00 0x05 0x81 0x93  mv      x3,  x11
	    12    0x00 0x02 0x03 0x03  lb      x6,  0(x4)
	    16    0x00 0x01 0x82 0x83  lb      x5,  0(x3)
	    20    0x00 0x11 0x81 0x93  addi    x3,  x3,  1
	    24    0x00 0x12 0x02 0x13  addi    x4,  x4,  1
	    28    0x00 0x60 0x0c 0x63  beqz    x6,  24
	    32    0xfe 0x53 0x06 0xe3  beq     x6,  x5,  -20
	    36    0x00 0x05 0x81 0x83  lb      x3,  0(x11)
	    40    0x00 0x15 0x85 0x93  addi    x11, x11, 1
	    44    0xfc 0x30 0x1c 0xe3  bnez    x3,  -40
.rts
	    48    0x00 0x00 0x80 0x67  ret
	    52    0x00 0x05 0x85 0x13  mv      x10, x11
.label strstr__end last
.rts
	    56    0x00 0x00 0x80 0x67  ret

.text_segment_name
.text global 0 strtok
	     0    0x00 0xb0 0x16 0x63  bnez    x11, 12
	     4    0x00 0x00 0x25 0x83  lw      x11, _ZZ6strtokPcPKcE4last(x0)
	     8    0x04 0xb0 0x02 0x63  beqz    x11, 68
	    12    0x00 0x05 0x85 0x03  lb      x10, 0(x11)
	    16    0x00 0x15 0x85 0x93  addi    x11, x11, 1
	    20    0x02 0xa0 0x04 0x63  beqz    x10, 40
	    24    0x00 0x06 0x01 0x93  mv      x3,  x12
	    28    0x00 0x01 0x82 0x03  lb      x4,  0(x3)
	    32    0x00 0x11 0x81 0x93  addi    x3,  x3,  1
	    36    0x00 0xa2 0x04 0x63  beq     x4,  x10, 8
	    40    0xfe 0x40 0x1a 0xe3  bnez    x4,  -12
.label __ll1_strtok
	    44    0x00 0x40 0x08 0x63  beqz    x4,  16
	    48    0x00 0x05 0x85 0x03  lb      x10, 0(x11)
	    52    0x00 0x15 0x85 0x93  addi    x11, x11, 1
	    56    0xfe 0xa0 0x10 0xe3  bnez    x10, -32
.label __ll2_strtok
	    60    0x00 0xa0 0x1c 0x63  bnez    x10, 24
	    64    0x00 0x00 0x20 0x23  sw      x0,  _ZZ6strtokPcPKcE4last(x0)
	    68    0x00 0x00 0x05 0x13  li      x10, 0
.rts
	    72    0x00 0x00 0x80 0x67  ret
	    76    0x00 0x00 0x05 0x13  li      x10, 0
.rts
	    80    0x00 0x00 0x80 0x67  ret
	    84    0xff 0xf5 0x85 0x13  addi    x10, x11, -1
	    88    0x00 0x06 0x02 0x93  mv      x5,  x12
	    92    0x00 0x05 0x81 0x83  lb      x3,  0(x11)
	    96    0x00 0x15 0x82 0x13  addi    x4,  x11, 1
	   100    0x00 0x02 0x83 0x03  lb      x6,  0(x5)
	   104    0x00 0x12 0x82 0x93  addi    x5,  x5,  1
	   108    0x00 0x33 0x08 0x63  beq     x6,  x3,  16
	   112    0xfe 0x60 0x1a 0xe3  bnez    x6,  -12
	   116    0x00 0x02 0x05 0x93  mv      x11, x4
	   120    0xfe 0x1f 0xf0 0x6f  j       -32
	   124    0x00 0x30 0x0a 0x63  beqz    x3,  20
	   128    0x00 0x15 0x86 0x13  addi    x12, x11, 1
	   132    0x00 0x05 0x80 0x23  sb      x0,  0(x11)
	   136    0x00 0xc0 0x20 0x23  sw      x12, _ZZ6strtokPcPKcE4last(x0)
.rts
	   140    0x00 0x00 0x80 0x67  ret
	   144    0x00 0x00 0x20 0x23  sw      x0,  _ZZ6strtokPcPKcE4last(x0)
.label strtok__end last
.rts
	   148    0x00 0x00 0x80 0x67  ret

.text_segment_name
.text global 0 memset
	     0    0x00 0x05 0x85 0x13  mv      x10, x11
	     4    0x00 0xd0 0x0e 0x63  beqz    x13, 28
	     8    0x00 0x05 0x01 0x93  mv      x3,  x10
	    12    0x00 0x00 0x05 0x93  li      x11, 0
	    16    0x00 0xc1 0x80 0x23  sb      x12, 0(x3)
	    20    0x00 0x11 0x81 0x93  addi    x3,  x3,  1
	    24    0x00 0x15 0x85 0x93  addi    x11, x11, 1
	    28    0xfe 0xd5 0xea 0xe3  bltu    x11, x13, -12
.label memset__end last
.rts
	    32    0x00 0x00 0x80 0x67  ret

.text_segment_name
.text global 0 strerror
	     0    0x00 0x00 0x05 0x13  li      x10, _ZL13__str0001003f
.label strerror__end last
.rts
	     4    0x00 0x00 0x80 0x67  ret

.text_segment_name
.text global 0 strlen
	     0    0x00 0x05 0x81 0x83  lb      x3,  0(x11)
	     4    0x00 0x15 0x85 0x13  addi    x10, x11, 1
	     8    0x00 0x30 0x08 0x63  beqz    x3,  16
	    12    0x00 0x05 0x01 0x83  lb      x3,  0(x10)
	    16    0x00 0x15 0x05 0x13  addi    x10, x10, 1
	    20    0xfe 0x30 0x1c 0xe3  bnez    x3,  -8
	    24    0xff 0xf5 0x05 0x13  addi    x10, x10, -1
	    28    0x40 0xb5 0x05 0x33  sub     x10, x10, x11
.label strlen__end last
.rts
	    32    0x00 0x00 0x80 0x67  ret

