
; File generated by darts version U-2022.12#33f3808fcb#221128, Thu Feb 29 17:32:06 2024
; Copyright 2014-2022 Synopsys, Inc. All rights reserved.
; darts -I.. -d -h -I../runtime/include -DCHESS_CXX_ATTRIBUTES -DNDEBUG -D__tct_patch__=0 -L +Ihex Release/strtoul.o trv32p3_cnn

; Release: ipd U-2022.12
.undef global data _ct_code

.undef global data errno

.text_segment_name
.text global 0 strtoul
	     0    0x00 0x05 0x85 0x13  mv      x10, x11
	     4    0x00 0x05 0x43 0x03  lbu     x6,  0(x10)
	     8    0x00 0x15 0x05 0x13  addi    x10, x10, 1
	    12    0x00 0x03 0x42 0x03  lbu     x4,  _ct_code(x6)
	    16    0x04 0x02 0x72 0x93  andi    x5,  x4,  64
	    20    0xfe 0x50 0x18 0xe3  bnez    x5,  -16
	    24    0x00 0x05 0x08 0x03  lb      x16, 0(x10)
	    28    0x00 0x15 0x02 0x13  addi    x4,  x10, 1
	    32    0x02 0xd0 0x03 0x93  li      x7,  45
	    36    0x00 0x10 0x02 0x93  li      x5,  1
	    40    0x00 0x63 0x8c 0x63  beq     x7,  x6,  24
	    44    0x02 0xb0 0x03 0x93  li      x7,  43
	    48    0x00 0x00 0x02 0x93  li      x5,  0
	    52    0x00 0x63 0x86 0x63  beq     x7,  x6,  12
	    56    0x00 0x03 0x08 0x13  mv      x16, x6
	    60    0x00 0x05 0x02 0x13  mv      x4,  x10
	    64    0x00 0xd0 0x06 0x63  beqz    x13, 12
	    68    0x01 0x00 0x05 0x13  li      x10, 16
	    72    0x02 0xd5 0x16 0x63  bne     x10, x13, 44
	    76    0x03 0x00 0x05 0x13  li      x10, 48
	    80    0x03 0x05 0x12 0x63  bne     x10, x16, 36
	    84    0x00 0x02 0x05 0x03  lb      x10, 0(x4)
	    88    0x07 0x80 0x03 0x13  li      x6,  120
	    92    0x00 0xa3 0x06 0x63  beq     x6,  x10, 12
	    96    0x05 0x80 0x03 0x13  li      x6,  88
	   100    0x00 0xa3 0x18 0x63  bne     x6,  x10, 16
	   104    0x00 0x12 0x08 0x03  lb      x16, 1(x4)
	   108    0x00 0x22 0x02 0x13  addi    x4,  x4,  2
	   112    0x01 0x00 0x06 0x93  li      x13, 16
	   116    0x00 0xd0 0x1a 0x63  bnez    x13, 20
	   120    0x00 0x80 0x06 0x93  li      x13, 8
	   124    0x03 0x00 0x05 0x13  li      x10, 48
	   128    0x01 0x05 0x04 0x63  beq     x10, x16, 8
	   132    0x00 0xa0 0x06 0x93  li      x13, 10
	   136    0xff 0xf0 0x03 0x13  li      x6,  -1
	   140    0x02 0xd3 0x53 0xb3  divu    x7,  x6,  x13
	   144    0x02 0xd3 0x74 0x33  remu    x8,  x6,  x13
	   148    0x00 0x00 0x08 0x93  li      x17, 0
	   152    0x02 0x20 0x07 0x93  li      x15, 34
	   156    0x00 0x00 0x05 0x13  li      x10, 0
	   160    0x0f 0xf8 0x79 0x13  zext.b  x18, x16
	   164    0x00 0x09 0x49 0x03  lbu     x18, _ct_code(x18)
	   168    0x00 0x49 0x79 0x93  andi    x19, x18, 4
	   172    0x03 0x30 0x12 0x63  bnez    x19, 36
	   176    0x00 0x39 0x79 0x93  andi    x19, x18, 3
	   180    0x05 0x30 0x0e 0x63  beqz    x19, 92
	   184    0x00 0x29 0x79 0x93  andi    x19, x18, 2
	   188    0x03 0x70 0x09 0x13  li      x18, 55
	   192    0x01 0x30 0x14 0x63  bnez    x19, 8
	   196    0x05 0x70 0x09 0x13  li      x18, 87
	   200    0x41 0x28 0x08 0x33  sub     x16, x16, x18
	   204    0x00 0x80 0x00 0x6f  j       8
	   208    0xfd 0x08 0x08 0x13  addi    x16, x16, -48
	   212    0x02 0xd8 0x5e 0x63  bge     x16, x13, 60
	   216    0x02 0x08 0xc6 0x63  bltz    x17, 44
	   220    0x00 0xa3 0xee 0x63  bltu    x7,  x10, 28
	   224    0x00 0xa3 0x94 0x63  bne     x7,  x10, 8
	   228    0x01 0x04 0x4a 0x63  blt     x8,  x16, 20
	   232    0x02 0xd5 0x05 0x33  mul     x10, x10, x13
	   236    0x00 0xa8 0x05 0x33  add     x10, x16, x10
	   240    0x00 0x10 0x08 0x93  li      x17, 1
	   244    0x01 0x00 0x00 0x6f  j       16
	   248    0x00 0xf0 0x20 0x23  sw      x15, errno(x0)
	   252    0xff 0xf0 0x05 0x13  li      x10, -1
	   256    0xff 0xf0 0x08 0x93  li      x17, -1
	   260    0x00 0x02 0x48 0x03  lbu     x16, 0(x4)
	   264    0x00 0x12 0x02 0x13  addi    x4,  x4,  1
	   268    0xf9 0x5f 0xf0 0x6f  j       -108
.label __ll1_strtoul
	   272    0x00 0x50 0x06 0x63  beqz    x5,  12
	   276    0x01 0x10 0x54 0x63  blez    x17, 8
	   280    0x40 0xa0 0x05 0x33  neg     x10, x10
	   284    0x00 0xc0 0x08 0x63  beqz    x12, 16
	   288    0x01 0x10 0x04 0x63  beqz    x17, 8
	   292    0xff 0xf2 0x05 0x93  addi    x11, x4,  -1
	   296    0x00 0xb6 0x20 0x23  sw      x11, 0(x12)
.label strtoul__end last
.rts
	   300    0x00 0x00 0x80 0x67  ret

.undef global data _ct_code

.undef global data errno

