
; File generated by darts version U-2022.12#33f3808fcb#221128, Wed Apr 10 19:59:53 2024
; Copyright 2014-2022 Synopsys, Inc. All rights reserved.
; darts -I.. -d -h -I../runtime/include -DCHESS_CXX_ATTRIBUTES -DNDEBUG -D__tct_patch__=0 -L +Ihex Release/strtol.o trv32p3_cnn

; Release: ipd U-2022.12
.undef global data _ct_code

.undef global data errno

.text_segment_name
.text global 0 strtol
.rela 2 _ct_code 2048
	     0    0x00 0x00 0x05 0x37  lui     x10, 0
.rela 3 _ct_code 0
	     4    0x00 0x05 0x01 0x93  mv      x3,  x10
	     8    0x00 0x05 0x85 0x13  mv      x10, x11
	    12    0x00 0x05 0x43 0x03  lbu     x6,  0(x10)
	    16    0x00 0x33 0x02 0x33  add     x4,  x6,  x3
	    20    0x00 0x15 0x05 0x13  addi    x10, x10, 1
	    24    0x00 0x02 0x42 0x83  lbu     x5,  0(x4)
	    28    0x04 0x02 0xf3 0x93  andi    x7,  x5,  64
	    32    0xfe 0x70 0x16 0xe3  bnez    x7,  -20
	    36    0x00 0x05 0x09 0x83  lb      x19, 0(x10)
	    40    0x00 0x15 0x02 0x13  addi    x4,  x10, 1
	    44    0x02 0xd0 0x04 0x13  li      x8,  45
	    48    0x00 0x10 0x03 0x93  li      x7,  1
	    52    0x00 0x64 0x0c 0x63  beq     x8,  x6,  24
	    56    0x02 0xb0 0x04 0x13  li      x8,  43
	    60    0x00 0x00 0x03 0x93  li      x7,  0
	    64    0x00 0x64 0x06 0x63  beq     x8,  x6,  12
	    68    0x00 0x03 0x09 0x93  mv      x19, x6
	    72    0x00 0x05 0x02 0x13  mv      x4,  x10
	    76    0x00 0xd0 0x06 0x63  beqz    x13, 12
	    80    0x01 0x00 0x05 0x13  li      x10, 16
	    84    0x02 0xd5 0x16 0x63  bne     x10, x13, 44
	    88    0x03 0x00 0x05 0x13  li      x10, 48
	    92    0x03 0x35 0x12 0x63  bne     x10, x19, 36
	    96    0x00 0x02 0x05 0x03  lb      x10, 0(x4)
	   100    0x07 0x80 0x03 0x13  li      x6,  120
	   104    0x00 0xa3 0x06 0x63  beq     x6,  x10, 12
	   108    0x05 0x80 0x03 0x13  li      x6,  88
	   112    0x00 0xa3 0x18 0x63  bne     x6,  x10, 16
	   116    0x00 0x12 0x09 0x83  lb      x19, 1(x4)
	   120    0x00 0x22 0x02 0x13  addi    x4,  x4,  2
	   124    0x01 0x00 0x06 0x93  li      x13, 16
	   128    0x00 0xd0 0x1a 0x63  bnez    x13, 20
	   132    0x00 0x80 0x06 0x93  li      x13, 8
	   136    0x03 0x00 0x05 0x13  li      x10, 48
	   140    0x01 0x35 0x04 0x63  beq     x10, x19, 8
	   144    0x00 0xa0 0x06 0x93  li      x13, 10
	   148    0x80 0x00 0x05 0x37  lui     x10, -524288
	   152    0xff 0xf5 0x04 0x13  addi    x8,  x10, -1
	   156    0x80 0x00 0x05 0x37  lui     x10, -524288
	   160    0x00 0x70 0x14 0x63  bnez    x7,  8
	   164    0x00 0x04 0x05 0x13  mv      x10, x8
	   168    0x02 0xd5 0x67 0x33  rem     x14, x10, x13
	   172    0x02 0xd5 0x44 0xb3  div     x9,  x10, x13
	   176    0x00 0x70 0x0a 0x63  beqz    x7,  20
	   180    0x00 0xe0 0x56 0x63  blez    x14, 12
	   184    0x40 0xd7 0x07 0x33  sub     x14, x14, x13
	   188    0x00 0x14 0x84 0x93  addi    x9,  x9,  1
	   192    0x40 0xe0 0x07 0x33  neg     x14, x14
	   196    0x00 0x00 0x09 0x13  li      x18, 0
	   200    0x02 0x20 0x08 0x93  li      x17, 34
	   204    0x00 0x00 0x05 0x13  li      x10, 0
	   208    0x0f 0xf9 0xfa 0x93  zext.b  x21, x19
	   212    0x00 0x3a 0x8a 0xb3  add     x21, x21, x3
	   216    0x00 0x0a 0xca 0x83  lbu     x21, 0(x21)
	   220    0x00 0x4a 0xfb 0x13  andi    x22, x21, 4
	   224    0x03 0x60 0x12 0x63  bnez    x22, 36
	   228    0x00 0x3a 0xfb 0x13  andi    x22, x21, 3
	   232    0x09 0x60 0x06 0x63  beqz    x22, 140
	   236    0x00 0x2a 0xfb 0x13  andi    x22, x21, 2
	   240    0x03 0x70 0x0a 0x93  li      x21, 55
	   244    0x01 0x60 0x14 0x63  bnez    x22, 8
	   248    0x05 0x70 0x0a 0x93  li      x21, 87
	   252    0x41 0x59 0x89 0xb3  sub     x19, x19, x21
	   256    0x00 0x80 0x00 0x6f  j       8
	   260    0xfd 0x09 0x89 0x93  addi    x19, x19, -48
	   264    0x06 0xd9 0xd6 0x63  bge     x19, x13, 108
	   268    0x04 0x09 0x4e 0x63  bltz    x18, 92
	   272    0x02 0xd5 0x09 0x33  mul     x18, x10, x13
	   276    0x02 0x70 0x18 0x63  bnez    x7,  48
	   280    0x00 0xa4 0xce 0x63  blt     x9,  x10, 28
	   284    0x00 0xa4 0x84 0x63  beq     x9,  x10, 8
	   288    0x00 0x80 0x00 0x6f  j       8
	   292    0x01 0x37 0x48 0x63  blt     x14, x19, 16
	   296    0x01 0x39 0x05 0x33  add     x10, x18, x19
	   300    0x00 0x10 0x09 0x13  li      x18, 1
	   304    0x03 0x80 0x00 0x6f  j       56
	   308    0x01 0x10 0x20 0x23  sw      x17, errno(x0)
	   312    0x00 0x04 0x05 0x13  mv      x10, x8
	   316    0xff 0xf0 0x09 0x13  li      x18, -1
	   320    0x02 0x80 0x00 0x6f  j       40
	   324    0x00 0x95 0x4c 0x63  blt     x10, x9,  24
	   328    0x00 0xa4 0x94 0x63  bne     x9,  x10, 8
	   332    0x01 0x37 0x48 0x63  blt     x14, x19, 16
	   336    0x41 0x39 0x05 0x33  sub     x10, x18, x19
	   340    0x00 0x10 0x09 0x13  li      x18, 1
	   344    0x01 0x00 0x00 0x6f  j       16
	   348    0x01 0x10 0x20 0x23  sw      x17, errno(x0)
	   352    0x80 0x00 0x05 0x37  lui     x10, -524288
	   356    0xff 0xf0 0x09 0x13  li      x18, -1
	   360    0x00 0x02 0x49 0x83  lbu     x19, 0(x4)
	   364    0x00 0x12 0x02 0x13  addi    x4,  x4,  1
	   368    0xf6 0x1f 0xf0 0x6f  j       -160
.label __ll1_strtol
	   372    0x00 0xc0 0x08 0x63  beqz    x12, 16
	   376    0x01 0x20 0x04 0x63  beqz    x18, 8
	   380    0xff 0xf2 0x05 0x93  addi    x11, x4,  -1
	   384    0x00 0xb6 0x20 0x23  sw      x11, 0(x12)
.label strtol__end last
.rts
	   388    0x00 0x00 0x80 0x67  ret

.undef global data _ct_code

.undef global data errno

