
; File generated by darts version U-2022.12#33f3808fcb#221128, Tue Mar 19 17:13:49 2024
; Copyright 2014-2022 Synopsys, Inc. All rights reserved.
; darts -I.. -d -h -I../runtime/include -DCHESS_CXX_ATTRIBUTES -D__tct_patch__=0 -L +Ihex Debug/atexit.o trv32p3_cnn

; Release: ipd U-2022.12
.data_segment_name
.bss local 4 _ZL7atexits DMb 512

.data_segment_name
.data local 4 _ZL10atexit_nxt DMb_stat
.rela 9 _ZL7atexits 0
	0x0
	0x0
	0x0
	0x0

.undef local data _ZL10atexit_nxt

.undef local data _ZL7atexits

.undef local data _ZL10atexit_nxt

.undef local data _ZL7atexits

.text_segment_name
.text global 0 __cxa_atexit
	     0    0xff 0x41 0x01 0x13  addi    x2,  x2,  -12
	     4    0x00 0x00 0x00 0x33  nop
	     8    0x00 0xd1 0x20 0x23  sw      x13, 0(x2)
	    12    0x00 0xc1 0x22 0x23  sw      x12, 4(x2)
	    16    0x00 0xb1 0x24 0x23  sw      x11, 8(x2)
.rela 2 _ZL7atexits 2560
	    20    0x00 0x20 0x06 0x37  lui     x12, 512
	    24    0x00 0x00 0x25 0x83  lw      x11, _ZL10atexit_nxt(x0)
.rela 3 _ZL7atexits 512
	    28    0x20 0x06 0x06 0x13  addi    x12, x12, 512
	    32    0x02 0xb6 0x08 0x63  beq     x12, x11, 48
	    36    0x00 0x00 0x25 0x83  lw      x11, _ZL10atexit_nxt(x0)
	    40    0x00 0x81 0x26 0x03  lw      x12, 8(x2)
	    44    0x00 0xc5 0xa0 0x23  sw      x12, 0(x11)
	    48    0x00 0x00 0x25 0x83  lw      x11, _ZL10atexit_nxt(x0)
	    52    0x00 0x41 0x26 0x03  lw      x12, 4(x2)
	    56    0x00 0xc5 0xa2 0x23  sw      x12, 4(x11)
	    60    0x00 0x00 0x25 0x83  lw      x11, _ZL10atexit_nxt(x0)
	    64    0x00 0x85 0x85 0x93  addi    x11, x11, 8
	    68    0x00 0xb0 0x20 0x23  sw      x11, _ZL10atexit_nxt(x0)
	    72    0x00 0x00 0x05 0x13  li      x10, 0
	    76    0x00 0x80 0x00 0x6f  j       8
	    80    0xff 0xf0 0x05 0x13  li      x10, -1
	    84    0x00 0xc1 0x01 0x13  addi    x2,  x2,  12
.label __cxa_atexit__end last
.rts
	    88    0x00 0x00 0x80 0x67  ret

.text_segment_name
.text global 0 __cxa_finalize
	     0    0xff 0x41 0x01 0x13  addi    x2,  x2,  -12
	     4    0x00 0x00 0x00 0x33  nop
	     8    0x00 0xa1 0x24 0x23  sw      x10, 8(x2)
	    12    0x00 0x11 0x20 0x23  sw      x1,  0(x2)
.rela 2 _ZL7atexits 2048
	    16    0x00 0x00 0x05 0x37  lui     x10, 0
.rela 3 _ZL7atexits 0
	    20    0x00 0x05 0x05 0x13  mv      x10, x10
	    24    0x00 0x00 0x20 0x83  lw      x1,  _ZL10atexit_nxt(x0)
	    28    0x00 0xa1 0x22 0x23  sw      x10, 4(x2)
	    32    0x02 0x15 0x08 0x63  beq     x10, x1,  48
	    36    0x00 0x00 0x25 0x03  lw      x10, _ZL10atexit_nxt(x0)
	    40    0xff 0x85 0x05 0x13  addi    x10, x10, -8
	    44    0x00 0xa0 0x20 0x23  sw      x10, _ZL10atexit_nxt(x0)
	    48    0x00 0x00 0x20 0x83  lw      x1,  _ZL10atexit_nxt(x0)
	    52    0x00 0x00 0x25 0x03  lw      x10, _ZL10atexit_nxt(x0)
	    56    0x00 0x00 0xa0 0x83  lw      x1,  0(x1)
	    60    0x00 0x45 0x25 0x03  lw      x10, 4(x10)
.call
	    64    0x00 0x00 0x80 0xe7  call    x1
	    68    0x00 0x00 0x25 0x03  lw      x10, _ZL10atexit_nxt(x0)
	    72    0x00 0x41 0x20 0x83  lw      x1,  4(x2)
	    76    0xfc 0xa0 0x9c 0xe3  bne     x1,  x10, -40
	    80    0x00 0x01 0x25 0x03  lw      x10, 0(x2)
	    84    0x00 0xc1 0x01 0x13  addi    x2,  x2,  12
.label __cxa_finalize__end last
.rts
	    88    0x00 0x05 0x00 0x67  jr      x10

