
; File generated by darts version U-2022.12#33f3808fcb#221128, Thu Feb 29 17:34:12 2024
; Copyright 2014-2022 Synopsys, Inc. All rights reserved.
; darts -I.. -d -h -I../runtime/include -DCHESS_CXX_ATTRIBUTES -D__tct_patch__=0 -L +Ihex Debug/clib_inline.o trv32p3_cnn

; Release: ipd U-2022.12
.undef global data stdin

.undef global data stdout

.undef global data _ct_code

.text_segment_name
.text global 0 strcoll
	     0    0xff 0x41 0x01 0x13  addi    x2,  x2,  -12
	     4    0x00 0x00 0x00 0x33  nop
	     8    0x00 0xc1 0x22 0x23  sw      x12, 4(x2)
	    12    0x00 0x11 0x20 0x23  sw      x1,  0(x2)
	    16    0x00 0xb1 0x24 0x23  sw      x11, 8(x2)
	    20    0x00 0x81 0x25 0x83  lw      x11, 8(x2)
	    24    0x00 0x41 0x26 0x03  lw      x12, 4(x2)
.call
	    28    0x00 0x00 0x00 0xef  call    strcmp
	    32    0x00 0x01 0x25 0x83  lw      x11, 0(x2)
	    36    0x00 0xc1 0x01 0x13  addi    x2,  x2,  12
.label strcoll__end last
.rts
	    40    0x00 0x05 0x80 0x67  jr      x11

.undef global text strcmp

.text_segment_name
.text global 0 atoi
	     0    0xff 0x81 0x01 0x13  addi    x2,  x2,  -8
	     4    0x00 0x00 0x00 0x33  nop
	     8    0x00 0xb1 0x22 0x23  sw      x11, 4(x2)
	    12    0x00 0x11 0x20 0x23  sw      x1,  0(x2)
	    16    0x00 0x41 0x25 0x83  lw      x11, 4(x2)
	    20    0x00 0x00 0x06 0x13  li      x12, 0
	    24    0x00 0xa0 0x06 0x93  li      x13, 10
.call
	    28    0x00 0x00 0x00 0xef  call    strtol
	    32    0x00 0x01 0x25 0x83  lw      x11, 0(x2)
	    36    0x00 0x81 0x01 0x13  addi    x2,  x2,  8
.label atoi__end last
.rts
	    40    0x00 0x05 0x80 0x67  jr      x11

.undef global text strtol

.text_segment_name
.text global 0 atol
	     0    0xff 0x81 0x01 0x13  addi    x2,  x2,  -8
	     4    0x00 0x00 0x00 0x33  nop
	     8    0x00 0xb1 0x22 0x23  sw      x11, 4(x2)
	    12    0x00 0x11 0x20 0x23  sw      x1,  0(x2)
	    16    0x00 0x41 0x25 0x83  lw      x11, 4(x2)
	    20    0x00 0x00 0x06 0x13  li      x12, 0
	    24    0x00 0xa0 0x06 0x93  li      x13, 10
.call
	    28    0x00 0x00 0x00 0xef  call    strtol
	    32    0x00 0x01 0x25 0x83  lw      x11, 0(x2)
	    36    0x00 0x81 0x01 0x13  addi    x2,  x2,  8
.label atol__end last
.rts
	    40    0x00 0x05 0x80 0x67  jr      x11

.undef global text strtol

.text_segment_name
.text global 0 exit
	     0    0xff 0xc1 0x01 0x13  addi    x2,  x2,  -4
	     4    0x00 0x00 0x00 0x33  nop
	     8    0x00 0xa1 0x20 0x23  sw      x10, 0(x2)
	    12    0x00 0x00 0x05 0x13  li      x10, 0
.call
	    16    0x00 0x00 0x00 0xef  call    __cxa_finalize
	    20    0x00 0x01 0x25 0x03  lw      x10, 0(x2)
	    24    0x00 0x00 0x00 0x33  nop
.label exit__end last
	    28    0x00 0x00 0x00 0x6f  j       0

.undef global text __cxa_finalize

.text_segment_name
.text global 0 abort
	     0    0x07 0xf0 0x05 0x13  li      x10, 127
	     4    0x00 0x00 0x00 0x33  nop
.label abort__end last
	     8    0x00 0x00 0x00 0x6f  j       0

.text_segment_name
.text global 0 _Exit
	     0    0xff 0xc1 0x01 0x13  addi    x2,  x2,  -4
	     4    0x00 0x00 0x00 0x33  nop
	     8    0x00 0xa1 0x20 0x23  sw      x10, 0(x2)
	    12    0x00 0x01 0x25 0x03  lw      x10, 0(x2)
	    16    0x00 0x00 0x00 0x33  nop
.label _Exit__end last
	    20    0x00 0x00 0x00 0x6f  j       0

.text_segment_name
.text global 0 atexit
	     0    0xff 0x81 0x01 0x13  addi    x2,  x2,  -8
	     4    0x00 0x00 0x00 0x33  nop
	     8    0x00 0xb1 0x22 0x23  sw      x11, 4(x2)
	    12    0x00 0x11 0x20 0x23  sw      x1,  0(x2)
	    16    0x00 0x41 0x25 0x83  lw      x11, 4(x2)
	    20    0x00 0x00 0x06 0x93  li      x13, 0
	    24    0x00 0x00 0x06 0x13  li      x12, 0
.call
	    28    0x00 0x00 0x00 0xef  call    __cxa_atexit
	    32    0x00 0x01 0x25 0x83  lw      x11, 0(x2)
	    36    0x00 0x81 0x01 0x13  addi    x2,  x2,  8
.label atexit__end last
.rts
	    40    0x00 0x05 0x80 0x67  jr      x11

.undef global text __cxa_atexit

.text_segment_name
.text global 0 vprintf
	     0    0xff 0x41 0x01 0x13  addi    x2,  x2,  -12
	     4    0x00 0x00 0x00 0x33  nop
	     8    0x00 0xc1 0x22 0x23  sw      x12, 4(x2)
	    12    0x00 0x11 0x20 0x23  sw      x1,  0(x2)
	    16    0x00 0xb1 0x24 0x23  sw      x11, 8(x2)
	    20    0x00 0x81 0x26 0x03  lw      x12, 8(x2)
	    24    0x00 0x41 0x26 0x83  lw      x13, 4(x2)
	    28    0x00 0x00 0x25 0x83  lw      x11, stdout(x0)
.call
	    32    0x00 0x00 0x00 0xef  call    vfprintf
	    36    0x00 0x01 0x25 0x83  lw      x11, 0(x2)
	    40    0x00 0xc1 0x01 0x13  addi    x2,  x2,  12
.label vprintf__end last
.rts
	    44    0x00 0x05 0x80 0x67  jr      x11

.undef global data stdout

.undef global text vfprintf

.text_segment_name
.text global 0 vscanf
	     0    0xff 0x41 0x01 0x13  addi    x2,  x2,  -12
	     4    0x00 0x00 0x00 0x33  nop
	     8    0x00 0xc1 0x22 0x23  sw      x12, 4(x2)
	    12    0x00 0x11 0x20 0x23  sw      x1,  0(x2)
	    16    0x00 0xb1 0x24 0x23  sw      x11, 8(x2)
	    20    0x00 0x81 0x26 0x03  lw      x12, 8(x2)
	    24    0x00 0x41 0x26 0x83  lw      x13, 4(x2)
	    28    0x00 0x00 0x25 0x83  lw      x11, stdin(x0)
.call
	    32    0x00 0x00 0x00 0xef  call    vfscanf
	    36    0x00 0x01 0x25 0x83  lw      x11, 0(x2)
	    40    0x00 0xc1 0x01 0x13  addi    x2,  x2,  12
.label vscanf__end last
.rts
	    44    0x00 0x05 0x80 0x67  jr      x11

.undef global data stdin

.undef global text vfscanf

.text_segment_name
.text global 0 putc
	     0    0xff 0x41 0x01 0x13  addi    x2,  x2,  -12
	     4    0x00 0x00 0x00 0x33  nop
	     8    0x00 0xc1 0x22 0x23  sw      x12, 4(x2)
	    12    0x00 0x11 0x20 0x23  sw      x1,  0(x2)
	    16    0x00 0xb1 0x24 0x23  sw      x11, 8(x2)
	    20    0x00 0x81 0x25 0x83  lw      x11, 8(x2)
	    24    0x00 0x41 0x26 0x03  lw      x12, 4(x2)
.call
	    28    0x00 0x00 0x00 0xef  call    fputc
	    32    0x00 0x01 0x25 0x83  lw      x11, 0(x2)
	    36    0x00 0xc1 0x01 0x13  addi    x2,  x2,  12
.label putc__end last
.rts
	    40    0x00 0x05 0x80 0x67  jr      x11

.undef global text fputc

.text_segment_name
.text global 0 putchar
	     0    0xff 0x81 0x01 0x13  addi    x2,  x2,  -8
	     4    0x00 0x00 0x00 0x33  nop
	     8    0x00 0xb1 0x22 0x23  sw      x11, 4(x2)
	    12    0x00 0x11 0x20 0x23  sw      x1,  0(x2)
	    16    0x00 0x41 0x25 0x83  lw      x11, 4(x2)
	    20    0x00 0x00 0x26 0x03  lw      x12, stdout(x0)
.call
	    24    0x00 0x00 0x00 0xef  call    fputc
	    28    0x00 0x01 0x25 0x83  lw      x11, 0(x2)
	    32    0x00 0x81 0x01 0x13  addi    x2,  x2,  8
.label putchar__end last
.rts
	    36    0x00 0x05 0x80 0x67  jr      x11

.undef global data stdout

.undef global text fputc

.text_segment_name
.text global 0 puts
	     0    0xff 0x41 0x01 0x13  addi    x2,  x2,  -12
	     4    0x00 0x00 0x00 0x33  nop
	     8    0x00 0xb1 0x22 0x23  sw      x11, 4(x2)
	    12    0x00 0x11 0x20 0x23  sw      x1,  0(x2)
	    16    0x00 0x41 0x25 0x83  lw      x11, 4(x2)
	    20    0x00 0x00 0x26 0x03  lw      x12, stdout(x0)
.call
	    24    0x00 0x00 0x00 0xef  call    fputs
	    28    0x00 0xa1 0x24 0x23  sw      x10, 8(x2)
	    32    0x00 0x81 0x25 0x03  lw      x10, 8(x2)
	    36    0x00 0x05 0x4a 0x63  bltz    x10, 20
	    40    0x00 0x00 0x26 0x03  lw      x12, stdout(x0)
	    44    0x00 0xa0 0x05 0x93  li      x11, 10
.call
	    48    0x00 0x00 0x00 0xef  call    fputc
	    52    0x00 0x80 0x00 0x6f  j       8
	    56    0x00 0x81 0x25 0x03  lw      x10, 8(x2)
	    60    0x00 0x01 0x25 0x83  lw      x11, 0(x2)
	    64    0x00 0xc1 0x01 0x13  addi    x2,  x2,  12
.label puts__end last
.rts
	    68    0x00 0x05 0x80 0x67  jr      x11

.undef global data stdout

.undef global text fputs

.undef global text fputc

.text_segment_name
.text global 0 getc
	     0    0xff 0x81 0x01 0x13  addi    x2,  x2,  -8
	     4    0x00 0x00 0x00 0x33  nop
	     8    0x00 0xb1 0x22 0x23  sw      x11, 4(x2)
	    12    0x00 0x11 0x20 0x23  sw      x1,  0(x2)
	    16    0x00 0x41 0x25 0x83  lw      x11, 4(x2)
.call
	    20    0x00 0x00 0x00 0xef  call    fgetc
	    24    0x00 0x01 0x25 0x83  lw      x11, 0(x2)
	    28    0x00 0x81 0x01 0x13  addi    x2,  x2,  8
.label getc__end last
.rts
	    32    0x00 0x05 0x80 0x67  jr      x11

.undef global text fgetc

.text_segment_name
.text global 0 getchar
	     0    0xff 0xc1 0x01 0x13  addi    x2,  x2,  -4
	     4    0x00 0x00 0x25 0x83  lw      x11, stdin(x0)
	     8    0x00 0x11 0x20 0x23  sw      x1,  0(x2)
.call
	    12    0x00 0x00 0x00 0xef  call    fgetc
	    16    0x00 0x01 0x20 0x83  lw      x1,  0(x2)
	    20    0x00 0x41 0x01 0x13  addi    x2,  x2,  4
.label getchar__end last
.rts
	    24    0x00 0x00 0x80 0x67  ret

.undef global data stdin

.undef global text fgetc

.text_segment_name
.text global 0 rewind
	     0    0xff 0x81 0x01 0x13  addi    x2,  x2,  -8
	     4    0x00 0x00 0x00 0x33  nop
	     8    0x00 0xa1 0x22 0x23  sw      x10, 4(x2)
	    12    0x00 0x11 0x20 0x23  sw      x1,  0(x2)
	    16    0x00 0x41 0x25 0x83  lw      x11, 4(x2)
	    20    0x00 0x00 0x06 0x93  li      x13, 0
	    24    0x00 0x00 0x06 0x13  li      x12, 0
.call
	    28    0x00 0x00 0x00 0xef  call    fseek
	    32    0x00 0x01 0x20 0x83  lw      x1,  0(x2)
	    36    0x00 0x81 0x01 0x13  addi    x2,  x2,  8
.label rewind__end last
.rts
	    40    0x00 0x00 0x80 0x67  ret

.undef global text fseek

.text_segment_name
.text global 0 isalnum
	     0    0xff 0xc1 0x01 0x13  addi    x2,  x2,  -4
	     4    0x00 0x00 0x00 0x33  nop
	     8    0x00 0xb1 0x20 0x23  sw      x11, 0(x2)
	    12    0x00 0x01 0x25 0x03  lw      x10, 0(x2)
	    16    0x0f 0xf5 0x75 0x13  zext.b  x10, x10
	    20    0x00 0x00 0x00 0x33  nop
	    24    0x00 0x05 0x45 0x03  lbu     x10, _ct_code(x10)
	    28    0x00 0x75 0x75 0x13  andi    x10, x10, 7
	    32    0x00 0x41 0x01 0x13  addi    x2,  x2,  4
.label isalnum__end last
.rts
	    36    0x00 0x00 0x80 0x67  ret

.undef global data _ct_code

.text_segment_name
.text global 0 isalpha
	     0    0xff 0xc1 0x01 0x13  addi    x2,  x2,  -4
	     4    0x00 0x00 0x00 0x33  nop
	     8    0x00 0xb1 0x20 0x23  sw      x11, 0(x2)
	    12    0x00 0x01 0x25 0x03  lw      x10, 0(x2)
	    16    0x0f 0xf5 0x75 0x13  zext.b  x10, x10
	    20    0x00 0x00 0x00 0x33  nop
	    24    0x00 0x05 0x45 0x03  lbu     x10, _ct_code(x10)
	    28    0x00 0x35 0x75 0x13  andi    x10, x10, 3
	    32    0x00 0x41 0x01 0x13  addi    x2,  x2,  4
.label isalpha__end last
.rts
	    36    0x00 0x00 0x80 0x67  ret

.undef global data _ct_code

.text_segment_name
.text global 0 isblank
	     0    0xff 0xc1 0x01 0x13  addi    x2,  x2,  -4
	     4    0x00 0x00 0x00 0x33  nop
	     8    0x00 0xb1 0x20 0x23  sw      x11, 0(x2)
	    12    0x00 0x01 0x25 0x03  lw      x10, 0(x2)
	    16    0x0f 0xf5 0x75 0x13  zext.b  x10, x10
	    20    0x00 0x00 0x00 0x33  nop
	    24    0x00 0x05 0x45 0x03  lbu     x10, _ct_code(x10)
	    28    0x08 0x05 0x75 0x13  andi    x10, x10, 128
	    32    0x00 0x41 0x01 0x13  addi    x2,  x2,  4
.label isblank__end last
.rts
	    36    0x00 0x00 0x80 0x67  ret

.undef global data _ct_code

.text_segment_name
.text global 0 iscntrl
	     0    0xff 0xc1 0x01 0x13  addi    x2,  x2,  -4
	     4    0x00 0x00 0x00 0x33  nop
	     8    0x00 0xb1 0x20 0x23  sw      x11, 0(x2)
	    12    0x00 0x01 0x25 0x03  lw      x10, 0(x2)
	    16    0x0f 0xf5 0x75 0x13  zext.b  x10, x10
	    20    0x00 0x00 0x00 0x33  nop
	    24    0x00 0x05 0x45 0x03  lbu     x10, _ct_code(x10)
	    28    0x02 0x05 0x75 0x13  andi    x10, x10, 32
	    32    0x00 0x41 0x01 0x13  addi    x2,  x2,  4
.label iscntrl__end last
.rts
	    36    0x00 0x00 0x80 0x67  ret

.undef global data _ct_code

.text_segment_name
.text global 0 isdigit
	     0    0xff 0xc1 0x01 0x13  addi    x2,  x2,  -4
	     4    0x00 0x00 0x00 0x33  nop
	     8    0x00 0xb1 0x20 0x23  sw      x11, 0(x2)
	    12    0x00 0x01 0x25 0x03  lw      x10, 0(x2)
	    16    0x0f 0xf5 0x75 0x13  zext.b  x10, x10
	    20    0x00 0x00 0x00 0x33  nop
	    24    0x00 0x05 0x45 0x03  lbu     x10, _ct_code(x10)
	    28    0x00 0x45 0x75 0x13  andi    x10, x10, 4
	    32    0x00 0x41 0x01 0x13  addi    x2,  x2,  4
.label isdigit__end last
.rts
	    36    0x00 0x00 0x80 0x67  ret

.undef global data _ct_code

.text_segment_name
.text global 0 isgraph
	     0    0xff 0xc1 0x01 0x13  addi    x2,  x2,  -4
	     4    0x00 0x00 0x00 0x33  nop
	     8    0x00 0xb1 0x20 0x23  sw      x11, 0(x2)
	    12    0x00 0x01 0x25 0x03  lw      x10, 0(x2)
	    16    0x0f 0xf5 0x75 0x13  zext.b  x10, x10
	    20    0x00 0x00 0x00 0x33  nop
	    24    0x00 0x05 0x45 0x03  lbu     x10, _ct_code(x10)
	    28    0x01 0x75 0x75 0x13  andi    x10, x10, 23
	    32    0x00 0x41 0x01 0x13  addi    x2,  x2,  4
.label isgraph__end last
.rts
	    36    0x00 0x00 0x80 0x67  ret

.undef global data _ct_code

.text_segment_name
.text global 0 islower
	     0    0xff 0xc1 0x01 0x13  addi    x2,  x2,  -4
	     4    0x00 0x00 0x00 0x33  nop
	     8    0x00 0xb1 0x20 0x23  sw      x11, 0(x2)
	    12    0x00 0x01 0x25 0x03  lw      x10, 0(x2)
	    16    0x0f 0xf5 0x75 0x13  zext.b  x10, x10
	    20    0x00 0x00 0x00 0x33  nop
	    24    0x00 0x05 0x45 0x03  lbu     x10, _ct_code(x10)
	    28    0x00 0x15 0x75 0x13  andi    x10, x10, 1
	    32    0x00 0x41 0x01 0x13  addi    x2,  x2,  4
.label islower__end last
.rts
	    36    0x00 0x00 0x80 0x67  ret

.undef global data _ct_code

.text_segment_name
.text global 0 isprint
	     0    0xff 0xc1 0x01 0x13  addi    x2,  x2,  -4
	     4    0x00 0x00 0x00 0x33  nop
	     8    0x00 0xb1 0x20 0x23  sw      x11, 0(x2)
	    12    0x00 0x01 0x25 0x03  lw      x10, 0(x2)
	    16    0x0f 0xf5 0x75 0x13  zext.b  x10, x10
	    20    0x00 0x00 0x00 0x33  nop
	    24    0x00 0x05 0x45 0x03  lbu     x10, _ct_code(x10)
	    28    0x09 0x75 0x75 0x13  andi    x10, x10, 151
	    32    0x00 0xa0 0x08 0x63  beqz    x10, 16
	    36    0x00 0x01 0x25 0x03  lw      x10, 0(x2)
	    40    0x00 0x90 0x05 0x93  li      x11, 9
	    44    0x00 0xa5 0x96 0x63  bne     x11, x10, 12
	    48    0x00 0x00 0x05 0x13  li      x10, 0
	    52    0x00 0x80 0x00 0x6f  j       8
	    56    0x00 0x10 0x05 0x13  li      x10, 1
	    60    0x00 0x41 0x01 0x13  addi    x2,  x2,  4
.label isprint__end last
.rts
	    64    0x00 0x00 0x80 0x67  ret

.undef global data _ct_code

.text_segment_name
.text global 0 ispunct
	     0    0xff 0xc1 0x01 0x13  addi    x2,  x2,  -4
	     4    0x00 0x00 0x00 0x33  nop
	     8    0x00 0xb1 0x20 0x23  sw      x11, 0(x2)
	    12    0x00 0x01 0x25 0x03  lw      x10, 0(x2)
	    16    0x0f 0xf5 0x75 0x13  zext.b  x10, x10
	    20    0x00 0x00 0x00 0x33  nop
	    24    0x00 0x05 0x45 0x03  lbu     x10, _ct_code(x10)
	    28    0x01 0x05 0x75 0x13  andi    x10, x10, 16
	    32    0x00 0x41 0x01 0x13  addi    x2,  x2,  4
.label ispunct__end last
.rts
	    36    0x00 0x00 0x80 0x67  ret

.undef global data _ct_code

.text_segment_name
.text global 0 isspace
	     0    0xff 0xc1 0x01 0x13  addi    x2,  x2,  -4
	     4    0x00 0x00 0x00 0x33  nop
	     8    0x00 0xb1 0x20 0x23  sw      x11, 0(x2)
	    12    0x00 0x01 0x25 0x03  lw      x10, 0(x2)
	    16    0x0f 0xf5 0x75 0x13  zext.b  x10, x10
	    20    0x00 0x00 0x00 0x33  nop
	    24    0x00 0x05 0x45 0x03  lbu     x10, _ct_code(x10)
	    28    0x04 0x05 0x75 0x13  andi    x10, x10, 64
	    32    0x00 0x41 0x01 0x13  addi    x2,  x2,  4
.label isspace__end last
.rts
	    36    0x00 0x00 0x80 0x67  ret

.undef global data _ct_code

.text_segment_name
.text global 0 isupper
	     0    0xff 0xc1 0x01 0x13  addi    x2,  x2,  -4
	     4    0x00 0x00 0x00 0x33  nop
	     8    0x00 0xb1 0x20 0x23  sw      x11, 0(x2)
	    12    0x00 0x01 0x25 0x03  lw      x10, 0(x2)
	    16    0x0f 0xf5 0x75 0x13  zext.b  x10, x10
	    20    0x00 0x00 0x00 0x33  nop
	    24    0x00 0x05 0x45 0x03  lbu     x10, _ct_code(x10)
	    28    0x00 0x25 0x75 0x13  andi    x10, x10, 2
	    32    0x00 0x41 0x01 0x13  addi    x2,  x2,  4
.label isupper__end last
.rts
	    36    0x00 0x00 0x80 0x67  ret

.undef global data _ct_code

.text_segment_name
.text global 0 isxdigit
	     0    0xff 0xc1 0x01 0x13  addi    x2,  x2,  -4
	     4    0x00 0x00 0x00 0x33  nop
	     8    0x00 0xb1 0x20 0x23  sw      x11, 0(x2)
	    12    0x00 0x01 0x25 0x03  lw      x10, 0(x2)
	    16    0x0f 0xf5 0x75 0x13  zext.b  x10, x10
	    20    0x00 0x00 0x00 0x33  nop
	    24    0x00 0x05 0x45 0x03  lbu     x10, _ct_code(x10)
	    28    0x00 0x85 0x75 0x13  andi    x10, x10, 8
	    32    0x00 0x41 0x01 0x13  addi    x2,  x2,  4
.label isxdigit__end last
.rts
	    36    0x00 0x00 0x80 0x67  ret

.undef global data _ct_code

.text_segment_name
.text global 0 tolower
	     0    0xff 0xc1 0x01 0x13  addi    x2,  x2,  -4
	     4    0x00 0x00 0x00 0x33  nop
	     8    0x00 0xb1 0x20 0x23  sw      x11, 0(x2)
	    12    0x00 0x01 0x25 0x03  lw      x10, 0(x2)
	    16    0x0f 0xf5 0x75 0x13  zext.b  x10, x10
	    20    0x00 0x00 0x00 0x33  nop
	    24    0x00 0x05 0x45 0x03  lbu     x10, _ct_code(x10)
	    28    0x00 0x25 0x75 0x13  andi    x10, x10, 2
	    32    0x00 0xa0 0x16 0x63  bnez    x10, 12
	    36    0x00 0x01 0x25 0x03  lw      x10, 0(x2)
	    40    0x01 0x00 0x00 0x6f  j       16
	    44    0x00 0x01 0x25 0x03  lw      x10, 0(x2)
	    48    0xfb 0xf5 0x05 0x13  addi    x10, x10, -65
	    52    0x06 0x15 0x05 0x13  addi    x10, x10, 97
	    56    0x00 0x41 0x01 0x13  addi    x2,  x2,  4
.label tolower__end last
.rts
	    60    0x00 0x00 0x80 0x67  ret

.undef global data _ct_code

.text_segment_name
.text global 0 toupper
	     0    0xff 0xc1 0x01 0x13  addi    x2,  x2,  -4
	     4    0x00 0x00 0x00 0x33  nop
	     8    0x00 0xb1 0x20 0x23  sw      x11, 0(x2)
	    12    0x00 0x01 0x25 0x03  lw      x10, 0(x2)
	    16    0x0f 0xf5 0x75 0x13  zext.b  x10, x10
	    20    0x00 0x00 0x00 0x33  nop
	    24    0x00 0x05 0x45 0x03  lbu     x10, _ct_code(x10)
	    28    0x00 0x15 0x75 0x13  andi    x10, x10, 1
	    32    0x00 0xa0 0x16 0x63  bnez    x10, 12
	    36    0x00 0x01 0x25 0x03  lw      x10, 0(x2)
	    40    0x01 0x00 0x00 0x6f  j       16
	    44    0x00 0x01 0x25 0x03  lw      x10, 0(x2)
	    48    0xf9 0xf5 0x05 0x13  addi    x10, x10, -97
	    52    0x04 0x15 0x05 0x13  addi    x10, x10, 65
	    56    0x00 0x41 0x01 0x13  addi    x2,  x2,  4
.label toupper__end last
.rts
	    60    0x00 0x00 0x80 0x67  ret

.undef global data _ct_code

