
; File generated by darts version U-2022.12#33f3808fcb#221128, Fri Mar 22 17:53:36 2024
; Copyright 2014-2022 Synopsys, Inc. All rights reserved.
; darts -I.. -d -h -I../runtime/include -DCHESS_CXX_ATTRIBUTES -D__tct_patch__=0 -L +Ihex Debug/malloc.o trv32p3_cnn

; Release: ipd U-2022.12
.data_segment_name
.bss local 4 _ZL4pool DMb 262160

.data_segment_name
.bss local 4 _ZL8sentinel DMb_stat 4

.text_segment_name
.text local 0 init
	     0    0xff 0xc1 0x01 0x13  addi    x2,  x2,  -4
	     4    0x00 0x10 0x05 0x13  li      x10, 1
.rela 2 _ZL4pool 264192
	     8    0x40 0x00 0x05 0x37  lui     x10, 262144
.rela 3 _ZL4pool 262144
	    12    0x00 0x05 0x05 0x13  mv      x10, x10
	    16    0x00 0xa0 0x20 0x23  sw      x10, _ZL8sentinel(x0)
	    20    0x80 0x00 0x01 0xb7  lui     x3,  -524288
	    24    0x00 0x35 0x20 0x23  sw      x3,  0(x10)
.rela 2 _ZL4pool 264196
	    28    0x40 0x00 0x41 0xb7  lui     x3,  262148
.rela 3 _ZL4pool 262148
	    32    0x00 0x41 0x81 0x93  addi    x3,  x3,  4
	    36    0x00 0x00 0x00 0x33  nop
	    40    0x00 0xa1 0xa0 0x23  sw      x10, 0(x3)
.rela 2 _ZL4pool 264200
	    44    0x40 0x00 0x81 0xb7  lui     x3,  262152
.rela 3 _ZL4pool 262152
	    48    0x00 0x81 0x81 0x93  addi    x3,  x3,  8
	    52    0x00 0x00 0x00 0x33  nop
	    56    0x00 0xa1 0xa0 0x23  sw      x10, 0(x3)
.rela 2 _ZL4pool 2048
	    60    0x00 0x00 0x01 0xb7  lui     x3,  0
.rela 3 _ZL4pool 0
	    64    0x00 0x01 0x81 0x93  mv      x3,  x3
	    68    0x00 0x31 0x20 0x23  sw      x3,  0(x2)
	    72    0x00 0x00 0x42 0x37  lui     x4,  4
	    76    0x00 0x41 0xa0 0x23  sw      x4,  0(x3)
	    80    0x00 0x45 0x22 0x03  lw      x4,  4(x10)
	    84    0x00 0x42 0x02 0x13  addi    x4,  x4,  4
	    88    0x00 0x00 0x00 0x33  nop
	    92    0x00 0x32 0x22 0x23  sw      x3,  4(x4)
	    96    0x00 0x45 0x22 0x03  lw      x4,  4(x10)
	   100    0x00 0x41 0xa2 0x23  sw      x4,  4(x3)
	   104    0x00 0xa1 0xa4 0x23  sw      x10, 8(x3)
	   108    0x00 0x35 0x22 0x23  sw      x3,  4(x10)
	   112    0x00 0x41 0x01 0x13  addi    x2,  x2,  4
.label init__end last
.rts
	   116    0x00 0x00 0x80 0x67  ret

.undef local data _ZL8sentinel

.undef local data _ZL4pool

.undef local data _ZL8sentinel

.undef local data _ZL8sentinel

.undef local text init

.text_segment_name
.text global 0 free
	     0    0xff 0x81 0x01 0x13  addi    x2,  x2,  -8
	     4    0x00 0x00 0x00 0x33  nop
	     8    0x00 0xa1 0x20 0x23  sw      x10, 0(x2)
	    12    0x00 0x01 0x25 0x03  lw      x10, 0(x2)
	    16    0x04 0xa0 0x08 0x63  beqz    x10, 80
	    20    0x00 0x01 0x25 0x03  lw      x10, 0(x2)
	    24    0xff 0xc5 0x05 0x13  addi    x10, x10, -4
	    28    0x00 0xa1 0x22 0x23  sw      x10, 4(x2)
	    32    0x00 0x41 0x25 0x03  lw      x10, 4(x2)
	    36    0x80 0x00 0x02 0x37  lui     x4,  -524288
	    40    0x00 0x05 0x21 0x83  lw      x3,  0(x10)
	    44    0xff 0xf2 0x02 0x13  addi    x4,  x4,  -1
	    48    0x00 0x32 0x71 0xb3  and     x3,  x4,  x3
	    52    0x00 0x35 0x20 0x23  sw      x3,  0(x10)
	    56    0x00 0x00 0x25 0x03  lw      x10, _ZL8sentinel(x0)
	    60    0x00 0x41 0x21 0x83  lw      x3,  4(x2)
	    64    0x00 0x45 0x22 0x03  lw      x4,  4(x10)
	    68    0x00 0x42 0x02 0x13  addi    x4,  x4,  4
	    72    0x00 0x00 0x00 0x33  nop
	    76    0x00 0x32 0x22 0x23  sw      x3,  4(x4)
	    80    0x00 0x45 0x22 0x03  lw      x4,  4(x10)
	    84    0x00 0x41 0xa2 0x23  sw      x4,  4(x3)
	    88    0x00 0xa1 0xa4 0x23  sw      x10, 8(x3)
	    92    0x00 0x35 0x22 0x23  sw      x3,  4(x10)
	    96    0x00 0x81 0x01 0x13  addi    x2,  x2,  8
.label free__end last
.rts
	   100    0x00 0x00 0x80 0x67  ret

.text_segment_name
.text global 0 malloc
	     0    0xfe 0x01 0x01 0x13  addi    x2,  x2,  -32
	     4    0x00 0x00 0x00 0x33  nop
	     8    0x00 0xb1 0x22 0x23  sw      x11, 4(x2)
	    12    0x00 0x11 0x20 0x23  sw      x1,  0(x2)
	    16    0x00 0x00 0x25 0x03  lw      x10, _ZL8sentinel(x0)
	    20    0x00 0xa0 0x14 0x63  bnez    x10, 8
.call
	    24    0x00 0x00 0x00 0xef  call    init
	    28    0x00 0x41 0x25 0x03  lw      x10, 4(x2)
	    32    0x00 0x45 0x05 0x13  addi    x10, x10, 4
	    36    0x01 0x05 0x05 0x13  addi    x10, x10, 16
	    40    0xff 0xf5 0x05 0x13  addi    x10, x10, -1
	    44    0x00 0x45 0x55 0x13  srli    x10, x10, 4
	    48    0x00 0xa1 0x24 0x23  sw      x10, 8(x2)
	    52    0x00 0x00 0x25 0x03  lw      x10, _ZL8sentinel(x0)
	    56    0x00 0xa1 0x26 0x23  sw      x10, 12(x2)
	    60    0x80 0x00 0x02 0xb7  lui     x5,  -524288
	    64    0x00 0x81 0x21 0x83  lw      x3,  8(x2)
	    68    0x00 0x00 0x22 0x03  lw      x4,  _ZL8sentinel(x0)
	    72    0x00 0x01 0x20 0x83  lw      x1,  0(x2)
	    76    0x80 0x00 0x05 0xb7  lui     x11, -524288
	    80    0x00 0x00 0x05 0x13  li      x10, 0
	    84    0xff 0xf2 0x82 0x93  addi    x5,  x5,  -1
	    88    0x00 0xc1 0x23 0x03  lw      x6,  12(x2)
	    92    0x00 0x00 0x00 0x33  nop
	    96    0x00 0x43 0x23 0x03  lw      x6,  4(x6)
	   100    0x00 0x61 0x26 0x23  sw      x6,  12(x2)
	   104    0x00 0xc1 0x23 0x03  lw      x6,  12(x2)
	   108    0x16 0x62 0x02 0x63  beq     x4,  x6,  356
	   112    0x00 0xc1 0x23 0x03  lw      x6,  12(x2)
	   116    0x00 0x00 0x00 0x33  nop
	   120    0x00 0x03 0x23 0x03  lw      x6,  0(x6)
	   124    0x00 0x53 0x73 0x33  and     x6,  x6,  x5
	   128    0x00 0x61 0x28 0x23  sw      x6,  16(x2)
	   132    0x00 0xc1 0x23 0x03  lw      x6,  12(x2)
	   136    0x00 0xc1 0x23 0x83  lw      x7,  12(x2)
	   140    0x01 0x01 0x24 0x03  lw      x8,  16(x2)
	   144    0x00 0x44 0x14 0x13  slli    x8,  x8,  4
	   148    0x00 0x64 0x04 0x33  add     x8,  x8,  x6
	   152    0x00 0x81 0x2a 0x23  sw      x8,  20(x2)
	   156    0x01 0x41 0x24 0x03  lw      x8,  20(x2)
	   160    0x00 0x00 0x00 0x33  nop
	   164    0x00 0x04 0x24 0x03  lw      x8,  0(x8)
	   168    0x00 0xb4 0x74 0x33  and     x8,  x8,  x11
	   172    0x04 0x80 0x18 0x63  bnez    x8,  80
	   176    0x01 0x41 0x24 0x03  lw      x8,  20(x2)
	   180    0x00 0x00 0x00 0x33  nop
	   184    0x00 0x04 0x24 0x03  lw      x8,  0(x8)
	   188    0x00 0x54 0x74 0x33  and     x8,  x8,  x5
	   192    0x01 0x01 0x24 0x83  lw      x9,  16(x2)
	   196    0x00 0x94 0x04 0x33  add     x8,  x8,  x9
	   200    0x00 0x81 0x28 0x23  sw      x8,  16(x2)
	   204    0x01 0x41 0x24 0x03  lw      x8,  20(x2)
	   208    0x00 0x00 0x00 0x33  nop
	   212    0x00 0x84 0x24 0x83  lw      x9,  8(x8)
	   216    0x00 0x44 0x26 0x03  lw      x12, 4(x8)
	   220    0x00 0xc4 0xa2 0x23  sw      x12, 4(x9)
	   224    0x00 0x44 0x24 0x83  lw      x9,  4(x8)
	   228    0x00 0x44 0x84 0x93  addi    x9,  x9,  4
	   232    0x00 0x84 0x24 0x03  lw      x8,  8(x8)
	   236    0x00 0x84 0xa2 0x23  sw      x8,  4(x9)
	   240    0x01 0x01 0x24 0x03  lw      x8,  16(x2)
	   244    0x00 0x83 0xa0 0x23  sw      x8,  0(x7)
	   248    0xf9 0x5f 0xf0 0x6f  j       -108
.label __ll1_malloc
	   252    0x01 0x01 0x23 0x03  lw      x6,  16(x2)
	   256    0xf4 0x33 0x6c 0xe3  bltu    x6,  x3,  -168
	   260    0x01 0x01 0x25 0x03  lw      x10, 16(x2)
	   264    0x00 0x81 0x21 0x83  lw      x3,  8(x2)
	   268    0x04 0xa1 0xfa 0x63  bgeu    x3,  x10, 84
	   272    0x00 0x81 0x21 0x83  lw      x3,  8(x2)
	   276    0x00 0xc1 0x25 0x03  lw      x10, 12(x2)
	   280    0x00 0x41 0x91 0x93  slli    x3,  x3,  4
	   284    0x00 0x35 0x05 0x33  add     x10, x10, x3
	   288    0x00 0xa1 0x2c 0x23  sw      x10, 24(x2)
	   292    0x01 0x81 0x25 0x03  lw      x10, 24(x2)
	   296    0x01 0x01 0x21 0x83  lw      x3,  16(x2)
	   300    0x00 0x81 0x22 0x03  lw      x4,  8(x2)
	   304    0x40 0x41 0x81 0xb3  sub     x3,  x3,  x4
	   308    0x00 0x35 0x20 0x23  sw      x3,  0(x10)
	   312    0x00 0x00 0x25 0x03  lw      x10, _ZL8sentinel(x0)
	   316    0x01 0x81 0x21 0x83  lw      x3,  24(x2)
	   320    0x00 0x45 0x22 0x03  lw      x4,  4(x10)
	   324    0x00 0x42 0x02 0x13  addi    x4,  x4,  4
	   328    0x00 0x00 0x00 0x33  nop
	   332    0x00 0x32 0x22 0x23  sw      x3,  4(x4)
	   336    0x00 0x45 0x22 0x03  lw      x4,  4(x10)
	   340    0x00 0x41 0xa2 0x23  sw      x4,  4(x3)
	   344    0x00 0xa1 0xa4 0x23  sw      x10, 8(x3)
	   348    0x00 0x35 0x22 0x23  sw      x3,  4(x10)
	   352    0x00 0xc1 0x25 0x03  lw      x10, 12(x2)
	   356    0x00 0x81 0x21 0x83  lw      x3,  8(x2)
	   360    0x00 0xb1 0xe5 0xb3  or      x11, x3,  x11
	   364    0x00 0xb5 0x20 0x23  sw      x11, 0(x10)
	   368    0x00 0xc1 0x25 0x03  lw      x10, 12(x2)
	   372    0x00 0x00 0x00 0x33  nop
	   376    0x00 0x85 0x25 0x83  lw      x11, 8(x10)
	   380    0x00 0x45 0x21 0x83  lw      x3,  4(x10)
	   384    0x00 0x35 0xa2 0x23  sw      x3,  4(x11)
	   388    0x00 0x45 0x25 0x83  lw      x11, 4(x10)
	   392    0x00 0x45 0x85 0x93  addi    x11, x11, 4
	   396    0x00 0x85 0x25 0x03  lw      x10, 8(x10)
	   400    0x00 0xa5 0xa2 0x23  sw      x10, 4(x11)
	   404    0x00 0xc1 0x25 0x03  lw      x10, 12(x2)
	   408    0x00 0x45 0x05 0x13  addi    x10, x10, 4
	   412    0x00 0xa1 0x2e 0x23  sw      x10, 28(x2)
	   416    0x01 0xc1 0x25 0x03  lw      x10, 28(x2)
	   420    0x41 0xf5 0x55 0x93  srai    x11, x10, 31
	   424    0x00 0x35 0xf5 0x93  andi    x11, x11, 3
	   428    0x00 0xb5 0x05 0xb3  add     x11, x10, x11
	   432    0x40 0x25 0xd5 0x93  srai    x11, x11, 2
	   436    0x00 0x25 0x95 0x93  slli    x11, x11, 2
	   440    0x40 0xb5 0x05 0x33  sub     x10, x10, x11
	   444    0x00 0x15 0x35 0x13  seqz    x10, x10
	   448    0x00 0xc1 0x25 0x03  lw      x10, 12(x2)
	   452    0x00 0x45 0x05 0x13  addi    x10, x10, 4
	   456    0x02 0x01 0x01 0x13  addi    x2,  x2,  32
.rts
	   460    0x00 0x00 0x80 0x67  ret
	   464    0x02 0x01 0x01 0x13  addi    x2,  x2,  32
.label malloc__end last
.rts
	   468    0x00 0x00 0x80 0x67  ret

.text_segment_name
.text global 0 calloc
	     0    0xff 0x01 0x01 0x13  addi    x2,  x2,  -16
	     4    0x00 0x00 0x00 0x33  nop
	     8    0x00 0xc1 0x22 0x23  sw      x12, 4(x2)
	    12    0x00 0x11 0x20 0x23  sw      x1,  0(x2)
	    16    0x00 0xb1 0x24 0x23  sw      x11, 8(x2)
	    20    0x00 0x81 0x25 0x83  lw      x11, 8(x2)
	    24    0x00 0x41 0x25 0x03  lw      x10, 4(x2)
	    28    0x02 0xb5 0x05 0xb3  mul     x11, x10, x11
.call
	    32    0x00 0x00 0x00 0xef  call    malloc
	    36    0x00 0xa1 0x26 0x23  sw      x10, 12(x2)
	    40    0x00 0xc1 0x25 0x83  lw      x11, 12(x2)
	    44    0x00 0xb0 0x0e 0x63  beqz    x11, 28
	    48    0x00 0x81 0x25 0x03  lw      x10, 8(x2)
	    52    0x00 0x41 0x20 0x83  lw      x1,  4(x2)
	    56    0x00 0xc1 0x25 0x83  lw      x11, 12(x2)
	    60    0x02 0x15 0x06 0xb3  mul     x13, x10, x1
	    64    0x00 0x00 0x06 0x13  li      x12, 0
.call
	    68    0x00 0x00 0x00 0xef  call    memset
	    72    0x00 0x01 0x25 0x83  lw      x11, 0(x2)
	    76    0x00 0xc1 0x25 0x03  lw      x10, 12(x2)
	    80    0x01 0x01 0x01 0x13  addi    x2,  x2,  16
.label calloc__end last
.rts
	    84    0x00 0x05 0x80 0x67  jr      x11

.undef global text malloc

.undef global text memset

.text_segment_name
.text global 0 realloc
	     0    0xfe 0xc1 0x01 0x13  addi    x2,  x2,  -20
	     4    0x00 0x00 0x00 0x33  nop
	     8    0x00 0xc1 0x22 0x23  sw      x12, 4(x2)
	    12    0x00 0x11 0x20 0x23  sw      x1,  0(x2)
	    16    0x00 0xb1 0x24 0x23  sw      x11, 8(x2)
	    20    0x00 0x81 0x25 0x83  lw      x11, 8(x2)
	    24    0x00 0xb0 0x18 0x63  bnez    x11, 16
	    28    0x00 0x41 0x25 0x83  lw      x11, 4(x2)
.call
	    32    0x00 0x00 0x00 0xef  call    malloc
	    36    0x08 0x00 0x00 0x6f  j       128
	    40    0x00 0x41 0x25 0x83  lw      x11, 4(x2)
	    44    0x06 0xb0 0x06 0x63  beqz    x11, 108
	    48    0x00 0x41 0x25 0x83  lw      x11, 4(x2)
.call
	    52    0x00 0x00 0x00 0xef  call    malloc
	    56    0x00 0xa1 0x26 0x23  sw      x10, 12(x2)
	    60    0x00 0xc1 0x25 0x83  lw      x11, 12(x2)
	    64    0x04 0xb0 0x08 0x63  beqz    x11, 80
	    68    0x00 0x81 0x25 0x03  lw      x10, 8(x2)
	    72    0x80 0x00 0x05 0xb7  lui     x11, -524288
	    76    0xff 0xc5 0x25 0x03  lw      x10, -4(x10)
	    80    0xff 0xf5 0x85 0x93  addi    x11, x11, -1
	    84    0x00 0xb5 0x75 0xb3  and     x11, x10, x11
	    88    0x00 0x45 0x95 0x93  slli    x11, x11, 4
	    92    0xff 0xc5 0x85 0x93  addi    x11, x11, -4
	    96    0x00 0xb1 0x28 0x23  sw      x11, 16(x2)
	   100    0x00 0xc1 0x25 0x83  lw      x11, 12(x2)
	   104    0x00 0x81 0x26 0x03  lw      x12, 8(x2)
	   108    0x01 0x01 0x25 0x03  lw      x10, 16(x2)
	   112    0x00 0x41 0x20 0x83  lw      x1,  4(x2)
	   116    0x00 0x15 0x66 0x63  bltu    x10, x1,  12
	   120    0x00 0x41 0x26 0x83  lw      x13, 4(x2)
	   124    0x00 0x80 0x00 0x6f  j       8
	   128    0x01 0x01 0x26 0x83  lw      x13, 16(x2)
.call
	   132    0x00 0x00 0x00 0xef  call    memcpy
	   136    0x00 0x81 0x25 0x03  lw      x10, 8(x2)
.call
	   140    0x00 0x00 0x00 0xef  call    free
	   144    0x00 0xc1 0x25 0x03  lw      x10, 12(x2)
	   148    0x01 0x00 0x00 0x6f  j       16
	   152    0x00 0x81 0x25 0x03  lw      x10, 8(x2)
.call
	   156    0x00 0x00 0x00 0xef  call    free
	   160    0x00 0x00 0x05 0x13  li      x10, 0
	   164    0x00 0x01 0x25 0x83  lw      x11, 0(x2)
	   168    0x01 0x41 0x01 0x13  addi    x2,  x2,  20
.label realloc__end last
.rts
	   172    0x00 0x05 0x80 0x67  jr      x11

.undef global text free

.undef global text malloc

.undef global text memcpy

