
; File generated by darts version U-2022.12#33f3808fcb#221128, Thu Feb 29 16:37:28 2024
; Copyright 2014-2022 Synopsys, Inc. All rights reserved.
; darts -I.. -d -h -I../runtime/include -DCHESS_CXX_ATTRIBUTES -D__tct_patch__=0 -L +Ihex Debug/mlib_inline.o trv32p3_cnn

; Release: ipd U-2022.12
.text_segment_name
.text global 0 fabsf
	     0    0xff 0xc1 0x01 0x13  addi    x2,  x2,  -4
	     4    0x00 0x00 0x00 0x33  nop
	     8    0x00 0xb1 0x20 0x23  sw      x11, 0(x2)
	    12    0x80 0x00 0x05 0xb7  lui     x11, -524288
	    16    0x00 0x01 0x25 0x03  lw      x10, 0(x2)
	    20    0xff 0xf5 0x85 0x93  addi    x11, x11, -1
	    24    0x00 0xb5 0x75 0x33  and     x10, x10, x11
	    28    0x00 0x41 0x01 0x13  addi    x2,  x2,  4
.label fabsf__end last
.rts
	    32    0x00 0x00 0x80 0x67  ret

.text_segment_name
.text global 0 copysignf
	     0    0xff 0x81 0x01 0x13  addi    x2,  x2,  -8
	     4    0x00 0x00 0x00 0x33  nop
	     8    0x00 0xc1 0x20 0x23  sw      x12, 0(x2)
	    12    0x00 0xb1 0x22 0x23  sw      x11, 4(x2)
	    16    0x80 0x00 0x01 0xb7  lui     x3,  -524288
	    20    0x00 0x41 0x25 0x03  lw      x10, 4(x2)
	    24    0x00 0x01 0x25 0x83  lw      x11, 0(x2)
	    28    0x80 0x00 0x06 0x37  lui     x12, -524288
	    32    0xff 0xf1 0x81 0x93  addi    x3,  x3,  -1
	    36    0x00 0x35 0x75 0x33  and     x10, x10, x3
	    40    0x00 0xb6 0x75 0xb3  and     x11, x12, x11
	    44    0x00 0xb5 0x65 0x33  or      x10, x10, x11
	    48    0x00 0x81 0x01 0x13  addi    x2,  x2,  8
.label copysignf__end last
.rts
	    52    0x00 0x00 0x80 0x67  ret

.text_segment_name
.text global 0 fabs
	     0    0xff 0x81 0x01 0x13  addi    x2,  x2,  -8
	     4    0x00 0x00 0x00 0x33  nop
	     8    0x00 0xc1 0x20 0x23  sw      x12, 0(x2)
	    12    0x00 0xd1 0x22 0x23  sw      x13, 4(x2)
	    16    0x80 0x00 0x05 0xb7  lui     x11, -524288
	    20    0x00 0x41 0x26 0x83  lw      x13, 4(x2)
	    24    0x00 0x01 0x25 0x03  lw      x10, 0(x2)
	    28    0xff 0xf5 0x85 0x93  addi    x11, x11, -1
	    32    0x00 0xb6 0xf5 0xb3  and     x11, x13, x11
	    36    0x00 0x81 0x01 0x13  addi    x2,  x2,  8
.label fabs__end last
.rts
	    40    0x00 0x00 0x80 0x67  ret

.text_segment_name
.text global 0 copysign
	     0    0xff 0x01 0x01 0x13  addi    x2,  x2,  -16
	     4    0x00 0x00 0x00 0x33  nop
	     8    0x00 0xe1 0x20 0x23  sw      x14, 0(x2)
	    12    0x00 0xf1 0x22 0x23  sw      x15, 4(x2)
	    16    0x00 0xc1 0x24 0x23  sw      x12, 8(x2)
	    20    0x00 0xd1 0x26 0x23  sw      x13, 12(x2)
	    24    0x80 0x00 0x05 0x37  lui     x10, -524288
	    28    0xff 0xf5 0x05 0x93  addi    x11, x10, -1
	    32    0x00 0xc1 0x27 0x83  lw      x15, 12(x2)
	    36    0x00 0x41 0x26 0x83  lw      x13, 4(x2)
	    40    0x80 0x00 0x06 0x37  lui     x12, -524288
	    44    0x00 0x81 0x25 0x03  lw      x10, 8(x2)
	    48    0x00 0xf5 0xf7 0xb3  and     x15, x11, x15
	    52    0x00 0xd6 0x76 0xb3  and     x13, x12, x13
	    56    0x00 0xf6 0xe5 0xb3  or      x11, x13, x15
	    60    0x01 0x01 0x01 0x13  addi    x2,  x2,  16
.label copysign__end last
.rts
	    64    0x00 0x00 0x80 0x67  ret

.text_segment_name
.text global 0 truncf
	     0    0xff 0x81 0x01 0x13  addi    x2,  x2,  -8
	     4    0x00 0x00 0x00 0x33  nop
	     8    0x00 0xb1 0x22 0x23  sw      x11, 4(x2)
	    12    0x00 0x11 0x20 0x23  sw      x1,  0(x2)
	    16    0x00 0x41 0x26 0x03  lw      x12, 4(x2)
.call
	    20    0x00 0x00 0x00 0xef  call    f32_to_f64
	    24    0x00 0x05 0x86 0x13  mv      x12, x11
	    28    0x00 0x00 0x07 0x13  li      x14, 0
	    32    0x00 0x05 0x05 0x93  mv      x11, x10
	    36    0x00 0x00 0x06 0x93  li      x13, 0
.call
	    40    0x00 0x00 0x00 0xef  call    f64_lt
	    44    0x00 0xa0 0x18 0x63  bnez    x10, 16
	    48    0x00 0x41 0x25 0x83  lw      x11, 4(x2)
.call
	    52    0x00 0x00 0x00 0xef  call    floorf
	    56    0x00 0xc0 0x00 0x6f  j       12
	    60    0x00 0x41 0x25 0x83  lw      x11, 4(x2)
.call
	    64    0x00 0x00 0x00 0xef  call    ceilf
	    68    0x00 0x01 0x25 0x83  lw      x11, 0(x2)
	    72    0x00 0x81 0x01 0x13  addi    x2,  x2,  8
.label truncf__end last
.rts
	    76    0x00 0x05 0x80 0x67  jr      x11

.undef global text ceilf

.undef global text floorf

.undef global text f64_lt

.undef global text f32_to_f64

.text_segment_name
.text global 0 trunc
	     0    0xff 0x41 0x01 0x13  addi    x2,  x2,  -12
	     4    0x00 0x00 0x00 0x33  nop
	     8    0x00 0xc1 0x22 0x23  sw      x12, 4(x2)
	    12    0x00 0xd1 0x24 0x23  sw      x13, 8(x2)
	    16    0x00 0x11 0x20 0x23  sw      x1,  0(x2)
	    20    0x00 0x41 0x25 0x83  lw      x11, 4(x2)
	    24    0x00 0x81 0x26 0x03  lw      x12, 8(x2)
	    28    0x00 0x00 0x07 0x13  li      x14, 0
	    32    0x00 0x00 0x06 0x93  li      x13, 0
.call
	    36    0x00 0x00 0x00 0xef  call    f64_lt
	    40    0x00 0xa0 0x1a 0x63  bnez    x10, 20
	    44    0x00 0x41 0x26 0x03  lw      x12, 4(x2)
	    48    0x00 0x81 0x26 0x83  lw      x13, 8(x2)
.call
	    52    0x00 0x00 0x00 0xef  call    floor
	    56    0x01 0x00 0x00 0x6f  j       16
	    60    0x00 0x41 0x26 0x03  lw      x12, 4(x2)
	    64    0x00 0x81 0x26 0x83  lw      x13, 8(x2)
.call
	    68    0x00 0x00 0x00 0xef  call    ceil
	    72    0x00 0x01 0x26 0x03  lw      x12, 0(x2)
	    76    0x00 0xc1 0x01 0x13  addi    x2,  x2,  12
.label trunc__end last
.rts
	    80    0x00 0x06 0x00 0x67  jr      x12

.undef global text ceil

.undef global text floor

.undef global text f64_lt

.text_segment_name
.text global 0 frexpf
	     0    0xff 0x41 0x01 0x13  addi    x2,  x2,  -12
	     4    0x00 0x00 0x00 0x33  nop
	     8    0x00 0xc1 0x22 0x23  sw      x12, 4(x2)
	    12    0x00 0x11 0x20 0x23  sw      x1,  0(x2)
	    16    0x00 0xb1 0x24 0x23  sw      x11, 8(x2)
	    20    0x00 0x81 0x25 0x83  lw      x11, 8(x2)
	    24    0x00 0x00 0x06 0x13  li      x12, 0
.call
	    28    0x00 0x00 0x00 0xef  call    f32_eq
	    32    0x02 0xa0 0x1c 0x63  bnez    x10, 56
	    36    0x00 0x81 0x25 0x83  lw      x11, 8(x2)
	    40    0x41 0x75 0xd5 0x93  srai    x11, x11, 23
	    44    0x0f 0xf5 0xf5 0x13  zext.b  x10, x11
	    48    0x00 0x41 0x25 0x83  lw      x11, 4(x2)
	    52    0xf8 0x25 0x05 0x13  addi    x10, x10, -126
	    56    0x00 0xa5 0xa0 0x23  sw      x10, 0(x11)
	    60    0x00 0x41 0x25 0x03  lw      x10, 4(x2)
	    64    0x00 0x81 0x25 0x83  lw      x11, 8(x2)
	    68    0x00 0x05 0x25 0x03  lw      x10, 0(x10)
	    72    0x40 0xa0 0x06 0x33  neg     x12, x10
.call
	    76    0x00 0x00 0x00 0xef  call    ldexpf
	    80    0x00 0xa1 0x24 0x23  sw      x10, 8(x2)
	    84    0x01 0x00 0x00 0x6f  j       16
	    88    0x00 0x41 0x25 0x83  lw      x11, 4(x2)
	    92    0x00 0x00 0x00 0x33  nop
	    96    0x00 0x05 0xa0 0x23  sw      x0,  0(x11)
	   100    0x00 0x01 0x25 0x83  lw      x11, 0(x2)
	   104    0x00 0x81 0x25 0x03  lw      x10, 8(x2)
	   108    0x00 0xc1 0x01 0x13  addi    x2,  x2,  12
.label frexpf__end last
.rts
	   112    0x00 0x05 0x80 0x67  jr      x11

.undef global text ldexpf

.undef global text f32_eq

.text_segment_name
.text global 0 frexp
	     0    0xff 0x01 0x01 0x13  addi    x2,  x2,  -16
	     4    0x00 0x00 0x00 0x33  nop
	     8    0x00 0xe1 0x22 0x23  sw      x14, 4(x2)
	    12    0x00 0x11 0x20 0x23  sw      x1,  0(x2)
	    16    0x00 0xc1 0x24 0x23  sw      x12, 8(x2)
	    20    0x00 0xd1 0x26 0x23  sw      x13, 12(x2)
	    24    0x00 0x81 0x25 0x83  lw      x11, 8(x2)
	    28    0x00 0xc1 0x26 0x03  lw      x12, 12(x2)
	    32    0x00 0x00 0x07 0x13  li      x14, 0
	    36    0x00 0x00 0x06 0x93  li      x13, 0
.call
	    40    0x00 0x00 0x00 0xef  call    f64_eq
	    44    0x04 0xa0 0x10 0x63  bnez    x10, 64
	    48    0x00 0xc1 0x26 0x03  lw      x12, 12(x2)
	    52    0x41 0x46 0x56 0x13  srai    x12, x12, 20
	    56    0x7f 0xf6 0x75 0x93  andi    x11, x12, 2047
	    60    0x00 0x41 0x26 0x03  lw      x12, 4(x2)
	    64    0xc0 0x25 0x85 0x93  addi    x11, x11, -1022
	    68    0x00 0xb6 0x20 0x23  sw      x11, 0(x12)
	    72    0x00 0x41 0x25 0x83  lw      x11, 4(x2)
	    76    0x00 0x81 0x26 0x03  lw      x12, 8(x2)
	    80    0x00 0x05 0xa5 0x83  lw      x11, 0(x11)
	    84    0x00 0xc1 0x26 0x83  lw      x13, 12(x2)
	    88    0x40 0xb0 0x07 0x33  neg     x14, x11
.call
	    92    0x00 0x00 0x00 0xef  call    ldexp
	    96    0x00 0xa1 0x24 0x23  sw      x10, 8(x2)
	   100    0x00 0xb1 0x26 0x23  sw      x11, 12(x2)
	   104    0x01 0x00 0x00 0x6f  j       16
	   108    0x00 0x41 0x26 0x03  lw      x12, 4(x2)
	   112    0x00 0x00 0x00 0x33  nop
	   116    0x00 0x06 0x20 0x23  sw      x0,  0(x12)
	   120    0x00 0x01 0x26 0x03  lw      x12, 0(x2)
	   124    0x00 0x81 0x25 0x03  lw      x10, 8(x2)
	   128    0x00 0xc1 0x25 0x83  lw      x11, 12(x2)
	   132    0x01 0x01 0x01 0x13  addi    x2,  x2,  16
.label frexp__end last
.rts
	   136    0x00 0x06 0x00 0x67  jr      x12

.undef global text ldexp

.undef global text f64_eq

