
; File generated by darts version U-2022.12#33f3808fcb#221128, Wed Feb 21 13:35:41 2024
; Copyright 2014-2022 Synopsys, Inc. All rights reserved.
; darts -I.. -d -h -I../runtime/include -DCHESS_CXX_ATTRIBUTES -D__tct_patch__=0 -L +Ihex Debug/qsort.o trv32p3_cnn

; Release: ipd U-2022.12
.text_segment_name
.text local 0 med3
	     0    0xfe 0xc1 0x01 0x13  addi    x2,  x2,  -20
	     4    0x00 0x00 0x00 0x33  nop
	     8    0x00 0xe1 0x22 0x23  sw      x14, 4(x2)
	    12    0x00 0x11 0x20 0x23  sw      x1,  0(x2)
	    16    0x00 0xd1 0x24 0x23  sw      x13, 8(x2)
	    20    0x00 0xc1 0x26 0x23  sw      x12, 12(x2)
	    24    0x00 0xb1 0x28 0x23  sw      x11, 16(x2)
	    28    0x00 0x41 0x25 0x03  lw      x10, 4(x2)
	    32    0x01 0x01 0x25 0x83  lw      x11, 16(x2)
	    36    0x00 0xc1 0x26 0x03  lw      x12, 12(x2)
.call
	    40    0x00 0x05 0x00 0xe7  call    x10
	    44    0x04 0x05 0x42 0x63  bltz    x10, 68
	    48    0x00 0x41 0x25 0x03  lw      x10, 4(x2)
	    52    0x00 0xc1 0x25 0x83  lw      x11, 12(x2)
	    56    0x00 0x81 0x26 0x03  lw      x12, 8(x2)
.call
	    60    0x00 0x05 0x00 0xe7  call    x10
	    64    0x02 0xa0 0x44 0x63  bgtz    x10, 40
	    68    0x00 0x41 0x25 0x03  lw      x10, 4(x2)
	    72    0x01 0x01 0x25 0x83  lw      x11, 16(x2)
	    76    0x00 0x81 0x26 0x03  lw      x12, 8(x2)
.call
	    80    0x00 0x05 0x00 0xe7  call    x10
	    84    0x00 0x05 0x46 0x63  bltz    x10, 12
	    88    0x00 0x81 0x25 0x03  lw      x10, 8(x2)
	    92    0x05 0x00 0x00 0x6f  j       80
	    96    0x01 0x01 0x25 0x03  lw      x10, 16(x2)
	   100    0x04 0x80 0x00 0x6f  j       72
	   104    0x00 0xc1 0x25 0x03  lw      x10, 12(x2)
	   108    0x04 0x00 0x00 0x6f  j       64
	   112    0x00 0x41 0x25 0x03  lw      x10, 4(x2)
	   116    0x00 0xc1 0x25 0x83  lw      x11, 12(x2)
	   120    0x00 0x81 0x26 0x03  lw      x12, 8(x2)
.call
	   124    0x00 0x05 0x00 0xe7  call    x10
	   128    0x02 0x05 0x44 0x63  bltz    x10, 40
	   132    0x00 0x41 0x25 0x03  lw      x10, 4(x2)
	   136    0x01 0x01 0x25 0x83  lw      x11, 16(x2)
	   140    0x00 0x81 0x26 0x03  lw      x12, 8(x2)
.call
	   144    0x00 0x05 0x00 0xe7  call    x10
	   148    0x00 0x05 0x46 0x63  bltz    x10, 12
	   152    0x01 0x01 0x25 0x03  lw      x10, 16(x2)
	   156    0x01 0x00 0x00 0x6f  j       16
	   160    0x00 0x81 0x25 0x03  lw      x10, 8(x2)
	   164    0x00 0x80 0x00 0x6f  j       8
	   168    0x00 0xc1 0x25 0x03  lw      x10, 12(x2)
	   172    0x00 0x01 0x25 0x83  lw      x11, 0(x2)
	   176    0x01 0x41 0x01 0x13  addi    x2,  x2,  20
.label med3__end last
.rts
	   180    0x00 0x05 0x80 0x67  jr      x11

.undef local text med3

.text_segment_name
.text global 0 qsort
	     0    0xf4 0x81 0x01 0x13  addi    x2,  x2,  -184
	     4    0x00 0x00 0x00 0x33  nop
	     8    0x06 0xd1 0x22 0x23  sw      x13, 100(x2)
	    12    0x06 0xc1 0x24 0x23  sw      x12, 104(x2)
	    16    0x06 0xb1 0x26 0x23  sw      x11, 108(x2)
	    20    0x06 0xa1 0x28 0x23  sw      x10, 112(x2)
	    24    0x07 0x01 0x26 0x83  lw      x13, 112(x2)
	    28    0x00 0xd1 0x20 0x23  sw      x13, 0(x2)
	    32    0x08 0x01 0x2a 0x23  sw      x0,  148(x2)
.label __ll1_qsort
	    36    0x00 0x36 0xf5 0x13  andi    x10, x13, 3
	    40    0x00 0x11 0x22 0x23  sw      x1,  4(x2)
	    44    0x02 0xa0 0x10 0x63  bnez    x10, 32
	    48    0x06 0x81 0x25 0x03  lw      x10, 104(x2)
	    52    0x00 0x35 0x75 0x13  andi    x10, x10, 3
	    56    0x00 0xa0 0x1a 0x63  bnez    x10, 20
	    60    0x06 0x81 0x25 0x03  lw      x10, 104(x2)
	    64    0xff 0xc5 0x05 0x13  addi    x10, x10, -4
	    68    0x00 0xa0 0x35 0x33  snez    x10, x10
	    72    0x00 0x80 0x00 0x6f  j       8
	    76    0x00 0x20 0x05 0x13  li      x10, 2
	    80    0x08 0xa1 0x2c 0x23  sw      x10, 152(x2)
	    84    0x08 0x01 0x2e 0x23  sw      x0,  156(x2)
	    88    0x06 0xc1 0x25 0x83  lw      x11, 108(x2)
	    92    0x00 0x70 0x05 0x13  li      x10, 7
	    96    0x16 0xa5 0xe6 0xe3  bltu    x11, x10, 2412
	   100    0x06 0xc1 0x26 0x03  lw      x12, 108(x2)
	   104    0x06 0x81 0x25 0x83  lw      x11, 104(x2)
	   108    0x00 0x16 0x56 0x13  srli    x12, x12, 1
	   112    0x02 0xb6 0x05 0xb3  mul     x11, x12, x11
	   116    0x00 0xb6 0x85 0xb3  add     x11, x13, x11
	   120    0x08 0xb1 0x24 0x23  sw      x11, 136(x2)
	   124    0x06 0xc1 0x25 0x83  lw      x11, 108(x2)
	   128    0x0c 0xb5 0x7c 0x63  bgeu    x10, x11, 216
	   132    0x08 0xd1 0x22 0x23  sw      x13, 132(x2)
	   136    0x06 0xc1 0x25 0x83  lw      x11, 108(x2)
	   140    0x06 0x81 0x25 0x03  lw      x10, 104(x2)
	   144    0xff 0xf5 0x85 0x93  addi    x11, x11, -1
	   148    0x02 0xb5 0x05 0x33  mul     x10, x10, x11
	   152    0x00 0xd5 0x05 0x33  add     x10, x10, x13
	   156    0x08 0xa1 0x26 0x23  sw      x10, 140(x2)
	   160    0x06 0xc1 0x25 0x03  lw      x10, 108(x2)
	   164    0x02 0x80 0x05 0x93  li      x11, 40
	   168    0x08 0xa5 0xfc 0x63  bgeu    x11, x10, 152
	   172    0x06 0xc1 0x25 0x83  lw      x11, 108(x2)
	   176    0x06 0x81 0x25 0x03  lw      x10, 104(x2)
	   180    0x00 0x35 0xd5 0x93  srli    x11, x11, 3
	   184    0x02 0xb5 0x05 0x33  mul     x10, x10, x11
	   188    0x08 0xa1 0x28 0x23  sw      x10, 144(x2)
	   192    0x09 0x01 0x25 0x83  lw      x11, 144(x2)
	   196    0x08 0x41 0x26 0x03  lw      x12, 132(x2)
	   200    0x09 0x01 0x26 0x83  lw      x13, 144(x2)
	   204    0x00 0x15 0x90 0x93  slli    x1,  x11, 1
	   208    0x08 0x41 0x25 0x03  lw      x10, 132(x2)
	   212    0x00 0xd6 0x06 0x33  add     x12, x12, x13
	   216    0x08 0x41 0x25 0x83  lw      x11, 132(x2)
	   220    0x06 0x41 0x27 0x03  lw      x14, 100(x2)
	   224    0x00 0x15 0x06 0xb3  add     x13, x10, x1
.call
	   228    0x00 0x00 0x00 0xef  call    med3
	   232    0x08 0xa1 0x22 0x23  sw      x10, 132(x2)
	   236    0x08 0x81 0x25 0x83  lw      x11, 136(x2)
	   240    0x09 0x01 0x26 0x83  lw      x13, 144(x2)
	   244    0x08 0x81 0x25 0x03  lw      x10, 136(x2)
	   248    0x09 0x01 0x20 0x83  lw      x1,  144(x2)
	   252    0x40 0xd5 0x85 0xb3  sub     x11, x11, x13
	   256    0x08 0x81 0x26 0x03  lw      x12, 136(x2)
	   260    0x06 0x41 0x27 0x03  lw      x14, 100(x2)
	   264    0x00 0x15 0x06 0xb3  add     x13, x10, x1
.call
	   268    0x00 0x00 0x00 0xef  call    med3
	   272    0x08 0xa1 0x24 0x23  sw      x10, 136(x2)
	   276    0x09 0x01 0x25 0x83  lw      x11, 144(x2)
	   280    0x08 0xc1 0x25 0x03  lw      x10, 140(x2)
	   284    0x08 0xc1 0x26 0x03  lw      x12, 140(x2)
	   288    0x09 0x01 0x20 0x83  lw      x1,  144(x2)
	   292    0x00 0x15 0x95 0x93  slli    x11, x11, 1
	   296    0x08 0xc1 0x26 0x83  lw      x13, 140(x2)
	   300    0x06 0x41 0x27 0x03  lw      x14, 100(x2)
	   304    0x40 0x16 0x06 0x33  sub     x12, x12, x1
	   308    0x40 0xb5 0x05 0xb3  sub     x11, x10, x11
.call
	   312    0x00 0x00 0x00 0xef  call    med3
	   316    0x08 0xa1 0x26 0x23  sw      x10, 140(x2)
	   320    0x08 0x41 0x25 0x83  lw      x11, 132(x2)
	   324    0x08 0x81 0x26 0x03  lw      x12, 136(x2)
	   328    0x08 0xc1 0x26 0x83  lw      x13, 140(x2)
	   332    0x06 0x41 0x27 0x03  lw      x14, 100(x2)
.call
	   336    0x00 0x00 0x00 0xef  call    med3
	   340    0x08 0xa1 0x24 0x23  sw      x10, 136(x2)
	   344    0x09 0x81 0x25 0x03  lw      x10, 152(x2)
	   348    0x06 0xa0 0x0e 0x63  beqz    x10, 124
	   352    0x08 0x81 0x26 0x03  lw      x12, 136(x2)
	   356    0x06 0x81 0x20 0x83  lw      x1,  104(x2)
	   360    0x09 0x81 0x25 0x03  lw      x10, 152(x2)
	   364    0x00 0x10 0x05 0x93  li      x11, 1
	   368    0x02 0xa5 0xda 0x63  bge     x11, x10, 52
	   372    0x00 0x01 0x25 0x03  lw      x10, 0(x2)
	   376    0x00 0x05 0x06 0x93  mv      x13, x10
	   380    0x00 0x00 0x00 0x33  nop
	   384    0x00 0x06 0x87 0x03  lb      x14, 0(x13)
	   388    0x00 0x06 0x01 0x83  lb      x3,  0(x12)
	   392    0x00 0x36 0x80 0x23  sb      x3,  0(x13)
	   396    0x00 0x16 0x86 0x93  addi    x13, x13, 1
	   400    0x00 0xe6 0x00 0x23  sb      x14, 0(x12)
	   404    0x00 0x16 0x06 0x13  addi    x12, x12, 1
	   408    0xff 0xf0 0x80 0x93  addi    x1,  x1,  -1
	   412    0xfe 0x10 0x42 0xe3  bgtz    x1,  -28
	   416    0x06 0x80 0x00 0x6f  j       104
	   420    0x00 0x20 0xd0 0x93  srli    x1,  x1,  2
	   424    0x00 0x01 0x25 0x03  lw      x10, 0(x2)
	   428    0x00 0x05 0x06 0x93  mv      x13, x10
	   432    0x00 0x00 0x00 0x33  nop
	   436    0x00 0x06 0xa7 0x03  lw      x14, 0(x13)
	   440    0x00 0x06 0x21 0x83  lw      x3,  0(x12)
	   444    0x00 0x36 0xa0 0x23  sw      x3,  0(x13)
	   448    0x00 0x46 0x86 0x93  addi    x13, x13, 4
	   452    0x00 0xe6 0x20 0x23  sw      x14, 0(x12)
	   456    0x00 0x46 0x06 0x13  addi    x12, x12, 4
	   460    0xff 0xf0 0x80 0x93  addi    x1,  x1,  -1
	   464    0xfe 0x10 0x42 0xe3  bgtz    x1,  -28
	   468    0x03 0x40 0x00 0x6f  j       52
	   472    0x00 0x01 0x25 0x03  lw      x10, 0(x2)
	   476    0x00 0x00 0x00 0x33  nop
	   480    0x00 0x05 0x25 0x83  lw      x11, 0(x10)
	   484    0x0a 0xb1 0x20 0x23  sw      x11, 160(x2)
	   488    0x08 0x81 0x25 0x83  lw      x11, 136(x2)
	   492    0x00 0x00 0x00 0x33  nop
	   496    0x00 0x05 0xa5 0x83  lw      x11, 0(x11)
	   500    0x00 0xb5 0x20 0x23  sw      x11, 0(x10)
	   504    0x08 0x81 0x25 0x83  lw      x11, 136(x2)
	   508    0x0a 0x01 0x26 0x03  lw      x12, 160(x2)
	   512    0x00 0xc5 0xa0 0x23  sw      x12, 0(x11)
	   516    0x00 0x10 0x05 0x93  li      x11, 1
	   520    0x06 0x81 0x26 0x03  lw      x12, 104(x2)
	   524    0x00 0xa6 0x06 0x33  add     x12, x12, x10
	   528    0x06 0xc1 0x2a 0x23  sw      x12, 116(x2)
	   532    0x06 0xc1 0x2c 0x23  sw      x12, 120(x2)
	   536    0x06 0xc1 0x20 0x83  lw      x1,  108(x2)
	   540    0x06 0x81 0x26 0x03  lw      x12, 104(x2)
	   544    0xff 0xf0 0x80 0x93  addi    x1,  x1,  -1
	   548    0x02 0x16 0x06 0x33  mul     x12, x12, x1
	   552    0x00 0xa6 0x05 0x33  add     x10, x12, x10
	   556    0x06 0xa1 0x2e 0x23  sw      x10, 124(x2)
	   560    0x08 0xa1 0x20 0x23  sw      x10, 128(x2)
	   564    0x06 0x81 0x2b 0x03  lw      x22, 104(x2)
	   568    0x06 0x81 0x2a 0x03  lw      x20, 104(x2)
	   572    0x06 0x81 0x26 0x83  lw      x13, 104(x2)
	   576    0x05 0x41 0x2a 0x23  sw      x20, 84(x2)
	   580    0x05 0x61 0x2c 0x23  sw      x22, 88(x2)
	   584    0x06 0x41 0x23 0x03  lw      x6,  100(x2)
	   588    0x09 0x81 0x22 0x83  lw      x5,  152(x2)
	   592    0x09 0x81 0x20 0x83  lw      x1,  152(x2)
	   596    0x06 0x81 0x22 0x03  lw      x4,  104(x2)
	   600    0x06 0x81 0x26 0x03  lw      x12, 104(x2)
	   604    0x06 0x41 0x21 0x83  lw      x3,  100(x2)
	   608    0x06 0x41 0x27 0x03  lw      x14, 100(x2)
	   612    0x09 0x81 0x25 0x03  lw      x10, 152(x2)
	   616    0x09 0x81 0x23 0x83  lw      x7,  152(x2)
	   620    0x06 0x81 0x24 0x03  lw      x8,  104(x2)
	   624    0x06 0x81 0x24 0x83  lw      x9,  104(x2)
	   628    0x06 0x41 0x27 0x83  lw      x15, 100(x2)
	   632    0x09 0x81 0x28 0x03  lw      x16, 152(x2)
	   636    0x09 0x81 0x28 0x83  lw      x17, 152(x2)
	   640    0x06 0x81 0x29 0x03  lw      x18, 104(x2)
	   644    0x06 0x81 0x2a 0x83  lw      x21, 104(x2)
	   648    0x00 0x26 0xd9 0x93  srli    x19, x13, 2
	   652    0x00 0x2b 0x5b 0x13  srli    x22, x22, 2
	   656    0x00 0x2a 0x5a 0x13  srli    x20, x20, 2
	   660    0x01 0x51 0x24 0x23  sw      x21, 8(x2)
	   664    0x01 0x21 0x26 0x23  sw      x18, 12(x2)
	   668    0x01 0x41 0x28 0x23  sw      x20, 16(x2)
	   672    0x01 0x11 0x2a 0x23  sw      x17, 20(x2)
	   676    0x01 0x01 0x2c 0x23  sw      x16, 24(x2)
	   680    0x00 0xf1 0x2e 0x23  sw      x15, 28(x2)
	   684    0x02 0x91 0x20 0x23  sw      x9,  32(x2)
	   688    0x02 0x81 0x22 0x23  sw      x8,  36(x2)
	   692    0x03 0x61 0x24 0x23  sw      x22, 40(x2)
	   696    0x02 0x71 0x26 0x23  sw      x7,  44(x2)
	   700    0x02 0xa1 0x28 0x23  sw      x10, 48(x2)
	   704    0x02 0xe1 0x2a 0x23  sw      x14, 52(x2)
	   708    0x02 0x31 0x2c 0x23  sw      x3,  56(x2)
	   712    0x02 0xc1 0x2e 0x23  sw      x12, 60(x2)
	   716    0x04 0x41 0x20 0x23  sw      x4,  64(x2)
	   720    0x05 0x31 0x22 0x23  sw      x19, 68(x2)
	   724    0x04 0x11 0x24 0x23  sw      x1,  72(x2)
	   728    0x04 0x51 0x26 0x23  sw      x5,  76(x2)
	   732    0x04 0x61 0x28 0x23  sw      x6,  80(x2)
	   736    0x04 0xd1 0x2e 0x23  sw      x13, 92(x2)
	   740    0x07 0x81 0x25 0x03  lw      x10, 120(x2)
	   744    0x07 0xc1 0x27 0x03  lw      x14, 124(x2)
	   748    0x12 0xa7 0x60 0x63  bltu    x14, x10, 288
	   752    0x05 0x01 0x25 0x03  lw      x10, 80(x2)
	   756    0x07 0x81 0x25 0x83  lw      x11, 120(x2)
	   760    0x00 0x01 0x26 0x03  lw      x12, 0(x2)
.call
	   764    0x00 0x05 0x00 0xe7  call    x10
	   768    0x08 0xa1 0x2a 0x23  sw      x10, 148(x2)
	   772    0x03 0xc1 0x26 0x03  lw      x12, 60(x2)
	   776    0x04 0x81 0x20 0x83  lw      x1,  72(x2)
	   780    0x00 0x10 0x05 0x93  li      x11, 1
	   784    0x0e 0xa0 0x4e 0x63  bgtz    x10, 252
	   788    0x07 0xc1 0x22 0x03  lw      x4,  124(x2)
	   792    0x04 0xc1 0x27 0x03  lw      x14, 76(x2)
	   796    0x04 0x01 0x21 0x83  lw      x3,  64(x2)
	   800    0x06 0x41 0x20 0x23  sw      x4,  96(x2)
	   804    0x09 0x41 0x25 0x03  lw      x10, 148(x2)
	   808    0x0a 0xa0 0x10 0x63  bnez    x10, 160
	   812    0x08 0xb1 0x2e 0x23  sw      x11, 156(x2)
	   816    0x06 0xe0 0x00 0x63  beqz    x14, 96
	   820    0x07 0x41 0x25 0x03  lw      x10, 116(x2)
	   824    0x07 0x81 0x23 0x03  lw      x6,  120(x2)
	   828    0x02 0x15 0xd6 0x63  bge     x11, x1,  44
	   832    0x05 0xc1 0x23 0x83  lw      x7,  92(x2)
	   836    0x00 0x05 0x04 0x03  lb      x8,  0(x10)
	   840    0x00 0x03 0x04 0x83  lb      x9,  0(x6)
	   844    0x00 0x95 0x00 0x23  sb      x9,  0(x10)
	   848    0x00 0x15 0x05 0x13  addi    x10, x10, 1
	   852    0x00 0x83 0x00 0x23  sb      x8,  0(x6)
	   856    0x00 0x13 0x03 0x13  addi    x6,  x6,  1
	   860    0xff 0xf3 0x83 0x93  addi    x7,  x7,  -1
	   864    0xfe 0x70 0x42 0xe3  bgtz    x7,  -28
	   868    0x05 0x80 0x00 0x6f  j       88
	   872    0x04 0x41 0x23 0x83  lw      x7,  68(x2)
	   876    0x00 0x05 0x24 0x03  lw      x8,  0(x10)
	   880    0x00 0x03 0x24 0x83  lw      x9,  0(x6)
	   884    0x00 0x95 0x20 0x23  sw      x9,  0(x10)
	   888    0x00 0x45 0x05 0x13  addi    x10, x10, 4
	   892    0x00 0x83 0x20 0x23  sw      x8,  0(x6)
	   896    0x00 0x43 0x03 0x13  addi    x6,  x6,  4
	   900    0xff 0xf3 0x83 0x93  addi    x7,  x7,  -1
	   904    0xfe 0x70 0x42 0xe3  bgtz    x7,  -28
	   908    0x03 0x00 0x00 0x6f  j       48
	   912    0x07 0x41 0x25 0x03  lw      x10, 116(x2)
	   916    0x00 0x00 0x00 0x33  nop
	   920    0x00 0x05 0x25 0x03  lw      x10, 0(x10)
	   924    0x0a 0xa1 0x22 0x23  sw      x10, 164(x2)
	   928    0x07 0x81 0x23 0x03  lw      x6,  120(x2)
	   932    0x07 0x41 0x25 0x03  lw      x10, 116(x2)
	   936    0x00 0x03 0x23 0x03  lw      x6,  0(x6)
	   940    0x00 0x65 0x20 0x23  sw      x6,  0(x10)
	   944    0x07 0x81 0x25 0x03  lw      x10, 120(x2)
	   948    0x0a 0x41 0x23 0x03  lw      x6,  164(x2)
	   952    0x00 0x65 0x20 0x23  sw      x6,  0(x10)
	   956    0x07 0x41 0x25 0x03  lw      x10, 116(x2)
	   960    0x00 0x35 0x05 0x33  add     x10, x10, x3
	   964    0x06 0xa1 0x2a 0x23  sw      x10, 116(x2)
	   968    0x07 0x81 0x25 0x03  lw      x10, 120(x2)
	   972    0x00 0xa6 0x05 0x33  add     x10, x12, x10
	   976    0x06 0xa1 0x2c 0x23  sw      x10, 120(x2)
	   980    0x07 0x81 0x25 0x03  lw      x10, 120(x2)
	   984    0x02 0xa2 0x6a 0x63  bltu    x4,  x10, 52
	   988    0x03 0x81 0x25 0x03  lw      x10, 56(x2)
	   992    0x07 0x81 0x25 0x83  lw      x11, 120(x2)
	   996    0x00 0x01 0x26 0x03  lw      x12, 0(x2)
.call
	  1000    0x00 0x05 0x00 0xe7  call    x10
	  1004    0x08 0xa1 0x2a 0x23  sw      x10, 148(x2)
	  1008    0x04 0xc1 0x27 0x03  lw      x14, 76(x2)
	  1012    0x04 0x01 0x21 0x83  lw      x3,  64(x2)
	  1016    0x03 0xc1 0x26 0x03  lw      x12, 60(x2)
	  1020    0x06 0x01 0x22 0x03  lw      x4,  96(x2)
	  1024    0x04 0x81 0x20 0x83  lw      x1,  72(x2)
	  1028    0x00 0x10 0x05 0x93  li      x11, 1
	  1032    0xf0 0xa0 0x5e 0xe3  blez    x10, -228
	  1036    0x07 0x81 0x25 0x03  lw      x10, 120(x2)
	  1040    0x07 0xc1 0x26 0x03  lw      x12, 124(x2)
	  1044    0x12 0xa6 0x60 0x63  bltu    x12, x10, 288
	  1048    0x03 0x41 0x25 0x03  lw      x10, 52(x2)
	  1052    0x07 0xc1 0x25 0x83  lw      x11, 124(x2)
	  1056    0x00 0x01 0x26 0x03  lw      x12, 0(x2)
.call
	  1060    0x00 0x05 0x00 0xe7  call    x10
	  1064    0x08 0xa1 0x2a 0x23  sw      x10, 148(x2)
	  1068    0x00 0x10 0x05 0x93  li      x11, 1
	  1072    0x10 0x05 0x42 0x63  bltz    x10, 260
	  1076    0x07 0x81 0x26 0x83  lw      x13, 120(x2)
	  1080    0x03 0x01 0x26 0x03  lw      x12, 48(x2)
	  1084    0x02 0x41 0x20 0x83  lw      x1,  36(x2)
	  1088    0x02 0x01 0x27 0x03  lw      x14, 32(x2)
	  1092    0x02 0xc1 0x21 0x83  lw      x3,  44(x2)
	  1096    0x06 0xd1 0x20 0x23  sw      x13, 96(x2)
	  1100    0x09 0x41 0x25 0x03  lw      x10, 148(x2)
	  1104    0x0a 0xa0 0x10 0x63  bnez    x10, 160
	  1108    0x08 0xb1 0x2e 0x23  sw      x11, 156(x2)
	  1112    0x06 0xc0 0x00 0x63  beqz    x12, 96
	  1116    0x07 0xc1 0x25 0x03  lw      x10, 124(x2)
	  1120    0x08 0x01 0x23 0x03  lw      x6,  128(x2)
	  1124    0x02 0x35 0xd6 0x63  bge     x11, x3,  44
	  1128    0x05 0x81 0x23 0x83  lw      x7,  88(x2)
	  1132    0x00 0x05 0x04 0x03  lb      x8,  0(x10)
	  1136    0x00 0x03 0x04 0x83  lb      x9,  0(x6)
	  1140    0x00 0x95 0x00 0x23  sb      x9,  0(x10)
	  1144    0x00 0x15 0x05 0x13  addi    x10, x10, 1
	  1148    0x00 0x83 0x00 0x23  sb      x8,  0(x6)
	  1152    0x00 0x13 0x03 0x13  addi    x6,  x6,  1
	  1156    0xff 0xf3 0x83 0x93  addi    x7,  x7,  -1
	  1160    0xfe 0x70 0x42 0xe3  bgtz    x7,  -28
	  1164    0x05 0x80 0x00 0x6f  j       88
	  1168    0x02 0x81 0x23 0x83  lw      x7,  40(x2)
	  1172    0x00 0x05 0x24 0x03  lw      x8,  0(x10)
	  1176    0x00 0x03 0x24 0x83  lw      x9,  0(x6)
	  1180    0x00 0x95 0x20 0x23  sw      x9,  0(x10)
	  1184    0x00 0x45 0x05 0x13  addi    x10, x10, 4
	  1188    0x00 0x83 0x20 0x23  sw      x8,  0(x6)
	  1192    0x00 0x43 0x03 0x13  addi    x6,  x6,  4
	  1196    0xff 0xf3 0x83 0x93  addi    x7,  x7,  -1
	  1200    0xfe 0x70 0x42 0xe3  bgtz    x7,  -28
	  1204    0x03 0x00 0x00 0x6f  j       48
	  1208    0x07 0xc1 0x25 0x03  lw      x10, 124(x2)
	  1212    0x00 0x00 0x00 0x33  nop
	  1216    0x00 0x05 0x25 0x03  lw      x10, 0(x10)
	  1220    0x0a 0xa1 0x24 0x23  sw      x10, 168(x2)
	  1224    0x08 0x01 0x23 0x03  lw      x6,  128(x2)
	  1228    0x07 0xc1 0x25 0x03  lw      x10, 124(x2)
	  1232    0x00 0x03 0x23 0x03  lw      x6,  0(x6)
	  1236    0x00 0x65 0x20 0x23  sw      x6,  0(x10)
	  1240    0x08 0x01 0x25 0x03  lw      x10, 128(x2)
	  1244    0x0a 0x81 0x23 0x03  lw      x6,  168(x2)
	  1248    0x00 0x65 0x20 0x23  sw      x6,  0(x10)
	  1252    0x08 0x01 0x25 0x03  lw      x10, 128(x2)
	  1256    0x40 0x15 0x05 0x33  sub     x10, x10, x1
	  1260    0x08 0xa1 0x20 0x23  sw      x10, 128(x2)
	  1264    0x07 0xc1 0x25 0x03  lw      x10, 124(x2)
	  1268    0x40 0xe5 0x05 0x33  sub     x10, x10, x14
	  1272    0x06 0xa1 0x2e 0x23  sw      x10, 124(x2)
	  1276    0x07 0xc1 0x25 0x03  lw      x10, 124(x2)
	  1280    0x02 0xd5 0x6a 0x63  bltu    x10, x13, 52
	  1284    0x01 0xc1 0x25 0x03  lw      x10, 28(x2)
	  1288    0x07 0xc1 0x25 0x83  lw      x11, 124(x2)
	  1292    0x00 0x01 0x26 0x03  lw      x12, 0(x2)
.call
	  1296    0x00 0x05 0x00 0xe7  call    x10
	  1300    0x08 0xa1 0x2a 0x23  sw      x10, 148(x2)
	  1304    0x03 0x01 0x26 0x03  lw      x12, 48(x2)
	  1308    0x02 0x41 0x20 0x83  lw      x1,  36(x2)
	  1312    0x02 0x01 0x27 0x03  lw      x14, 32(x2)
	  1316    0x06 0x01 0x26 0x83  lw      x13, 96(x2)
	  1320    0x02 0xc1 0x21 0x83  lw      x3,  44(x2)
	  1324    0x00 0x10 0x05 0x93  li      x11, 1
	  1328    0xf0 0x05 0x5e 0xe3  bgez    x10, -228
	  1332    0x07 0x81 0x25 0x03  lw      x10, 120(x2)
	  1336    0x07 0xc1 0x26 0x03  lw      x12, 124(x2)
	  1340    0x0c 0xa6 0x64 0x63  bltu    x12, x10, 200
	  1344    0x01 0x81 0x25 0x03  lw      x10, 24(x2)
	  1348    0x06 0xa0 0x02 0x63  beqz    x10, 100
	  1352    0x07 0x81 0x25 0x03  lw      x10, 120(x2)
	  1356    0x07 0xc1 0x26 0x03  lw      x12, 124(x2)
	  1360    0x01 0x41 0x20 0x83  lw      x1,  20(x2)
	  1364    0x02 0x15 0xd6 0x63  bge     x11, x1,  44
	  1368    0x05 0x41 0x20 0x83  lw      x1,  84(x2)
	  1372    0x00 0x05 0x06 0x83  lb      x13, 0(x10)
	  1376    0x00 0x06 0x07 0x03  lb      x14, 0(x12)
	  1380    0x00 0xe5 0x00 0x23  sb      x14, 0(x10)
	  1384    0x00 0x15 0x05 0x13  addi    x10, x10, 1
	  1388    0x00 0xd6 0x00 0x23  sb      x13, 0(x12)
	  1392    0x00 0x16 0x06 0x13  addi    x12, x12, 1
	  1396    0xff 0xf0 0x80 0x93  addi    x1,  x1,  -1
	  1400    0xfe 0x10 0x42 0xe3  bgtz    x1,  -28
	  1404    0x05 0x80 0x00 0x6f  j       88
	  1408    0x01 0x01 0x20 0x83  lw      x1,  16(x2)
	  1412    0x00 0x05 0x26 0x83  lw      x13, 0(x10)
	  1416    0x00 0x06 0x27 0x03  lw      x14, 0(x12)
	  1420    0x00 0xe5 0x20 0x23  sw      x14, 0(x10)
	  1424    0x00 0x45 0x05 0x13  addi    x10, x10, 4
	  1428    0x00 0xd6 0x20 0x23  sw      x13, 0(x12)
	  1432    0x00 0x46 0x06 0x13  addi    x12, x12, 4
	  1436    0xff 0xf0 0x80 0x93  addi    x1,  x1,  -1
	  1440    0xfe 0x10 0x42 0xe3  bgtz    x1,  -28
	  1444    0x03 0x00 0x00 0x6f  j       48
	  1448    0x07 0x81 0x25 0x03  lw      x10, 120(x2)
	  1452    0x00 0x00 0x00 0x33  nop
	  1456    0x00 0x05 0x25 0x03  lw      x10, 0(x10)
	  1460    0x0a 0xa1 0x26 0x23  sw      x10, 172(x2)
	  1464    0x07 0xc1 0x26 0x03  lw      x12, 124(x2)
	  1468    0x07 0x81 0x25 0x03  lw      x10, 120(x2)
	  1472    0x00 0x06 0x26 0x03  lw      x12, 0(x12)
	  1476    0x00 0xc5 0x20 0x23  sw      x12, 0(x10)
	  1480    0x07 0xc1 0x25 0x03  lw      x10, 124(x2)
	  1484    0x0a 0xc1 0x26 0x03  lw      x12, 172(x2)
	  1488    0x00 0xc5 0x20 0x23  sw      x12, 0(x10)
	  1492    0x08 0xb1 0x2e 0x23  sw      x11, 156(x2)
	  1496    0x07 0x81 0x25 0x03  lw      x10, 120(x2)
	  1500    0x00 0xc1 0x26 0x03  lw      x12, 12(x2)
	  1504    0x00 0xa6 0x05 0x33  add     x10, x12, x10
	  1508    0x06 0xa1 0x2c 0x23  sw      x10, 120(x2)
	  1512    0x07 0xc1 0x25 0x03  lw      x10, 124(x2)
	  1516    0x00 0x81 0x26 0x03  lw      x12, 8(x2)
	  1520    0x40 0xc5 0x05 0x33  sub     x10, x10, x12
	  1524    0x06 0xa1 0x2e 0x23  sw      x10, 124(x2)
	  1528    0x03 0xc1 0x26 0x03  lw      x12, 60(x2)
	  1532    0x04 0x81 0x20 0x83  lw      x1,  72(x2)
	  1536    0xce 0x5f 0xf0 0x6f  j       -796
.label __ll2_qsort
	  1540    0x09 0xc1 0x25 0x03  lw      x10, 156(x2)
	  1544    0x1c 0xa0 0x06 0x63  beqz    x10, 460
	  1548    0x06 0xc1 0x25 0x03  lw      x10, 108(x2)
	  1552    0x06 0x81 0x26 0x03  lw      x12, 104(x2)
	  1556    0x02 0xa6 0x06 0x33  mul     x12, x12, x10
	  1560    0x00 0x01 0x25 0x03  lw      x10, 0(x2)
	  1564    0x00 0xa6 0x06 0x33  add     x12, x12, x10
	  1568    0x08 0xc1 0x26 0x23  sw      x12, 140(x2)
	  1572    0x07 0x41 0x26 0x83  lw      x13, 116(x2)
	  1576    0x07 0x81 0x26 0x03  lw      x12, 120(x2)
	  1580    0x07 0x41 0x20 0x83  lw      x1,  116(x2)
	  1584    0x40 0xa6 0x86 0xb3  sub     x13, x13, x10
	  1588    0x40 0x16 0x06 0x33  sub     x12, x12, x1
	  1592    0x00 0xc6 0xca 0x63  blt     x13, x12, 20
	  1596    0x07 0x81 0x26 0x03  lw      x12, 120(x2)
	  1600    0x07 0x41 0x20 0x83  lw      x1,  116(x2)
	  1604    0x40 0x16 0x06 0x33  sub     x12, x12, x1
	  1608    0x00 0xc0 0x00 0x6f  j       12
	  1612    0x07 0x41 0x26 0x03  lw      x12, 116(x2)
	  1616    0x40 0xa6 0x06 0x33  sub     x12, x12, x10
	  1620    0x08 0xc1 0x2a 0x23  sw      x12, 148(x2)
	  1624    0x09 0x41 0x26 0x03  lw      x12, 148(x2)
	  1628    0x06 0xc0 0x5a 0x63  blez    x12, 116
	  1632    0x07 0x81 0x26 0x03  lw      x12, 120(x2)
	  1636    0x09 0x41 0x20 0x83  lw      x1,  148(x2)
	  1640    0x40 0x16 0x06 0x33  sub     x12, x12, x1
	  1644    0x09 0x41 0x20 0x83  lw      x1,  148(x2)
	  1648    0x09 0x81 0x26 0x83  lw      x13, 152(x2)
	  1652    0x02 0xd5 0xd8 0x63  bge     x11, x13, 48
	  1656    0x00 0x05 0x06 0x93  mv      x13, x10
	  1660    0x00 0x00 0x00 0x33  nop
	  1664    0x00 0x06 0x87 0x03  lb      x14, 0(x13)
	  1668    0x00 0x06 0x01 0x83  lb      x3,  0(x12)
	  1672    0x00 0x36 0x80 0x23  sb      x3,  0(x13)
	  1676    0x00 0x16 0x86 0x93  addi    x13, x13, 1
	  1680    0x00 0xe6 0x00 0x23  sb      x14, 0(x12)
	  1684    0x00 0x16 0x06 0x13  addi    x12, x12, 1
	  1688    0xff 0xf0 0x80 0x93  addi    x1,  x1,  -1
	  1692    0xfe 0x10 0x42 0xe3  bgtz    x1,  -28
	  1696    0x03 0x00 0x00 0x6f  j       48
	  1700    0x00 0x20 0xd0 0x93  srli    x1,  x1,  2
	  1704    0x00 0x05 0x06 0x93  mv      x13, x10
	  1708    0x00 0x00 0x00 0x33  nop
	  1712    0x00 0x06 0xa7 0x03  lw      x14, 0(x13)
	  1716    0x00 0x06 0x21 0x83  lw      x3,  0(x12)
	  1720    0x00 0x36 0xa0 0x23  sw      x3,  0(x13)
	  1724    0x00 0x46 0x86 0x93  addi    x13, x13, 4
	  1728    0x00 0xe6 0x20 0x23  sw      x14, 0(x12)
	  1732    0x00 0x46 0x06 0x13  addi    x12, x12, 4
	  1736    0xff 0xf0 0x80 0x93  addi    x1,  x1,  -1
	  1740    0xfe 0x10 0x42 0xe3  bgtz    x1,  -28
	  1744    0x08 0x01 0x26 0x03  lw      x12, 128(x2)
	  1748    0x07 0xc1 0x20 0x83  lw      x1,  124(x2)
	  1752    0x08 0xc1 0x26 0x83  lw      x13, 140(x2)
	  1756    0x08 0x01 0x27 0x03  lw      x14, 128(x2)
	  1760    0x06 0x81 0x21 0x83  lw      x3,  104(x2)
	  1764    0x40 0x16 0x06 0x33  sub     x12, x12, x1
	  1768    0x40 0xe6 0x86 0xb3  sub     x13, x13, x14
	  1772    0x40 0x36 0x80 0xb3  sub     x1,  x13, x3
	  1776    0x00 0x16 0x4e 0x63  blt     x12, x1,  28
	  1780    0x08 0xc1 0x26 0x03  lw      x12, 140(x2)
	  1784    0x08 0x01 0x20 0x83  lw      x1,  128(x2)
	  1788    0x06 0x81 0x26 0x83  lw      x13, 104(x2)
	  1792    0x40 0x16 0x06 0x33  sub     x12, x12, x1
	  1796    0x40 0xd6 0x06 0x33  sub     x12, x12, x13
	  1800    0x01 0x00 0x00 0x6f  j       16
	  1804    0x08 0x01 0x26 0x03  lw      x12, 128(x2)
	  1808    0x07 0xc1 0x20 0x83  lw      x1,  124(x2)
	  1812    0x40 0x16 0x06 0x33  sub     x12, x12, x1
	  1816    0x08 0xc1 0x2a 0x23  sw      x12, 148(x2)
	  1820    0x09 0x41 0x26 0x03  lw      x12, 148(x2)
	  1824    0x06 0xc0 0x54 0x63  blez    x12, 104
	  1828    0x07 0x81 0x26 0x03  lw      x12, 120(x2)
	  1832    0x08 0xc1 0x20 0x83  lw      x1,  140(x2)
	  1836    0x09 0x41 0x26 0x83  lw      x13, 148(x2)
	  1840    0x40 0xd0 0x80 0xb3  sub     x1,  x1,  x13
	  1844    0x09 0x41 0x26 0x83  lw      x13, 148(x2)
	  1848    0x09 0x81 0x27 0x03  lw      x14, 152(x2)
	  1852    0x02 0xe5 0xd4 0x63  bge     x11, x14, 40
	  1856    0x00 0x06 0x05 0x83  lb      x11, 0(x12)
	  1860    0x00 0x00 0x87 0x03  lb      x14, 0(x1)
	  1864    0x00 0xe6 0x00 0x23  sb      x14, 0(x12)
	  1868    0x00 0x16 0x06 0x13  addi    x12, x12, 1
	  1872    0x00 0xb0 0x80 0x23  sb      x11, 0(x1)
	  1876    0x00 0x10 0x80 0x93  addi    x1,  x1,  1
	  1880    0xff 0xf6 0x86 0x93  addi    x13, x13, -1
	  1884    0xfe 0xd0 0x42 0xe3  bgtz    x13, -28
	  1888    0x02 0x80 0x00 0x6f  j       40
	  1892    0x00 0x26 0xd5 0x93  srli    x11, x13, 2
	  1896    0x00 0x06 0x26 0x83  lw      x13, 0(x12)
	  1900    0x00 0x00 0xa7 0x03  lw      x14, 0(x1)
	  1904    0x00 0xe6 0x20 0x23  sw      x14, 0(x12)
	  1908    0x00 0x46 0x06 0x13  addi    x12, x12, 4
	  1912    0x00 0xd0 0xa0 0x23  sw      x13, 0(x1)
	  1916    0x00 0x40 0x80 0x93  addi    x1,  x1,  4
	  1920    0xff 0xf5 0x85 0x93  addi    x11, x11, -1
	  1924    0xfe 0xb0 0x42 0xe3  bgtz    x11, -28
	  1928    0x07 0x81 0x25 0x83  lw      x11, 120(x2)
	  1932    0x07 0x41 0x26 0x03  lw      x12, 116(x2)
	  1936    0x40 0xc5 0x85 0xb3  sub     x11, x11, x12
	  1940    0x06 0x81 0x26 0x03  lw      x12, 104(x2)
	  1944    0x08 0xb1 0x2a 0x23  sw      x11, 148(x2)
	  1948    0x00 0xb6 0x5e 0x63  bge     x12, x11, 28
	  1952    0x09 0x41 0x25 0x83  lw      x11, 148(x2)
	  1956    0x06 0x81 0x26 0x03  lw      x12, 104(x2)
	  1960    0x02 0xc5 0xd5 0xb3  divu    x11, x11, x12
	  1964    0x06 0x81 0x26 0x03  lw      x12, 104(x2)
	  1968    0x06 0x41 0x26 0x83  lw      x13, 100(x2)
.call
	  1972    0x00 0x00 0x00 0xef  call    qsort
	  1976    0x08 0x01 0x25 0x03  lw      x10, 128(x2)
	  1980    0x07 0xc1 0x25 0x83  lw      x11, 124(x2)
	  1984    0x40 0xb5 0x05 0x33  sub     x10, x10, x11
	  1988    0x06 0x81 0x25 0x83  lw      x11, 104(x2)
	  1992    0x08 0xa1 0x2a 0x23  sw      x10, 148(x2)
	  1996    0x40 0xa5 0xc0 0x63  blt     x11, x10, 1024
	  2000    0x3f 0x00 0x00 0x6f  j       1008
	  2004    0x06 0x81 0x25 0x03  lw      x10, 104(x2)
	  2008    0x00 0x01 0x26 0x83  lw      x13, 0(x2)
	  2012    0x00 0xd5 0x05 0x33  add     x10, x10, x13
	  2016    0x08 0xa1 0x24 0x23  sw      x10, 136(x2)
	  2020    0x06 0xc1 0x25 0x03  lw      x10, 108(x2)
	  2024    0x06 0x81 0x26 0x03  lw      x12, 104(x2)
	  2028    0x02 0xa6 0x06 0x33  mul     x12, x12, x10
	  2032    0x08 0x81 0x25 0x03  lw      x10, 136(x2)
	  2036    0x00 0xd6 0x06 0x33  add     x12, x12, x13
	  2040    0x3c 0xc5 0x74 0x63  bgeu    x10, x12, 968
	  2044    0x06 0xc1 0x25 0x03  lw      x10, 108(x2)
	  2048    0x06 0x81 0x26 0x03  lw      x12, 104(x2)
	  2052    0x02 0xa6 0x03 0xb3  mul     x7,  x12, x10
	  2056    0x06 0x81 0x22 0x03  lw      x4,  104(x2)
	  2060    0x00 0x76 0x88 0xb3  add     x17, x13, x7
	  2064    0x06 0x41 0x25 0x03  lw      x10, 100(x2)
	  2068    0x06 0x81 0x24 0x03  lw      x8,  104(x2)
	  2072    0x09 0x81 0x26 0x03  lw      x12, 152(x2)
	  2076    0x06 0x81 0x20 0x83  lw      x1,  104(x2)
	  2080    0x06 0x81 0x27 0x03  lw      x14, 104(x2)
	  2084    0x06 0x81 0x21 0x83  lw      x3,  104(x2)
	  2088    0x09 0x81 0x22 0x83  lw      x5,  152(x2)
	  2092    0x06 0x81 0x23 0x03  lw      x6,  104(x2)
	  2096    0x06 0x41 0x24 0x83  lw      x9,  100(x2)
	  2100    0x06 0x81 0x27 0x83  lw      x15, 104(x2)
	  2104    0x06 0x81 0x28 0x03  lw      x16, 104(x2)
	  2108    0x00 0x22 0x53 0x93  srli    x7,  x4,  2
	  2112    0x01 0x11 0x24 0x23  sw      x17, 8(x2)
	  2116    0x01 0x01 0x26 0x23  sw      x16, 12(x2)
	  2120    0x00 0xf1 0x28 0x23  sw      x15, 16(x2)
	  2124    0x00 0x91 0x2a 0x23  sw      x9,  20(x2)
	  2128    0x00 0x61 0x2c 0x23  sw      x6,  24(x2)
	  2132    0x00 0x71 0x2e 0x23  sw      x7,  28(x2)
	  2136    0x02 0x51 0x20 0x23  sw      x5,  32(x2)
	  2140    0x02 0x31 0x22 0x23  sw      x3,  36(x2)
	  2144    0x02 0xe1 0x24 0x23  sw      x14, 40(x2)
	  2148    0x02 0x11 0x26 0x23  sw      x1,  44(x2)
	  2152    0x02 0xc1 0x28 0x23  sw      x12, 48(x2)
	  2156    0x02 0x81 0x2a 0x23  sw      x8,  52(x2)
	  2160    0x02 0xa1 0x2c 0x23  sw      x10, 56(x2)
	  2164    0x02 0x41 0x2e 0x23  sw      x4,  60(x2)
	  2168    0x08 0x81 0x25 0x03  lw      x10, 136(x2)
	  2172    0x08 0xa1 0x22 0x23  sw      x10, 132(x2)
	  2176    0x08 0x41 0x25 0x03  lw      x10, 132(x2)
	  2180    0x12 0xa6 0xf4 0x63  bgeu    x13, x10, 296
	  2184    0x08 0x41 0x25 0x83  lw      x11, 132(x2)
	  2188    0x03 0x41 0x20 0x83  lw      x1,  52(x2)
	  2192    0x03 0x81 0x25 0x03  lw      x10, 56(x2)
	  2196    0x08 0x41 0x26 0x03  lw      x12, 132(x2)
	  2200    0x40 0x15 0x85 0xb3  sub     x11, x11, x1
.call
	  2204    0x00 0x05 0x00 0xe7  call    x10
	  2208    0x03 0x01 0x26 0x03  lw      x12, 48(x2)
	  2212    0x02 0xc1 0x20 0x83  lw      x1,  44(x2)
	  2216    0x02 0x81 0x27 0x03  lw      x14, 40(x2)
	  2220    0x01 0x81 0x23 0x03  lw      x6,  24(x2)
	  2224    0x00 0x01 0x26 0x83  lw      x13, 0(x2)
	  2228    0x02 0x41 0x21 0x83  lw      x3,  36(x2)
	  2232    0x02 0x01 0x22 0x83  lw      x5,  32(x2)
	  2236    0x00 0x10 0x05 0x93  li      x11, 1
	  2240    0x0e 0xa0 0x56 0x63  blez    x10, 236
	  2244    0x06 0xc0 0x02 0x63  beqz    x12, 100
	  2248    0x08 0x41 0x25 0x03  lw      x10, 132(x2)
	  2252    0x08 0x41 0x24 0x03  lw      x8,  132(x2)
	  2256    0x40 0x34 0x04 0x33  sub     x8,  x8,  x3
	  2260    0x02 0x55 0xd6 0x63  bge     x11, x5,  44
	  2264    0x03 0xc1 0x24 0x83  lw      x9,  60(x2)
	  2268    0x00 0x05 0x07 0x83  lb      x15, 0(x10)
	  2272    0x00 0x04 0x08 0x03  lb      x16, 0(x8)
	  2276    0x01 0x05 0x00 0x23  sb      x16, 0(x10)
	  2280    0x00 0x15 0x05 0x13  addi    x10, x10, 1
	  2284    0x00 0xf4 0x00 0x23  sb      x15, 0(x8)
	  2288    0x00 0x14 0x04 0x13  addi    x8,  x8,  1
	  2292    0xff 0xf4 0x84 0x93  addi    x9,  x9,  -1
	  2296    0xfe 0x90 0x42 0xe3  bgtz    x9,  -28
	  2300    0x06 0x00 0x00 0x6f  j       96
	  2304    0x01 0xc1 0x24 0x83  lw      x9,  28(x2)
	  2308    0x00 0x05 0x27 0x83  lw      x15, 0(x10)
	  2312    0x00 0x04 0x28 0x03  lw      x16, 0(x8)
	  2316    0x01 0x05 0x20 0x23  sw      x16, 0(x10)
	  2320    0x00 0x45 0x05 0x13  addi    x10, x10, 4
	  2324    0x00 0xf4 0x20 0x23  sw      x15, 0(x8)
	  2328    0x00 0x44 0x04 0x13  addi    x8,  x8,  4
	  2332    0xff 0xf4 0x84 0x93  addi    x9,  x9,  -1
	  2336    0xfe 0x90 0x42 0xe3  bgtz    x9,  -28
	  2340    0x03 0x80 0x00 0x6f  j       56
	  2344    0x08 0x41 0x25 0x03  lw      x10, 132(x2)
	  2348    0x00 0x00 0x00 0x33  nop
	  2352    0x00 0x05 0x25 0x03  lw      x10, 0(x10)
	  2356    0x0a 0xa1 0x28 0x23  sw      x10, 176(x2)
	  2360    0x08 0x41 0x25 0x03  lw      x10, 132(x2)
	  2364    0x40 0x15 0x04 0x33  sub     x8,  x10, x1
	  2368    0x08 0x41 0x25 0x03  lw      x10, 132(x2)
	  2372    0x00 0x04 0x24 0x03  lw      x8,  0(x8)
	  2376    0x00 0x85 0x20 0x23  sw      x8,  0(x10)
	  2380    0x08 0x41 0x25 0x03  lw      x10, 132(x2)
	  2384    0x40 0xe5 0x05 0x33  sub     x10, x10, x14
	  2388    0x0b 0x01 0x24 0x03  lw      x8,  176(x2)
	  2392    0x00 0x85 0x20 0x23  sw      x8,  0(x10)
	  2396    0x08 0x41 0x25 0x03  lw      x10, 132(x2)
	  2400    0x40 0x65 0x05 0x33  sub     x10, x10, x6
	  2404    0x08 0xa1 0x22 0x23  sw      x10, 132(x2)
	  2408    0x08 0x41 0x25 0x03  lw      x10, 132(x2)
	  2412    0x04 0xa6 0xf0 0x63  bgeu    x13, x10, 64
	  2416    0x08 0x41 0x25 0x83  lw      x11, 132(x2)
	  2420    0x01 0x01 0x20 0x83  lw      x1,  16(x2)
	  2424    0x01 0x41 0x25 0x03  lw      x10, 20(x2)
	  2428    0x08 0x41 0x26 0x03  lw      x12, 132(x2)
	  2432    0x40 0x15 0x85 0xb3  sub     x11, x11, x1
.call
	  2436    0x00 0x05 0x00 0xe7  call    x10
	  2440    0x03 0x01 0x26 0x03  lw      x12, 48(x2)
	  2444    0x02 0xc1 0x20 0x83  lw      x1,  44(x2)
	  2448    0x02 0x81 0x27 0x03  lw      x14, 40(x2)
	  2452    0x01 0x81 0x23 0x03  lw      x6,  24(x2)
	  2456    0x00 0x01 0x26 0x83  lw      x13, 0(x2)
	  2460    0x02 0x41 0x21 0x83  lw      x3,  36(x2)
	  2464    0x02 0x01 0x22 0x83  lw      x5,  32(x2)
	  2468    0x00 0x10 0x05 0x93  li      x11, 1
	  2472    0xf0 0xa0 0x4e 0xe3  bgtz    x10, -228
	  2476    0x08 0x81 0x25 0x03  lw      x10, 136(x2)
	  2480    0x00 0xc1 0x24 0x03  lw      x8,  12(x2)
	  2484    0x00 0xa4 0x05 0x33  add     x10, x8,  x10
	  2488    0x08 0xa1 0x24 0x23  sw      x10, 136(x2)
	  2492    0x08 0x81 0x25 0x03  lw      x10, 136(x2)
	  2496    0x00 0x81 0x24 0x03  lw      x8,  8(x2)
	  2500    0xea 0x85 0x6a 0xe3  bltu    x10, x8,  -332
	  2504    0x1f 0x80 0x00 0x6f  j       504
	  2508    0x06 0x81 0x25 0x03  lw      x10, 104(x2)
	  2512    0x00 0xd5 0x05 0x33  add     x10, x10, x13
	  2516    0x08 0xa1 0x24 0x23  sw      x10, 136(x2)
	  2520    0x06 0xc1 0x25 0x03  lw      x10, 108(x2)
	  2524    0x06 0x81 0x25 0x83  lw      x11, 104(x2)
	  2528    0x02 0xb5 0x05 0xb3  mul     x11, x10, x11
	  2532    0x08 0x81 0x25 0x03  lw      x10, 136(x2)
	  2536    0x00 0xb6 0x85 0xb3  add     x11, x13, x11
	  2540    0x1c 0xb5 0x7a 0x63  bgeu    x10, x11, 468
	  2544    0x06 0xc1 0x25 0x03  lw      x10, 108(x2)
	  2548    0x06 0x81 0x25 0x83  lw      x11, 104(x2)
	  2552    0x02 0xb5 0x03 0x33  mul     x6,  x10, x11
	  2556    0x06 0x81 0x21 0x83  lw      x3,  104(x2)
	  2560    0x00 0xd3 0x08 0x33  add     x16, x6,  x13
	  2564    0x06 0x81 0x23 0x83  lw      x7,  104(x2)
	  2568    0x06 0x41 0x25 0x03  lw      x10, 100(x2)
	  2572    0x09 0x81 0x25 0x83  lw      x11, 152(x2)
	  2576    0x06 0x81 0x26 0x03  lw      x12, 104(x2)
	  2580    0x06 0x81 0x20 0x83  lw      x1,  104(x2)
	  2584    0x06 0x81 0x27 0x03  lw      x14, 104(x2)
	  2588    0x09 0x81 0x22 0x03  lw      x4,  152(x2)
	  2592    0x06 0x81 0x22 0x83  lw      x5,  104(x2)
	  2596    0x06 0x41 0x24 0x03  lw      x8,  100(x2)
	  2600    0x06 0x81 0x24 0x83  lw      x9,  104(x2)
	  2604    0x06 0x81 0x27 0x83  lw      x15, 104(x2)
	  2608    0x00 0x21 0xd3 0x13  srli    x6,  x3,  2
	  2612    0x02 0x71 0x2a 0x23  sw      x7,  52(x2)
	  2616    0x01 0x01 0x24 0x23  sw      x16, 8(x2)
	  2620    0x00 0xf1 0x26 0x23  sw      x15, 12(x2)
	  2624    0x00 0x91 0x28 0x23  sw      x9,  16(x2)
	  2628    0x00 0x81 0x2a 0x23  sw      x8,  20(x2)
	  2632    0x00 0x51 0x2c 0x23  sw      x5,  24(x2)
	  2636    0x00 0x61 0x2e 0x23  sw      x6,  28(x2)
	  2640    0x02 0x41 0x20 0x23  sw      x4,  32(x2)
	  2644    0x02 0xe1 0x22 0x23  sw      x14, 36(x2)
	  2648    0x02 0x11 0x24 0x23  sw      x1,  40(x2)
	  2652    0x02 0xc1 0x26 0x23  sw      x12, 44(x2)
	  2656    0x02 0xb1 0x28 0x23  sw      x11, 48(x2)
	  2660    0x02 0xa1 0x2c 0x23  sw      x10, 56(x2)
	  2664    0x02 0x31 0x2e 0x23  sw      x3,  60(x2)
	  2668    0x00 0x10 0x03 0x93  li      x7,  1
	  2672    0x08 0x81 0x25 0x03  lw      x10, 136(x2)
	  2676    0x08 0xa1 0x22 0x23  sw      x10, 132(x2)
	  2680    0x08 0x41 0x25 0x03  lw      x10, 132(x2)
	  2684    0x12 0xa6 0xf4 0x63  bgeu    x13, x10, 296
	  2688    0x08 0x41 0x25 0x83  lw      x11, 132(x2)
	  2692    0x03 0x41 0x20 0x83  lw      x1,  52(x2)
	  2696    0x03 0x81 0x25 0x03  lw      x10, 56(x2)
	  2700    0x08 0x41 0x26 0x03  lw      x12, 132(x2)
	  2704    0x40 0x15 0x85 0xb3  sub     x11, x11, x1
.call
	  2708    0x00 0x05 0x00 0xe7  call    x10
	  2712    0x03 0x01 0x25 0x83  lw      x11, 48(x2)
	  2716    0x02 0xc1 0x26 0x03  lw      x12, 44(x2)
	  2720    0x02 0x81 0x20 0x83  lw      x1,  40(x2)
	  2724    0x01 0x81 0x22 0x83  lw      x5,  24(x2)
	  2728    0x00 0x01 0x26 0x83  lw      x13, 0(x2)
	  2732    0x02 0x41 0x27 0x03  lw      x14, 36(x2)
	  2736    0x02 0x01 0x22 0x03  lw      x4,  32(x2)
	  2740    0x00 0x10 0x03 0x93  li      x7,  1
	  2744    0x0e 0xa0 0x56 0x63  blez    x10, 236
	  2748    0x06 0xb0 0x02 0x63  beqz    x11, 100
	  2752    0x08 0x41 0x25 0x03  lw      x10, 132(x2)
	  2756    0x08 0x41 0x24 0x03  lw      x8,  132(x2)
	  2760    0x40 0xe4 0x04 0x33  sub     x8,  x8,  x14
	  2764    0x02 0x43 0xd6 0x63  bge     x7,  x4,  44
	  2768    0x03 0xc1 0x24 0x83  lw      x9,  60(x2)
	  2772    0x00 0x05 0x07 0x83  lb      x15, 0(x10)
	  2776    0x00 0x04 0x08 0x03  lb      x16, 0(x8)
	  2780    0x01 0x05 0x00 0x23  sb      x16, 0(x10)
	  2784    0x00 0x15 0x05 0x13  addi    x10, x10, 1
	  2788    0x00 0xf4 0x00 0x23  sb      x15, 0(x8)
	  2792    0x00 0x14 0x04 0x13  addi    x8,  x8,  1
	  2796    0xff 0xf4 0x84 0x93  addi    x9,  x9,  -1
	  2800    0xfe 0x90 0x42 0xe3  bgtz    x9,  -28
	  2804    0x06 0x00 0x00 0x6f  j       96
	  2808    0x01 0xc1 0x24 0x83  lw      x9,  28(x2)
	  2812    0x00 0x05 0x27 0x83  lw      x15, 0(x10)
	  2816    0x00 0x04 0x28 0x03  lw      x16, 0(x8)
	  2820    0x01 0x05 0x20 0x23  sw      x16, 0(x10)
	  2824    0x00 0x45 0x05 0x13  addi    x10, x10, 4
	  2828    0x00 0xf4 0x20 0x23  sw      x15, 0(x8)
	  2832    0x00 0x44 0x04 0x13  addi    x8,  x8,  4
	  2836    0xff 0xf4 0x84 0x93  addi    x9,  x9,  -1
	  2840    0xfe 0x90 0x42 0xe3  bgtz    x9,  -28
	  2844    0x03 0x80 0x00 0x6f  j       56
	  2848    0x08 0x41 0x25 0x03  lw      x10, 132(x2)
	  2852    0x00 0x00 0x00 0x33  nop
	  2856    0x00 0x05 0x25 0x03  lw      x10, 0(x10)
	  2860    0x0a 0xa1 0x2a 0x23  sw      x10, 180(x2)
	  2864    0x08 0x41 0x25 0x03  lw      x10, 132(x2)
	  2868    0x40 0xc5 0x04 0x33  sub     x8,  x10, x12
	  2872    0x08 0x41 0x25 0x03  lw      x10, 132(x2)
	  2876    0x00 0x04 0x24 0x03  lw      x8,  0(x8)
	  2880    0x00 0x85 0x20 0x23  sw      x8,  0(x10)
	  2884    0x08 0x41 0x25 0x03  lw      x10, 132(x2)
	  2888    0x40 0x15 0x05 0x33  sub     x10, x10, x1
	  2892    0x0b 0x41 0x24 0x03  lw      x8,  180(x2)
	  2896    0x00 0x85 0x20 0x23  sw      x8,  0(x10)
	  2900    0x08 0x41 0x25 0x03  lw      x10, 132(x2)
	  2904    0x40 0x55 0x05 0x33  sub     x10, x10, x5
	  2908    0x08 0xa1 0x22 0x23  sw      x10, 132(x2)
	  2912    0x08 0x41 0x25 0x03  lw      x10, 132(x2)
	  2916    0x04 0xa6 0xf0 0x63  bgeu    x13, x10, 64
	  2920    0x08 0x41 0x25 0x83  lw      x11, 132(x2)
	  2924    0x01 0x01 0x20 0x83  lw      x1,  16(x2)
	  2928    0x01 0x41 0x25 0x03  lw      x10, 20(x2)
	  2932    0x08 0x41 0x26 0x03  lw      x12, 132(x2)
	  2936    0x40 0x15 0x85 0xb3  sub     x11, x11, x1
.call
	  2940    0x00 0x05 0x00 0xe7  call    x10
	  2944    0x03 0x01 0x25 0x83  lw      x11, 48(x2)
	  2948    0x02 0xc1 0x26 0x03  lw      x12, 44(x2)
	  2952    0x02 0x81 0x20 0x83  lw      x1,  40(x2)
	  2956    0x01 0x81 0x22 0x83  lw      x5,  24(x2)
	  2960    0x00 0x01 0x26 0x83  lw      x13, 0(x2)
	  2964    0x02 0x41 0x27 0x03  lw      x14, 36(x2)
	  2968    0x02 0x01 0x22 0x03  lw      x4,  32(x2)
	  2972    0x00 0x10 0x03 0x93  li      x7,  1
	  2976    0xf0 0xa0 0x4e 0xe3  bgtz    x10, -228
	  2980    0x08 0x81 0x25 0x03  lw      x10, 136(x2)
	  2984    0x00 0xc1 0x24 0x03  lw      x8,  12(x2)
	  2988    0x00 0xa4 0x05 0x33  add     x10, x8,  x10
	  2992    0x08 0xa1 0x24 0x23  sw      x10, 136(x2)
	  2996    0x08 0x81 0x25 0x03  lw      x10, 136(x2)
	  3000    0x00 0x81 0x24 0x03  lw      x8,  8(x2)
	  3004    0xea 0x85 0x6a 0xe3  bltu    x10, x8,  -332
	  3008    0x00 0x41 0x25 0x03  lw      x10, 4(x2)
	  3012    0x0b 0x81 0x01 0x13  addi    x2,  x2,  184
.rts
	  3016    0x00 0x05 0x00 0x67  jr      x10
	  3020    0x08 0xc1 0x25 0x03  lw      x10, 140(x2)
	  3024    0x09 0x41 0x25 0x83  lw      x11, 148(x2)
	  3028    0x40 0xb5 0x06 0xb3  sub     x13, x10, x11
	  3032    0x00 0xd1 0x20 0x23  sw      x13, 0(x2)
	  3036    0x09 0x41 0x25 0x03  lw      x10, 148(x2)
	  3040    0x06 0x81 0x25 0x83  lw      x11, 104(x2)
	  3044    0x02 0xb5 0x55 0x33  divu    x10, x10, x11
	  3048    0x00 0x41 0x20 0x83  lw      x1,  4(x2)
	  3052    0x00 0x00 0x00 0x33  nop
	  3056    0x00 0x00 0x00 0x33  nop
	  3060    0x00 0x00 0x00 0x33  nop
	  3064    0x00 0x00 0x00 0x33  nop
	  3068    0x00 0x00 0x00 0x33  nop
	  3072    0x00 0x00 0x00 0x33  nop
	  3076    0x00 0x00 0x00 0x33  nop
	  3080    0x00 0x00 0x00 0x33  nop
	  3084    0x00 0x00 0x00 0x33  nop
	  3088    0x00 0x00 0x00 0x33  nop
	  3092    0x00 0x00 0x00 0x33  nop
	  3096    0x00 0x00 0x00 0x33  nop
	  3100    0x00 0x00 0x00 0x33  nop
	  3104    0x00 0x00 0x00 0x33  nop
	  3108    0x00 0x00 0x00 0x33  nop
	  3112    0x00 0x00 0x00 0x33  nop
	  3116    0x00 0x00 0x00 0x33  nop
	  3120    0x00 0x00 0x00 0x33  nop
	  3124    0x00 0x00 0x00 0x33  nop
	  3128    0x00 0x00 0x00 0x33  nop
	  3132    0x00 0x00 0x00 0x33  nop
	  3136    0x00 0x00 0x00 0x33  nop
	  3140    0x00 0x00 0x00 0x33  nop
	  3144    0x00 0x00 0x00 0x33  nop
	  3148    0x00 0x00 0x00 0x33  nop
	  3152    0x00 0x00 0x00 0x33  nop
	  3156    0x00 0x00 0x00 0x33  nop
	  3160    0x00 0x00 0x00 0x33  nop
	  3164    0x00 0x00 0x00 0x33  nop
	  3168    0x06 0xa1 0x26 0x23  sw      x10, 108(x2)
.label qsort__end last
	  3172    0xbc 0x0f 0xf0 0x6f  j       -3136

