
; File generated by darts version U-2022.12#33f3808fcb#221128, Fri Mar 22 18:33:51 2024
; Copyright 2014-2022 Synopsys, Inc. All rights reserved.
; darts -I.. -d -h -I../runtime/include -DCHESS_CXX_ATTRIBUTES -D__tct_patch__=0 -L +Ihex Debug/rand.o trv32p3_cnn

; Release: ipd U-2022.12
.data_segment_name
.data local 4 _ZL4next DMb_stat
	0x1
	0x0
	0x0
	0x0

.undef local data _ZL4next

.undef local data _ZL4next

.text_segment_name
.text global 0 rand
	     0    0x41 0xc6 0x51 0xb7  lui     x3,  269413
	     4    0xe6 0xd1 0x82 0x13  addi    x4,  x3,  -403
	     8    0x00 0x00 0x25 0x03  lw      x10, _ZL4next(x0)
	    12    0x00 0x00 0x31 0xb7  lui     x3,  3
	    16    0x02 0xa2 0x05 0x33  mul     x10, x4,  x10
	    20    0x03 0x91 0x81 0x93  addi    x3,  x3,  57
	    24    0x00 0x35 0x05 0x33  add     x10, x10, x3
	    28    0x00 0xa0 0x20 0x23  sw      x10, _ZL4next(x0)
	    32    0x00 0x00 0x21 0x83  lw      x3,  _ZL4next(x0)
	    36    0x00 0x00 0x85 0x37  lui     x10, 8
	    40    0x01 0x01 0xd1 0x93  srli    x3,  x3,  16
	    44    0xff 0xf5 0x05 0x13  addi    x10, x10, -1
	    48    0x00 0x35 0x75 0x33  and     x10, x10, x3
.label rand__end last
.rts
	    52    0x00 0x00 0x80 0x67  ret

.text_segment_name
.text global 0 srand
	     0    0xff 0xc1 0x01 0x13  addi    x2,  x2,  -4
	     4    0x00 0x00 0x00 0x33  nop
	     8    0x00 0xa1 0x20 0x23  sw      x10, 0(x2)
	    12    0x00 0x01 0x25 0x03  lw      x10, 0(x2)
	    16    0x00 0xa0 0x20 0x23  sw      x10, _ZL4next(x0)
	    20    0x00 0x41 0x01 0x13  addi    x2,  x2,  4
.label srand__end last
.rts
	    24    0x00 0x00 0x80 0x67  ret

