
; File generated by darts version U-2022.12#33f3808fcb#221128, Thu Feb 29 17:34:08 2024
; Copyright 2014-2022 Synopsys, Inc. All rights reserved.
; darts -I.. -d -h -I../runtime/include -DCHESS_CXX_ATTRIBUTES -D__tct_patch__=0 -L +Ihex Debug/stdio.o trv32p3_cnn

; Release: ipd U-2022.12
.data_segment_name
.bss local 4 _ZL18_hosted_clib_files DMb 128

.data_segment_name
.data local 4 _ZL6_stdin DMb
	0x0
	0x0
	0x0
	0x0
	0x1
	0x0
	0x0
	0x0

.data_segment_name
.data local 4 _ZL7_stdout DMb
	0x1
	0x0
	0x0
	0x0
	0x1
	0x0
	0x0
	0x0

.data_segment_name
.data local 4 _ZL7_stderr DMb
	0x2
	0x0
	0x0
	0x0
	0x1
	0x0
	0x0
	0x0

.data_segment_name
.rodata local 1 _ZL13__strc60893a8 DMb
	0x44
	0x4d
	0x62
	0x0

.text_segment_name
.text local 0 clib_hosted_io
	     0    0xff 0xc1 0x01 0x13  addi    x2,  x2,  -4
	     4    0x00 0x00 0x00 0x33  nop
	     8    0x00 0xa1 0x20 0x23  sw      x10, 0(x2)
	    12    0x00 0x01 0x25 0x03  lw      x10, 0(x2)
	    16    0x00 0x41 0x01 0x13  addi    x2,  x2,  4
.label clib_hosted_io__end last
.rts
	    20    0x00 0x00 0x80 0x67  ret

.undef local data _ZL18_hosted_clib_files

.undef local text clib_hosted_io

.undef local text clib_hosted_io

.undef local text clib_hosted_io

.undef local text clib_hosted_io

.undef local text clib_hosted_io

.undef local text clib_hosted_io

.undef local text clib_hosted_io

.undef local text clib_hosted_io

.undef local text clib_hosted_io

.undef local text clib_hosted_io

.undef local text clib_hosted_io

.undef local text clib_hosted_io

.undef local text clib_hosted_io

.undef local text clib_hosted_io

.undef local text clib_hosted_io

.undef local text clib_hosted_io

.undef local text clib_hosted_io

.undef local text clib_hosted_io

.undef local text clib_hosted_io

.undef local text clib_hosted_io

.undef local data _ZL13__strc60893a8

.undef local text clib_hosted_io

.undef local data _ZL13__strc60893a8

.undef local text clib_hosted_io

.undef local data _ZL13__strc60893a8

.undef local text clib_hosted_io

.undef local data _ZL13__strc60893a8

.undef local text clib_hosted_io

.undef local text clib_hosted_io

.undef local text clib_hosted_io

.undef local data _ZL18_hosted_clib_files

.undef local text clib_hosted_io

.undef local text clib_hosted_io

.undef local data _ZL18_hosted_clib_files

.undef local text clib_hosted_io

.undef local text clib_hosted_io

.undef local text clib_hosted_io

.undef local text clib_hosted_io

.undef local text clib_hosted_io

.undef local text clib_hosted_io

.undef local text clib_hosted_io

.undef local text clib_hosted_io

.data_segment_name
.data global 4 stdin DMb_stat
.rela 9 _ZL6_stdin 0
	0x0
	0x0
	0x0
	0x0

.data_segment_name
.data global 4 stdout DMb_stat
.rela 9 _ZL7_stdout 0
	0x0
	0x0
	0x0
	0x0

.data_segment_name
.data global 4 stderr DMb_stat
.rela 9 _ZL7_stderr 0
	0x0
	0x0
	0x0
	0x0

.undef global data errno

.text_segment_name
.text global 0 fopen
	     0    0xfa 0xc1 0x01 0x13  addi    x2,  x2,  -84
	     4    0x00 0x00 0x00 0x33  nop
	     8    0x00 0xc1 0x22 0x23  sw      x12, 4(x2)
	    12    0x00 0xb1 0x24 0x23  sw      x11, 8(x2)
	    16    0x04 0x01 0x28 0x23  sw      x0,  80(x2)
	    20    0x01 0x00 0x05 0x13  li      x10, 16
	    24    0x05 0x01 0x25 0x83  lw      x11, 80(x2)
	    28    0x00 0x35 0x95 0x93  slli    x11, x11, 3
.rela 5 _ZL18_hosted_clib_files 0
	    32    0x00 0x05 0x85 0x93  mv      x11, x11
	    36    0x00 0x00 0x00 0x33  nop
	    40    0x00 0x45 0xa5 0x83  lw      x11, 4(x11)
	    44    0x00 0xb0 0x0c 0x63  beqz    x11, 24
	    48    0x05 0x01 0x25 0x83  lw      x11, 80(x2)
	    52    0x00 0x15 0x85 0x93  addi    x11, x11, 1
	    56    0x04 0xb1 0x28 0x23  sw      x11, 80(x2)
	    60    0x05 0x01 0x25 0x83  lw      x11, 80(x2)
	    64    0xfc 0xa5 0xcc 0xe3  blt     x11, x10, -40
.label __ll1_fopen
	    68    0x05 0x01 0x25 0x83  lw      x11, 80(x2)
	    72    0x00 0x11 0x20 0x23  sw      x1,  0(x2)
	    76    0x06 0xa5 0xda 0x63  bge     x11, x10, 116
	    80    0x00 0x81 0x20 0x83  lw      x1,  8(x2)
	    84    0x00 0x11 0x2c 0x23  sw      x1,  24(x2)
	    88    0x00 0x41 0x20 0x83  lw      x1,  4(x2)
	    92    0x00 0x11 0x2e 0x23  sw      x1,  28(x2)
	    96    0x00 0x01 0x26 0x23  sw      x0,  12(x2)
	   100    0x00 0x90 0x00 0x93  li      x1,  9
	   104    0x00 0x11 0x2a 0x23  sw      x1,  20(x2)
	   108    0x00 0xc1 0x05 0x13  addi    x10, x2,  12
.call
	   112    0x00 0x00 0x00 0xef  call    clib_hosted_io
	   116    0x01 0x41 0x20 0x83  lw      x1,  20(x2)
	   120    0x02 0x10 0x1c 0x63  bnez    x1,  56
	   124    0x05 0x01 0x20 0x83  lw      x1,  80(x2)
	   128    0x00 0x30 0x90 0x93  slli    x1,  x1,  3
	   132    0x01 0x01 0x25 0x03  lw      x10, 16(x2)
	   136    0x00 0xa0 0xa0 0x23  sw      x10, _ZL18_hosted_clib_files(x1)
	   140    0x05 0x01 0x20 0x83  lw      x1,  80(x2)
	   144    0x00 0x30 0x90 0x93  slli    x1,  x1,  3
.rela 5 _ZL18_hosted_clib_files 0
	   148    0x00 0x00 0x80 0x93  mv      x1,  x1
	   152    0x00 0x10 0x05 0x13  li      x10, 1
	   156    0x00 0xa0 0xa2 0x23  sw      x10, 4(x1)
	   160    0x05 0x01 0x20 0x83  lw      x1,  80(x2)
	   164    0x00 0x30 0x90 0x93  slli    x1,  x1,  3
.rela 5 _ZL18_hosted_clib_files 0
	   168    0x00 0x00 0x85 0x13  mv      x10, x1
	   172    0x02 0x00 0x00 0x6f  j       32
	   176    0x01 0x41 0x20 0x83  lw      x1,  20(x2)
	   180    0x00 0x10 0x20 0x23  sw      x1,  errno(x0)
	   184    0x00 0x00 0x05 0x13  li      x10, 0
	   188    0x01 0x00 0x00 0x6f  j       16
	   192    0x01 0x80 0x00 0x93  li      x1,  24
	   196    0x00 0x10 0x20 0x23  sw      x1,  errno(x0)
	   200    0x00 0x00 0x05 0x13  li      x10, 0
	   204    0x00 0x01 0x20 0x83  lw      x1,  0(x2)
	   208    0x05 0x41 0x01 0x13  addi    x2,  x2,  84
.label fopen__end last
.rts
	   212    0x00 0x00 0x80 0x67  ret

.undef global data errno

.text_segment_name
.text global 0 fclose
	     0    0xfb 0x41 0x01 0x13  addi    x2,  x2,  -76
	     4    0x00 0x00 0x00 0x33  nop
	     8    0x00 0xb1 0x22 0x23  sw      x11, 4(x2)
	    12    0x00 0x11 0x20 0x23  sw      x1,  0(x2)
	    16    0x00 0x41 0x25 0x03  lw      x10, 4(x2)
	    20    0x00 0x00 0x00 0x33  nop
	    24    0x00 0x45 0x25 0x03  lw      x10, 4(x10)
	    28    0x04 0xa0 0x0c 0x63  beqz    x10, 88
	    32    0x00 0x41 0x25 0x03  lw      x10, 4(x2)
	    36    0x00 0x00 0x00 0x33  nop
	    40    0x00 0x05 0x22 0x23  sw      x0,  4(x10)
	    44    0x00 0x41 0x25 0x03  lw      x10, 4(x2)
	    48    0x00 0x00 0x00 0x33  nop
	    52    0x00 0x05 0x25 0x03  lw      x10, 0(x10)
	    56    0x00 0xa1 0x26 0x23  sw      x10, 12(x2)
	    60    0x00 0x10 0x05 0x13  li      x10, 1
	    64    0x00 0xa1 0x24 0x23  sw      x10, 8(x2)
	    68    0x00 0x90 0x05 0x13  li      x10, 9
	    72    0x00 0xa1 0x28 0x23  sw      x10, 16(x2)
	    76    0x00 0x81 0x05 0x13  addi    x10, x2,  8
.call
	    80    0x00 0x00 0x00 0xef  call    clib_hosted_io
	    84    0x01 0x01 0x25 0x03  lw      x10, 16(x2)
	    88    0x00 0xa0 0x16 0x63  bnez    x10, 12
	    92    0x00 0x00 0x05 0x13  li      x10, 0
	    96    0x02 0x00 0x00 0x6f  j       32
	   100    0x01 0x01 0x25 0x03  lw      x10, 16(x2)
	   104    0x00 0xa0 0x20 0x23  sw      x10, errno(x0)
	   108    0xff 0xf0 0x05 0x13  li      x10, -1
	   112    0x01 0x00 0x00 0x6f  j       16
	   116    0x00 0x90 0x05 0x13  li      x10, 9
	   120    0x00 0xa0 0x20 0x23  sw      x10, errno(x0)
	   124    0xff 0xf0 0x05 0x13  li      x10, -1
	   128    0x00 0x01 0x20 0x83  lw      x1,  0(x2)
	   132    0x04 0xc1 0x01 0x13  addi    x2,  x2,  76
.label fclose__end last
.rts
	   136    0x00 0x00 0x80 0x67  ret

.undef global data errno

.text_segment_name
.text global 0 freopen
	     0    0xfa 0xc1 0x01 0x13  addi    x2,  x2,  -84
	     4    0x00 0x00 0x00 0x33  nop
	     8    0x00 0xd1 0x22 0x23  sw      x13, 4(x2)
	    12    0x00 0x11 0x20 0x23  sw      x1,  0(x2)
	    16    0x00 0xc1 0x24 0x23  sw      x12, 8(x2)
	    20    0x00 0xb1 0x26 0x23  sw      x11, 12(x2)
	    24    0x00 0xc1 0x25 0x83  lw      x11, 12(x2)
	    28    0x00 0xb1 0x2e 0x23  sw      x11, 28(x2)
	    32    0x00 0x81 0x25 0x83  lw      x11, 8(x2)
	    36    0x02 0xb1 0x20 0x23  sw      x11, 32(x2)
	    40    0x00 0x41 0x25 0x83  lw      x11, 4(x2)
	    44    0x00 0x00 0x00 0x33  nop
	    48    0x00 0x05 0xa5 0x83  lw      x11, 0(x11)
	    52    0x00 0xb1 0x2a 0x23  sw      x11, 20(x2)
	    56    0x01 0xa0 0x05 0x93  li      x11, 26
	    60    0x00 0xb1 0x28 0x23  sw      x11, 16(x2)
	    64    0x00 0x90 0x05 0x93  li      x11, 9
	    68    0x00 0xb1 0x2c 0x23  sw      x11, 24(x2)
	    72    0x01 0x01 0x05 0x13  addi    x10, x2,  16
.call
	    76    0x00 0x00 0x00 0xef  call    clib_hosted_io
	    80    0x01 0x81 0x25 0x83  lw      x11, 24(x2)
	    84    0x02 0xb0 0x12 0x63  bnez    x11, 36
	    88    0x00 0x41 0x25 0x83  lw      x11, 4(x2)
	    92    0x01 0x41 0x25 0x03  lw      x10, 20(x2)
	    96    0x00 0xa5 0xa0 0x23  sw      x10, 0(x11)
	   100    0x00 0x41 0x25 0x83  lw      x11, 4(x2)
	   104    0x00 0x10 0x05 0x13  li      x10, 1
	   108    0x00 0xa5 0xa2 0x23  sw      x10, 4(x11)
	   112    0x00 0x41 0x25 0x03  lw      x10, 4(x2)
	   116    0x01 0x00 0x00 0x6f  j       16
	   120    0x01 0x81 0x25 0x83  lw      x11, 24(x2)
	   124    0x00 0xb0 0x20 0x23  sw      x11, errno(x0)
	   128    0x00 0x00 0x05 0x13  li      x10, 0
	   132    0x00 0x01 0x25 0x83  lw      x11, 0(x2)
	   136    0x05 0x41 0x01 0x13  addi    x2,  x2,  84
.label freopen__end last
.rts
	   140    0x00 0x05 0x80 0x67  jr      x11

.undef global data errno

.text_segment_name
.text global 0 fflush
	     0    0xfb 0x41 0x01 0x13  addi    x2,  x2,  -76
	     4    0x00 0x00 0x00 0x33  nop
	     8    0x00 0xb1 0x22 0x23  sw      x11, 4(x2)
	    12    0x00 0x11 0x20 0x23  sw      x1,  0(x2)
	    16    0x00 0x41 0x25 0x03  lw      x10, 4(x2)
	    20    0x00 0xa0 0x0c 0x63  beqz    x10, 24
	    24    0x00 0x41 0x25 0x03  lw      x10, 4(x2)
	    28    0x00 0x00 0x00 0x33  nop
	    32    0x00 0x05 0x25 0x03  lw      x10, 0(x10)
	    36    0x00 0xa1 0x26 0x23  sw      x10, 12(x2)
	    40    0x00 0xc0 0x00 0x6f  j       12
	    44    0xff 0xf0 0x05 0x13  li      x10, -1
	    48    0x00 0xa1 0x26 0x23  sw      x10, 12(x2)
	    52    0x00 0x90 0x05 0x13  li      x10, 9
	    56    0x00 0xa1 0x24 0x23  sw      x10, 8(x2)
	    60    0x00 0xa1 0x28 0x23  sw      x10, 16(x2)
	    64    0x00 0x81 0x05 0x13  addi    x10, x2,  8
.call
	    68    0x00 0x00 0x00 0xef  call    clib_hosted_io
	    72    0x01 0x01 0x25 0x03  lw      x10, 16(x2)
	    76    0x00 0xa0 0x16 0x63  bnez    x10, 12
	    80    0x00 0x00 0x05 0x13  li      x10, 0
	    84    0x01 0x00 0x00 0x6f  j       16
	    88    0x01 0x01 0x25 0x03  lw      x10, 16(x2)
	    92    0x00 0xa0 0x20 0x23  sw      x10, errno(x0)
	    96    0xff 0xf0 0x05 0x13  li      x10, -1
	   100    0x00 0x01 0x20 0x83  lw      x1,  0(x2)
	   104    0x04 0xc1 0x01 0x13  addi    x2,  x2,  76
.label fflush__end last
.rts
	   108    0x00 0x00 0x80 0x67  ret

.undef global data errno

.text_segment_name
.text global 0 fseek
	     0    0xfa 0xc1 0x01 0x13  addi    x2,  x2,  -84
	     4    0x00 0x00 0x00 0x33  nop
	     8    0x00 0xd1 0x22 0x23  sw      x13, 4(x2)
	    12    0x00 0x11 0x20 0x23  sw      x1,  0(x2)
	    16    0x00 0xc1 0x24 0x23  sw      x12, 8(x2)
	    20    0x00 0xb1 0x26 0x23  sw      x11, 12(x2)
	    24    0x00 0xc1 0x25 0x83  lw      x11, 12(x2)
	    28    0x00 0x00 0x00 0x33  nop
	    32    0x00 0x05 0xa5 0x83  lw      x11, 0(x11)
	    36    0x00 0xb1 0x2a 0x23  sw      x11, 20(x2)
	    40    0x00 0x81 0x25 0x83  lw      x11, 8(x2)
	    44    0x02 0xb1 0x24 0x23  sw      x11, 40(x2)
	    48    0x00 0x41 0x25 0x83  lw      x11, 4(x2)
	    52    0x02 0xb1 0x26 0x23  sw      x11, 44(x2)
	    56    0x00 0x40 0x05 0x93  li      x11, 4
	    60    0x00 0xb1 0x28 0x23  sw      x11, 16(x2)
	    64    0x00 0x90 0x05 0x93  li      x11, 9
	    68    0x00 0xb1 0x2c 0x23  sw      x11, 24(x2)
	    72    0x01 0x01 0x05 0x13  addi    x10, x2,  16
.call
	    76    0x00 0x00 0x00 0xef  call    clib_hosted_io
	    80    0x01 0x81 0x25 0x83  lw      x11, 24(x2)
	    84    0x00 0xb0 0x16 0x63  bnez    x11, 12
	    88    0x01 0x81 0x25 0x03  lw      x10, 24(x2)
	    92    0x01 0x00 0x00 0x6f  j       16
	    96    0x01 0x81 0x25 0x83  lw      x11, 24(x2)
	   100    0x00 0xb0 0x20 0x23  sw      x11, errno(x0)
	   104    0xff 0xf0 0x05 0x13  li      x10, -1
	   108    0x00 0x01 0x25 0x83  lw      x11, 0(x2)
	   112    0x05 0x41 0x01 0x13  addi    x2,  x2,  84
.label fseek__end last
.rts
	   116    0x00 0x05 0x80 0x67  jr      x11

.undef global data errno

.text_segment_name
.text global 0 ftell
	     0    0xfb 0x41 0x01 0x13  addi    x2,  x2,  -76
	     4    0x00 0x00 0x00 0x33  nop
	     8    0x00 0xb1 0x22 0x23  sw      x11, 4(x2)
	    12    0x00 0x11 0x20 0x23  sw      x1,  0(x2)
	    16    0x00 0x41 0x25 0x03  lw      x10, 4(x2)
	    20    0x00 0x00 0x00 0x33  nop
	    24    0x00 0x05 0x25 0x03  lw      x10, 0(x10)
	    28    0x00 0xa1 0x26 0x23  sw      x10, 12(x2)
	    32    0x00 0x50 0x05 0x13  li      x10, 5
	    36    0x00 0xa1 0x24 0x23  sw      x10, 8(x2)
	    40    0x00 0x90 0x05 0x13  li      x10, 9
	    44    0x00 0xa1 0x28 0x23  sw      x10, 16(x2)
	    48    0xff 0xf0 0x05 0x13  li      x10, -1
	    52    0x02 0xa1 0x20 0x23  sw      x10, 32(x2)
	    56    0x00 0x81 0x05 0x13  addi    x10, x2,  8
.call
	    60    0x00 0x00 0x00 0xef  call    clib_hosted_io
	    64    0x02 0x01 0x25 0x03  lw      x10, 32(x2)
	    68    0x00 0x05 0x46 0x63  bltz    x10, 12
	    72    0x02 0x01 0x25 0x03  lw      x10, 32(x2)
	    76    0x01 0x00 0x00 0x6f  j       16
	    80    0x01 0x01 0x25 0x03  lw      x10, 16(x2)
	    84    0x00 0xa0 0x20 0x23  sw      x10, errno(x0)
	    88    0xff 0xf0 0x05 0x13  li      x10, -1
	    92    0x00 0x01 0x20 0x83  lw      x1,  0(x2)
	    96    0x04 0xc1 0x01 0x13  addi    x2,  x2,  76
.label ftell__end last
.rts
	   100    0x00 0x00 0x80 0x67  ret

.undef global data errno

.text_segment_name
.text global 0 feof
	     0    0xfb 0x41 0x01 0x13  addi    x2,  x2,  -76
	     4    0x00 0x00 0x00 0x33  nop
	     8    0x00 0xb1 0x22 0x23  sw      x11, 4(x2)
	    12    0x00 0x11 0x20 0x23  sw      x1,  0(x2)
	    16    0x00 0x41 0x25 0x03  lw      x10, 4(x2)
	    20    0x00 0x00 0x00 0x33  nop
	    24    0x00 0x05 0x25 0x03  lw      x10, 0(x10)
	    28    0x00 0xa1 0x26 0x23  sw      x10, 12(x2)
	    32    0x00 0x60 0x05 0x13  li      x10, 6
	    36    0x00 0xa1 0x24 0x23  sw      x10, 8(x2)
	    40    0x00 0x90 0x05 0x13  li      x10, 9
	    44    0x00 0xa1 0x28 0x23  sw      x10, 16(x2)
	    48    0xff 0xf0 0x05 0x13  li      x10, -1
	    52    0x02 0xa1 0x24 0x23  sw      x10, 40(x2)
	    56    0x00 0x81 0x05 0x13  addi    x10, x2,  8
.call
	    60    0x00 0x00 0x00 0xef  call    clib_hosted_io
	    64    0x02 0x81 0x25 0x03  lw      x10, 40(x2)
	    68    0x00 0x05 0x46 0x63  bltz    x10, 12
	    72    0x02 0x81 0x25 0x03  lw      x10, 40(x2)
	    76    0x01 0x00 0x00 0x6f  j       16
	    80    0x01 0x01 0x25 0x03  lw      x10, 16(x2)
	    84    0x00 0xa0 0x20 0x23  sw      x10, errno(x0)
	    88    0xff 0xf0 0x05 0x13  li      x10, -1
	    92    0x00 0x01 0x20 0x83  lw      x1,  0(x2)
	    96    0x04 0xc1 0x01 0x13  addi    x2,  x2,  76
.label feof__end last
.rts
	   100    0x00 0x00 0x80 0x67  ret

.undef global data errno

.text_segment_name
.text global 0 ferror
	     0    0xfb 0x41 0x01 0x13  addi    x2,  x2,  -76
	     4    0x00 0x00 0x00 0x33  nop
	     8    0x00 0xb1 0x22 0x23  sw      x11, 4(x2)
	    12    0x00 0x11 0x20 0x23  sw      x1,  0(x2)
	    16    0x00 0x41 0x25 0x03  lw      x10, 4(x2)
	    20    0x00 0x00 0x00 0x33  nop
	    24    0x00 0x05 0x25 0x03  lw      x10, 0(x10)
	    28    0x00 0xa1 0x26 0x23  sw      x10, 12(x2)
	    32    0x00 0xe0 0x05 0x13  li      x10, 14
	    36    0x00 0xa1 0x24 0x23  sw      x10, 8(x2)
	    40    0x00 0x90 0x05 0x13  li      x10, 9
	    44    0x00 0xa1 0x28 0x23  sw      x10, 16(x2)
	    48    0x00 0x81 0x05 0x13  addi    x10, x2,  8
.call
	    52    0x00 0x00 0x00 0xef  call    clib_hosted_io
	    56    0x00 0x01 0x20 0x83  lw      x1,  0(x2)
	    60    0x01 0x01 0x25 0x03  lw      x10, 16(x2)
	    64    0x04 0xc1 0x01 0x13  addi    x2,  x2,  76
.label ferror__end last
.rts
	    68    0x00 0x00 0x80 0x67  ret

.text_segment_name
.text global 0 clearerr
	     0    0xfb 0x41 0x01 0x13  addi    x2,  x2,  -76
	     4    0x00 0x00 0x00 0x33  nop
	     8    0x00 0xa1 0x22 0x23  sw      x10, 4(x2)
	    12    0x00 0x11 0x20 0x23  sw      x1,  0(x2)
	    16    0x00 0x41 0x25 0x03  lw      x10, 4(x2)
	    20    0x00 0x00 0x00 0x33  nop
	    24    0x00 0x05 0x25 0x03  lw      x10, 0(x10)
	    28    0x00 0xa1 0x26 0x23  sw      x10, 12(x2)
	    32    0x00 0xf0 0x05 0x13  li      x10, 15
	    36    0x00 0xa1 0x24 0x23  sw      x10, 8(x2)
	    40    0x00 0x81 0x05 0x13  addi    x10, x2,  8
.call
	    44    0x00 0x00 0x00 0xef  call    clib_hosted_io
	    48    0x00 0x01 0x25 0x03  lw      x10, 0(x2)
	    52    0x04 0xc1 0x01 0x13  addi    x2,  x2,  76
.label clearerr__end last
.rts
	    56    0x00 0x05 0x00 0x67  jr      x10

.text_segment_name
.text global 0 perror
	     0    0xfb 0x41 0x01 0x13  addi    x2,  x2,  -76
	     4    0x00 0x00 0x00 0x33  nop
	     8    0x00 0xa1 0x22 0x23  sw      x10, 4(x2)
	    12    0x00 0x11 0x20 0x23  sw      x1,  0(x2)
	    16    0x00 0x41 0x25 0x03  lw      x10, 4(x2)
	    20    0x02 0xa1 0x28 0x23  sw      x10, 48(x2)
	    24    0x00 0x00 0x25 0x03  lw      x10, errno(x0)
	    28    0x02 0xa1 0x26 0x23  sw      x10, 44(x2)
	    32    0x01 0xc0 0x05 0x13  li      x10, 28
	    36    0x00 0xa1 0x24 0x23  sw      x10, 8(x2)
	    40    0x00 0x81 0x05 0x13  addi    x10, x2,  8
.call
	    44    0x00 0x00 0x00 0xef  call    clib_hosted_io
	    48    0x00 0x01 0x25 0x03  lw      x10, 0(x2)
	    52    0x04 0xc1 0x01 0x13  addi    x2,  x2,  76
.label perror__end last
.rts
	    56    0x00 0x05 0x00 0x67  jr      x10

.undef global data errno

.text_segment_name
.text global 0 vfprintf
	     0    0xfa 0xc1 0x01 0x13  addi    x2,  x2,  -84
	     4    0x00 0x00 0x00 0x33  nop
	     8    0x00 0xd1 0x22 0x23  sw      x13, 4(x2)
	    12    0x00 0x11 0x20 0x23  sw      x1,  0(x2)
	    16    0x00 0xc1 0x24 0x23  sw      x12, 8(x2)
	    20    0x00 0xb1 0x26 0x23  sw      x11, 12(x2)
	    24    0x00 0xc1 0x26 0x03  lw      x12, 12(x2)
	    28    0x00 0x81 0x25 0x83  lw      x11, 8(x2)
	    32    0x00 0x41 0x25 0x03  lw      x10, 4(x2)
	    36    0x00 0x06 0x26 0x03  lw      x12, 0(x12)
	    40    0x00 0xc1 0x2a 0x23  sw      x12, 20(x2)
	    44    0x02 0xb1 0x22 0x23  sw      x11, 36(x2)
	    48    0x04 0xa1 0x28 0x23  sw      x10, 80(x2)
	    52    0x00 0x20 0x05 0x93  li      x11, 2
	    56    0x00 0xb1 0x28 0x23  sw      x11, 16(x2)
	    60    0xff 0xf0 0x05 0x93  li      x11, -1
	    64    0x00 0xb1 0x2c 0x23  sw      x11, 24(x2)
	    68    0x01 0x01 0x05 0x13  addi    x10, x2,  16
.call
	    72    0x00 0x00 0x00 0xef  call    clib_hosted_io
	    76    0x01 0x81 0x25 0x03  lw      x10, 24(x2)
	    80    0x00 0x01 0x25 0x83  lw      x11, 0(x2)
	    84    0x05 0x41 0x01 0x13  addi    x2,  x2,  84
.label vfprintf__end last
.rts
	    88    0x00 0x05 0x80 0x67  jr      x11

.text_segment_name
.text global 0 fprintf
	     0    0xfa 0x81 0x01 0x13  addi    x2,  x2,  -88
	     4    0x00 0x00 0x00 0x33  nop
	     8    0x00 0xc1 0x22 0x23  sw      x12, 4(x2)
	    12    0x00 0x11 0x20 0x23  sw      x1,  0(x2)
	    16    0x00 0xb1 0x24 0x23  sw      x11, 8(x2)
	    20    0x05 0x81 0x05 0x93  addi    x11, x2,  88
	    24    0x00 0xb1 0x26 0x23  sw      x11, 12(x2)
	    28    0x00 0x81 0x20 0x83  lw      x1,  8(x2)
	    32    0x00 0x41 0x25 0x83  lw      x11, 4(x2)
	    36    0x00 0xc1 0x25 0x03  lw      x10, 12(x2)
	    40    0x00 0x00 0xa0 0x83  lw      x1,  0(x1)
	    44    0x00 0x11 0x2c 0x23  sw      x1,  24(x2)
	    48    0x02 0xb1 0x24 0x23  sw      x11, 40(x2)
	    52    0x04 0xa1 0x2a 0x23  sw      x10, 84(x2)
	    56    0x00 0x20 0x05 0x93  li      x11, 2
	    60    0x00 0xb1 0x2a 0x23  sw      x11, 20(x2)
	    64    0xff 0xf0 0x05 0x93  li      x11, -1
	    68    0x00 0xb1 0x2e 0x23  sw      x11, 28(x2)
	    72    0x01 0x41 0x05 0x13  addi    x10, x2,  20
.call
	    76    0x00 0x00 0x00 0xef  call    clib_hosted_io
	    80    0x01 0xc1 0x25 0x83  lw      x11, 28(x2)
	    84    0x00 0xb1 0x28 0x23  sw      x11, 16(x2)
	    88    0x00 0x01 0x25 0x83  lw      x11, 0(x2)
	    92    0x01 0x01 0x25 0x03  lw      x10, 16(x2)
	    96    0x05 0x81 0x01 0x13  addi    x2,  x2,  88
.label fprintf__end last
.rts
	   100    0x00 0x05 0x80 0x67  jr      x11

.text_segment_name
.text global 0 printf
	     0    0xff 0x01 0x01 0x13  addi    x2,  x2,  -16
	     4    0x00 0x00 0x00 0x33  nop
	     8    0x00 0xb1 0x22 0x23  sw      x11, 4(x2)
	    12    0x00 0x11 0x20 0x23  sw      x1,  0(x2)
	    16    0x01 0x01 0x06 0x13  addi    x12, x2,  16
	    20    0x00 0xc1 0x24 0x23  sw      x12, 8(x2)
	    24    0x00 0x41 0x26 0x03  lw      x12, 4(x2)
	    28    0x00 0x81 0x26 0x83  lw      x13, 8(x2)
	    32    0x00 0x00 0x25 0x83  lw      x11, stdout(x0)
.call
	    36    0x00 0x00 0x00 0xef  call    vfprintf
	    40    0x00 0xa1 0x26 0x23  sw      x10, 12(x2)
	    44    0x00 0x01 0x26 0x03  lw      x12, 0(x2)
	    48    0x00 0xc1 0x25 0x03  lw      x10, 12(x2)
	    52    0x01 0x01 0x01 0x13  addi    x2,  x2,  16
.label printf__end last
.rts
	    56    0x00 0x06 0x00 0x67  jr      x12

.undef global data stdout

.undef global text vfprintf

.text_segment_name
.text global 0 vfscanf
	     0    0xfa 0xc1 0x01 0x13  addi    x2,  x2,  -84
	     4    0x00 0x00 0x00 0x33  nop
	     8    0x00 0xd1 0x22 0x23  sw      x13, 4(x2)
	    12    0x00 0x11 0x20 0x23  sw      x1,  0(x2)
	    16    0x00 0xc1 0x24 0x23  sw      x12, 8(x2)
	    20    0x00 0xb1 0x26 0x23  sw      x11, 12(x2)
	    24    0x00 0xc1 0x26 0x03  lw      x12, 12(x2)
	    28    0x00 0x81 0x25 0x83  lw      x11, 8(x2)
	    32    0x00 0x41 0x25 0x03  lw      x10, 4(x2)
	    36    0x00 0x06 0x26 0x03  lw      x12, 0(x12)
	    40    0x00 0xc1 0x2a 0x23  sw      x12, 20(x2)
	    44    0x02 0xb1 0x22 0x23  sw      x11, 36(x2)
	    48    0x04 0xa1 0x28 0x23  sw      x10, 80(x2)
	    52    0x00 0x30 0x05 0x93  li      x11, 3
	    56    0x00 0xb1 0x28 0x23  sw      x11, 16(x2)
	    60    0xff 0xf0 0x05 0x93  li      x11, -1
	    64    0x00 0xb1 0x2c 0x23  sw      x11, 24(x2)
	    68    0x01 0x01 0x05 0x13  addi    x10, x2,  16
.call
	    72    0x00 0x00 0x00 0xef  call    clib_hosted_io
	    76    0x01 0x81 0x25 0x03  lw      x10, 24(x2)
	    80    0x00 0x01 0x25 0x83  lw      x11, 0(x2)
	    84    0x05 0x41 0x01 0x13  addi    x2,  x2,  84
.label vfscanf__end last
.rts
	    88    0x00 0x05 0x80 0x67  jr      x11

.text_segment_name
.text global 0 fscanf
	     0    0xfa 0x81 0x01 0x13  addi    x2,  x2,  -88
	     4    0x00 0x00 0x00 0x33  nop
	     8    0x00 0xc1 0x22 0x23  sw      x12, 4(x2)
	    12    0x00 0x11 0x20 0x23  sw      x1,  0(x2)
	    16    0x00 0xb1 0x24 0x23  sw      x11, 8(x2)
	    20    0x05 0x81 0x05 0x93  addi    x11, x2,  88
	    24    0x00 0xb1 0x26 0x23  sw      x11, 12(x2)
	    28    0x00 0x81 0x20 0x83  lw      x1,  8(x2)
	    32    0x00 0x41 0x25 0x83  lw      x11, 4(x2)
	    36    0x00 0xc1 0x25 0x03  lw      x10, 12(x2)
	    40    0x00 0x00 0xa0 0x83  lw      x1,  0(x1)
	    44    0x00 0x11 0x2c 0x23  sw      x1,  24(x2)
	    48    0x02 0xb1 0x24 0x23  sw      x11, 40(x2)
	    52    0x04 0xa1 0x2a 0x23  sw      x10, 84(x2)
	    56    0x00 0x30 0x05 0x93  li      x11, 3
	    60    0x00 0xb1 0x2a 0x23  sw      x11, 20(x2)
	    64    0xff 0xf0 0x05 0x93  li      x11, -1
	    68    0x00 0xb1 0x2e 0x23  sw      x11, 28(x2)
	    72    0x01 0x41 0x05 0x13  addi    x10, x2,  20
.call
	    76    0x00 0x00 0x00 0xef  call    clib_hosted_io
	    80    0x01 0xc1 0x25 0x83  lw      x11, 28(x2)
	    84    0x00 0xb1 0x28 0x23  sw      x11, 16(x2)
	    88    0x00 0x01 0x25 0x83  lw      x11, 0(x2)
	    92    0x01 0x01 0x25 0x03  lw      x10, 16(x2)
	    96    0x05 0x81 0x01 0x13  addi    x2,  x2,  88
.label fscanf__end last
.rts
	   100    0x00 0x05 0x80 0x67  jr      x11

.text_segment_name
.text global 0 scanf
	     0    0xff 0x01 0x01 0x13  addi    x2,  x2,  -16
	     4    0x00 0x00 0x00 0x33  nop
	     8    0x00 0xb1 0x22 0x23  sw      x11, 4(x2)
	    12    0x00 0x11 0x20 0x23  sw      x1,  0(x2)
	    16    0x01 0x01 0x06 0x13  addi    x12, x2,  16
	    20    0x00 0xc1 0x24 0x23  sw      x12, 8(x2)
	    24    0x00 0x41 0x26 0x03  lw      x12, 4(x2)
	    28    0x00 0x81 0x26 0x83  lw      x13, 8(x2)
	    32    0x00 0x00 0x25 0x83  lw      x11, stdin(x0)
.call
	    36    0x00 0x00 0x00 0xef  call    vfscanf
	    40    0x00 0xa1 0x26 0x23  sw      x10, 12(x2)
	    44    0x00 0x01 0x26 0x03  lw      x12, 0(x2)
	    48    0x00 0xc1 0x25 0x03  lw      x10, 12(x2)
	    52    0x01 0x01 0x01 0x13  addi    x2,  x2,  16
.label scanf__end last
.rts
	    56    0x00 0x06 0x00 0x67  jr      x12

.undef global data stdin

.undef global text vfscanf

.text_segment_name
.text global 0 fputc
	     0    0xfb 0x01 0x01 0x13  addi    x2,  x2,  -80
	     4    0x00 0x00 0x00 0x33  nop
	     8    0x00 0xc1 0x22 0x23  sw      x12, 4(x2)
	    12    0x00 0x11 0x20 0x23  sw      x1,  0(x2)
	    16    0x00 0xb1 0x24 0x23  sw      x11, 8(x2)
	    20    0x00 0x41 0x25 0x83  lw      x11, 4(x2)
	    24    0x00 0x00 0x00 0x33  nop
	    28    0x00 0x05 0xa5 0x83  lw      x11, 0(x11)
	    32    0x00 0xb1 0x28 0x23  sw      x11, 16(x2)
	    36    0x00 0x81 0x25 0x83  lw      x11, 8(x2)
	    40    0x02 0xb1 0x28 0x23  sw      x11, 48(x2)
	    44    0x00 0x70 0x05 0x93  li      x11, 7
	    48    0x00 0xb1 0x26 0x23  sw      x11, 12(x2)
	    52    0xff 0xf0 0x05 0x93  li      x11, -1
	    56    0x00 0xb1 0x2a 0x23  sw      x11, 20(x2)
	    60    0x00 0xc1 0x05 0x13  addi    x10, x2,  12
.call
	    64    0x00 0x00 0x00 0xef  call    clib_hosted_io
	    68    0x00 0x01 0x25 0x83  lw      x11, 0(x2)
	    72    0x01 0x41 0x25 0x03  lw      x10, 20(x2)
	    76    0x05 0x01 0x01 0x13  addi    x2,  x2,  80
.label fputc__end last
.rts
	    80    0x00 0x05 0x80 0x67  jr      x11

.text_segment_name
.text global 0 ungetc
	     0    0xfb 0x01 0x01 0x13  addi    x2,  x2,  -80
	     4    0x00 0x00 0x00 0x33  nop
	     8    0x00 0xc1 0x22 0x23  sw      x12, 4(x2)
	    12    0x00 0x11 0x20 0x23  sw      x1,  0(x2)
	    16    0x00 0xb1 0x24 0x23  sw      x11, 8(x2)
	    20    0x00 0x41 0x25 0x83  lw      x11, 4(x2)
	    24    0x00 0x00 0x00 0x33  nop
	    28    0x00 0x05 0xa5 0x83  lw      x11, 0(x11)
	    32    0x00 0xb1 0x28 0x23  sw      x11, 16(x2)
	    36    0x00 0x81 0x25 0x83  lw      x11, 8(x2)
	    40    0x02 0xb1 0x28 0x23  sw      x11, 48(x2)
	    44    0x01 0xb0 0x05 0x93  li      x11, 27
	    48    0x00 0xb1 0x26 0x23  sw      x11, 12(x2)
	    52    0xff 0xf0 0x05 0x93  li      x11, -1
	    56    0x00 0xb1 0x2a 0x23  sw      x11, 20(x2)
	    60    0x00 0xc1 0x05 0x13  addi    x10, x2,  12
.call
	    64    0x00 0x00 0x00 0xef  call    clib_hosted_io
	    68    0x00 0x01 0x25 0x83  lw      x11, 0(x2)
	    72    0x01 0x41 0x25 0x03  lw      x10, 20(x2)
	    76    0x05 0x01 0x01 0x13  addi    x2,  x2,  80
.label ungetc__end last
.rts
	    80    0x00 0x05 0x80 0x67  jr      x11

.text_segment_name
.text global 0 fputs
	     0    0xfb 0x01 0x01 0x13  addi    x2,  x2,  -80
	     4    0x00 0x00 0x00 0x33  nop
	     8    0x00 0xc1 0x22 0x23  sw      x12, 4(x2)
	    12    0x00 0x11 0x20 0x23  sw      x1,  0(x2)
	    16    0x00 0xb1 0x24 0x23  sw      x11, 8(x2)
	    20    0x00 0x41 0x25 0x83  lw      x11, 4(x2)
	    24    0x00 0x00 0x00 0x33  nop
	    28    0x00 0x05 0xa5 0x83  lw      x11, 0(x11)
	    32    0x00 0xb1 0x28 0x23  sw      x11, 16(x2)
	    36    0x00 0x81 0x25 0x83  lw      x11, 8(x2)
	    40    0x02 0xb1 0x2a 0x23  sw      x11, 52(x2)
	    44    0x00 0xa0 0x05 0x93  li      x11, 10
	    48    0x00 0xb1 0x26 0x23  sw      x11, 12(x2)
	    52    0xff 0xf0 0x05 0x93  li      x11, -1
	    56    0x00 0xb1 0x2a 0x23  sw      x11, 20(x2)
	    60    0x00 0xc1 0x05 0x13  addi    x10, x2,  12
.call
	    64    0x00 0x00 0x00 0xef  call    clib_hosted_io
	    68    0x00 0x01 0x25 0x83  lw      x11, 0(x2)
	    72    0x01 0x41 0x25 0x03  lw      x10, 20(x2)
	    76    0x05 0x01 0x01 0x13  addi    x2,  x2,  80
.label fputs__end last
.rts
	    80    0x00 0x05 0x80 0x67  jr      x11

.text_segment_name
.text global 0 fgetc
	     0    0xfb 0x41 0x01 0x13  addi    x2,  x2,  -76
	     4    0x00 0x00 0x00 0x33  nop
	     8    0x00 0xb1 0x22 0x23  sw      x11, 4(x2)
	    12    0x00 0x11 0x20 0x23  sw      x1,  0(x2)
	    16    0x00 0x41 0x25 0x03  lw      x10, 4(x2)
	    20    0x00 0x00 0x00 0x33  nop
	    24    0x00 0x05 0x25 0x03  lw      x10, 0(x10)
	    28    0x00 0xa1 0x26 0x23  sw      x10, 12(x2)
	    32    0x00 0x80 0x05 0x13  li      x10, 8
	    36    0x00 0xa1 0x24 0x23  sw      x10, 8(x2)
	    40    0xff 0xf0 0x05 0x13  li      x10, -1
	    44    0x00 0xa1 0x28 0x23  sw      x10, 16(x2)
	    48    0x00 0x81 0x05 0x13  addi    x10, x2,  8
.call
	    52    0x00 0x00 0x00 0xef  call    clib_hosted_io
	    56    0x00 0x01 0x20 0x83  lw      x1,  0(x2)
	    60    0x01 0x01 0x25 0x03  lw      x10, 16(x2)
	    64    0x04 0xc1 0x01 0x13  addi    x2,  x2,  76
.label fgetc__end last
.rts
	    68    0x00 0x00 0x80 0x67  ret

.text_segment_name
.text global 0 fgets
	     0    0xfa 0xc1 0x01 0x13  addi    x2,  x2,  -84
	     4    0x00 0x00 0x00 0x33  nop
	     8    0x00 0xd1 0x22 0x23  sw      x13, 4(x2)
	    12    0x00 0x11 0x20 0x23  sw      x1,  0(x2)
	    16    0x00 0xc1 0x24 0x23  sw      x12, 8(x2)
	    20    0x00 0xb1 0x26 0x23  sw      x11, 12(x2)
	    24    0x00 0x41 0x25 0x83  lw      x11, 4(x2)
	    28    0x00 0x00 0x00 0x33  nop
	    32    0x00 0x05 0xa5 0x83  lw      x11, 0(x11)
	    36    0x00 0xb1 0x2a 0x23  sw      x11, 20(x2)
	    40    0x00 0xc1 0x25 0x83  lw      x11, 12(x2)
	    44    0x02 0xb1 0x2e 0x23  sw      x11, 60(x2)
	    48    0x00 0x81 0x25 0x83  lw      x11, 8(x2)
	    52    0x04 0xb1 0x20 0x23  sw      x11, 64(x2)
	    56    0x00 0xb0 0x05 0x93  li      x11, 11
	    60    0x00 0xb1 0x28 0x23  sw      x11, 16(x2)
	    64    0x00 0x90 0x05 0x93  li      x11, 9
	    68    0x00 0xb1 0x2c 0x23  sw      x11, 24(x2)
	    72    0x01 0x01 0x05 0x13  addi    x10, x2,  16
.call
	    76    0x00 0x00 0x00 0xef  call    clib_hosted_io
	    80    0x01 0x81 0x25 0x83  lw      x11, 24(x2)
	    84    0x00 0xb0 0x16 0x63  bnez    x11, 12
	    88    0x00 0xc1 0x25 0x03  lw      x10, 12(x2)
	    92    0x00 0x80 0x00 0x6f  j       8
	    96    0x00 0x00 0x05 0x13  li      x10, 0
	   100    0x00 0x01 0x25 0x83  lw      x11, 0(x2)
	   104    0x05 0x41 0x01 0x13  addi    x2,  x2,  84
.label fgets__end last
.rts
	   108    0x00 0x05 0x80 0x67  jr      x11

.text_segment_name
.text global 0 gets
	     0    0xfb 0x41 0x01 0x13  addi    x2,  x2,  -76
	     4    0x00 0x00 0x00 0x33  nop
	     8    0x00 0xb1 0x22 0x23  sw      x11, 4(x2)
	    12    0x00 0x11 0x20 0x23  sw      x1,  0(x2)
	    16    0x00 0x41 0x25 0x03  lw      x10, 4(x2)
	    20    0x02 0xa1 0x2a 0x23  sw      x10, 52(x2)
	    24    0x01 0xd0 0x05 0x13  li      x10, 29
	    28    0x00 0xa1 0x24 0x23  sw      x10, 8(x2)
	    32    0x00 0x90 0x05 0x13  li      x10, 9
	    36    0x00 0xa1 0x28 0x23  sw      x10, 16(x2)
	    40    0x00 0x81 0x05 0x13  addi    x10, x2,  8
.call
	    44    0x00 0x00 0x00 0xef  call    clib_hosted_io
	    48    0x01 0x01 0x25 0x03  lw      x10, 16(x2)
	    52    0x00 0xa0 0x16 0x63  bnez    x10, 12
	    56    0x00 0x41 0x25 0x03  lw      x10, 4(x2)
	    60    0x00 0x80 0x00 0x6f  j       8
	    64    0x00 0x00 0x05 0x13  li      x10, 0
	    68    0x00 0x01 0x20 0x83  lw      x1,  0(x2)
	    72    0x04 0xc1 0x01 0x13  addi    x2,  x2,  76
.label gets__end last
.rts
	    76    0x00 0x00 0x80 0x67  ret

.text_segment_name
.text global 0 fwrite
	     0    0xfa 0x81 0x01 0x13  addi    x2,  x2,  -88
	     4    0x00 0x00 0x00 0x33  nop
	     8    0x00 0xe1 0x22 0x23  sw      x14, 4(x2)
	    12    0x00 0x11 0x20 0x23  sw      x1,  0(x2)
	    16    0x00 0xd1 0x24 0x23  sw      x13, 8(x2)
	    20    0x00 0xc1 0x26 0x23  sw      x12, 12(x2)
	    24    0x00 0xb1 0x28 0x23  sw      x11, 16(x2)
	    28    0x00 0x41 0x25 0x83  lw      x11, 4(x2)
	    32    0x00 0x00 0x00 0x33  nop
	    36    0x00 0x05 0xa5 0x83  lw      x11, 0(x11)
	    40    0x00 0xb1 0x2c 0x23  sw      x11, 24(x2)
	    44    0x01 0x01 0x25 0x83  lw      x11, 16(x2)
	    48    0x04 0xb1 0x26 0x23  sw      x11, 76(x2)
	    52    0x00 0xc1 0x25 0x83  lw      x11, 12(x2)
	    56    0x04 0xb1 0x22 0x23  sw      x11, 68(x2)
	    60    0x00 0x81 0x25 0x83  lw      x11, 8(x2)
	    64    0x04 0xb1 0x24 0x23  sw      x11, 72(x2)
	    68    0x00 0x00 0x05 0x93  li      x11, _ZL13__strc60893a8
	    72    0x02 0xb1 0x20 0x23  sw      x11, 32(x2)
	    76    0x00 0xd0 0x05 0x93  li      x11, 13
	    80    0x00 0xb1 0x2a 0x23  sw      x11, 20(x2)
	    84    0x00 0x01 0x2e 0x23  sw      x0,  28(x2)
	    88    0x01 0x41 0x05 0x13  addi    x10, x2,  20
.call
	    92    0x00 0x00 0x00 0xef  call    clib_hosted_io
	    96    0x00 0x01 0x25 0x83  lw      x11, 0(x2)
	   100    0x01 0xc1 0x25 0x03  lw      x10, 28(x2)
	   104    0x05 0x81 0x01 0x13  addi    x2,  x2,  88
.label fwrite__end last
.rts
	   108    0x00 0x05 0x80 0x67  jr      x11

.text_segment_name
.text global 0 fread
	     0    0xfa 0x81 0x01 0x13  addi    x2,  x2,  -88
	     4    0x00 0x00 0x00 0x33  nop
	     8    0x00 0xe1 0x22 0x23  sw      x14, 4(x2)
	    12    0x00 0x11 0x20 0x23  sw      x1,  0(x2)
	    16    0x00 0xd1 0x24 0x23  sw      x13, 8(x2)
	    20    0x00 0xc1 0x26 0x23  sw      x12, 12(x2)
	    24    0x00 0xb1 0x28 0x23  sw      x11, 16(x2)
	    28    0x00 0x41 0x25 0x83  lw      x11, 4(x2)
	    32    0x00 0x00 0x00 0x33  nop
	    36    0x00 0x05 0xa5 0x83  lw      x11, 0(x11)
	    40    0x00 0xb1 0x2c 0x23  sw      x11, 24(x2)
	    44    0x01 0x01 0x25 0x83  lw      x11, 16(x2)
	    48    0x04 0xb1 0x28 0x23  sw      x11, 80(x2)
	    52    0x00 0xc1 0x25 0x83  lw      x11, 12(x2)
	    56    0x04 0xb1 0x22 0x23  sw      x11, 68(x2)
	    60    0x00 0x81 0x25 0x83  lw      x11, 8(x2)
	    64    0x04 0xb1 0x24 0x23  sw      x11, 72(x2)
	    68    0x00 0x00 0x05 0x93  li      x11, _ZL13__strc60893a8
	    72    0x02 0xb1 0x20 0x23  sw      x11, 32(x2)
	    76    0x00 0xc0 0x05 0x93  li      x11, 12
	    80    0x00 0xb1 0x2a 0x23  sw      x11, 20(x2)
	    84    0x00 0x01 0x2e 0x23  sw      x0,  28(x2)
	    88    0x01 0x41 0x05 0x13  addi    x10, x2,  20
.call
	    92    0x00 0x00 0x00 0xef  call    clib_hosted_io
	    96    0x00 0x01 0x25 0x83  lw      x11, 0(x2)
	   100    0x01 0xc1 0x25 0x03  lw      x10, 28(x2)
	   104    0x05 0x81 0x01 0x13  addi    x2,  x2,  88
.label fread__end last
.rts
	   108    0x00 0x05 0x80 0x67  jr      x11

.text_segment_name
.text global 0 fwrite_word
	     0    0xfa 0x41 0x01 0x13  addi    x2,  x2,  -92
	     4    0x00 0x00 0x00 0x33  nop
	     8    0x00 0xf1 0x22 0x23  sw      x15, 4(x2)
	    12    0x00 0x11 0x20 0x23  sw      x1,  0(x2)
	    16    0x00 0xe1 0x24 0x23  sw      x14, 8(x2)
	    20    0x00 0xd1 0x26 0x23  sw      x13, 12(x2)
	    24    0x00 0xc1 0x28 0x23  sw      x12, 16(x2)
	    28    0x00 0xb1 0x2a 0x23  sw      x11, 20(x2)
	    32    0x00 0x41 0x25 0x83  lw      x11, 4(x2)
	    36    0x00 0x00 0x00 0x33  nop
	    40    0x00 0x05 0xa5 0x83  lw      x11, 0(x11)
	    44    0x00 0xb1 0x2e 0x23  sw      x11, 28(x2)
	    48    0x01 0x41 0x25 0x83  lw      x11, 20(x2)
	    52    0x04 0xb1 0x28 0x23  sw      x11, 80(x2)
	    56    0x01 0x01 0x25 0x83  lw      x11, 16(x2)
	    60    0x04 0xb1 0x24 0x23  sw      x11, 72(x2)
	    64    0x00 0xc1 0x25 0x83  lw      x11, 12(x2)
	    68    0x04 0xb1 0x26 0x23  sw      x11, 76(x2)
	    72    0x00 0x81 0x25 0x83  lw      x11, 8(x2)
	    76    0x02 0xb1 0x2a 0x23  sw      x11, 52(x2)
	    80    0x00 0x00 0x05 0x93  li      x11, _ZL13__strc60893a8
	    84    0x02 0xb1 0x22 0x23  sw      x11, 36(x2)
	    88    0x01 0x20 0x05 0x93  li      x11, 18
	    92    0x00 0xb1 0x2c 0x23  sw      x11, 24(x2)
	    96    0x02 0x01 0x20 0x23  sw      x0,  32(x2)
	   100    0x01 0x81 0x05 0x13  addi    x10, x2,  24
.call
	   104    0x00 0x00 0x00 0xef  call    clib_hosted_io
	   108    0x00 0x01 0x25 0x83  lw      x11, 0(x2)
	   112    0x02 0x01 0x25 0x03  lw      x10, 32(x2)
	   116    0x05 0xc1 0x01 0x13  addi    x2,  x2,  92
.label fwrite_word__end last
.rts
	   120    0x00 0x05 0x80 0x67  jr      x11

.text_segment_name
.text global 0 fread_word
	     0    0xfa 0x41 0x01 0x13  addi    x2,  x2,  -92
	     4    0x00 0x00 0x00 0x33  nop
	     8    0x00 0xf1 0x22 0x23  sw      x15, 4(x2)
	    12    0x00 0x11 0x20 0x23  sw      x1,  0(x2)
	    16    0x00 0xe1 0x24 0x23  sw      x14, 8(x2)
	    20    0x00 0xd1 0x26 0x23  sw      x13, 12(x2)
	    24    0x00 0xc1 0x28 0x23  sw      x12, 16(x2)
	    28    0x00 0xb1 0x2a 0x23  sw      x11, 20(x2)
	    32    0x00 0x41 0x25 0x83  lw      x11, 4(x2)
	    36    0x00 0x00 0x00 0x33  nop
	    40    0x00 0x05 0xa5 0x83  lw      x11, 0(x11)
	    44    0x00 0xb1 0x2e 0x23  sw      x11, 28(x2)
	    48    0x01 0x41 0x25 0x83  lw      x11, 20(x2)
	    52    0x04 0xb1 0x2a 0x23  sw      x11, 84(x2)
	    56    0x01 0x01 0x25 0x83  lw      x11, 16(x2)
	    60    0x04 0xb1 0x24 0x23  sw      x11, 72(x2)
	    64    0x00 0xc1 0x25 0x83  lw      x11, 12(x2)
	    68    0x04 0xb1 0x26 0x23  sw      x11, 76(x2)
	    72    0x00 0x81 0x25 0x83  lw      x11, 8(x2)
	    76    0x02 0xb1 0x2a 0x23  sw      x11, 52(x2)
	    80    0x00 0x00 0x05 0x93  li      x11, _ZL13__strc60893a8
	    84    0x02 0xb1 0x22 0x23  sw      x11, 36(x2)
	    88    0x01 0x10 0x05 0x93  li      x11, 17
	    92    0x00 0xb1 0x2c 0x23  sw      x11, 24(x2)
	    96    0x02 0x01 0x20 0x23  sw      x0,  32(x2)
	   100    0x01 0x81 0x05 0x13  addi    x10, x2,  24
.call
	   104    0x00 0x00 0x00 0xef  call    clib_hosted_io
	   108    0x00 0x01 0x25 0x83  lw      x11, 0(x2)
	   112    0x02 0x01 0x25 0x03  lw      x10, 32(x2)
	   116    0x05 0xc1 0x01 0x13  addi    x2,  x2,  92
.label fread_word__end last
.rts
	   120    0x00 0x05 0x80 0x67  jr      x11

.text_segment_name
.text global 0 remove
	     0    0xfb 0x41 0x01 0x13  addi    x2,  x2,  -76
	     4    0x00 0x00 0x00 0x33  nop
	     8    0x00 0xb1 0x22 0x23  sw      x11, 4(x2)
	    12    0x00 0x11 0x20 0x23  sw      x1,  0(x2)
	    16    0x00 0x41 0x25 0x03  lw      x10, 4(x2)
	    20    0x00 0xa1 0x2a 0x23  sw      x10, 20(x2)
	    24    0x01 0x30 0x05 0x13  li      x10, 19
	    28    0x00 0xa1 0x24 0x23  sw      x10, 8(x2)
	    32    0x00 0x01 0x28 0x23  sw      x0,  16(x2)
	    36    0x00 0x81 0x05 0x13  addi    x10, x2,  8
.call
	    40    0x00 0x00 0x00 0xef  call    clib_hosted_io
	    44    0x01 0x01 0x25 0x03  lw      x10, 16(x2)
	    48    0x00 0xa0 0x16 0x63  bnez    x10, 12
	    52    0x00 0x00 0x05 0x13  li      x10, 0
	    56    0x01 0x00 0x00 0x6f  j       16
	    60    0x01 0x01 0x25 0x03  lw      x10, 16(x2)
	    64    0x00 0xa0 0x20 0x23  sw      x10, errno(x0)
	    68    0xff 0xf0 0x05 0x13  li      x10, -1
	    72    0x00 0x01 0x20 0x83  lw      x1,  0(x2)
	    76    0x04 0xc1 0x01 0x13  addi    x2,  x2,  76
.label remove__end last
.rts
	    80    0x00 0x00 0x80 0x67  ret

.undef global data errno

.text_segment_name
.text global 0 rename
	     0    0xfb 0x01 0x01 0x13  addi    x2,  x2,  -80
	     4    0x00 0x00 0x00 0x33  nop
	     8    0x00 0xc1 0x22 0x23  sw      x12, 4(x2)
	    12    0x00 0x11 0x20 0x23  sw      x1,  0(x2)
	    16    0x00 0xb1 0x24 0x23  sw      x11, 8(x2)
	    20    0x00 0x41 0x25 0x03  lw      x10, 4(x2)
	    24    0x00 0xa1 0x2c 0x23  sw      x10, 24(x2)
	    28    0x00 0x81 0x25 0x03  lw      x10, 8(x2)
	    32    0x00 0xa1 0x2e 0x23  sw      x10, 28(x2)
	    36    0x01 0x40 0x05 0x13  li      x10, 20
	    40    0x00 0xa1 0x26 0x23  sw      x10, 12(x2)
	    44    0x00 0x01 0x2a 0x23  sw      x0,  20(x2)
	    48    0x00 0xc1 0x05 0x13  addi    x10, x2,  12
.call
	    52    0x00 0x00 0x00 0xef  call    clib_hosted_io
	    56    0x01 0x41 0x25 0x03  lw      x10, 20(x2)
	    60    0x00 0xa0 0x16 0x63  bnez    x10, 12
	    64    0x00 0x00 0x05 0x13  li      x10, 0
	    68    0x01 0x00 0x00 0x6f  j       16
	    72    0x01 0x41 0x25 0x03  lw      x10, 20(x2)
	    76    0x00 0xa0 0x20 0x23  sw      x10, errno(x0)
	    80    0xff 0xf0 0x05 0x13  li      x10, -1
	    84    0x00 0x01 0x25 0x83  lw      x11, 0(x2)
	    88    0x05 0x01 0x01 0x13  addi    x2,  x2,  80
.label rename__end last
.rts
	    92    0x00 0x05 0x80 0x67  jr      x11

.undef global data errno

.text_segment_name
.text global 0 tmpfile
	     0    0xfb 0x41 0x01 0x13  addi    x2,  x2,  -76
	     4    0x00 0x00 0x00 0x33  nop
	     8    0x04 0x01 0x24 0x23  sw      x0,  72(x2)
	    12    0x01 0x00 0x05 0x13  li      x10, 16
	    16    0x04 0x81 0x21 0x83  lw      x3,  72(x2)
	    20    0x00 0x31 0x91 0x93  slli    x3,  x3,  3
.rela 5 _ZL18_hosted_clib_files 0
	    24    0x00 0x01 0x81 0x93  mv      x3,  x3
	    28    0x00 0x00 0x00 0x33  nop
	    32    0x00 0x41 0xa1 0x83  lw      x3,  4(x3)
	    36    0x00 0x30 0x0c 0x63  beqz    x3,  24
	    40    0x04 0x81 0x21 0x83  lw      x3,  72(x2)
	    44    0x00 0x11 0x81 0x93  addi    x3,  x3,  1
	    48    0x04 0x31 0x24 0x23  sw      x3,  72(x2)
	    52    0x04 0x81 0x21 0x83  lw      x3,  72(x2)
	    56    0xfc 0xa1 0xcc 0xe3  blt     x3,  x10, -40
.label __ll1_tmpfile
	    60    0x04 0x81 0x21 0x83  lw      x3,  72(x2)
	    64    0x00 0x11 0x20 0x23  sw      x1,  0(x2)
	    68    0x06 0xa1 0xd4 0x63  bge     x3,  x10, 104
	    72    0x01 0x50 0x00 0x93  li      x1,  21
	    76    0x00 0x11 0x22 0x23  sw      x1,  4(x2)
	    80    0x00 0x90 0x00 0x93  li      x1,  9
	    84    0x00 0x11 0x26 0x23  sw      x1,  12(x2)
	    88    0x00 0x41 0x05 0x13  addi    x10, x2,  4
.call
	    92    0x00 0x00 0x00 0xef  call    clib_hosted_io
	    96    0x00 0xc1 0x20 0x83  lw      x1,  12(x2)
	   100    0x02 0x10 0x1c 0x63  bnez    x1,  56
	   104    0x04 0x81 0x20 0x83  lw      x1,  72(x2)
	   108    0x00 0x30 0x90 0x93  slli    x1,  x1,  3
	   112    0x00 0x81 0x25 0x03  lw      x10, 8(x2)
	   116    0x00 0xa0 0xa0 0x23  sw      x10, _ZL18_hosted_clib_files(x1)
	   120    0x04 0x81 0x20 0x83  lw      x1,  72(x2)
	   124    0x00 0x30 0x90 0x93  slli    x1,  x1,  3
.rela 5 _ZL18_hosted_clib_files 0
	   128    0x00 0x00 0x80 0x93  mv      x1,  x1
	   132    0x00 0x10 0x05 0x13  li      x10, 1
	   136    0x00 0xa0 0xa2 0x23  sw      x10, 4(x1)
	   140    0x04 0x81 0x20 0x83  lw      x1,  72(x2)
	   144    0x00 0x30 0x90 0x93  slli    x1,  x1,  3
.rela 5 _ZL18_hosted_clib_files 0
	   148    0x00 0x00 0x85 0x13  mv      x10, x1
	   152    0x02 0x00 0x00 0x6f  j       32
	   156    0x00 0xc1 0x20 0x83  lw      x1,  12(x2)
	   160    0x00 0x10 0x20 0x23  sw      x1,  errno(x0)
	   164    0x00 0x00 0x05 0x13  li      x10, 0
	   168    0x01 0x00 0x00 0x6f  j       16
	   172    0x01 0x80 0x00 0x93  li      x1,  24
	   176    0x00 0x10 0x20 0x23  sw      x1,  errno(x0)
	   180    0x00 0x00 0x05 0x13  li      x10, 0
	   184    0x00 0x01 0x20 0x83  lw      x1,  0(x2)
	   188    0x04 0xc1 0x01 0x13  addi    x2,  x2,  76
.label tmpfile__end last
.rts
	   192    0x00 0x00 0x80 0x67  ret

.undef global data errno

.text_segment_name
.text global 0 mkstemp
	     0    0xfb 0x41 0x01 0x13  addi    x2,  x2,  -76
	     4    0x00 0x00 0x00 0x33  nop
	     8    0x00 0xb1 0x22 0x23  sw      x11, 4(x2)
	    12    0x00 0x11 0x20 0x23  sw      x1,  0(x2)
	    16    0x00 0x41 0x25 0x03  lw      x10, 4(x2)
	    20    0x02 0xa1 0x28 0x23  sw      x10, 48(x2)
	    24    0x00 0x41 0x25 0x03  lw      x10, 4(x2)
	    28    0x02 0xa1 0x2a 0x23  sw      x10, 52(x2)
	    32    0x01 0xe0 0x05 0x13  li      x10, 30
	    36    0x00 0xa1 0x24 0x23  sw      x10, 8(x2)
	    40    0x00 0x01 0x28 0x23  sw      x0,  16(x2)
	    44    0x00 0x81 0x05 0x13  addi    x10, x2,  8
.call
	    48    0x00 0x00 0x00 0xef  call    clib_hosted_io
	    52    0x00 0x01 0x20 0x83  lw      x1,  0(x2)
	    56    0x01 0x01 0x25 0x03  lw      x10, 16(x2)
	    60    0x04 0xc1 0x01 0x13  addi    x2,  x2,  76
.label mkstemp__end last
.rts
	    64    0x00 0x00 0x80 0x67  ret

.text_segment_name
.text global 0 fdopen
	     0    0xfa 0xc1 0x01 0x13  addi    x2,  x2,  -84
	     4    0x00 0x00 0x00 0x33  nop
	     8    0x00 0xc1 0x22 0x23  sw      x12, 4(x2)
	    12    0x00 0xb1 0x24 0x23  sw      x11, 8(x2)
	    16    0x04 0x01 0x28 0x23  sw      x0,  80(x2)
	    20    0x01 0x00 0x05 0x13  li      x10, 16
	    24    0x05 0x01 0x25 0x83  lw      x11, 80(x2)
	    28    0x00 0x35 0x95 0x93  slli    x11, x11, 3
.rela 5 _ZL18_hosted_clib_files 0
	    32    0x00 0x05 0x85 0x93  mv      x11, x11
	    36    0x00 0x00 0x00 0x33  nop
	    40    0x00 0x45 0xa5 0x83  lw      x11, 4(x11)
	    44    0x00 0xb0 0x0c 0x63  beqz    x11, 24
	    48    0x05 0x01 0x25 0x83  lw      x11, 80(x2)
	    52    0x00 0x15 0x85 0x93  addi    x11, x11, 1
	    56    0x04 0xb1 0x28 0x23  sw      x11, 80(x2)
	    60    0x05 0x01 0x25 0x83  lw      x11, 80(x2)
	    64    0xfc 0xa5 0xcc 0xe3  blt     x11, x10, -40
.label __ll1_fdopen
	    68    0x05 0x01 0x25 0x83  lw      x11, 80(x2)
	    72    0x00 0x11 0x20 0x23  sw      x1,  0(x2)
	    76    0x06 0xa5 0xda 0x63  bge     x11, x10, 116
	    80    0x00 0x81 0x20 0x83  lw      x1,  8(x2)
	    84    0x00 0x11 0x28 0x23  sw      x1,  16(x2)
	    88    0x00 0x41 0x20 0x83  lw      x1,  4(x2)
	    92    0x00 0x11 0x2e 0x23  sw      x1,  28(x2)
	    96    0x01 0xf0 0x00 0x93  li      x1,  31
	   100    0x00 0x11 0x26 0x23  sw      x1,  12(x2)
	   104    0x00 0x01 0x2a 0x23  sw      x0,  20(x2)
	   108    0x00 0xc1 0x05 0x13  addi    x10, x2,  12
.call
	   112    0x00 0x00 0x00 0xef  call    clib_hosted_io
	   116    0x01 0x41 0x20 0x83  lw      x1,  20(x2)
	   120    0x02 0x10 0x1c 0x63  bnez    x1,  56
	   124    0x05 0x01 0x20 0x83  lw      x1,  80(x2)
	   128    0x00 0x30 0x90 0x93  slli    x1,  x1,  3
	   132    0x01 0x01 0x25 0x03  lw      x10, 16(x2)
	   136    0x00 0xa0 0xa0 0x23  sw      x10, _ZL18_hosted_clib_files(x1)
	   140    0x05 0x01 0x20 0x83  lw      x1,  80(x2)
	   144    0x00 0x30 0x90 0x93  slli    x1,  x1,  3
.rela 5 _ZL18_hosted_clib_files 0
	   148    0x00 0x00 0x80 0x93  mv      x1,  x1
	   152    0x00 0x10 0x05 0x13  li      x10, 1
	   156    0x00 0xa0 0xa2 0x23  sw      x10, 4(x1)
	   160    0x05 0x01 0x20 0x83  lw      x1,  80(x2)
	   164    0x00 0x30 0x90 0x93  slli    x1,  x1,  3
.rela 5 _ZL18_hosted_clib_files 0
	   168    0x00 0x00 0x85 0x13  mv      x10, x1
	   172    0x02 0x00 0x00 0x6f  j       32
	   176    0x01 0x41 0x20 0x83  lw      x1,  20(x2)
	   180    0x00 0x10 0x20 0x23  sw      x1,  errno(x0)
	   184    0x00 0x00 0x05 0x13  li      x10, 0
	   188    0x01 0x00 0x00 0x6f  j       16
	   192    0x01 0x80 0x00 0x93  li      x1,  24
	   196    0x00 0x10 0x20 0x23  sw      x1,  errno(x0)
	   200    0x00 0x00 0x05 0x13  li      x10, 0
	   204    0x00 0x01 0x20 0x83  lw      x1,  0(x2)
	   208    0x05 0x41 0x01 0x13  addi    x2,  x2,  84
.label fdopen__end last
.rts
	   212    0x00 0x00 0x80 0x67  ret

.undef global data errno

.text_segment_name
.text global 0 close
	     0    0xfb 0x41 0x01 0x13  addi    x2,  x2,  -76
	     4    0x00 0x00 0x00 0x33  nop
	     8    0x00 0xb1 0x22 0x23  sw      x11, 4(x2)
	    12    0x00 0x11 0x20 0x23  sw      x1,  0(x2)
	    16    0x00 0x41 0x25 0x03  lw      x10, 4(x2)
	    20    0x00 0xa1 0x26 0x23  sw      x10, 12(x2)
	    24    0x02 0x00 0x05 0x13  li      x10, 32
	    28    0x00 0xa1 0x24 0x23  sw      x10, 8(x2)
	    32    0x00 0x01 0x28 0x23  sw      x0,  16(x2)
	    36    0x00 0x81 0x05 0x13  addi    x10, x2,  8
.call
	    40    0x00 0x00 0x00 0xef  call    clib_hosted_io
	    44    0x01 0x01 0x25 0x03  lw      x10, 16(x2)
	    48    0x00 0xa0 0x16 0x63  bnez    x10, 12
	    52    0x00 0x00 0x05 0x13  li      x10, 0
	    56    0x01 0x00 0x00 0x6f  j       16
	    60    0x01 0x01 0x25 0x03  lw      x10, 16(x2)
	    64    0x00 0xa0 0x20 0x23  sw      x10, errno(x0)
	    68    0xff 0xf0 0x05 0x13  li      x10, -1
	    72    0x00 0x01 0x20 0x83  lw      x1,  0(x2)
	    76    0x04 0xc1 0x01 0x13  addi    x2,  x2,  76
.label close__end last
.rts
	    80    0x00 0x00 0x80 0x67  ret

.undef global data errno

.text_segment_name
.text global 0 sprintf
	     0    0xfa 0x81 0x01 0x13  addi    x2,  x2,  -88
	     4    0x00 0x00 0x00 0x33  nop
	     8    0x00 0xc1 0x22 0x23  sw      x12, 4(x2)
	    12    0x00 0x11 0x20 0x23  sw      x1,  0(x2)
	    16    0x00 0xb1 0x24 0x23  sw      x11, 8(x2)
	    20    0x05 0x81 0x05 0x93  addi    x11, x2,  88
	    24    0x00 0xb1 0x26 0x23  sw      x11, 12(x2)
	    28    0x00 0x81 0x20 0x83  lw      x1,  8(x2)
	    32    0x00 0x41 0x25 0x83  lw      x11, 4(x2)
	    36    0x00 0xc1 0x25 0x03  lw      x10, 12(x2)
	    40    0x04 0x11 0x20 0x23  sw      x1,  64(x2)
	    44    0x02 0xb1 0x24 0x23  sw      x11, 40(x2)
	    48    0x04 0xa1 0x2a 0x23  sw      x10, 84(x2)
	    52    0x01 0x70 0x05 0x93  li      x11, 23
	    56    0x00 0xb1 0x2a 0x23  sw      x11, 20(x2)
	    60    0xff 0xf0 0x05 0x93  li      x11, -1
	    64    0x00 0xb1 0x2e 0x23  sw      x11, 28(x2)
	    68    0x01 0x41 0x05 0x13  addi    x10, x2,  20
.call
	    72    0x00 0x00 0x00 0xef  call    clib_hosted_io
	    76    0x01 0xc1 0x25 0x83  lw      x11, 28(x2)
	    80    0x00 0xb1 0x28 0x23  sw      x11, 16(x2)
	    84    0x00 0x01 0x25 0x83  lw      x11, 0(x2)
	    88    0x01 0x01 0x25 0x03  lw      x10, 16(x2)
	    92    0x05 0x81 0x01 0x13  addi    x2,  x2,  88
.label sprintf__end last
.rts
	    96    0x00 0x05 0x80 0x67  jr      x11

.text_segment_name
.text global 0 snprintf
	     0    0xfa 0x41 0x01 0x13  addi    x2,  x2,  -92
	     4    0x00 0x00 0x00 0x33  nop
	     8    0x00 0xd1 0x22 0x23  sw      x13, 4(x2)
	    12    0x00 0x11 0x20 0x23  sw      x1,  0(x2)
	    16    0x00 0xc1 0x24 0x23  sw      x12, 8(x2)
	    20    0x00 0xb1 0x26 0x23  sw      x11, 12(x2)
	    24    0x05 0xc1 0x05 0x93  addi    x11, x2,  92
	    28    0x00 0xb1 0x28 0x23  sw      x11, 16(x2)
	    32    0x00 0xc1 0x20 0x83  lw      x1,  12(x2)
	    36    0x00 0x81 0x26 0x03  lw      x12, 8(x2)
	    40    0x00 0x41 0x25 0x83  lw      x11, 4(x2)
	    44    0x01 0x01 0x25 0x03  lw      x10, 16(x2)
	    48    0x04 0x11 0x22 0x23  sw      x1,  68(x2)
	    52    0x04 0xc1 0x24 0x23  sw      x12, 72(x2)
	    56    0x02 0xb1 0x26 0x23  sw      x11, 44(x2)
	    60    0x04 0xa1 0x2c 0x23  sw      x10, 88(x2)
	    64    0x01 0x80 0x05 0x93  li      x11, 24
	    68    0x00 0xb1 0x2c 0x23  sw      x11, 24(x2)
	    72    0xff 0xf0 0x05 0x93  li      x11, -1
	    76    0x02 0xb1 0x20 0x23  sw      x11, 32(x2)
	    80    0x01 0x81 0x05 0x13  addi    x10, x2,  24
.call
	    84    0x00 0x00 0x00 0xef  call    clib_hosted_io
	    88    0x02 0x01 0x25 0x83  lw      x11, 32(x2)
	    92    0x00 0xb1 0x2a 0x23  sw      x11, 20(x2)
	    96    0x00 0x01 0x25 0x83  lw      x11, 0(x2)
	   100    0x01 0x41 0x25 0x03  lw      x10, 20(x2)
	   104    0x05 0xc1 0x01 0x13  addi    x2,  x2,  92
.label snprintf__end last
.rts
	   108    0x00 0x05 0x80 0x67  jr      x11

.text_segment_name
.text global 0 vsprintf
	     0    0xfa 0xc1 0x01 0x13  addi    x2,  x2,  -84
	     4    0x00 0x00 0x00 0x33  nop
	     8    0x00 0xd1 0x22 0x23  sw      x13, 4(x2)
	    12    0x00 0x11 0x20 0x23  sw      x1,  0(x2)
	    16    0x00 0xc1 0x24 0x23  sw      x12, 8(x2)
	    20    0x00 0xb1 0x26 0x23  sw      x11, 12(x2)
	    24    0x00 0xc1 0x26 0x03  lw      x12, 12(x2)
	    28    0x00 0x81 0x25 0x83  lw      x11, 8(x2)
	    32    0x00 0x41 0x25 0x03  lw      x10, 4(x2)
	    36    0x02 0xc1 0x2e 0x23  sw      x12, 60(x2)
	    40    0x02 0xb1 0x22 0x23  sw      x11, 36(x2)
	    44    0x04 0xa1 0x28 0x23  sw      x10, 80(x2)
	    48    0x01 0x70 0x05 0x93  li      x11, 23
	    52    0x00 0xb1 0x28 0x23  sw      x11, 16(x2)
	    56    0xff 0xf0 0x05 0x93  li      x11, -1
	    60    0x00 0xb1 0x2c 0x23  sw      x11, 24(x2)
	    64    0x01 0x01 0x05 0x13  addi    x10, x2,  16
.call
	    68    0x00 0x00 0x00 0xef  call    clib_hosted_io
	    72    0x01 0x81 0x25 0x03  lw      x10, 24(x2)
	    76    0x00 0x01 0x25 0x83  lw      x11, 0(x2)
	    80    0x05 0x41 0x01 0x13  addi    x2,  x2,  84
.label vsprintf__end last
.rts
	    84    0x00 0x05 0x80 0x67  jr      x11

.text_segment_name
.text global 0 vsnprintf
	     0    0xfa 0x81 0x01 0x13  addi    x2,  x2,  -88
	     4    0x00 0x00 0x00 0x33  nop
	     8    0x00 0xe1 0x22 0x23  sw      x14, 4(x2)
	    12    0x00 0x11 0x20 0x23  sw      x1,  0(x2)
	    16    0x00 0xd1 0x24 0x23  sw      x13, 8(x2)
	    20    0x00 0xc1 0x26 0x23  sw      x12, 12(x2)
	    24    0x00 0xb1 0x28 0x23  sw      x11, 16(x2)
	    28    0x01 0x01 0x26 0x83  lw      x13, 16(x2)
	    32    0x00 0xc1 0x26 0x03  lw      x12, 12(x2)
	    36    0x00 0x81 0x25 0x83  lw      x11, 8(x2)
	    40    0x00 0x41 0x25 0x03  lw      x10, 4(x2)
	    44    0x04 0xd1 0x20 0x23  sw      x13, 64(x2)
	    48    0x04 0xc1 0x22 0x23  sw      x12, 68(x2)
	    52    0x02 0xb1 0x24 0x23  sw      x11, 40(x2)
	    56    0x04 0xa1 0x2a 0x23  sw      x10, 84(x2)
	    60    0x01 0x80 0x05 0x93  li      x11, 24
	    64    0x00 0xb1 0x2a 0x23  sw      x11, 20(x2)
	    68    0xff 0xf0 0x05 0x93  li      x11, -1
	    72    0x00 0xb1 0x2e 0x23  sw      x11, 28(x2)
	    76    0x01 0x41 0x05 0x13  addi    x10, x2,  20
.call
	    80    0x00 0x00 0x00 0xef  call    clib_hosted_io
	    84    0x01 0xc1 0x25 0x03  lw      x10, 28(x2)
	    88    0x00 0x01 0x25 0x83  lw      x11, 0(x2)
	    92    0x05 0x81 0x01 0x13  addi    x2,  x2,  88
.label vsnprintf__end last
.rts
	    96    0x00 0x05 0x80 0x67  jr      x11

.text_segment_name
.text global 0 sscanf
	     0    0xfa 0x81 0x01 0x13  addi    x2,  x2,  -88
	     4    0x00 0x00 0x00 0x33  nop
	     8    0x00 0xc1 0x22 0x23  sw      x12, 4(x2)
	    12    0x00 0x11 0x20 0x23  sw      x1,  0(x2)
	    16    0x00 0xb1 0x24 0x23  sw      x11, 8(x2)
	    20    0x05 0x81 0x05 0x93  addi    x11, x2,  88
	    24    0x00 0xb1 0x26 0x23  sw      x11, 12(x2)
	    28    0x00 0x81 0x20 0x83  lw      x1,  8(x2)
	    32    0x00 0x41 0x25 0x83  lw      x11, 4(x2)
	    36    0x00 0xc1 0x25 0x03  lw      x10, 12(x2)
	    40    0x02 0x11 0x2e 0x23  sw      x1,  60(x2)
	    44    0x02 0xb1 0x24 0x23  sw      x11, 40(x2)
	    48    0x04 0xa1 0x2a 0x23  sw      x10, 84(x2)
	    52    0x01 0x90 0x05 0x93  li      x11, 25
	    56    0x00 0xb1 0x2a 0x23  sw      x11, 20(x2)
	    60    0xff 0xf0 0x05 0x93  li      x11, -1
	    64    0x00 0xb1 0x2e 0x23  sw      x11, 28(x2)
	    68    0x01 0x41 0x05 0x13  addi    x10, x2,  20
.call
	    72    0x00 0x00 0x00 0xef  call    clib_hosted_io
	    76    0x01 0xc1 0x25 0x83  lw      x11, 28(x2)
	    80    0x00 0xb1 0x28 0x23  sw      x11, 16(x2)
	    84    0x00 0x01 0x25 0x83  lw      x11, 0(x2)
	    88    0x01 0x01 0x25 0x03  lw      x10, 16(x2)
	    92    0x05 0x81 0x01 0x13  addi    x2,  x2,  88
.label sscanf__end last
.rts
	    96    0x00 0x05 0x80 0x67  jr      x11

.text_segment_name
.text global 0 vsscanf
	     0    0xfa 0xc1 0x01 0x13  addi    x2,  x2,  -84
	     4    0x00 0x00 0x00 0x33  nop
	     8    0x00 0xd1 0x22 0x23  sw      x13, 4(x2)
	    12    0x00 0x11 0x20 0x23  sw      x1,  0(x2)
	    16    0x00 0xc1 0x24 0x23  sw      x12, 8(x2)
	    20    0x00 0xb1 0x26 0x23  sw      x11, 12(x2)
	    24    0x00 0xc1 0x26 0x03  lw      x12, 12(x2)
	    28    0x00 0x81 0x25 0x83  lw      x11, 8(x2)
	    32    0x00 0x41 0x25 0x03  lw      x10, 4(x2)
	    36    0x02 0xc1 0x2c 0x23  sw      x12, 56(x2)
	    40    0x02 0xb1 0x22 0x23  sw      x11, 36(x2)
	    44    0x04 0xa1 0x28 0x23  sw      x10, 80(x2)
	    48    0x01 0x90 0x05 0x93  li      x11, 25
	    52    0x00 0xb1 0x28 0x23  sw      x11, 16(x2)
	    56    0xff 0xf0 0x05 0x93  li      x11, -1
	    60    0x00 0xb1 0x2c 0x23  sw      x11, 24(x2)
	    64    0x01 0x01 0x05 0x13  addi    x10, x2,  16
.call
	    68    0x00 0x00 0x00 0xef  call    clib_hosted_io
	    72    0x01 0x81 0x25 0x03  lw      x10, 24(x2)
	    76    0x00 0x01 0x25 0x83  lw      x11, 0(x2)
	    80    0x05 0x41 0x01 0x13  addi    x2,  x2,  84
.label vsscanf__end last
.rts
	    84    0x00 0x05 0x80 0x67  jr      x11

