
; File generated by darts version U-2022.12#33f3808fcb#221128, Thu Feb 29 15:23:26 2024
; Copyright 2014-2022 Synopsys, Inc. All rights reserved.
; darts -I.. -d -h -I../runtime/include -DCHESS_CXX_ATTRIBUTES -D__tct_patch__=0 -L +Ihex Debug/string.o trv32p3_cnn

; Release: ipd U-2022.12
.data_segment_name
.bss local 4 _ZZ6strtokPcPKcE4last DMb_stat 4

.data_segment_name
.robss local 1 _ZL13__str0001003f DMb 1

.undef local data strtok__end

.undef local data _ZZ6strtokPcPKcE4last

.undef local data _ZL13__str0001003f

.undef global data strtok

.text_segment_name
.text global 0 memcpy
	     0    0xfe 0x81 0x01 0x13  addi    x2,  x2,  -24
	     4    0x00 0x00 0x00 0x33  nop
	     8    0x00 0xd1 0x20 0x23  sw      x13, 0(x2)
	    12    0x00 0xc1 0x22 0x23  sw      x12, 4(x2)
	    16    0x00 0xb1 0x24 0x23  sw      x11, 8(x2)
	    20    0x00 0x81 0x25 0x83  lw      x11, 8(x2)
	    24    0x00 0xb1 0x26 0x23  sw      x11, 12(x2)
	    28    0x00 0x41 0x25 0x83  lw      x11, 4(x2)
	    32    0x00 0xb1 0x28 0x23  sw      x11, 16(x2)
	    36    0x00 0x01 0x2a 0x23  sw      x0,  20(x2)
	    40    0x00 0x01 0x25 0x83  lw      x11, 0(x2)
	    44    0x02 0xb0 0x0e 0x63  beqz    x11, 60
	    48    0x01 0x01 0x25 0x83  lw      x11, 16(x2)
	    52    0x00 0xc1 0x26 0x03  lw      x12, 12(x2)
	    56    0x00 0x01 0x25 0x03  lw      x10, 0(x2)
	    60    0x01 0x41 0x22 0x03  lw      x4,  20(x2)
	    64    0x01 0x41 0x26 0x83  lw      x13, 20(x2)
	    68    0x00 0xb2 0x02 0xb3  add     x5,  x4,  x11
	    72    0x00 0xd6 0x01 0xb3  add     x3,  x12, x13
	    76    0x00 0x02 0x83 0x03  lb      x6,  0(x5)
	    80    0x00 0x61 0x80 0x23  sb      x6,  0(x3)
	    84    0x01 0x41 0x23 0x83  lw      x7,  20(x2)
	    88    0x00 0x13 0x84 0x13  addi    x8,  x7,  1
	    92    0x00 0x81 0x2a 0x23  sw      x8,  20(x2)
	    96    0x01 0x41 0x24 0x83  lw      x9,  20(x2)
	   100    0xfc 0xa4 0xec 0xe3  bltu    x9,  x10, -40
	   104    0x00 0x81 0x25 0x03  lw      x10, 8(x2)
	   108    0x01 0x81 0x01 0x13  addi    x2,  x2,  24
.label memcpy__end last
.rts
	   112    0x00 0x00 0x80 0x67  ret

.text_segment_name
.text global 0 memmove
	     0    0xfe 0x41 0x01 0x13  addi    x2,  x2,  -28
	     4    0x00 0x00 0x00 0x33  nop
	     8    0x00 0xd1 0x20 0x23  sw      x13, 0(x2)
	    12    0x00 0xc1 0x22 0x23  sw      x12, 4(x2)
	    16    0x00 0xb1 0x24 0x23  sw      x11, 8(x2)
	    20    0x00 0x81 0x25 0x83  lw      x11, 8(x2)
	    24    0x00 0xb1 0x26 0x23  sw      x11, 12(x2)
	    28    0x00 0x41 0x25 0x83  lw      x11, 4(x2)
	    32    0x00 0xb1 0x28 0x23  sw      x11, 16(x2)
	    36    0x00 0xc1 0x25 0x83  lw      x11, 12(x2)
	    40    0x01 0x01 0x26 0x03  lw      x12, 16(x2)
	    44    0x04 0xb6 0x78 0x63  bgeu    x12, x11, 80
	    48    0x00 0x01 0x25 0x83  lw      x11, 0(x2)
	    52    0xff 0xf5 0x85 0x93  addi    x11, x11, -1
	    56    0x00 0xb1 0x2a 0x23  sw      x11, 20(x2)
	    60    0x01 0x41 0x25 0x83  lw      x11, 20(x2)
	    64    0x08 0x05 0xc0 0x63  bltz    x11, 128
	    68    0x01 0x01 0x25 0x83  lw      x11, 16(x2)
	    72    0x00 0xc1 0x26 0x03  lw      x12, 12(x2)
	    76    0x01 0x41 0x21 0x83  lw      x3,  20(x2)
	    80    0x01 0x41 0x25 0x03  lw      x10, 20(x2)
	    84    0x00 0xb1 0x82 0x33  add     x4,  x3,  x11
	    88    0x00 0xa6 0x06 0xb3  add     x13, x12, x10
	    92    0x00 0x02 0x02 0x83  lb      x5,  0(x4)
	    96    0x00 0x56 0x80 0x23  sb      x5,  0(x13)
	   100    0x01 0x41 0x23 0x03  lw      x6,  20(x2)
	   104    0xff 0xf3 0x03 0x93  addi    x7,  x6,  -1
	   108    0x00 0x71 0x2a 0x23  sw      x7,  20(x2)
	   112    0x01 0x41 0x24 0x03  lw      x8,  20(x2)
	   116    0xfc 0x04 0x5c 0xe3  bgez    x8,  -40
	   120    0x04 0x80 0x00 0x6f  j       72
	   124    0x00 0x01 0x2c 0x23  sw      x0,  24(x2)
	   128    0x00 0x01 0x25 0x83  lw      x11, 0(x2)
	   132    0x02 0xb0 0x0e 0x63  beqz    x11, 60
	   136    0x01 0x01 0x25 0x83  lw      x11, 16(x2)
	   140    0x00 0xc1 0x26 0x03  lw      x12, 12(x2)
	   144    0x00 0x01 0x25 0x03  lw      x10, 0(x2)
	   148    0x01 0x81 0x22 0x03  lw      x4,  24(x2)
	   152    0x01 0x81 0x26 0x83  lw      x13, 24(x2)
	   156    0x00 0xb2 0x02 0xb3  add     x5,  x4,  x11
	   160    0x00 0xd6 0x01 0xb3  add     x3,  x12, x13
	   164    0x00 0x02 0x83 0x03  lb      x6,  0(x5)
	   168    0x00 0x61 0x80 0x23  sb      x6,  0(x3)
	   172    0x01 0x81 0x23 0x83  lw      x7,  24(x2)
	   176    0x00 0x13 0x84 0x13  addi    x8,  x7,  1
	   180    0x00 0x81 0x2c 0x23  sw      x8,  24(x2)
	   184    0x01 0x81 0x24 0x83  lw      x9,  24(x2)
	   188    0xfc 0xa4 0xec 0xe3  bltu    x9,  x10, -40
	   192    0x00 0x81 0x25 0x03  lw      x10, 8(x2)
	   196    0x01 0xc1 0x01 0x13  addi    x2,  x2,  28
.label memmove__end last
.rts
	   200    0x00 0x00 0x80 0x67  ret

.text_segment_name
.text global 0 strcpy
	     0    0xff 0x41 0x01 0x13  addi    x2,  x2,  -12
	     4    0x00 0x00 0x00 0x33  nop
	     8    0x00 0xc1 0x20 0x23  sw      x12, 0(x2)
	    12    0x00 0xb1 0x22 0x23  sw      x11, 4(x2)
	    16    0x00 0x41 0x25 0x83  lw      x11, 4(x2)
	    20    0x00 0xb1 0x24 0x23  sw      x11, 8(x2)
	    24    0x00 0x01 0x25 0x03  lw      x10, 0(x2)
	    28    0x00 0x15 0x05 0x93  addi    x11, x10, 1
	    32    0x00 0xb1 0x20 0x23  sw      x11, 0(x2)
	    36    0x00 0x41 0x25 0x83  lw      x11, 4(x2)
	    40    0x00 0x05 0x05 0x03  lb      x10, 0(x10)
	    44    0x00 0x15 0x86 0x13  addi    x12, x11, 1
	    48    0x00 0xc1 0x22 0x23  sw      x12, 4(x2)
	    52    0x00 0xa5 0x80 0x23  sb      x10, 0(x11)
	    56    0x02 0xa0 0x04 0x63  beqz    x10, 40
	    60    0x00 0x01 0x25 0x03  lw      x10, 0(x2)
	    64    0x00 0x15 0x01 0x93  addi    x3,  x10, 1
	    68    0x00 0x31 0x20 0x23  sw      x3,  0(x2)
	    72    0x00 0x41 0x25 0x83  lw      x11, 4(x2)
	    76    0x00 0x05 0x06 0x03  lb      x12, 0(x10)
	    80    0x00 0x15 0x82 0x13  addi    x4,  x11, 1
	    84    0x00 0x41 0x22 0x23  sw      x4,  4(x2)
	    88    0x00 0xc5 0x80 0x23  sb      x12, 0(x11)
	    92    0xfe 0xc0 0x10 0xe3  bnez    x12, -32
	    96    0x00 0x81 0x25 0x03  lw      x10, 8(x2)
	   100    0x00 0xc1 0x01 0x13  addi    x2,  x2,  12
.label strcpy__end last
.rts
	   104    0x00 0x00 0x80 0x67  ret

.text_segment_name
.text global 0 strncpy
	     0    0xfe 0xc1 0x01 0x13  addi    x2,  x2,  -20
	     4    0x00 0x00 0x00 0x33  nop
	     8    0x00 0xd1 0x20 0x23  sw      x13, 0(x2)
	    12    0x00 0xc1 0x22 0x23  sw      x12, 4(x2)
	    16    0x00 0xb1 0x24 0x23  sw      x11, 8(x2)
	    20    0x00 0x81 0x25 0x83  lw      x11, 8(x2)
	    24    0x00 0xb1 0x26 0x23  sw      x11, 12(x2)
	    28    0x00 0x01 0x25 0x83  lw      x11, 0(x2)
	    32    0x00 0xb1 0x28 0x23  sw      x11, 16(x2)
	    36    0x01 0x01 0x25 0x83  lw      x11, 16(x2)
	    40    0xff 0xf5 0x86 0x13  addi    x12, x11, -1
	    44    0x00 0xc1 0x28 0x23  sw      x12, 16(x2)
	    48    0x04 0xb0 0x0e 0x63  beqz    x11, 92
	    52    0x00 0x41 0x26 0x03  lw      x12, 4(x2)
	    56    0x00 0x16 0x05 0x93  addi    x11, x12, 1
	    60    0x00 0xb1 0x22 0x23  sw      x11, 4(x2)
	    64    0x00 0x81 0x25 0x83  lw      x11, 8(x2)
	    68    0x00 0x06 0x06 0x03  lb      x12, 0(x12)
	    72    0x00 0x15 0x85 0x13  addi    x10, x11, 1
	    76    0x00 0xa1 0x24 0x23  sw      x10, 8(x2)
	    80    0x00 0xc5 0x80 0x23  sb      x12, 0(x11)
	    84    0x02 0xc0 0x0c 0x63  beqz    x12, 56
	    88    0x01 0x01 0x25 0x83  lw      x11, 16(x2)
	    92    0xff 0xf5 0x86 0x13  addi    x12, x11, -1
	    96    0x00 0xc1 0x28 0x23  sw      x12, 16(x2)
	   100    0x02 0xb0 0x04 0x63  beqz    x11, 40
	   104    0x00 0x41 0x26 0x03  lw      x12, 4(x2)
	   108    0x00 0x16 0x05 0x93  addi    x11, x12, 1
	   112    0x00 0xb1 0x22 0x23  sw      x11, 4(x2)
	   116    0x00 0x81 0x25 0x83  lw      x11, 8(x2)
	   120    0x00 0x06 0x06 0x03  lb      x12, 0(x12)
	   124    0x00 0x15 0x85 0x13  addi    x10, x11, 1
	   128    0x00 0xa1 0x24 0x23  sw      x10, 8(x2)
	   132    0x00 0xc5 0x80 0x23  sb      x12, 0(x11)
	   136    0xfc 0xc0 0x18 0xe3  bnez    x12, -48
	   140    0x01 0x01 0x25 0x83  lw      x11, 16(x2)
	   144    0xff 0xf5 0x86 0x13  addi    x12, x11, -1
	   148    0x00 0xc1 0x28 0x23  sw      x12, 16(x2)
	   152    0x02 0xb0 0x52 0x63  blez    x11, 36
	   156    0x00 0x81 0x25 0x83  lw      x11, 8(x2)
	   160    0x00 0x15 0x85 0x13  addi    x10, x11, 1
	   164    0x00 0xa1 0x24 0x23  sw      x10, 8(x2)
	   168    0x00 0x05 0x80 0x23  sb      x0,  0(x11)
	   172    0x01 0x01 0x26 0x03  lw      x12, 16(x2)
	   176    0xff 0xf6 0x06 0x93  addi    x13, x12, -1
	   180    0x00 0xd1 0x28 0x23  sw      x13, 16(x2)
	   184    0xfe 0xc0 0x42 0xe3  bgtz    x12, -28
	   188    0x00 0xc1 0x25 0x03  lw      x10, 12(x2)
	   192    0x01 0x41 0x01 0x13  addi    x2,  x2,  20
.label strncpy__end last
.rts
	   196    0x00 0x00 0x80 0x67  ret

.text_segment_name
.text global 0 strcat
	     0    0xff 0x41 0x01 0x13  addi    x2,  x2,  -12
	     4    0x00 0x00 0x00 0x33  nop
	     8    0x00 0xc1 0x20 0x23  sw      x12, 0(x2)
	    12    0x00 0xb1 0x22 0x23  sw      x11, 4(x2)
	    16    0x00 0x41 0x25 0x83  lw      x11, 4(x2)
	    20    0x00 0xb1 0x24 0x23  sw      x11, 8(x2)
	    24    0x00 0x41 0x25 0x83  lw      x11, 4(x2)
	    28    0x00 0x15 0x85 0x13  addi    x10, x11, 1
	    32    0x00 0xa1 0x22 0x23  sw      x10, 4(x2)
	    36    0x00 0x05 0x85 0x83  lb      x11, 0(x11)
	    40    0x00 0xb0 0x0c 0x63  beqz    x11, 24
	    44    0x00 0x41 0x25 0x83  lw      x11, 4(x2)
	    48    0x00 0x15 0x85 0x13  addi    x10, x11, 1
	    52    0x00 0xa1 0x22 0x23  sw      x10, 4(x2)
	    56    0x00 0x05 0x86 0x03  lb      x12, 0(x11)
	    60    0xfe 0xc0 0x18 0xe3  bnez    x12, -16
	    64    0x00 0x41 0x25 0x83  lw      x11, 4(x2)
	    68    0xff 0xf5 0x85 0x93  addi    x11, x11, -1
	    72    0x00 0xb1 0x22 0x23  sw      x11, 4(x2)
	    76    0x00 0x01 0x25 0x03  lw      x10, 0(x2)
	    80    0x00 0x15 0x05 0x93  addi    x11, x10, 1
	    84    0x00 0xb1 0x20 0x23  sw      x11, 0(x2)
	    88    0x00 0x41 0x25 0x83  lw      x11, 4(x2)
	    92    0x00 0x05 0x05 0x03  lb      x10, 0(x10)
	    96    0x00 0x15 0x86 0x13  addi    x12, x11, 1
	   100    0x00 0xc1 0x22 0x23  sw      x12, 4(x2)
	   104    0x00 0xa5 0x80 0x23  sb      x10, 0(x11)
	   108    0x02 0xa0 0x04 0x63  beqz    x10, 40
	   112    0x00 0x01 0x25 0x03  lw      x10, 0(x2)
	   116    0x00 0x15 0x01 0x93  addi    x3,  x10, 1
	   120    0x00 0x31 0x20 0x23  sw      x3,  0(x2)
	   124    0x00 0x41 0x25 0x83  lw      x11, 4(x2)
	   128    0x00 0x05 0x06 0x03  lb      x12, 0(x10)
	   132    0x00 0x15 0x82 0x13  addi    x4,  x11, 1
	   136    0x00 0x41 0x22 0x23  sw      x4,  4(x2)
	   140    0x00 0xc5 0x80 0x23  sb      x12, 0(x11)
	   144    0xfe 0xc0 0x10 0xe3  bnez    x12, -32
	   148    0x00 0x81 0x25 0x03  lw      x10, 8(x2)
	   152    0x00 0xc1 0x01 0x13  addi    x2,  x2,  12
.label strcat__end last
.rts
	   156    0x00 0x00 0x80 0x67  ret

.text_segment_name
.text global 0 strncat
	     0    0xfe 0xc1 0x01 0x13  addi    x2,  x2,  -20
	     4    0x00 0x00 0x00 0x33  nop
	     8    0x00 0xd1 0x20 0x23  sw      x13, 0(x2)
	    12    0x00 0xc1 0x22 0x23  sw      x12, 4(x2)
	    16    0x00 0xb1 0x24 0x23  sw      x11, 8(x2)
	    20    0x00 0x81 0x25 0x83  lw      x11, 8(x2)
	    24    0x00 0xb1 0x26 0x23  sw      x11, 12(x2)
	    28    0x00 0x81 0x25 0x83  lw      x11, 8(x2)
	    32    0x00 0x15 0x86 0x13  addi    x12, x11, 1
	    36    0x00 0xc1 0x24 0x23  sw      x12, 8(x2)
	    40    0x00 0x05 0x85 0x83  lb      x11, 0(x11)
	    44    0x00 0xb0 0x0c 0x63  beqz    x11, 24
	    48    0x00 0x81 0x25 0x83  lw      x11, 8(x2)
	    52    0x00 0x15 0x86 0x13  addi    x12, x11, 1
	    56    0x00 0xc1 0x24 0x23  sw      x12, 8(x2)
	    60    0x00 0x05 0x85 0x03  lb      x10, 0(x11)
	    64    0xfe 0xa0 0x18 0xe3  bnez    x10, -16
	    68    0x00 0x81 0x25 0x83  lw      x11, 8(x2)
	    72    0xff 0xf5 0x85 0x93  addi    x11, x11, -1
	    76    0x00 0xb1 0x24 0x23  sw      x11, 8(x2)
	    80    0x00 0x01 0x25 0x83  lw      x11, 0(x2)
	    84    0xff 0xf5 0x86 0x13  addi    x12, x11, -1
	    88    0x00 0xc1 0x20 0x23  sw      x12, 0(x2)
	    92    0x04 0xb0 0x0c 0x63  beqz    x11, 88
	    96    0x00 0x41 0x25 0x83  lw      x11, 4(x2)
	   100    0x00 0x15 0x86 0x13  addi    x12, x11, 1
	   104    0x00 0xc1 0x22 0x23  sw      x12, 4(x2)
	   108    0x00 0x05 0x85 0x83  lb      x11, 0(x11)
	   112    0x00 0xb1 0x08 0x23  sb      x11, 16(x2)
	   116    0x04 0xb0 0x00 0x63  beqz    x11, 64
	   120    0x01 0x01 0x05 0x83  lb      x11, 16(x2)
	   124    0x00 0x81 0x26 0x03  lw      x12, 8(x2)
	   128    0x00 0x16 0x05 0x13  addi    x10, x12, 1
	   132    0x00 0xa1 0x24 0x23  sw      x10, 8(x2)
	   136    0x00 0xb6 0x00 0x23  sb      x11, 0(x12)
	   140    0x00 0x01 0x25 0x83  lw      x11, 0(x2)
	   144    0xff 0xf5 0x86 0x13  addi    x12, x11, -1
	   148    0x00 0xc1 0x20 0x23  sw      x12, 0(x2)
	   152    0x00 0xb0 0x0e 0x63  beqz    x11, 28
	   156    0x00 0x41 0x25 0x83  lw      x11, 4(x2)
	   160    0x00 0x15 0x86 0x13  addi    x12, x11, 1
	   164    0x00 0xc1 0x22 0x23  sw      x12, 4(x2)
	   168    0x00 0x05 0x85 0x83  lb      x11, 0(x11)
	   172    0x00 0xb1 0x08 0x23  sb      x11, 16(x2)
	   176    0xfc 0xb0 0x14 0xe3  bnez    x11, -56
	   180    0x00 0x81 0x25 0x83  lw      x11, 8(x2)
	   184    0x00 0x00 0x00 0x33  nop
	   188    0x00 0x05 0x80 0x23  sb      x0,  0(x11)
	   192    0x00 0xc1 0x25 0x03  lw      x10, 12(x2)
	   196    0x01 0x41 0x01 0x13  addi    x2,  x2,  20
.label strncat__end last
.rts
	   200    0x00 0x00 0x80 0x67  ret

.text_segment_name
.text global 0 memcmp
	     0    0xfe 0x81 0x01 0x13  addi    x2,  x2,  -24
	     4    0x00 0x00 0x00 0x33  nop
	     8    0x00 0xd1 0x20 0x23  sw      x13, 0(x2)
	    12    0x00 0xc1 0x22 0x23  sw      x12, 4(x2)
	    16    0x00 0xb1 0x24 0x23  sw      x11, 8(x2)
	    20    0x00 0x81 0x25 0x03  lw      x10, 8(x2)
	    24    0x00 0xa1 0x26 0x23  sw      x10, 12(x2)
	    28    0x00 0x41 0x25 0x03  lw      x10, 4(x2)
	    32    0x00 0xa1 0x28 0x23  sw      x10, 16(x2)
	    36    0x00 0x01 0x25 0x03  lw      x10, 0(x2)
	    40    0xff 0xf5 0x05 0x93  addi    x11, x10, -1
	    44    0x00 0xb1 0x20 0x23  sw      x11, 0(x2)
	    48    0x06 0xa0 0x04 0x63  beqz    x10, 104
	    52    0x00 0x00 0x05 0x13  li      x10, 0
	    56    0x00 0xc1 0x25 0x83  lw      x11, 12(x2)
	    60    0x00 0x15 0x86 0x13  addi    x12, x11, 1
	    64    0x00 0xc1 0x26 0x23  sw      x12, 12(x2)
	    68    0x00 0x05 0x85 0x83  lb      x11, 0(x11)
	    72    0x00 0xb1 0x0a 0x23  sb      x11, 20(x2)
	    76    0x01 0x01 0x25 0x83  lw      x11, 16(x2)
	    80    0x00 0x15 0x86 0x13  addi    x12, x11, 1
	    84    0x00 0xc1 0x28 0x23  sw      x12, 16(x2)
	    88    0x00 0x05 0x85 0x83  lb      x11, 0(x11)
	    92    0x00 0xb1 0x0a 0xa3  sb      x11, 21(x2)
	    96    0x01 0x41 0x05 0x83  lb      x11, 20(x2)
	   100    0x01 0x51 0x06 0x03  lb      x12, 21(x2)
	   104    0x00 0xb6 0x1e 0x63  bne     x12, x11, 28
	   108    0x00 0x01 0x25 0x83  lw      x11, 0(x2)
	   112    0xff 0xf5 0x86 0x13  addi    x12, x11, -1
	   116    0x00 0xc1 0x20 0x23  sw      x12, 0(x2)
	   120    0xfc 0xb0 0x10 0xe3  bnez    x11, -64
	   124    0x01 0x81 0x01 0x13  addi    x2,  x2,  24
.rts
	   128    0x00 0x00 0x80 0x67  ret
	   132    0x01 0x41 0x45 0x03  lbu     x10, 20(x2)
	   136    0x01 0x51 0x45 0x83  lbu     x11, 21(x2)
	   140    0x40 0xb5 0x05 0x33  sub     x10, x10, x11
	   144    0x01 0x81 0x01 0x13  addi    x2,  x2,  24
.rts
	   148    0x00 0x00 0x80 0x67  ret
	   152    0x00 0x00 0x05 0x13  li      x10, 0
.label memcmp__end last
	   156    0xfe 0x1f 0xf0 0x6f  j       -32

.text_segment_name
.text global 0 strcmp
	     0    0xff 0x41 0x01 0x13  addi    x2,  x2,  -12
	     4    0x00 0x00 0x00 0x33  nop
	     8    0x00 0xc1 0x20 0x23  sw      x12, 0(x2)
	    12    0x00 0xb1 0x22 0x23  sw      x11, 4(x2)
	    16    0x00 0x41 0x25 0x83  lw      x11, 4(x2)
	    20    0x00 0x15 0x86 0x13  addi    x12, x11, 1
	    24    0x00 0xc1 0x22 0x23  sw      x12, 4(x2)
	    28    0x00 0x05 0x85 0x83  lb      x11, 0(x11)
	    32    0x00 0xb1 0x04 0x23  sb      x11, 8(x2)
	    36    0x00 0x01 0x25 0x83  lw      x11, 0(x2)
	    40    0x00 0x15 0x86 0x13  addi    x12, x11, 1
	    44    0x00 0xc1 0x20 0x23  sw      x12, 0(x2)
	    48    0x00 0x05 0x85 0x83  lb      x11, 0(x11)
	    52    0x00 0xb1 0x04 0xa3  sb      x11, 9(x2)
	    56    0x00 0x81 0x05 0x83  lb      x11, 8(x2)
	    60    0x00 0x91 0x06 0x03  lb      x12, 9(x2)
	    64    0x00 0xb6 0x16 0x63  bne     x12, x11, 12
	    68    0x00 0x81 0x05 0x83  lb      x11, 8(x2)
	    72    0xfc 0xb0 0x14 0xe3  bnez    x11, -56
	    76    0x00 0x81 0x45 0x83  lbu     x11, 8(x2)
	    80    0x00 0x91 0x46 0x03  lbu     x12, 9(x2)
	    84    0x40 0xc5 0x85 0x33  sub     x10, x11, x12
	    88    0x00 0xc1 0x01 0x13  addi    x2,  x2,  12
.label strcmp__end last
.rts
	    92    0x00 0x00 0x80 0x67  ret

.text_segment_name
.text global 0 strncmp
	     0    0xff 0x01 0x01 0x13  addi    x2,  x2,  -16
	     4    0x00 0x00 0x00 0x33  nop
	     8    0x00 0xd1 0x20 0x23  sw      x13, 0(x2)
	    12    0x00 0xc1 0x22 0x23  sw      x12, 4(x2)
	    16    0x00 0xb1 0x24 0x23  sw      x11, 8(x2)
	    20    0x00 0x01 0x25 0x03  lw      x10, 0(x2)
	    24    0xff 0xf5 0x05 0x93  addi    x11, x10, -1
	    28    0x00 0xb1 0x20 0x23  sw      x11, 0(x2)
	    32    0x06 0xa0 0x08 0x63  beqz    x10, 112
	    36    0x00 0x00 0x05 0x13  li      x10, 0
	    40    0x00 0x81 0x25 0x83  lw      x11, 8(x2)
	    44    0x00 0x15 0x86 0x13  addi    x12, x11, 1
	    48    0x00 0xc1 0x24 0x23  sw      x12, 8(x2)
	    52    0x00 0x05 0x85 0x83  lb      x11, 0(x11)
	    56    0x00 0xb1 0x06 0x23  sb      x11, 12(x2)
	    60    0x00 0x41 0x25 0x83  lw      x11, 4(x2)
	    64    0x00 0x15 0x86 0x13  addi    x12, x11, 1
	    68    0x00 0xc1 0x22 0x23  sw      x12, 4(x2)
	    72    0x00 0x05 0x85 0x83  lb      x11, 0(x11)
	    76    0x00 0xb1 0x06 0xa3  sb      x11, 13(x2)
	    80    0x00 0xc1 0x05 0x83  lb      x11, 12(x2)
	    84    0x00 0xd1 0x06 0x03  lb      x12, 13(x2)
	    88    0x02 0xb6 0x12 0x63  bne     x12, x11, 36
	    92    0x00 0xc1 0x05 0x83  lb      x11, 12(x2)
	    96    0x00 0xb0 0x0e 0x63  beqz    x11, 28
	   100    0x00 0x01 0x25 0x83  lw      x11, 0(x2)
	   104    0xff 0xf5 0x86 0x13  addi    x12, x11, -1
	   108    0x00 0xc1 0x20 0x23  sw      x12, 0(x2)
	   112    0xfa 0xb0 0x1c 0xe3  bnez    x11, -72
	   116    0x01 0x01 0x01 0x13  addi    x2,  x2,  16
.rts
	   120    0x00 0x00 0x80 0x67  ret
	   124    0x00 0xc1 0x45 0x03  lbu     x10, 12(x2)
	   128    0x00 0xd1 0x45 0x83  lbu     x11, 13(x2)
	   132    0x40 0xb5 0x05 0x33  sub     x10, x10, x11
	   136    0x01 0x01 0x01 0x13  addi    x2,  x2,  16
.rts
	   140    0x00 0x00 0x80 0x67  ret
	   144    0x00 0x00 0x05 0x13  li      x10, 0
.label strncmp__end last
	   148    0xfe 0x1f 0xf0 0x6f  j       -32

.text_segment_name
.text global 0 strxfrm
	     0    0xfe 0x81 0x01 0x13  addi    x2,  x2,  -24
	     4    0x00 0x00 0x00 0x33  nop
	     8    0x00 0xd1 0x22 0x23  sw      x13, 4(x2)
	    12    0x00 0x11 0x20 0x23  sw      x1,  0(x2)
	    16    0x00 0xc1 0x24 0x23  sw      x12, 8(x2)
	    20    0x00 0xb1 0x26 0x23  sw      x11, 12(x2)
	    24    0x00 0x81 0x25 0x83  lw      x11, 8(x2)
.call
	    28    0x00 0x00 0x00 0xef  call    strlen
	    32    0x00 0xa1 0x28 0x23  sw      x10, 16(x2)
	    36    0x01 0x01 0x25 0x83  lw      x11, 16(x2)
	    40    0x00 0x41 0x26 0x03  lw      x12, 4(x2)
	    44    0x04 0xc5 0xf0 0x63  bgeu    x11, x12, 64
	    48    0x00 0x01 0x2a 0x23  sw      x0,  20(x2)
	    52    0x00 0x81 0x25 0x83  lw      x11, 8(x2)
	    56    0x00 0xc1 0x26 0x03  lw      x12, 12(x2)
	    60    0x01 0x01 0x25 0x03  lw      x10, 16(x2)
	    64    0x01 0x41 0x21 0x83  lw      x3,  20(x2)
	    68    0x01 0x41 0x20 0x83  lw      x1,  20(x2)
	    72    0x00 0xb1 0x82 0x33  add     x4,  x3,  x11
	    76    0x00 0x16 0x06 0xb3  add     x13, x12, x1
	    80    0x00 0x02 0x02 0x83  lb      x5,  0(x4)
	    84    0x00 0x56 0x80 0x23  sb      x5,  0(x13)
	    88    0x01 0x41 0x23 0x03  lw      x6,  20(x2)
	    92    0x00 0x13 0x03 0x93  addi    x7,  x6,  1
	    96    0x00 0x71 0x2a 0x23  sw      x7,  20(x2)
	   100    0x01 0x41 0x24 0x03  lw      x8,  20(x2)
	   104    0xfc 0x85 0x7c 0xe3  bgeu    x10, x8,  -40
	   108    0x00 0x01 0x25 0x83  lw      x11, 0(x2)
	   112    0x01 0x01 0x25 0x03  lw      x10, 16(x2)
	   116    0x01 0x81 0x01 0x13  addi    x2,  x2,  24
.label strxfrm__end last
.rts
	   120    0x00 0x05 0x80 0x67  jr      x11

.undef global text strlen

.text_segment_name
.text global 0 memchr
	     0    0xfe 0xc1 0x01 0x13  addi    x2,  x2,  -20
	     4    0x00 0x00 0x00 0x33  nop
	     8    0x00 0xd1 0x20 0x23  sw      x13, 0(x2)
	    12    0x00 0xc1 0x22 0x23  sw      x12, 4(x2)
	    16    0x00 0xb1 0x24 0x23  sw      x11, 8(x2)
	    20    0x00 0x81 0x25 0x03  lw      x10, 8(x2)
	    24    0x00 0xa1 0x26 0x23  sw      x10, 12(x2)
	    28    0x00 0x01 0x25 0x03  lw      x10, 0(x2)
	    32    0xff 0xf5 0x05 0x93  addi    x11, x10, -1
	    36    0x00 0xb1 0x20 0x23  sw      x11, 0(x2)
	    40    0x04 0xa0 0x0a 0x63  beqz    x10, 84
	    44    0x00 0x41 0x25 0x03  lw      x10, 4(x2)
	    48    0x0f 0xf5 0x75 0x93  zext.b  x11, x10
	    52    0x00 0x00 0x05 0x13  li      x10, 0
	    56    0x00 0xc1 0x26 0x03  lw      x12, 12(x2)
	    60    0x00 0x16 0x06 0x93  addi    x13, x12, 1
	    64    0x00 0xd1 0x26 0x23  sw      x13, 12(x2)
	    68    0x00 0x06 0x46 0x03  lbu     x12, 0(x12)
	    72    0x00 0xc1 0x08 0x23  sb      x12, 16(x2)
	    76    0x01 0x01 0x46 0x03  lbu     x12, 16(x2)
	    80    0x00 0xc5 0x8e 0x63  beq     x11, x12, 28
	    84    0x00 0x01 0x26 0x03  lw      x12, 0(x2)
	    88    0xff 0xf6 0x06 0x93  addi    x13, x12, -1
	    92    0x00 0xd1 0x20 0x23  sw      x13, 0(x2)
	    96    0xfc 0xc0 0x1c 0xe3  bnez    x12, -40
	   100    0x01 0x41 0x01 0x13  addi    x2,  x2,  20
.rts
	   104    0x00 0x00 0x80 0x67  ret
	   108    0x00 0xc1 0x25 0x03  lw      x10, 12(x2)
	   112    0xff 0xf5 0x05 0x13  addi    x10, x10, -1
	   116    0x01 0x41 0x01 0x13  addi    x2,  x2,  20
.rts
	   120    0x00 0x00 0x80 0x67  ret
	   124    0x00 0x00 0x05 0x13  li      x10, 0
.label memchr__end last
	   128    0xfe 0x5f 0xf0 0x6f  j       -28

.text_segment_name
.text global 0 strchr
	     0    0xff 0x01 0x01 0x13  addi    x2,  x2,  -16
	     4    0x00 0x00 0x00 0x33  nop
	     8    0x00 0xc1 0x22 0x23  sw      x12, 4(x2)
	    12    0x00 0xb1 0x24 0x23  sw      x11, 8(x2)
	    16    0x00 0x41 0x25 0x03  lw      x10, 4(x2)
	    20    0x00 0xa1 0x00 0x23  sb      x10, 0(x2)
	    24    0x00 0x01 0x05 0x83  lb      x11, 0(x2)
	    28    0x00 0x00 0x05 0x13  li      x10, 0
	    32    0x00 0x81 0x26 0x03  lw      x12, 8(x2)
	    36    0x00 0x16 0x01 0x93  addi    x3,  x12, 1
	    40    0x00 0x31 0x24 0x23  sw      x3,  8(x2)
	    44    0x00 0x06 0x06 0x03  lb      x12, 0(x12)
	    48    0x00 0xc1 0x06 0x23  sb      x12, 12(x2)
	    52    0x00 0xc1 0x06 0x03  lb      x12, 12(x2)
	    56    0x00 0xc5 0x8a 0x63  beq     x11, x12, 20
	    60    0x00 0xc1 0x06 0x03  lb      x12, 12(x2)
	    64    0xfe 0xc0 0x10 0xe3  bnez    x12, -32
	    68    0x01 0x01 0x01 0x13  addi    x2,  x2,  16
.rts
	    72    0x00 0x00 0x80 0x67  ret
	    76    0x00 0x81 0x25 0x03  lw      x10, 8(x2)
	    80    0xff 0xf5 0x05 0x13  addi    x10, x10, -1
	    84    0x01 0x01 0x01 0x13  addi    x2,  x2,  16
.label strchr__end last
.rts
	    88    0x00 0x00 0x80 0x67  ret

.text_segment_name
.text global 0 strcspn
	     0    0xfe 0x81 0x01 0x13  addi    x2,  x2,  -24
	     4    0x00 0x00 0x00 0x33  nop
	     8    0x00 0xc1 0x20 0x23  sw      x12, 0(x2)
	    12    0x00 0xb1 0x22 0x23  sw      x11, 4(x2)
	    16    0x00 0x41 0x25 0x03  lw      x10, 4(x2)
	    20    0x00 0xa1 0x24 0x23  sw      x10, 8(x2)
	    24    0x00 0x01 0x25 0x83  lw      x11, 0(x2)
	    28    0x00 0x41 0x26 0x03  lw      x12, 4(x2)
	    32    0x00 0x81 0x25 0x03  lw      x10, 8(x2)
	    36    0x00 0x15 0x01 0x93  addi    x3,  x10, 1
	    40    0x00 0x31 0x24 0x23  sw      x3,  8(x2)
	    44    0x00 0x05 0x05 0x03  lb      x10, 0(x10)
	    48    0x00 0xa1 0x06 0x23  sb      x10, 12(x2)
	    52    0x00 0xb1 0x28 0x23  sw      x11, 16(x2)
	    56    0x00 0x81 0x25 0x03  lw      x10, 8(x2)
	    60    0xff 0xf5 0x05 0x13  addi    x10, x10, -1
	    64    0x00 0xc1 0x01 0x83  lb      x3,  12(x2)
	    68    0x40 0xc5 0x05 0x33  sub     x10, x10, x12
	    72    0x01 0x01 0x22 0x03  lw      x4,  16(x2)
	    76    0x00 0x12 0x02 0x93  addi    x5,  x4,  1
	    80    0x00 0x51 0x28 0x23  sw      x5,  16(x2)
	    84    0x00 0x02 0x02 0x03  lb      x4,  0(x4)
	    88    0x00 0x41 0x0a 0x23  sb      x4,  20(x2)
	    92    0x01 0x41 0x02 0x03  lb      x4,  20(x2)
	    96    0x00 0x32 0x08 0x63  beq     x4,  x3,  16
	   100    0x01 0x41 0x02 0x03  lb      x4,  20(x2)
	   104    0xfe 0x40 0x10 0xe3  bnez    x4,  -32
	   108    0xfb 0x5f 0xf0 0x6f  j       -76
	   112    0x01 0x81 0x01 0x13  addi    x2,  x2,  24
.label strcspn__end last
.rts
	   116    0x00 0x00 0x80 0x67  ret

.text_segment_name
.text global 0 strpbrk
	     0    0xfe 0xc1 0x01 0x13  addi    x2,  x2,  -20
	     4    0x00 0x00 0x00 0x33  nop
	     8    0x00 0xc1 0x20 0x23  sw      x12, 0(x2)
	    12    0x00 0xb1 0x22 0x23  sw      x11, 4(x2)
	    16    0x00 0x41 0x25 0x03  lw      x10, 4(x2)
	    20    0x00 0x15 0x05 0x93  addi    x11, x10, 1
	    24    0x00 0xb1 0x22 0x23  sw      x11, 4(x2)
	    28    0x00 0x05 0x05 0x03  lb      x10, 0(x10)
	    32    0x00 0xa1 0x04 0x23  sb      x10, 8(x2)
	    36    0x06 0xa0 0x04 0x63  beqz    x10, 104
	    40    0x00 0x01 0x25 0x83  lw      x11, 0(x2)
	    44    0x00 0xb1 0x26 0x23  sw      x11, 12(x2)
	    48    0x00 0x41 0x25 0x03  lw      x10, 4(x2)
	    52    0x00 0x81 0x01 0x83  lb      x3,  8(x2)
	    56    0xff 0xf5 0x05 0x13  addi    x10, x10, -1
	    60    0x00 0xc1 0x22 0x03  lw      x4,  12(x2)
	    64    0x00 0x12 0x02 0x93  addi    x5,  x4,  1
	    68    0x00 0x51 0x26 0x23  sw      x5,  12(x2)
	    72    0x00 0x02 0x02 0x03  lb      x4,  0(x4)
	    76    0x00 0x41 0x08 0x23  sb      x4,  16(x2)
	    80    0x01 0x01 0x02 0x03  lb      x4,  16(x2)
	    84    0x02 0x32 0x08 0x63  beq     x4,  x3,  48
	    88    0x01 0x01 0x02 0x03  lb      x4,  16(x2)
	    92    0xfe 0x40 0x10 0xe3  bnez    x4,  -32
	    96    0x00 0x41 0x25 0x03  lw      x10, 4(x2)
	   100    0x00 0x15 0x01 0x93  addi    x3,  x10, 1
	   104    0x00 0x31 0x22 0x23  sw      x3,  4(x2)
	   108    0x00 0x05 0x05 0x03  lb      x10, 0(x10)
	   112    0x00 0xa1 0x04 0x23  sb      x10, 8(x2)
	   116    0xfa 0xa0 0x1c 0xe3  bnez    x10, -72
	   120    0x00 0x00 0x05 0x13  li      x10, 0
	   124    0x01 0x41 0x01 0x13  addi    x2,  x2,  20
.rts
	   128    0x00 0x00 0x80 0x67  ret
	   132    0x01 0x41 0x01 0x13  addi    x2,  x2,  20
.rts
	   136    0x00 0x00 0x80 0x67  ret
	   140    0x00 0x00 0x05 0x13  li      x10, 0
.label strpbrk__end last
	   144    0xfe 0xdf 0xf0 0x6f  j       -20

.text_segment_name
.text global 0 strrchr
	     0    0xfe 0xc1 0x01 0x13  addi    x2,  x2,  -20
	     4    0x00 0x00 0x00 0x33  nop
	     8    0x00 0xc1 0x22 0x23  sw      x12, 4(x2)
	    12    0x00 0xb1 0x24 0x23  sw      x11, 8(x2)
	    16    0x00 0x01 0x26 0x23  sw      x0,  12(x2)
	    20    0x00 0x41 0x25 0x83  lw      x11, 4(x2)
	    24    0x00 0xb1 0x00 0x23  sb      x11, 0(x2)
	    28    0x00 0x01 0x05 0x83  lb      x11, 0(x2)
	    32    0x00 0x81 0x25 0x03  lw      x10, 8(x2)
	    36    0x00 0x15 0x06 0x13  addi    x12, x10, 1
	    40    0x00 0xc1 0x24 0x23  sw      x12, 8(x2)
	    44    0x00 0x05 0x05 0x03  lb      x10, 0(x10)
	    48    0x00 0xa1 0x08 0x23  sb      x10, 16(x2)
	    52    0x01 0x01 0x05 0x03  lb      x10, 16(x2)
	    56    0x00 0xa5 0x98 0x63  bne     x11, x10, 16
	    60    0x00 0x81 0x25 0x03  lw      x10, 8(x2)
	    64    0xff 0xf5 0x05 0x13  addi    x10, x10, -1
	    68    0x00 0xa1 0x26 0x23  sw      x10, 12(x2)
	    72    0x01 0x01 0x05 0x03  lb      x10, 16(x2)
	    76    0xfc 0xa0 0x1a 0xe3  bnez    x10, -44
	    80    0x00 0xc1 0x25 0x03  lw      x10, 12(x2)
	    84    0x01 0x41 0x01 0x13  addi    x2,  x2,  20
.label strrchr__end last
.rts
	    88    0x00 0x00 0x80 0x67  ret

.text_segment_name
.text global 0 strspn
	     0    0xfe 0x81 0x01 0x13  addi    x2,  x2,  -24
	     4    0x00 0x00 0x00 0x33  nop
	     8    0x00 0xc1 0x20 0x23  sw      x12, 0(x2)
	    12    0x00 0xb1 0x22 0x23  sw      x11, 4(x2)
	    16    0x00 0x41 0x25 0x83  lw      x11, 4(x2)
	    20    0x00 0xb1 0x24 0x23  sw      x11, 8(x2)
	    24    0x00 0x81 0x25 0x83  lw      x11, 8(x2)
	    28    0x00 0x15 0x86 0x13  addi    x12, x11, 1
	    32    0x00 0xc1 0x24 0x23  sw      x12, 8(x2)
	    36    0x00 0x05 0x85 0x83  lb      x11, 0(x11)
	    40    0x00 0xb1 0x06 0x23  sb      x11, 12(x2)
	    44    0x04 0xb0 0x0a 0x63  beqz    x11, 84
	    48    0x00 0x01 0x25 0x83  lw      x11, 0(x2)
	    52    0x00 0xb1 0x28 0x23  sw      x11, 16(x2)
	    56    0x00 0xc1 0x06 0x03  lb      x12, 12(x2)
	    60    0x01 0x01 0x25 0x03  lw      x10, 16(x2)
	    64    0x00 0x15 0x01 0x93  addi    x3,  x10, 1
	    68    0x00 0x31 0x28 0x23  sw      x3,  16(x2)
	    72    0x00 0x05 0x05 0x03  lb      x10, 0(x10)
	    76    0x00 0xa1 0x0a 0x23  sb      x10, 20(x2)
	    80    0x01 0x41 0x05 0x03  lb      x10, 20(x2)
	    84    0x00 0xc5 0x06 0x63  beq     x10, x12, 12
	    88    0x01 0x41 0x05 0x03  lb      x10, 20(x2)
	    92    0xfe 0xa0 0x10 0xe3  bnez    x10, -32
.label __ll1_strspn
	    96    0x01 0x41 0x06 0x03  lb      x12, 20(x2)
	   100    0x00 0xc0 0x0e 0x63  beqz    x12, 28
	   104    0x00 0x81 0x26 0x03  lw      x12, 8(x2)
	   108    0x00 0x16 0x05 0x13  addi    x10, x12, 1
	   112    0x00 0xa1 0x24 0x23  sw      x10, 8(x2)
	   116    0x00 0x06 0x06 0x03  lb      x12, 0(x12)
	   120    0x00 0xc1 0x06 0x23  sb      x12, 12(x2)
	   124    0xfa 0xc0 0x1c 0xe3  bnez    x12, -72
.label __ll2_strspn
	   128    0x00 0x81 0x26 0x03  lw      x12, 8(x2)
	   132    0x00 0x41 0x25 0x83  lw      x11, 4(x2)
	   136    0xff 0xf6 0x06 0x13  addi    x12, x12, -1
	   140    0x01 0x81 0x01 0x13  addi    x2,  x2,  24
	   144    0x40 0xb6 0x05 0x33  sub     x10, x12, x11
.label strspn__end last
.rts
	   148    0x00 0x00 0x80 0x67  ret

.text_segment_name
.text global 0 strstr
	     0    0xfe 0xc1 0x01 0x13  addi    x2,  x2,  -20
	     4    0x00 0x00 0x00 0x33  nop
	     8    0x00 0xc1 0x20 0x23  sw      x12, 0(x2)
	    12    0x00 0xb1 0x22 0x23  sw      x11, 4(x2)
	    16    0x00 0x01 0x25 0x83  lw      x11, 0(x2)
	    20    0x00 0x41 0x25 0x03  lw      x10, 4(x2)
	    24    0x00 0xa1 0x24 0x23  sw      x10, 8(x2)
	    28    0x00 0xb1 0x26 0x23  sw      x11, 12(x2)
	    32    0x00 0x41 0x25 0x03  lw      x10, 4(x2)
	    36    0x00 0x81 0x21 0x83  lw      x3,  8(x2)
	    40    0x00 0x11 0x82 0x13  addi    x4,  x3,  1
	    44    0x00 0x41 0x24 0x23  sw      x4,  8(x2)
	    48    0x00 0x01 0x81 0x83  lb      x3,  0(x3)
	    52    0x00 0x31 0x08 0x23  sb      x3,  16(x2)
	    56    0x00 0xc1 0x21 0x83  lw      x3,  12(x2)
	    60    0x00 0x11 0x82 0x13  addi    x4,  x3,  1
	    64    0x00 0x41 0x26 0x23  sw      x4,  12(x2)
	    68    0x00 0x01 0x81 0x83  lb      x3,  0(x3)
	    72    0x00 0x31 0x08 0xa3  sb      x3,  17(x2)
	    76    0x01 0x11 0x01 0x83  lb      x3,  17(x2)
	    80    0x02 0x30 0x08 0x63  beqz    x3,  48
	    84    0x01 0x01 0x01 0x83  lb      x3,  16(x2)
	    88    0x01 0x11 0x02 0x03  lb      x4,  17(x2)
	    92    0xfc 0x32 0x04 0xe3  beq     x4,  x3,  -56
	    96    0x00 0x41 0x25 0x03  lw      x10, 4(x2)
	   100    0x00 0x15 0x01 0x93  addi    x3,  x10, 1
	   104    0x00 0x31 0x22 0x23  sw      x3,  4(x2)
	   108    0x00 0x05 0x05 0x03  lb      x10, 0(x10)
	   112    0xfa 0xa0 0x12 0xe3  bnez    x10, -92
	   116    0x01 0x41 0x01 0x13  addi    x2,  x2,  20
	   120    0x00 0x00 0x05 0x13  li      x10, 0
.rts
	   124    0x00 0x00 0x80 0x67  ret
	   128    0x01 0x41 0x01 0x13  addi    x2,  x2,  20
.label strstr__end last
.rts
	   132    0x00 0x00 0x80 0x67  ret

.text_segment_name
.text global 0 strtok
	     0    0xfd 0x81 0x01 0x13  addi    x2,  x2,  -40
	     4    0x00 0x00 0x00 0x33  nop
	     8    0x00 0xc1 0x20 0x23  sw      x12, 0(x2)
	    12    0x00 0xb1 0x22 0x23  sw      x11, 4(x2)
	    16    0x00 0x41 0x25 0x03  lw      x10, 4(x2)
	    20    0x00 0xa0 0x18 0x63  bnez    x10, 16
	    24    0x00 0x00 0x25 0x03  lw      x10, _ZZ6strtokPcPKcE4last(x0)
	    28    0x00 0xa1 0x22 0x23  sw      x10, 4(x2)
	    32    0x08 0xa0 0x00 0x63  beqz    x10, 128
	    36    0x00 0x41 0x25 0x03  lw      x10, 4(x2)
	    40    0x00 0x15 0x05 0x93  addi    x11, x10, 1
	    44    0x00 0xb1 0x22 0x23  sw      x11, 4(x2)
	    48    0x00 0x05 0x05 0x03  lb      x10, 0(x10)
	    52    0x00 0xa1 0x04 0x23  sb      x10, 8(x2)
	    56    0x06 0xa0 0x0a 0x63  beqz    x10, 116
	    60    0x00 0x01 0x25 0x83  lw      x11, 0(x2)
	    64    0x00 0x00 0x05 0x13  li      x10, 0
	    68    0x00 0xb1 0x26 0x23  sw      x11, 12(x2)
	    72    0x00 0x81 0x06 0x03  lb      x12, 8(x2)
	    76    0x00 0xc1 0x21 0x83  lw      x3,  12(x2)
	    80    0x00 0x11 0x82 0x13  addi    x4,  x3,  1
	    84    0x00 0x41 0x26 0x23  sw      x4,  12(x2)
	    88    0x00 0x01 0x81 0x83  lb      x3,  0(x3)
	    92    0x00 0x31 0x08 0x23  sb      x3,  16(x2)
	    96    0x01 0x01 0x01 0x83  lb      x3,  16(x2)
	   100    0x00 0xc1 0x86 0x63  beq     x3,  x12, 12
	   104    0x01 0x01 0x01 0x83  lb      x3,  16(x2)
	   108    0xfe 0x30 0x10 0xe3  bnez    x3,  -32
.label __ll1_strtok
	   112    0x01 0x01 0x06 0x03  lb      x12, 16(x2)
	   116    0x00 0xc0 0x0e 0x63  beqz    x12, 28
	   120    0x00 0x41 0x26 0x03  lw      x12, 4(x2)
	   124    0x00 0x16 0x01 0x93  addi    x3,  x12, 1
	   128    0x00 0x31 0x22 0x23  sw      x3,  4(x2)
	   132    0x00 0x06 0x06 0x03  lb      x12, 0(x12)
	   136    0x00 0xc1 0x04 0x23  sb      x12, 8(x2)
	   140    0xfa 0xc0 0x1c 0xe3  bnez    x12, -72
.label __ll2_strtok
	   144    0x00 0x81 0x05 0x83  lb      x11, 8(x2)
	   148    0x02 0xb0 0x10 0x63  bnez    x11, 32
	   152    0x00 0x00 0x20 0x23  sw      x0,  _ZZ6strtokPcPKcE4last(x0)
	   156    0x00 0x80 0x00 0x6f  j       8
	   160    0x00 0x00 0x05 0x13  li      x10, 0
	   164    0x02 0x81 0x01 0x13  addi    x2,  x2,  40
.rts
	   168    0x00 0x00 0x80 0x67  ret
	   172    0x00 0x00 0x05 0x13  li      x10, 0
	   176    0xfe 0x1f 0xf0 0x6f  j       -32
	   180    0x00 0x41 0x25 0x03  lw      x10, 4(x2)
	   184    0xff 0xf5 0x05 0x13  addi    x10, x10, -1
	   188    0x00 0xa1 0x2a 0x23  sw      x10, 20(x2)
	   192    0x00 0x41 0x25 0x03  lw      x10, 4(x2)
	   196    0x00 0xa1 0x2c 0x23  sw      x10, 24(x2)
	   200    0x00 0x01 0x25 0x83  lw      x11, 0(x2)
	   204    0x01 0x41 0x25 0x03  lw      x10, 20(x2)
	   208    0x01 0x81 0x26 0x03  lw      x12, 24(x2)
	   212    0x00 0x16 0x01 0x93  addi    x3,  x12, 1
	   216    0x00 0x31 0x2c 0x23  sw      x3,  24(x2)
	   220    0x00 0x06 0x06 0x03  lb      x12, 0(x12)
	   224    0x00 0xc1 0x0e 0x23  sb      x12, 28(x2)
	   228    0x02 0xb1 0x20 0x23  sw      x11, 32(x2)
	   232    0x01 0xc1 0x02 0x83  lb      x5,  28(x2)
	   236    0x01 0xc1 0x06 0x03  lb      x12, 28(x2)
	   240    0x01 0x81 0x21 0x83  lw      x3,  24(x2)
	   244    0x01 0x81 0x22 0x03  lw      x4,  24(x2)
	   248    0x02 0x01 0x23 0x03  lw      x6,  32(x2)
	   252    0x00 0x13 0x03 0x93  addi    x7,  x6,  1
	   256    0x02 0x71 0x20 0x23  sw      x7,  32(x2)
	   260    0x00 0x03 0x03 0x03  lb      x6,  0(x6)
	   264    0x02 0x61 0x02 0x23  sb      x6,  36(x2)
	   268    0x02 0x41 0x03 0x03  lb      x6,  36(x2)
	   272    0x00 0x53 0x08 0x63  beq     x6,  x5,  16
	   276    0x02 0x41 0x03 0x03  lb      x6,  36(x2)
	   280    0xfe 0x60 0x10 0xe3  bnez    x6,  -32
	   284    0xfb 0x5f 0xf0 0x6f  j       -76
	   288    0x00 0xc0 0x08 0x63  beqz    x12, 16
	   292    0xfe 0x01 0x8f 0xa3  sb      x0,  -1(x3)
	   296    0x00 0x40 0x20 0x23  sw      x4,  _ZZ6strtokPcPKcE4last(x0)
	   300    0x00 0x80 0x00 0x6f  j       8
	   304    0x00 0x00 0x20 0x23  sw      x0,  _ZZ6strtokPcPKcE4last(x0)
	   308    0x02 0x81 0x01 0x13  addi    x2,  x2,  40
.label strtok__end last
.rts
	   312    0x00 0x00 0x80 0x67  ret

.text_segment_name
.text global 0 memset
	     0    0xfe 0xc1 0x01 0x13  addi    x2,  x2,  -20
	     4    0x00 0x00 0x00 0x33  nop
	     8    0x00 0xd1 0x20 0x23  sw      x13, 0(x2)
	    12    0x00 0xc1 0x22 0x23  sw      x12, 4(x2)
	    16    0x00 0xb1 0x24 0x23  sw      x11, 8(x2)
	    20    0x00 0x81 0x25 0x83  lw      x11, 8(x2)
	    24    0x00 0xb1 0x26 0x23  sw      x11, 12(x2)
	    28    0x00 0x01 0x28 0x23  sw      x0,  16(x2)
	    32    0x00 0x01 0x25 0x83  lw      x11, 0(x2)
	    36    0x02 0xb0 0x0a 0x63  beqz    x11, 52
	    40    0x00 0x41 0x25 0x83  lw      x11, 4(x2)
	    44    0x00 0xc1 0x26 0x03  lw      x12, 12(x2)
	    48    0x00 0x01 0x25 0x03  lw      x10, 0(x2)
	    52    0x01 0x01 0x26 0x83  lw      x13, 16(x2)
	    56    0x00 0xd6 0x01 0xb3  add     x3,  x12, x13
	    60    0x00 0x00 0x00 0x33  nop
	    64    0x00 0xb1 0x80 0x23  sb      x11, 0(x3)
	    68    0x01 0x01 0x22 0x03  lw      x4,  16(x2)
	    72    0x00 0x12 0x02 0x93  addi    x5,  x4,  1
	    76    0x00 0x51 0x28 0x23  sw      x5,  16(x2)
	    80    0x01 0x01 0x23 0x03  lw      x6,  16(x2)
	    84    0xfe 0xa3 0x60 0xe3  bltu    x6,  x10, -32
	    88    0x00 0x81 0x25 0x03  lw      x10, 8(x2)
	    92    0x01 0x41 0x01 0x13  addi    x2,  x2,  20
.label memset__end last
.rts
	    96    0x00 0x00 0x80 0x67  ret

.text_segment_name
.text global 0 strerror
	     0    0xff 0xc1 0x01 0x13  addi    x2,  x2,  -4
	     4    0x00 0x00 0x00 0x33  nop
	     8    0x00 0xb1 0x20 0x23  sw      x11, 0(x2)
.rela 2 _ZL13__str0001003f 2048
	    12    0x00 0x00 0x05 0xb7  lui     x11, 0
	    16    0x00 0x41 0x01 0x13  addi    x2,  x2,  4
.rela 3 _ZL13__str0001003f 0
	    20    0x00 0x05 0x85 0x13  mv      x10, x11
.label strerror__end last
.rts
	    24    0x00 0x00 0x80 0x67  ret

.text_segment_name
.text global 0 strlen
	     0    0xff 0x81 0x01 0x13  addi    x2,  x2,  -8
	     4    0x00 0x00 0x00 0x33  nop
	     8    0x00 0xb1 0x20 0x23  sw      x11, 0(x2)
	    12    0x00 0x01 0x25 0x83  lw      x11, 0(x2)
	    16    0x00 0xb1 0x22 0x23  sw      x11, 4(x2)
	    20    0x00 0x41 0x25 0x83  lw      x11, 4(x2)
	    24    0x00 0x15 0x85 0x13  addi    x10, x11, 1
	    28    0x00 0xa1 0x22 0x23  sw      x10, 4(x2)
	    32    0x00 0x05 0x85 0x83  lb      x11, 0(x11)
	    36    0x00 0xb0 0x0c 0x63  beqz    x11, 24
	    40    0x00 0x41 0x25 0x83  lw      x11, 4(x2)
	    44    0x00 0x15 0x85 0x13  addi    x10, x11, 1
	    48    0x00 0xa1 0x22 0x23  sw      x10, 4(x2)
	    52    0x00 0x05 0x81 0x83  lb      x3,  0(x11)
	    56    0xfe 0x30 0x18 0xe3  bnez    x3,  -16
	    60    0x00 0x41 0x25 0x03  lw      x10, 4(x2)
	    64    0x00 0x01 0x25 0x83  lw      x11, 0(x2)
	    68    0xff 0xf5 0x05 0x13  addi    x10, x10, -1
	    72    0x00 0x81 0x01 0x13  addi    x2,  x2,  8
	    76    0x40 0xb5 0x05 0x33  sub     x10, x10, x11
.label strlen__end last
.rts
	    80    0x00 0x00 0x80 0x67  ret

