
; File generated by darts version U-2022.12#33f3808fcb#221128, Thu Feb 29 17:34:09 2024
; Copyright 2014-2022 Synopsys, Inc. All rights reserved.
; darts -I.. -d -h -I../runtime/include -DCHESS_CXX_ATTRIBUTES -D__tct_patch__=0 -L +Ihex Debug/strtol.o trv32p3_cnn

; Release: ipd U-2022.12
.undef global data _ct_code

.undef global data errno

.text_segment_name
.text global 0 strtol
	     0    0xfd 0x81 0x01 0x13  addi    x2,  x2,  -40
	     4    0x00 0x00 0x00 0x33  nop
	     8    0x00 0xd1 0x20 0x23  sw      x13, 0(x2)
	    12    0x00 0xc1 0x22 0x23  sw      x12, 4(x2)
	    16    0x00 0xb1 0x24 0x23  sw      x11, 8(x2)
	    20    0x00 0x81 0x25 0x83  lw      x11, 8(x2)
	    24    0x00 0xb1 0x26 0x23  sw      x11, 12(x2)
	    28    0x00 0xc1 0x25 0x83  lw      x11, 12(x2)
	    32    0x00 0x15 0x86 0x13  addi    x12, x11, 1
	    36    0x00 0xc1 0x26 0x23  sw      x12, 12(x2)
	    40    0x00 0x05 0xc5 0x03  lbu     x10, 0(x11)
	    44    0x00 0xa1 0x2c 0x23  sw      x10, 24(x2)
	    48    0x01 0x81 0x26 0x83  lw      x13, 24(x2)
	    52    0x0f 0xf6 0xf1 0x93  zext.b  x3,  x13
	    56    0x00 0x00 0x00 0x33  nop
	    60    0x00 0x01 0xc2 0x03  lbu     x4,  _ct_code(x3)
	    64    0x04 0x02 0x72 0x93  andi    x5,  x4,  64
	    68    0xfc 0x50 0x1c 0xe3  bnez    x5,  -40
	    72    0x01 0x81 0x25 0x83  lw      x11, 24(x2)
	    76    0x02 0xd0 0x06 0x13  li      x12, 45
	    80    0x00 0x10 0x03 0x93  li      x7,  1
	    84    0x02 0xb6 0x06 0x63  beq     x12, x11, 44
	    88    0x00 0x01 0x2e 0x23  sw      x0,  28(x2)
	    92    0x01 0x81 0x25 0x83  lw      x11, 24(x2)
	    96    0x02 0xb0 0x06 0x13  li      x12, 43
	   100    0x02 0xb6 0x1a 0x63  bne     x12, x11, 52
	   104    0x00 0xc1 0x25 0x83  lw      x11, 12(x2)
	   108    0x00 0x15 0x86 0x13  addi    x12, x11, 1
	   112    0x00 0xc1 0x26 0x23  sw      x12, 12(x2)
	   116    0x00 0x05 0x85 0x83  lb      x11, 0(x11)
	   120    0x00 0xb1 0x2c 0x23  sw      x11, 24(x2)
	   124    0x01 0xc0 0x00 0x6f  j       28
	   128    0x00 0x71 0x2e 0x23  sw      x7,  28(x2)
	   132    0x00 0xc1 0x25 0x83  lw      x11, 12(x2)
	   136    0x00 0x15 0x86 0x13  addi    x12, x11, 1
	   140    0x00 0xc1 0x26 0x23  sw      x12, 12(x2)
	   144    0x00 0x05 0x85 0x83  lb      x11, 0(x11)
	   148    0x00 0xb1 0x2c 0x23  sw      x11, 24(x2)
	   152    0x00 0x01 0x25 0x83  lw      x11, 0(x2)
	   156    0x00 0xb0 0x08 0x63  beqz    x11, 16
	   160    0x00 0x01 0x25 0x83  lw      x11, 0(x2)
	   164    0x01 0x00 0x06 0x13  li      x12, 16
	   168    0x04 0xb6 0x1a 0x63  bne     x12, x11, 84
	   172    0x01 0x81 0x25 0x83  lw      x11, 24(x2)
	   176    0x03 0x00 0x06 0x13  li      x12, 48
	   180    0x04 0xb6 0x14 0x63  bne     x12, x11, 72
	   184    0x00 0xc1 0x26 0x03  lw      x12, 12(x2)
	   188    0x07 0x80 0x05 0x93  li      x11, 120
	   192    0x00 0x06 0x06 0x03  lb      x12, 0(x12)
	   196    0x00 0xc5 0x8a 0x63  beq     x11, x12, 20
	   200    0x00 0xc1 0x26 0x03  lw      x12, 12(x2)
	   204    0x05 0x80 0x05 0x93  li      x11, 88
	   208    0x00 0x06 0x06 0x03  lb      x12, 0(x12)
	   212    0x02 0xc5 0x94 0x63  bne     x11, x12, 40
	   216    0x00 0xc1 0x25 0x83  lw      x11, 12(x2)
	   220    0x00 0x00 0x00 0x33  nop
	   224    0x00 0x15 0x85 0x83  lb      x11, 1(x11)
	   228    0x00 0xb1 0x2c 0x23  sw      x11, 24(x2)
	   232    0x00 0xc1 0x25 0x83  lw      x11, 12(x2)
	   236    0x00 0x25 0x85 0x93  addi    x11, x11, 2
	   240    0x00 0xb1 0x26 0x23  sw      x11, 12(x2)
	   244    0x01 0x00 0x05 0x93  li      x11, 16
	   248    0x00 0xb1 0x20 0x23  sw      x11, 0(x2)
	   252    0x00 0x01 0x25 0x83  lw      x11, 0(x2)
	   256    0x02 0xb0 0x10 0x63  bnez    x11, 32
	   260    0x01 0x81 0x25 0x83  lw      x11, 24(x2)
	   264    0x03 0x00 0x06 0x13  li      x12, 48
	   268    0x00 0xb6 0x06 0x63  beq     x12, x11, 12
	   272    0x00 0xa0 0x05 0x93  li      x11, 10
	   276    0x00 0x80 0x00 0x6f  j       8
	   280    0x00 0x80 0x05 0x93  li      x11, 8
	   284    0x00 0xb1 0x20 0x23  sw      x11, 0(x2)
	   288    0x80 0x00 0x06 0x37  lui     x12, -524288
	   292    0xff 0xf6 0x03 0x13  addi    x6,  x12, -1
	   296    0x01 0xc1 0x25 0x83  lw      x11, 28(x2)
	   300    0x80 0x00 0x02 0xb7  lui     x5,  -524288
	   304    0x80 0x00 0x06 0x37  lui     x12, -524288
	   308    0x00 0xb0 0x14 0x63  bnez    x11, 8
	   312    0x00 0x03 0x06 0x13  mv      x12, x6
	   316    0x00 0xc1 0x2a 0x23  sw      x12, 20(x2)
	   320    0x01 0x41 0x25 0x83  lw      x11, 20(x2)
	   324    0x00 0x01 0x26 0x03  lw      x12, 0(x2)
	   328    0x02 0xc5 0xe5 0xb3  rem     x11, x11, x12
	   332    0x00 0x00 0x00 0x33  nop
	   336    0x00 0x00 0x00 0x33  nop
	   340    0x00 0x00 0x00 0x33  nop
	   344    0x00 0x00 0x00 0x33  nop
	   348    0x00 0x00 0x00 0x33  nop
	   352    0x00 0x00 0x00 0x33  nop
	   356    0x00 0x00 0x00 0x33  nop
	   360    0x00 0x00 0x00 0x33  nop
	   364    0x00 0x00 0x00 0x33  nop
	   368    0x00 0x00 0x00 0x33  nop
	   372    0x00 0x00 0x00 0x33  nop
	   376    0x00 0x00 0x00 0x33  nop
	   380    0x00 0x00 0x00 0x33  nop
	   384    0x00 0x00 0x00 0x33  nop
	   388    0x00 0x00 0x00 0x33  nop
	   392    0x00 0x00 0x00 0x33  nop
	   396    0x00 0x00 0x00 0x33  nop
	   400    0x00 0x00 0x00 0x33  nop
	   404    0x00 0x00 0x00 0x33  nop
	   408    0x00 0x00 0x00 0x33  nop
	   412    0x00 0x00 0x00 0x33  nop
	   416    0x00 0x00 0x00 0x33  nop
	   420    0x00 0x00 0x00 0x33  nop
	   424    0x00 0x00 0x00 0x33  nop
	   428    0x00 0x00 0x00 0x33  nop
	   432    0x00 0x00 0x00 0x33  nop
	   436    0x00 0x00 0x00 0x33  nop
	   440    0x00 0x00 0x00 0x33  nop
	   444    0x00 0x00 0x00 0x33  nop
	   448    0x00 0x00 0x00 0x33  nop
	   452    0x02 0xb1 0x22 0x23  sw      x11, 36(x2)
	   456    0x00 0x01 0x25 0x83  lw      x11, 0(x2)
	   460    0x01 0x41 0x26 0x03  lw      x12, 20(x2)
	   464    0x02 0xb6 0x45 0xb3  div     x11, x12, x11
	   468    0x00 0x00 0x00 0x33  nop
	   472    0x00 0x00 0x00 0x33  nop
	   476    0x00 0x00 0x00 0x33  nop
	   480    0x00 0x00 0x00 0x33  nop
	   484    0x00 0x00 0x00 0x33  nop
	   488    0x00 0x00 0x00 0x33  nop
	   492    0x00 0x00 0x00 0x33  nop
	   496    0x00 0x00 0x00 0x33  nop
	   500    0x00 0x00 0x00 0x33  nop
	   504    0x00 0x00 0x00 0x33  nop
	   508    0x00 0x00 0x00 0x33  nop
	   512    0x00 0x00 0x00 0x33  nop
	   516    0x00 0x00 0x00 0x33  nop
	   520    0x00 0x00 0x00 0x33  nop
	   524    0x00 0x00 0x00 0x33  nop
	   528    0x00 0x00 0x00 0x33  nop
	   532    0x00 0x00 0x00 0x33  nop
	   536    0x00 0x00 0x00 0x33  nop
	   540    0x00 0x00 0x00 0x33  nop
	   544    0x00 0x00 0x00 0x33  nop
	   548    0x00 0x00 0x00 0x33  nop
	   552    0x00 0x00 0x00 0x33  nop
	   556    0x00 0x00 0x00 0x33  nop
	   560    0x00 0x00 0x00 0x33  nop
	   564    0x00 0x00 0x00 0x33  nop
	   568    0x00 0x00 0x00 0x33  nop
	   572    0x00 0x00 0x00 0x33  nop
	   576    0x00 0x00 0x00 0x33  nop
	   580    0x00 0x00 0x00 0x33  nop
	   584    0x00 0x00 0x00 0x33  nop
	   588    0x00 0xb1 0x2a 0x23  sw      x11, 20(x2)
	   592    0x01 0xc1 0x25 0x83  lw      x11, 28(x2)
	   596    0x02 0xb0 0x0a 0x63  beqz    x11, 52
	   600    0x02 0x41 0x25 0x83  lw      x11, 36(x2)
	   604    0x02 0xb0 0x50 0x63  blez    x11, 32
	   608    0x00 0x01 0x25 0x83  lw      x11, 0(x2)
	   612    0x02 0x41 0x26 0x03  lw      x12, 36(x2)
	   616    0x40 0xb6 0x05 0xb3  sub     x11, x12, x11
	   620    0x02 0xb1 0x22 0x23  sw      x11, 36(x2)
	   624    0x01 0x41 0x25 0x83  lw      x11, 20(x2)
	   628    0x00 0x15 0x85 0x93  addi    x11, x11, 1
	   632    0x00 0xb1 0x2a 0x23  sw      x11, 20(x2)
	   636    0x02 0x41 0x25 0x83  lw      x11, 36(x2)
	   640    0x40 0xb0 0x05 0xb3  neg     x11, x11
	   644    0x02 0xb1 0x22 0x23  sw      x11, 36(x2)
	   648    0x00 0x01 0x28 0x23  sw      x0,  16(x2)
	   652    0x02 0x01 0x20 0x23  sw      x0,  32(x2)
	   656    0x00 0x01 0x25 0x83  lw      x11, 0(x2)
	   660    0x01 0xc1 0x26 0x03  lw      x12, 28(x2)
	   664    0x01 0x41 0x21 0x83  lw      x3,  20(x2)
	   668    0x01 0x41 0x24 0x03  lw      x8,  20(x2)
	   672    0x02 0x41 0x24 0x83  lw      x9,  36(x2)
	   676    0x00 0x01 0x22 0x03  lw      x4,  0(x2)
	   680    0x01 0x41 0x25 0x03  lw      x10, 20(x2)
	   684    0x01 0x41 0x26 0x83  lw      x13, 20(x2)
	   688    0x02 0x41 0x27 0x03  lw      x14, 36(x2)
	   692    0x00 0x01 0x27 0x83  lw      x15, 0(x2)
	   696    0xff 0xf0 0x09 0x13  li      x18, -1
	   700    0x02 0x20 0x09 0x93  li      x19, 34
	   704    0x01 0x81 0x2a 0x03  lw      x20, 24(x2)
	   708    0x0f 0xfa 0x7a 0x13  zext.b  x20, x20
	   712    0x00 0x00 0x00 0x33  nop
	   716    0x00 0x0a 0x4a 0x03  lbu     x20, _ct_code(x20)
	   720    0x00 0x4a 0x7a 0x13  andi    x20, x20, 4
	   724    0x05 0x40 0x16 0x63  bnez    x20, 76
	   728    0x01 0x81 0x2a 0x03  lw      x20, 24(x2)
	   732    0x0f 0xfa 0x7a 0x13  zext.b  x20, x20
	   736    0x00 0x00 0x00 0x33  nop
	   740    0x00 0x0a 0x4a 0x03  lbu     x20, _ct_code(x20)
	   744    0x00 0x3a 0x7a 0x13  andi    x20, x20, 3
	   748    0x11 0x40 0x00 0x63  beqz    x20, 256
	   752    0x01 0x81 0x2a 0x03  lw      x20, 24(x2)
	   756    0x0f 0xfa 0x7a 0x13  zext.b  x20, x20
	   760    0x00 0x00 0x00 0x33  nop
	   764    0x00 0x0a 0x4a 0x03  lbu     x20, _ct_code(x20)
	   768    0x00 0x2a 0x7a 0x93  andi    x21, x20, 2
	   772    0x01 0x81 0x2a 0x03  lw      x20, 24(x2)
	   776    0x03 0x70 0x0b 0x13  li      x22, 55
	   780    0x01 0x50 0x14 0x63  bnez    x21, 8
	   784    0x05 0x70 0x0b 0x13  li      x22, 87
	   788    0x41 0x6a 0x0a 0x33  sub     x20, x20, x22
	   792    0x01 0x41 0x2c 0x23  sw      x20, 24(x2)
	   796    0x01 0x00 0x00 0x6f  j       16
	   800    0x01 0x81 0x2a 0x03  lw      x20, 24(x2)
	   804    0xfd 0x0a 0x0a 0x13  addi    x20, x20, -48
	   808    0x01 0x41 0x2c 0x23  sw      x20, 24(x2)
	   812    0x01 0x81 0x2a 0x03  lw      x20, 24(x2)
	   816    0x0a 0xba 0x5e 0x63  bge     x20, x11, 188
	   820    0x02 0x01 0x2a 0x03  lw      x20, 32(x2)
	   824    0x08 0x0a 0x4e 0x63  bltz    x20, 156
	   828    0x04 0xc0 0x18 0x63  bnez    x12, 80
	   832    0x01 0x01 0x2a 0x03  lw      x20, 16(x2)
	   836    0x03 0x45 0x4c 0x63  blt     x10, x20, 56
	   840    0x01 0x01 0x2a 0x03  lw      x20, 16(x2)
	   844    0x01 0x46 0x96 0x63  bne     x13, x20, 12
	   848    0x01 0x81 0x2a 0x03  lw      x20, 24(x2)
	   852    0x03 0x47 0x44 0x63  blt     x14, x20, 40
	   856    0x02 0x71 0x20 0x23  sw      x7,  32(x2)
	   860    0x01 0x01 0x2a 0x03  lw      x20, 16(x2)
	   864    0x02 0xfa 0x0a 0x33  mul     x20, x20, x15
	   868    0x01 0x41 0x28 0x23  sw      x20, 16(x2)
	   872    0x01 0x81 0x2a 0x03  lw      x20, 24(x2)
	   876    0x01 0x01 0x2a 0x83  lw      x21, 16(x2)
	   880    0x01 0x5a 0x0a 0x33  add     x20, x20, x21
	   884    0x01 0x41 0x28 0x23  sw      x20, 16(x2)
	   888    0x05 0xc0 0x00 0x6f  j       92
	   892    0x03 0x21 0x20 0x23  sw      x18, 32(x2)
	   896    0x00 0x61 0x28 0x23  sw      x6,  16(x2)
	   900    0x01 0x30 0x20 0x23  sw      x19, errno(x0)
	   904    0x04 0xc0 0x00 0x6f  j       76
	   908    0x01 0x01 0x2a 0x03  lw      x20, 16(x2)
	   912    0x02 0x3a 0x4c 0x63  blt     x20, x3,  56
	   916    0x01 0x01 0x2a 0x03  lw      x20, 16(x2)
	   920    0x01 0x44 0x16 0x63  bne     x8,  x20, 12
	   924    0x01 0x81 0x2a 0x03  lw      x20, 24(x2)
	   928    0x03 0x44 0xc4 0x63  blt     x9,  x20, 40
	   932    0x02 0x71 0x20 0x23  sw      x7,  32(x2)
	   936    0x01 0x01 0x2a 0x03  lw      x20, 16(x2)
	   940    0x03 0x42 0x0a 0x33  mul     x20, x4,  x20
	   944    0x01 0x41 0x28 0x23  sw      x20, 16(x2)
	   948    0x01 0x81 0x2a 0x03  lw      x20, 24(x2)
	   952    0x01 0x01 0x2a 0x83  lw      x21, 16(x2)
	   956    0x41 0x4a 0x8a 0x33  sub     x20, x21, x20
	   960    0x01 0x41 0x28 0x23  sw      x20, 16(x2)
	   964    0x01 0x00 0x00 0x6f  j       16
	   968    0x03 0x21 0x20 0x23  sw      x18, 32(x2)
	   972    0x00 0x51 0x28 0x23  sw      x5,  16(x2)
	   976    0x01 0x30 0x20 0x23  sw      x19, errno(x0)
	   980    0x00 0xc1 0x2a 0x03  lw      x20, 12(x2)
	   984    0x00 0x1a 0x0a 0x93  addi    x21, x20, 1
	   988    0x01 0x51 0x26 0x23  sw      x21, 12(x2)
	   992    0x00 0x0a 0x4a 0x03  lbu     x20, 0(x20)
	   996    0x01 0x41 0x2c 0x23  sw      x20, 24(x2)
	  1000    0xed 0x9f 0xf0 0x6f  j       -296
.label __ll1_strtol
	  1004    0x00 0x41 0x25 0x83  lw      x11, 4(x2)
	  1008    0x02 0xb0 0x04 0x63  beqz    x11, 40
	  1012    0x02 0x01 0x25 0x83  lw      x11, 32(x2)
	  1016    0x00 0xb0 0x16 0x63  bnez    x11, 12
	  1020    0x00 0x81 0x25 0x83  lw      x11, 8(x2)
	  1024    0x00 0xc0 0x00 0x6f  j       12
	  1028    0x00 0xc1 0x25 0x83  lw      x11, 12(x2)
	  1032    0xff 0xf5 0x85 0x93  addi    x11, x11, -1
	  1036    0x00 0x41 0x26 0x03  lw      x12, 4(x2)
	  1040    0x00 0x00 0x00 0x33  nop
	  1044    0x00 0xb6 0x20 0x23  sw      x11, 0(x12)
	  1048    0x01 0x01 0x25 0x03  lw      x10, 16(x2)
	  1052    0x02 0x81 0x01 0x13  addi    x2,  x2,  40
.label strtol__end last
.rts
	  1056    0x00 0x00 0x80 0x67  ret

.undef global data _ct_code

.undef global data errno

