
; File generated by darts version U-2022.12#33f3808fcb#221128, Thu Feb 29 17:34:10 2024
; Copyright 2014-2022 Synopsys, Inc. All rights reserved.
; darts -I.. -d -h -I../runtime/include -DCHESS_CXX_ATTRIBUTES -D__tct_patch__=0 -L +Ihex Debug/strtoul.o trv32p3_cnn

; Release: ipd U-2022.12
.undef global data _ct_code

.undef global data errno

.text_segment_name
.text global 0 strtoul
	     0    0xfd 0x81 0x01 0x13  addi    x2,  x2,  -40
	     4    0x00 0x00 0x00 0x33  nop
	     8    0x00 0xd1 0x20 0x23  sw      x13, 0(x2)
	    12    0x00 0xc1 0x22 0x23  sw      x12, 4(x2)
	    16    0x00 0xb1 0x24 0x23  sw      x11, 8(x2)
	    20    0x00 0x81 0x25 0x83  lw      x11, 8(x2)
	    24    0x00 0xb1 0x26 0x23  sw      x11, 12(x2)
	    28    0x00 0xc1 0x25 0x83  lw      x11, 12(x2)
	    32    0x00 0x15 0x86 0x13  addi    x12, x11, 1
	    36    0x00 0xc1 0x26 0x23  sw      x12, 12(x2)
	    40    0x00 0x05 0xc5 0x03  lbu     x10, 0(x11)
	    44    0x00 0xa1 0x2c 0x23  sw      x10, 24(x2)
	    48    0x01 0x81 0x26 0x83  lw      x13, 24(x2)
	    52    0x0f 0xf6 0xf1 0x93  zext.b  x3,  x13
	    56    0x00 0x00 0x00 0x33  nop
	    60    0x00 0x01 0xc2 0x03  lbu     x4,  _ct_code(x3)
	    64    0x04 0x02 0x72 0x93  andi    x5,  x4,  64
	    68    0xfc 0x50 0x1c 0xe3  bnez    x5,  -40
	    72    0x01 0x81 0x26 0x03  lw      x12, 24(x2)
	    76    0x02 0xd0 0x05 0x13  li      x10, 45
	    80    0x00 0x10 0x05 0x93  li      x11, 1
	    84    0x02 0xc5 0x06 0x63  beq     x10, x12, 44
	    88    0x00 0x01 0x2e 0x23  sw      x0,  28(x2)
	    92    0x01 0x81 0x26 0x03  lw      x12, 24(x2)
	    96    0x02 0xb0 0x05 0x13  li      x10, 43
	   100    0x02 0xc5 0x1a 0x63  bne     x10, x12, 52
	   104    0x00 0xc1 0x26 0x03  lw      x12, 12(x2)
	   108    0x00 0x16 0x05 0x13  addi    x10, x12, 1
	   112    0x00 0xa1 0x26 0x23  sw      x10, 12(x2)
	   116    0x00 0x06 0x06 0x03  lb      x12, 0(x12)
	   120    0x00 0xc1 0x2c 0x23  sw      x12, 24(x2)
	   124    0x01 0xc0 0x00 0x6f  j       28
	   128    0x00 0xb1 0x2e 0x23  sw      x11, 28(x2)
	   132    0x00 0xc1 0x26 0x03  lw      x12, 12(x2)
	   136    0x00 0x16 0x05 0x13  addi    x10, x12, 1
	   140    0x00 0xa1 0x26 0x23  sw      x10, 12(x2)
	   144    0x00 0x06 0x06 0x03  lb      x12, 0(x12)
	   148    0x00 0xc1 0x2c 0x23  sw      x12, 24(x2)
	   152    0x00 0x01 0x26 0x03  lw      x12, 0(x2)
	   156    0x00 0xc0 0x08 0x63  beqz    x12, 16
	   160    0x00 0x01 0x26 0x03  lw      x12, 0(x2)
	   164    0x01 0x00 0x05 0x13  li      x10, 16
	   168    0x04 0xc5 0x1a 0x63  bne     x10, x12, 84
	   172    0x01 0x81 0x26 0x03  lw      x12, 24(x2)
	   176    0x03 0x00 0x05 0x13  li      x10, 48
	   180    0x04 0xc5 0x14 0x63  bne     x10, x12, 72
	   184    0x00 0xc1 0x25 0x03  lw      x10, 12(x2)
	   188    0x07 0x80 0x06 0x13  li      x12, 120
	   192    0x00 0x05 0x05 0x03  lb      x10, 0(x10)
	   196    0x00 0xa6 0x0a 0x63  beq     x12, x10, 20
	   200    0x00 0xc1 0x25 0x03  lw      x10, 12(x2)
	   204    0x05 0x80 0x06 0x13  li      x12, 88
	   208    0x00 0x05 0x05 0x03  lb      x10, 0(x10)
	   212    0x02 0xa6 0x14 0x63  bne     x12, x10, 40
	   216    0x00 0xc1 0x26 0x03  lw      x12, 12(x2)
	   220    0x00 0x00 0x00 0x33  nop
	   224    0x00 0x16 0x06 0x03  lb      x12, 1(x12)
	   228    0x00 0xc1 0x2c 0x23  sw      x12, 24(x2)
	   232    0x00 0xc1 0x26 0x03  lw      x12, 12(x2)
	   236    0x00 0x26 0x06 0x13  addi    x12, x12, 2
	   240    0x00 0xc1 0x26 0x23  sw      x12, 12(x2)
	   244    0x01 0x00 0x06 0x13  li      x12, 16
	   248    0x00 0xc1 0x20 0x23  sw      x12, 0(x2)
	   252    0x00 0x01 0x26 0x03  lw      x12, 0(x2)
	   256    0x02 0xc0 0x10 0x63  bnez    x12, 32
	   260    0x01 0x81 0x26 0x03  lw      x12, 24(x2)
	   264    0x03 0x00 0x05 0x13  li      x10, 48
	   268    0x00 0xc5 0x06 0x63  beq     x10, x12, 12
	   272    0x00 0xa0 0x06 0x13  li      x12, 10
	   276    0x00 0x80 0x00 0x6f  j       8
	   280    0x00 0x80 0x06 0x13  li      x12, 8
	   284    0x00 0xc1 0x20 0x23  sw      x12, 0(x2)
	   288    0x00 0x01 0x25 0x03  lw      x10, 0(x2)
	   292    0xff 0xf0 0x06 0x13  li      x12, -1
	   296    0x02 0xa6 0x55 0x33  divu    x10, x12, x10
	   300    0x00 0x00 0x00 0x33  nop
	   304    0x00 0x00 0x00 0x33  nop
	   308    0x00 0x00 0x00 0x33  nop
	   312    0x00 0x00 0x00 0x33  nop
	   316    0x00 0x00 0x00 0x33  nop
	   320    0x00 0x00 0x00 0x33  nop
	   324    0x00 0x00 0x00 0x33  nop
	   328    0x00 0x00 0x00 0x33  nop
	   332    0x00 0x00 0x00 0x33  nop
	   336    0x00 0x00 0x00 0x33  nop
	   340    0x00 0x00 0x00 0x33  nop
	   344    0x00 0x00 0x00 0x33  nop
	   348    0x00 0x00 0x00 0x33  nop
	   352    0x00 0x00 0x00 0x33  nop
	   356    0x00 0x00 0x00 0x33  nop
	   360    0x00 0x00 0x00 0x33  nop
	   364    0x00 0x00 0x00 0x33  nop
	   368    0x00 0x00 0x00 0x33  nop
	   372    0x00 0x00 0x00 0x33  nop
	   376    0x00 0x00 0x00 0x33  nop
	   380    0x00 0x00 0x00 0x33  nop
	   384    0x00 0x00 0x00 0x33  nop
	   388    0x00 0x00 0x00 0x33  nop
	   392    0x00 0x00 0x00 0x33  nop
	   396    0x00 0x00 0x00 0x33  nop
	   400    0x00 0x00 0x00 0x33  nop
	   404    0x00 0x00 0x00 0x33  nop
	   408    0x00 0x00 0x00 0x33  nop
	   412    0x00 0x00 0x00 0x33  nop
	   416    0x00 0x00 0x00 0x33  nop
	   420    0x00 0xa1 0x2a 0x23  sw      x10, 20(x2)
	   424    0x00 0x01 0x25 0x03  lw      x10, 0(x2)
	   428    0x02 0xa6 0x75 0x33  remu    x10, x12, x10
	   432    0x00 0x00 0x00 0x33  nop
	   436    0x00 0x00 0x00 0x33  nop
	   440    0x00 0x00 0x00 0x33  nop
	   444    0x00 0x00 0x00 0x33  nop
	   448    0x00 0x00 0x00 0x33  nop
	   452    0x00 0x00 0x00 0x33  nop
	   456    0x00 0x00 0x00 0x33  nop
	   460    0x00 0x00 0x00 0x33  nop
	   464    0x00 0x00 0x00 0x33  nop
	   468    0x00 0x00 0x00 0x33  nop
	   472    0x00 0x00 0x00 0x33  nop
	   476    0x00 0x00 0x00 0x33  nop
	   480    0x00 0x00 0x00 0x33  nop
	   484    0x00 0x00 0x00 0x33  nop
	   488    0x00 0x00 0x00 0x33  nop
	   492    0x00 0x00 0x00 0x33  nop
	   496    0x00 0x00 0x00 0x33  nop
	   500    0x00 0x00 0x00 0x33  nop
	   504    0x00 0x00 0x00 0x33  nop
	   508    0x00 0x00 0x00 0x33  nop
	   512    0x00 0x00 0x00 0x33  nop
	   516    0x00 0x00 0x00 0x33  nop
	   520    0x00 0x00 0x00 0x33  nop
	   524    0x00 0x00 0x00 0x33  nop
	   528    0x00 0x00 0x00 0x33  nop
	   532    0x00 0x00 0x00 0x33  nop
	   536    0x00 0x00 0x00 0x33  nop
	   540    0x00 0x00 0x00 0x33  nop
	   544    0x00 0x00 0x00 0x33  nop
	   548    0x00 0x00 0x00 0x33  nop
	   552    0x02 0xa1 0x22 0x23  sw      x10, 36(x2)
	   556    0x00 0x01 0x28 0x23  sw      x0,  16(x2)
	   560    0x02 0x01 0x20 0x23  sw      x0,  32(x2)
	   564    0x00 0x01 0x25 0x03  lw      x10, 0(x2)
	   568    0x01 0x41 0x26 0x83  lw      x13, 20(x2)
	   572    0x01 0x41 0x21 0x83  lw      x3,  20(x2)
	   576    0x02 0x41 0x22 0x03  lw      x4,  36(x2)
	   580    0x00 0x01 0x22 0x83  lw      x5,  0(x2)
	   584    0x02 0x20 0x04 0x13  li      x8,  34
	   588    0x01 0x81 0x24 0x83  lw      x9,  24(x2)
	   592    0x0f 0xf4 0xf4 0x93  zext.b  x9,  x9
	   596    0x00 0x00 0x00 0x33  nop
	   600    0x00 0x04 0xc4 0x83  lbu     x9,  _ct_code(x9)
	   604    0x00 0x44 0xf4 0x93  andi    x9,  x9,  4
	   608    0x04 0x90 0x16 0x63  bnez    x9,  76
	   612    0x01 0x81 0x24 0x83  lw      x9,  24(x2)
	   616    0x0f 0xf4 0xf4 0x93  zext.b  x9,  x9
	   620    0x00 0x00 0x00 0x33  nop
	   624    0x00 0x04 0xc4 0x83  lbu     x9,  _ct_code(x9)
	   628    0x00 0x34 0xf4 0x93  andi    x9,  x9,  3
	   632    0x0a 0x90 0x08 0x63  beqz    x9,  176
	   636    0x01 0x81 0x24 0x83  lw      x9,  24(x2)
	   640    0x0f 0xf4 0xf4 0x93  zext.b  x9,  x9
	   644    0x00 0x00 0x00 0x33  nop
	   648    0x00 0x04 0xc4 0x83  lbu     x9,  _ct_code(x9)
	   652    0x00 0x24 0xf7 0x13  andi    x14, x9,  2
	   656    0x01 0x81 0x24 0x83  lw      x9,  24(x2)
	   660    0x03 0x70 0x07 0x93  li      x15, 55
	   664    0x00 0xe0 0x14 0x63  bnez    x14, 8
	   668    0x05 0x70 0x07 0x93  li      x15, 87
	   672    0x40 0xf4 0x84 0xb3  sub     x9,  x9,  x15
	   676    0x00 0x91 0x2c 0x23  sw      x9,  24(x2)
	   680    0x01 0x00 0x00 0x6f  j       16
	   684    0x01 0x81 0x24 0x83  lw      x9,  24(x2)
	   688    0xfd 0x04 0x84 0x93  addi    x9,  x9,  -48
	   692    0x00 0x91 0x2c 0x23  sw      x9,  24(x2)
	   696    0x01 0x81 0x24 0x83  lw      x9,  24(x2)
	   700    0x06 0xa4 0xd6 0x63  bge     x9,  x10, 108
	   704    0x02 0x01 0x24 0x83  lw      x9,  32(x2)
	   708    0x04 0x04 0xc6 0x63  bltz    x9,  76
	   712    0x01 0x01 0x24 0x83  lw      x9,  16(x2)
	   716    0x02 0x96 0xec 0x63  bltu    x13, x9,  56
	   720    0x01 0x01 0x24 0x83  lw      x9,  16(x2)
	   724    0x00 0x91 0x96 0x63  bne     x3,  x9,  12
	   728    0x01 0x81 0x24 0x83  lw      x9,  24(x2)
	   732    0x02 0x92 0x44 0x63  blt     x4,  x9,  40
	   736    0x02 0xb1 0x20 0x23  sw      x11, 32(x2)
	   740    0x01 0x01 0x24 0x83  lw      x9,  16(x2)
	   744    0x02 0x54 0x84 0xb3  mul     x9,  x9,  x5
	   748    0x00 0x91 0x28 0x23  sw      x9,  16(x2)
	   752    0x01 0x81 0x24 0x83  lw      x9,  24(x2)
	   756    0x01 0x01 0x27 0x03  lw      x14, 16(x2)
	   760    0x00 0x97 0x04 0xb3  add     x9,  x14, x9
	   764    0x00 0x91 0x28 0x23  sw      x9,  16(x2)
	   768    0x01 0x00 0x00 0x6f  j       16
	   772    0x02 0xc1 0x20 0x23  sw      x12, 32(x2)
	   776    0x00 0xc1 0x28 0x23  sw      x12, 16(x2)
	   780    0x00 0x80 0x20 0x23  sw      x8,  errno(x0)
	   784    0x00 0xc1 0x24 0x83  lw      x9,  12(x2)
	   788    0x00 0x14 0x87 0x13  addi    x14, x9,  1
	   792    0x00 0xe1 0x26 0x23  sw      x14, 12(x2)
	   796    0x00 0x04 0xc4 0x83  lbu     x9,  0(x9)
	   800    0x00 0x91 0x2c 0x23  sw      x9,  24(x2)
	   804    0xf2 0x9f 0xf0 0x6f  j       -216
.label __ll1_strtoul
	   808    0x01 0xc1 0x25 0x83  lw      x11, 28(x2)
	   812    0x00 0xb0 0x0c 0x63  beqz    x11, 24
	   816    0x02 0x01 0x25 0x83  lw      x11, 32(x2)
	   820    0x00 0xb0 0x58 0x63  blez    x11, 16
	   824    0x01 0x01 0x25 0x83  lw      x11, 16(x2)
	   828    0x40 0xb0 0x05 0xb3  neg     x11, x11
	   832    0x00 0xb1 0x28 0x23  sw      x11, 16(x2)
	   836    0x00 0x41 0x25 0x83  lw      x11, 4(x2)
	   840    0x02 0xb0 0x04 0x63  beqz    x11, 40
	   844    0x02 0x01 0x25 0x83  lw      x11, 32(x2)
	   848    0x00 0xb0 0x16 0x63  bnez    x11, 12
	   852    0x00 0x81 0x25 0x83  lw      x11, 8(x2)
	   856    0x00 0xc0 0x00 0x6f  j       12
	   860    0x00 0xc1 0x25 0x83  lw      x11, 12(x2)
	   864    0xff 0xf5 0x85 0x93  addi    x11, x11, -1
	   868    0x00 0x41 0x26 0x03  lw      x12, 4(x2)
	   872    0x00 0x00 0x00 0x33  nop
	   876    0x00 0xb6 0x20 0x23  sw      x11, 0(x12)
	   880    0x01 0x01 0x25 0x03  lw      x10, 16(x2)
	   884    0x02 0x81 0x01 0x13  addi    x2,  x2,  40
.label strtoul__end last
.rts
	   888    0x00 0x00 0x80 0x67  ret

.undef global data _ct_code

.undef global data errno

